[2025-04-17T12:34:40.969+0530] {local_task_job_runner.py:123} INFO - ::group::Pre task execution logs
[2025-04-17T12:34:40.988+0530] {taskinstance.py:2614} INFO - Dependencies all met for dep_context=non-requeueable deps ti=<TaskInstance: excel_data_analysis.process_excel_task manual__2025-04-17T06:55:35.725950+00:00 [queued]>
[2025-04-17T12:34:40.991+0530] {taskinstance.py:2614} INFO - Dependencies all met for dep_context=requeueable deps ti=<TaskInstance: excel_data_analysis.process_excel_task manual__2025-04-17T06:55:35.725950+00:00 [queued]>
[2025-04-17T12:34:40.992+0530] {taskinstance.py:2867} INFO - Starting attempt 3 of 4
[2025-04-17T12:34:41.043+0530] {taskinstance.py:2890} INFO - Executing <Task(PythonOperator): process_excel_task> on 2025-04-17 06:55:35.725950+00:00
[2025-04-17T12:34:41.050+0530] {standard_task_runner.py:72} INFO - Started process 53290 to run task
[2025-04-17T12:34:41.052+0530] {standard_task_runner.py:104} INFO - Running: ['airflow', 'tasks', 'run', 'excel_data_analysis', 'process_excel_task', 'manual__2025-04-17T06:55:35.725950+00:00', '--job-id', '12', '--raw', '--subdir', 'DAGS_FOLDER/file_manipulation.py', '--cfg-path', '/tmp/tmpzn4ynoat']
[2025-04-17T12:34:41.053+0530] {standard_task_runner.py:105} INFO - Job 12: Subtask process_excel_task
[2025-04-17T12:34:41.143+0530] {task_command.py:467} INFO - Running <TaskInstance: excel_data_analysis.process_excel_task manual__2025-04-17T06:55:35.725950+00:00 [running]> on host prakhar-8204
[2025-04-17T12:34:41.240+0530] {taskinstance.py:3134} INFO - Exporting env vars: AIRFLOW_CTX_DAG_OWNER='airflow' AIRFLOW_CTX_DAG_ID='excel_data_analysis' AIRFLOW_CTX_TASK_ID='process_excel_task' AIRFLOW_CTX_EXECUTION_DATE='2025-04-17T06:55:35.725950+00:00' AIRFLOW_CTX_TRY_NUMBER='3' AIRFLOW_CTX_DAG_RUN_ID='manual__2025-04-17T06:55:35.725950+00:00'
[2025-04-17T12:34:41.240+0530] {logging_mixin.py:190} INFO - Task instance is in running state
[2025-04-17T12:34:41.240+0530] {logging_mixin.py:190} INFO -  Previous state of the Task instance: queued
[2025-04-17T12:34:41.241+0530] {logging_mixin.py:190} INFO - Current task name:process_excel_task state:running start_date:2025-04-17 07:04:40.988576+00:00
[2025-04-17T12:34:41.241+0530] {logging_mixin.py:190} INFO - Dag name:excel_data_analysis and current dag run status:running
[2025-04-17T12:34:41.241+0530] {taskinstance.py:732} INFO - ::endgroup::
[2025-04-17T12:34:41.791+0530] {python.py:240} INFO - Done. Returned value was: None
[2025-04-17T12:34:41.795+0530] {taskinstance.py:341} INFO - ::group::Post task execution logs
[2025-04-17T12:34:41.796+0530] {taskinstance.py:353} INFO - Marking task as SUCCESS. dag_id=excel_data_analysis, task_id=process_excel_task, run_id=manual__2025-04-17T06:55:35.725950+00:00, execution_date=20250417T065535, start_date=20250417T070440, end_date=20250417T070441
[2025-04-17T12:34:41.996+0530] {logging_mixin.py:190} INFO - Task instance in success state
[2025-04-17T12:34:41.996+0530] {logging_mixin.py:190} INFO -  Previous state of the Task instance: running
[2025-04-17T12:34:41.996+0530] {logging_mixin.py:190} INFO - Dag name:excel_data_analysis queued_at:2025-04-17 07:04:36.847091+00:00
[2025-04-17T12:34:41.997+0530] {logging_mixin.py:190} INFO - Task hostname:prakhar-8204 operator:PythonOperator
[2025-04-17T12:34:42.027+0530] {local_task_job_runner.py:266} INFO - Task exited with return code 0
[2025-04-17T12:34:42.036+0530] {taskinstance.py:3901} INFO - 0 downstream tasks scheduled from follow-on schedule check
[2025-04-17T12:34:42.036+0530] {local_task_job_runner.py:245} INFO - ::endgroup::
