[2025-04-18T10:22:45.481+0530] {local_task_job_runner.py:123} INFO - ::group::Pre task execution logs
[2025-04-18T10:22:45.492+0530] {taskinstance.py:2614} INFO - Dependencies all met for dep_context=non-requeueable deps ti=<TaskInstance: decoupled_excel_analysis.create_pdf manual__2025-04-18T04:51:18.393755+00:00 [queued]>
[2025-04-18T10:22:45.498+0530] {taskinstance.py:2614} INFO - Dependencies all met for dep_context=requeueable deps ti=<TaskInstance: decoupled_excel_analysis.create_pdf manual__2025-04-18T04:51:18.393755+00:00 [queued]>
[2025-04-18T10:22:45.498+0530] {taskinstance.py:2867} INFO - Starting attempt 1 of 2
[2025-04-18T10:22:45.547+0530] {taskinstance.py:2890} INFO - Executing <Task(PythonOperator): create_pdf> on 2025-04-18 04:51:18.393755+00:00
[2025-04-18T10:22:45.553+0530] {standard_task_runner.py:104} INFO - Running: ['airflow', 'tasks', 'run', 'decoupled_excel_analysis', 'create_pdf', 'manual__2025-04-18T04:51:18.393755+00:00', '--job-id', '25', '--raw', '--subdir', 'DAGS_FOLDER/decoupled_dag.py', '--cfg-path', '/tmp/tmpatcubcqz']
[2025-04-18T10:22:45.555+0530] {standard_task_runner.py:105} INFO - Job 25: Subtask create_pdf
[2025-04-18T10:22:45.556+0530] {logging_mixin.py:190} WARNING - /home/prakhar/Desktop/Bootcamp/Python/Airflow-Project/airflowvenv/lib/python3.12/site-packages/airflow/task/task_runner/standard_task_runner.py:70 DeprecationWarning: This process (pid=22502) is multi-threaded, use of fork() may lead to deadlocks in the child.
[2025-04-18T10:22:45.556+0530] {standard_task_runner.py:72} INFO - Started process 22549 to run task
[2025-04-18T10:22:45.638+0530] {task_command.py:467} INFO - Running <TaskInstance: decoupled_excel_analysis.create_pdf manual__2025-04-18T04:51:18.393755+00:00 [running]> on host prakhar-8204
[2025-04-18T10:22:45.772+0530] {taskinstance.py:3134} INFO - Exporting env vars: AIRFLOW_CTX_DAG_OWNER='airflow' AIRFLOW_CTX_DAG_ID='decoupled_excel_analysis' AIRFLOW_CTX_TASK_ID='create_pdf' AIRFLOW_CTX_EXECUTION_DATE='2025-04-18T04:51:18.393755+00:00' AIRFLOW_CTX_TRY_NUMBER='1' AIRFLOW_CTX_DAG_RUN_ID='manual__2025-04-18T04:51:18.393755+00:00'
[2025-04-18T10:22:45.774+0530] {logging_mixin.py:190} INFO - Task instance is in running state
[2025-04-18T10:22:45.775+0530] {logging_mixin.py:190} INFO -  Previous state of the Task instance: queued
[2025-04-18T10:22:45.775+0530] {logging_mixin.py:190} INFO - Current task name:create_pdf state:running start_date:2025-04-18 04:52:45.492880+00:00
[2025-04-18T10:22:45.775+0530] {logging_mixin.py:190} INFO - Dag name:decoupled_excel_analysis and current dag run status:running
[2025-04-18T10:22:45.776+0530] {taskinstance.py:732} INFO - ::endgroup::
[2025-04-18T10:22:45.940+0530] {python.py:240} INFO - Done. Returned value was: None
[2025-04-18T10:22:45.943+0530] {taskinstance.py:341} INFO - ::group::Post task execution logs
[2025-04-18T10:22:45.943+0530] {taskinstance.py:353} INFO - Marking task as SUCCESS. dag_id=decoupled_excel_analysis, task_id=create_pdf, run_id=manual__2025-04-18T04:51:18.393755+00:00, execution_date=20250418T045118, start_date=20250418T045245, end_date=20250418T045245
[2025-04-18T10:22:46.220+0530] {logging_mixin.py:190} INFO - Task instance in success state
[2025-04-18T10:22:46.221+0530] {logging_mixin.py:190} INFO -  Previous state of the Task instance: running
[2025-04-18T10:22:46.221+0530] {logging_mixin.py:190} INFO - Dag name:decoupled_excel_analysis queued_at:2025-04-18 04:51:18.495711+00:00
[2025-04-18T10:22:46.222+0530] {logging_mixin.py:190} INFO - Task hostname:prakhar-8204 operator:PythonOperator
[2025-04-18T10:22:46.251+0530] {local_task_job_runner.py:266} INFO - Task exited with return code 0
[2025-04-18T10:22:46.340+0530] {taskinstance.py:3901} INFO - 0 downstream tasks scheduled from follow-on schedule check
[2025-04-18T10:22:46.340+0530] {local_task_job_runner.py:245} INFO - ::endgroup::
