[2025-04-17T11:37:02.257+0530] {local_task_job_runner.py:123} INFO - ::group::Pre task execution logs
[2025-04-17T11:37:02.271+0530] {taskinstance.py:2614} INFO - Dependencies all met for dep_context=non-requeueable deps ti=<TaskInstance: hello_world_dag.hello_world_task manual__2025-04-17T06:06:57.583123+00:00 [queued]>
[2025-04-17T11:37:02.275+0530] {taskinstance.py:2614} INFO - Dependencies all met for dep_context=requeueable deps ti=<TaskInstance: hello_world_dag.hello_world_task manual__2025-04-17T06:06:57.583123+00:00 [queued]>
[2025-04-17T11:37:02.275+0530] {taskinstance.py:2867} INFO - Starting attempt 1 of 2
[2025-04-17T11:37:02.489+0530] {taskinstance.py:2890} INFO - Executing <Task(PythonOperator): hello_world_task> on 2025-04-17 06:06:57.583123+00:00
[2025-04-17T11:37:02.492+0530] {standard_task_runner.py:72} INFO - Started process 37515 to run task
[2025-04-17T11:37:02.493+0530] {standard_task_runner.py:104} INFO - Running: ['airflow', 'tasks', 'run', 'hello_world_dag', 'hello_world_task', 'manual__2025-04-17T06:06:57.583123+00:00', '--job-id', '4', '--raw', '--subdir', 'DAGS_FOLDER/hello_world.py', '--cfg-path', '/tmp/tmpxtsow4l6']
[2025-04-17T11:37:02.494+0530] {standard_task_runner.py:105} INFO - Job 4: Subtask hello_world_task
[2025-04-17T11:37:02.611+0530] {task_command.py:467} INFO - Running <TaskInstance: hello_world_dag.hello_world_task manual__2025-04-17T06:06:57.583123+00:00 [running]> on host prakhar-8204
[2025-04-17T11:37:02.791+0530] {taskinstance.py:3134} INFO - Exporting env vars: AIRFLOW_CTX_DAG_OWNER='admin' AIRFLOW_CTX_DAG_ID='hello_world_dag' AIRFLOW_CTX_TASK_ID='hello_world_task' AIRFLOW_CTX_EXECUTION_DATE='2025-04-17T06:06:57.583123+00:00' AIRFLOW_CTX_TRY_NUMBER='1' AIRFLOW_CTX_DAG_RUN_ID='manual__2025-04-17T06:06:57.583123+00:00'
[2025-04-17T11:37:02.793+0530] {logging_mixin.py:190} INFO - Task instance is in running state
[2025-04-17T11:37:02.793+0530] {logging_mixin.py:190} INFO -  Previous state of the Task instance: queued
[2025-04-17T11:37:02.793+0530] {logging_mixin.py:190} INFO - Current task name:hello_world_task state:running start_date:2025-04-17 06:07:02.271579+00:00
[2025-04-17T11:37:02.793+0530] {logging_mixin.py:190} INFO - Dag name:hello_world_dag and current dag run status:running
[2025-04-17T11:37:02.794+0530] {taskinstance.py:732} INFO - ::endgroup::
[2025-04-17T11:37:02.794+0530] {logging_mixin.py:190} INFO - Hello, world! This is my first DAG.
[2025-04-17T11:37:02.795+0530] {python.py:240} INFO - Done. Returned value was: None
[2025-04-17T11:37:02.808+0530] {taskinstance.py:341} INFO - ::group::Post task execution logs
[2025-04-17T11:37:02.809+0530] {taskinstance.py:353} INFO - Marking task as SUCCESS. dag_id=hello_world_dag, task_id=hello_world_task, run_id=manual__2025-04-17T06:06:57.583123+00:00, execution_date=20250417T060657, start_date=20250417T060702, end_date=20250417T060702
[2025-04-17T11:37:02.961+0530] {logging_mixin.py:190} INFO - Task instance in success state
[2025-04-17T11:37:02.962+0530] {logging_mixin.py:190} INFO -  Previous state of the Task instance: running
[2025-04-17T11:37:02.962+0530] {logging_mixin.py:190} INFO - Dag name:hello_world_dag queued_at:2025-04-17 06:06:57.696495+00:00
[2025-04-17T11:37:02.962+0530] {logging_mixin.py:190} INFO - Task hostname:prakhar-8204 operator:PythonOperator
[2025-04-17T11:37:02.987+0530] {local_task_job_runner.py:266} INFO - Task exited with return code 0
[2025-04-17T11:37:02.997+0530] {taskinstance.py:3901} INFO - 0 downstream tasks scheduled from follow-on schedule check
[2025-04-17T11:37:02.997+0530] {local_task_job_runner.py:245} INFO - ::endgroup::
