[2025-04-18T10:17:42.648+0530] {processor.py:186} INFO - Started process (PID=18782) to work on /home/prakhar/Desktop/Bootcamp/Python/Airflow-Project/airflowvenv/lib/python3.12/site-packages/airflow/example_dags/example_inlet_event_extra.py
[2025-04-18T10:17:42.649+0530] {processor.py:914} INFO - Processing file /home/prakhar/Desktop/Bootcamp/Python/Airflow-Project/airflowvenv/lib/python3.12/site-packages/airflow/example_dags/example_inlet_event_extra.py for tasks to queue
[2025-04-18T10:17:42.650+0530] {logging_mixin.py:190} INFO - [2025-04-18T10:17:42.650+0530] {dagbag.py:588} INFO - Filling up the DagBag from /home/prakhar/Desktop/Bootcamp/Python/Airflow-Project/airflowvenv/lib/python3.12/site-packages/airflow/example_dags/example_inlet_event_extra.py
[2025-04-18T10:17:42.659+0530] {processor.py:925} INFO - DAG(s) 'read_dataset_event_from_classic', 'read_dataset_event' retrieved from /home/prakhar/Desktop/Bootcamp/Python/Airflow-Project/airflowvenv/lib/python3.12/site-packages/airflow/example_dags/example_inlet_event_extra.py
[2025-04-18T10:17:42.670+0530] {logging_mixin.py:190} INFO - [2025-04-18T10:17:42.670+0530] {dag.py:3239} INFO - Sync 2 DAGs
[2025-04-18T10:17:42.683+0530] {logging_mixin.py:190} INFO - [2025-04-18T10:17:42.683+0530] {dag.py:4180} INFO - Setting next_dagrun for read_dataset_event to 2025-04-17 00:00:00+00:00, run_after=2025-04-18 00:00:00+00:00
[2025-04-18T10:17:42.686+0530] {logging_mixin.py:190} INFO - [2025-04-18T10:17:42.686+0530] {dag.py:4180} INFO - Setting next_dagrun for read_dataset_event_from_classic to 2025-04-17 00:00:00+00:00, run_after=2025-04-18 00:00:00+00:00
[2025-04-18T10:17:42.769+0530] {processor.py:208} INFO - Processing /home/prakhar/Desktop/Bootcamp/Python/Airflow-Project/airflowvenv/lib/python3.12/site-packages/airflow/example_dags/example_inlet_event_extra.py took 0.124 seconds
[2025-04-18T10:19:01.008+0530] {processor.py:186} INFO - Started process (PID=19701) to work on /home/prakhar/Desktop/Bootcamp/Python/Airflow-Project/airflowvenv/lib/python3.12/site-packages/airflow/example_dags/example_inlet_event_extra.py
[2025-04-18T10:19:01.009+0530] {processor.py:914} INFO - Processing file /home/prakhar/Desktop/Bootcamp/Python/Airflow-Project/airflowvenv/lib/python3.12/site-packages/airflow/example_dags/example_inlet_event_extra.py for tasks to queue
[2025-04-18T10:19:01.010+0530] {logging_mixin.py:190} INFO - [2025-04-18T10:19:01.010+0530] {dagbag.py:588} INFO - Filling up the DagBag from /home/prakhar/Desktop/Bootcamp/Python/Airflow-Project/airflowvenv/lib/python3.12/site-packages/airflow/example_dags/example_inlet_event_extra.py
[2025-04-18T10:19:01.018+0530] {processor.py:925} INFO - DAG(s) 'read_dataset_event', 'read_dataset_event_from_classic' retrieved from /home/prakhar/Desktop/Bootcamp/Python/Airflow-Project/airflowvenv/lib/python3.12/site-packages/airflow/example_dags/example_inlet_event_extra.py
[2025-04-18T10:19:01.068+0530] {logging_mixin.py:190} INFO - [2025-04-18T10:19:01.068+0530] {dag.py:3239} INFO - Sync 2 DAGs
[2025-04-18T10:19:01.264+0530] {logging_mixin.py:190} INFO - [2025-04-18T10:19:01.264+0530] {dag.py:4180} INFO - Setting next_dagrun for read_dataset_event to 2025-04-17 00:00:00+00:00, run_after=2025-04-18 00:00:00+00:00
[2025-04-18T10:19:01.267+0530] {logging_mixin.py:190} INFO - [2025-04-18T10:19:01.267+0530] {dag.py:4180} INFO - Setting next_dagrun for read_dataset_event_from_classic to 2025-04-17 00:00:00+00:00, run_after=2025-04-18 00:00:00+00:00
[2025-04-18T10:19:01.452+0530] {processor.py:208} INFO - Processing /home/prakhar/Desktop/Bootcamp/Python/Airflow-Project/airflowvenv/lib/python3.12/site-packages/airflow/example_dags/example_inlet_event_extra.py took 0.448 seconds
[2025-04-18T10:20:22.069+0530] {processor.py:186} INFO - Started process (PID=20587) to work on /home/prakhar/Desktop/Bootcamp/Python/Airflow-Project/airflowvenv/lib/python3.12/site-packages/airflow/example_dags/example_inlet_event_extra.py
[2025-04-18T10:20:22.070+0530] {processor.py:914} INFO - Processing file /home/prakhar/Desktop/Bootcamp/Python/Airflow-Project/airflowvenv/lib/python3.12/site-packages/airflow/example_dags/example_inlet_event_extra.py for tasks to queue
[2025-04-18T10:20:22.071+0530] {logging_mixin.py:190} INFO - [2025-04-18T10:20:22.071+0530] {dagbag.py:588} INFO - Filling up the DagBag from /home/prakhar/Desktop/Bootcamp/Python/Airflow-Project/airflowvenv/lib/python3.12/site-packages/airflow/example_dags/example_inlet_event_extra.py
[2025-04-18T10:20:22.080+0530] {processor.py:925} INFO - DAG(s) 'read_dataset_event', 'read_dataset_event_from_classic' retrieved from /home/prakhar/Desktop/Bootcamp/Python/Airflow-Project/airflowvenv/lib/python3.12/site-packages/airflow/example_dags/example_inlet_event_extra.py
[2025-04-18T10:20:22.091+0530] {logging_mixin.py:190} INFO - [2025-04-18T10:20:22.090+0530] {dag.py:3239} INFO - Sync 2 DAGs
[2025-04-18T10:20:22.104+0530] {logging_mixin.py:190} INFO - [2025-04-18T10:20:22.103+0530] {dag.py:4180} INFO - Setting next_dagrun for read_dataset_event to 2025-04-17 00:00:00+00:00, run_after=2025-04-18 00:00:00+00:00
[2025-04-18T10:20:22.106+0530] {logging_mixin.py:190} INFO - [2025-04-18T10:20:22.106+0530] {dag.py:4180} INFO - Setting next_dagrun for read_dataset_event_from_classic to 2025-04-17 00:00:00+00:00, run_after=2025-04-18 00:00:00+00:00
[2025-04-18T10:20:22.205+0530] {processor.py:208} INFO - Processing /home/prakhar/Desktop/Bootcamp/Python/Airflow-Project/airflowvenv/lib/python3.12/site-packages/airflow/example_dags/example_inlet_event_extra.py took 0.140 seconds
[2025-04-18T10:21:55.582+0530] {processor.py:186} INFO - Started process (PID=21891) to work on /home/prakhar/Desktop/Bootcamp/Python/Airflow-Project/airflowvenv/lib/python3.12/site-packages/airflow/example_dags/example_inlet_event_extra.py
[2025-04-18T10:21:55.649+0530] {processor.py:914} INFO - Processing file /home/prakhar/Desktop/Bootcamp/Python/Airflow-Project/airflowvenv/lib/python3.12/site-packages/airflow/example_dags/example_inlet_event_extra.py for tasks to queue
[2025-04-18T10:21:55.653+0530] {logging_mixin.py:190} INFO - [2025-04-18T10:21:55.653+0530] {dagbag.py:588} INFO - Filling up the DagBag from /home/prakhar/Desktop/Bootcamp/Python/Airflow-Project/airflowvenv/lib/python3.12/site-packages/airflow/example_dags/example_inlet_event_extra.py
[2025-04-18T10:21:55.673+0530] {processor.py:925} INFO - DAG(s) 'read_dataset_event_from_classic', 'read_dataset_event' retrieved from /home/prakhar/Desktop/Bootcamp/Python/Airflow-Project/airflowvenv/lib/python3.12/site-packages/airflow/example_dags/example_inlet_event_extra.py
[2025-04-18T10:21:55.683+0530] {logging_mixin.py:190} INFO - [2025-04-18T10:21:55.683+0530] {dag.py:3239} INFO - Sync 2 DAGs
[2025-04-18T10:21:55.694+0530] {logging_mixin.py:190} INFO - [2025-04-18T10:21:55.694+0530] {dag.py:4180} INFO - Setting next_dagrun for read_dataset_event to 2025-04-17 00:00:00+00:00, run_after=2025-04-18 00:00:00+00:00
[2025-04-18T10:21:55.696+0530] {logging_mixin.py:190} INFO - [2025-04-18T10:21:55.696+0530] {dag.py:4180} INFO - Setting next_dagrun for read_dataset_event_from_classic to 2025-04-17 00:00:00+00:00, run_after=2025-04-18 00:00:00+00:00
[2025-04-18T10:21:55.777+0530] {processor.py:208} INFO - Processing /home/prakhar/Desktop/Bootcamp/Python/Airflow-Project/airflowvenv/lib/python3.12/site-packages/airflow/example_dags/example_inlet_event_extra.py took 0.198 seconds
[2025-04-18T10:23:38.464+0530] {processor.py:186} INFO - Started process (PID=22946) to work on /home/prakhar/Desktop/Bootcamp/Python/Airflow-Project/airflowvenv/lib/python3.12/site-packages/airflow/example_dags/example_inlet_event_extra.py
[2025-04-18T10:23:38.465+0530] {processor.py:914} INFO - Processing file /home/prakhar/Desktop/Bootcamp/Python/Airflow-Project/airflowvenv/lib/python3.12/site-packages/airflow/example_dags/example_inlet_event_extra.py for tasks to queue
[2025-04-18T10:23:38.466+0530] {logging_mixin.py:190} INFO - [2025-04-18T10:23:38.465+0530] {dagbag.py:588} INFO - Filling up the DagBag from /home/prakhar/Desktop/Bootcamp/Python/Airflow-Project/airflowvenv/lib/python3.12/site-packages/airflow/example_dags/example_inlet_event_extra.py
[2025-04-18T10:23:38.475+0530] {processor.py:925} INFO - DAG(s) 'read_dataset_event_from_classic', 'read_dataset_event' retrieved from /home/prakhar/Desktop/Bootcamp/Python/Airflow-Project/airflowvenv/lib/python3.12/site-packages/airflow/example_dags/example_inlet_event_extra.py
[2025-04-18T10:23:38.485+0530] {logging_mixin.py:190} INFO - [2025-04-18T10:23:38.484+0530] {dag.py:3239} INFO - Sync 2 DAGs
[2025-04-18T10:23:38.496+0530] {logging_mixin.py:190} INFO - [2025-04-18T10:23:38.496+0530] {dag.py:4180} INFO - Setting next_dagrun for read_dataset_event to 2025-04-17 00:00:00+00:00, run_after=2025-04-18 00:00:00+00:00
[2025-04-18T10:23:38.498+0530] {logging_mixin.py:190} INFO - [2025-04-18T10:23:38.498+0530] {dag.py:4180} INFO - Setting next_dagrun for read_dataset_event_from_classic to 2025-04-17 00:00:00+00:00, run_after=2025-04-18 00:00:00+00:00
[2025-04-18T10:23:38.598+0530] {processor.py:208} INFO - Processing /home/prakhar/Desktop/Bootcamp/Python/Airflow-Project/airflowvenv/lib/python3.12/site-packages/airflow/example_dags/example_inlet_event_extra.py took 0.138 seconds
[2025-04-18T10:24:57.232+0530] {processor.py:186} INFO - Started process (PID=23445) to work on /home/prakhar/Desktop/Bootcamp/Python/Airflow-Project/airflowvenv/lib/python3.12/site-packages/airflow/example_dags/example_inlet_event_extra.py
[2025-04-18T10:24:57.260+0530] {processor.py:914} INFO - Processing file /home/prakhar/Desktop/Bootcamp/Python/Airflow-Project/airflowvenv/lib/python3.12/site-packages/airflow/example_dags/example_inlet_event_extra.py for tasks to queue
[2025-04-18T10:24:57.262+0530] {logging_mixin.py:190} INFO - [2025-04-18T10:24:57.261+0530] {dagbag.py:588} INFO - Filling up the DagBag from /home/prakhar/Desktop/Bootcamp/Python/Airflow-Project/airflowvenv/lib/python3.12/site-packages/airflow/example_dags/example_inlet_event_extra.py
[2025-04-18T10:24:57.271+0530] {processor.py:925} INFO - DAG(s) 'read_dataset_event_from_classic', 'read_dataset_event' retrieved from /home/prakhar/Desktop/Bootcamp/Python/Airflow-Project/airflowvenv/lib/python3.12/site-packages/airflow/example_dags/example_inlet_event_extra.py
[2025-04-18T10:24:57.282+0530] {logging_mixin.py:190} INFO - [2025-04-18T10:24:57.282+0530] {dag.py:3239} INFO - Sync 2 DAGs
[2025-04-18T10:24:57.295+0530] {logging_mixin.py:190} INFO - [2025-04-18T10:24:57.295+0530] {dag.py:4180} INFO - Setting next_dagrun for read_dataset_event to 2025-04-17 00:00:00+00:00, run_after=2025-04-18 00:00:00+00:00
[2025-04-18T10:24:57.298+0530] {logging_mixin.py:190} INFO - [2025-04-18T10:24:57.298+0530] {dag.py:4180} INFO - Setting next_dagrun for read_dataset_event_from_classic to 2025-04-17 00:00:00+00:00, run_after=2025-04-18 00:00:00+00:00
[2025-04-18T10:24:57.367+0530] {processor.py:208} INFO - Processing /home/prakhar/Desktop/Bootcamp/Python/Airflow-Project/airflowvenv/lib/python3.12/site-packages/airflow/example_dags/example_inlet_event_extra.py took 0.139 seconds
[2025-04-18T10:26:12.318+0530] {processor.py:186} INFO - Started process (PID=23885) to work on /home/prakhar/Desktop/Bootcamp/Python/Airflow-Project/airflowvenv/lib/python3.12/site-packages/airflow/example_dags/example_inlet_event_extra.py
[2025-04-18T10:26:12.344+0530] {processor.py:914} INFO - Processing file /home/prakhar/Desktop/Bootcamp/Python/Airflow-Project/airflowvenv/lib/python3.12/site-packages/airflow/example_dags/example_inlet_event_extra.py for tasks to queue
[2025-04-18T10:26:12.346+0530] {logging_mixin.py:190} INFO - [2025-04-18T10:26:12.346+0530] {dagbag.py:588} INFO - Filling up the DagBag from /home/prakhar/Desktop/Bootcamp/Python/Airflow-Project/airflowvenv/lib/python3.12/site-packages/airflow/example_dags/example_inlet_event_extra.py
[2025-04-18T10:26:12.356+0530] {processor.py:925} INFO - DAG(s) 'read_dataset_event', 'read_dataset_event_from_classic' retrieved from /home/prakhar/Desktop/Bootcamp/Python/Airflow-Project/airflowvenv/lib/python3.12/site-packages/airflow/example_dags/example_inlet_event_extra.py
[2025-04-18T10:26:12.367+0530] {logging_mixin.py:190} INFO - [2025-04-18T10:26:12.367+0530] {dag.py:3239} INFO - Sync 2 DAGs
[2025-04-18T10:26:12.380+0530] {logging_mixin.py:190} INFO - [2025-04-18T10:26:12.380+0530] {dag.py:4180} INFO - Setting next_dagrun for read_dataset_event to 2025-04-17 00:00:00+00:00, run_after=2025-04-18 00:00:00+00:00
[2025-04-18T10:26:12.383+0530] {logging_mixin.py:190} INFO - [2025-04-18T10:26:12.383+0530] {dag.py:4180} INFO - Setting next_dagrun for read_dataset_event_from_classic to 2025-04-17 00:00:00+00:00, run_after=2025-04-18 00:00:00+00:00
[2025-04-18T10:26:12.469+0530] {processor.py:208} INFO - Processing /home/prakhar/Desktop/Bootcamp/Python/Airflow-Project/airflowvenv/lib/python3.12/site-packages/airflow/example_dags/example_inlet_event_extra.py took 0.158 seconds
[2025-04-18T10:27:37.096+0530] {processor.py:186} INFO - Started process (PID=24105) to work on /home/prakhar/Desktop/Bootcamp/Python/Airflow-Project/airflowvenv/lib/python3.12/site-packages/airflow/example_dags/example_inlet_event_extra.py
[2025-04-18T10:27:37.125+0530] {processor.py:914} INFO - Processing file /home/prakhar/Desktop/Bootcamp/Python/Airflow-Project/airflowvenv/lib/python3.12/site-packages/airflow/example_dags/example_inlet_event_extra.py for tasks to queue
[2025-04-18T10:27:37.128+0530] {logging_mixin.py:190} INFO - [2025-04-18T10:27:37.127+0530] {dagbag.py:588} INFO - Filling up the DagBag from /home/prakhar/Desktop/Bootcamp/Python/Airflow-Project/airflowvenv/lib/python3.12/site-packages/airflow/example_dags/example_inlet_event_extra.py
[2025-04-18T10:27:37.141+0530] {processor.py:925} INFO - DAG(s) 'read_dataset_event', 'read_dataset_event_from_classic' retrieved from /home/prakhar/Desktop/Bootcamp/Python/Airflow-Project/airflowvenv/lib/python3.12/site-packages/airflow/example_dags/example_inlet_event_extra.py
[2025-04-18T10:27:37.151+0530] {logging_mixin.py:190} INFO - [2025-04-18T10:27:37.151+0530] {dag.py:3239} INFO - Sync 2 DAGs
[2025-04-18T10:27:37.164+0530] {logging_mixin.py:190} INFO - [2025-04-18T10:27:37.164+0530] {dag.py:4180} INFO - Setting next_dagrun for read_dataset_event to 2025-04-17 00:00:00+00:00, run_after=2025-04-18 00:00:00+00:00
[2025-04-18T10:27:37.166+0530] {logging_mixin.py:190} INFO - [2025-04-18T10:27:37.166+0530] {dag.py:4180} INFO - Setting next_dagrun for read_dataset_event_from_classic to 2025-04-17 00:00:00+00:00, run_after=2025-04-18 00:00:00+00:00
[2025-04-18T10:27:37.336+0530] {processor.py:208} INFO - Processing /home/prakhar/Desktop/Bootcamp/Python/Airflow-Project/airflowvenv/lib/python3.12/site-packages/airflow/example_dags/example_inlet_event_extra.py took 0.245 seconds
[2025-04-18T10:28:55.061+0530] {processor.py:186} INFO - Started process (PID=24419) to work on /home/prakhar/Desktop/Bootcamp/Python/Airflow-Project/airflowvenv/lib/python3.12/site-packages/airflow/example_dags/example_inlet_event_extra.py
[2025-04-18T10:28:55.092+0530] {processor.py:914} INFO - Processing file /home/prakhar/Desktop/Bootcamp/Python/Airflow-Project/airflowvenv/lib/python3.12/site-packages/airflow/example_dags/example_inlet_event_extra.py for tasks to queue
[2025-04-18T10:28:55.095+0530] {logging_mixin.py:190} INFO - [2025-04-18T10:28:55.095+0530] {dagbag.py:588} INFO - Filling up the DagBag from /home/prakhar/Desktop/Bootcamp/Python/Airflow-Project/airflowvenv/lib/python3.12/site-packages/airflow/example_dags/example_inlet_event_extra.py
[2025-04-18T10:28:55.110+0530] {processor.py:925} INFO - DAG(s) 'read_dataset_event_from_classic', 'read_dataset_event' retrieved from /home/prakhar/Desktop/Bootcamp/Python/Airflow-Project/airflowvenv/lib/python3.12/site-packages/airflow/example_dags/example_inlet_event_extra.py
[2025-04-18T10:28:55.119+0530] {logging_mixin.py:190} INFO - [2025-04-18T10:28:55.119+0530] {dag.py:3239} INFO - Sync 2 DAGs
[2025-04-18T10:28:55.130+0530] {logging_mixin.py:190} INFO - [2025-04-18T10:28:55.130+0530] {dag.py:4180} INFO - Setting next_dagrun for read_dataset_event to 2025-04-17 00:00:00+00:00, run_after=2025-04-18 00:00:00+00:00
[2025-04-18T10:28:55.132+0530] {logging_mixin.py:190} INFO - [2025-04-18T10:28:55.132+0530] {dag.py:4180} INFO - Setting next_dagrun for read_dataset_event_from_classic to 2025-04-17 00:00:00+00:00, run_after=2025-04-18 00:00:00+00:00
[2025-04-18T10:28:55.221+0530] {processor.py:208} INFO - Processing /home/prakhar/Desktop/Bootcamp/Python/Airflow-Project/airflowvenv/lib/python3.12/site-packages/airflow/example_dags/example_inlet_event_extra.py took 0.166 seconds
[2025-04-18T10:30:13.985+0530] {processor.py:186} INFO - Started process (PID=24831) to work on /home/prakhar/Desktop/Bootcamp/Python/Airflow-Project/airflowvenv/lib/python3.12/site-packages/airflow/example_dags/example_inlet_event_extra.py
[2025-04-18T10:30:13.986+0530] {processor.py:914} INFO - Processing file /home/prakhar/Desktop/Bootcamp/Python/Airflow-Project/airflowvenv/lib/python3.12/site-packages/airflow/example_dags/example_inlet_event_extra.py for tasks to queue
[2025-04-18T10:30:13.987+0530] {logging_mixin.py:190} INFO - [2025-04-18T10:30:13.987+0530] {dagbag.py:588} INFO - Filling up the DagBag from /home/prakhar/Desktop/Bootcamp/Python/Airflow-Project/airflowvenv/lib/python3.12/site-packages/airflow/example_dags/example_inlet_event_extra.py
[2025-04-18T10:30:13.995+0530] {processor.py:925} INFO - DAG(s) 'read_dataset_event', 'read_dataset_event_from_classic' retrieved from /home/prakhar/Desktop/Bootcamp/Python/Airflow-Project/airflowvenv/lib/python3.12/site-packages/airflow/example_dags/example_inlet_event_extra.py
[2025-04-18T10:30:14.005+0530] {logging_mixin.py:190} INFO - [2025-04-18T10:30:14.004+0530] {dag.py:3239} INFO - Sync 2 DAGs
[2025-04-18T10:30:14.015+0530] {logging_mixin.py:190} INFO - [2025-04-18T10:30:14.015+0530] {dag.py:4180} INFO - Setting next_dagrun for read_dataset_event to 2025-04-17 00:00:00+00:00, run_after=2025-04-18 00:00:00+00:00
[2025-04-18T10:30:14.018+0530] {logging_mixin.py:190} INFO - [2025-04-18T10:30:14.018+0530] {dag.py:4180} INFO - Setting next_dagrun for read_dataset_event_from_classic to 2025-04-17 00:00:00+00:00, run_after=2025-04-18 00:00:00+00:00
[2025-04-18T10:30:14.155+0530] {processor.py:208} INFO - Processing /home/prakhar/Desktop/Bootcamp/Python/Airflow-Project/airflowvenv/lib/python3.12/site-packages/airflow/example_dags/example_inlet_event_extra.py took 0.174 seconds
