[2025-04-18T10:18:00.359+0530] {processor.py:186} INFO - Started process (PID=19013) to work on /home/prakhar/Desktop/Bootcamp/Python/Airflow-Project/airflowvenv/lib/python3.12/site-packages/airflow/example_dags/example_bash_operator.py
[2025-04-18T10:18:00.360+0530] {processor.py:914} INFO - Processing file /home/prakhar/Desktop/Bootcamp/Python/Airflow-Project/airflowvenv/lib/python3.12/site-packages/airflow/example_dags/example_bash_operator.py for tasks to queue
[2025-04-18T10:18:00.361+0530] {logging_mixin.py:190} INFO - [2025-04-18T10:18:00.360+0530] {dagbag.py:588} INFO - Filling up the DagBag from /home/prakhar/Desktop/Bootcamp/Python/Airflow-Project/airflowvenv/lib/python3.12/site-packages/airflow/example_dags/example_bash_operator.py
[2025-04-18T10:18:00.371+0530] {processor.py:925} INFO - DAG(s) 'example_bash_operator' retrieved from /home/prakhar/Desktop/Bootcamp/Python/Airflow-Project/airflowvenv/lib/python3.12/site-packages/airflow/example_dags/example_bash_operator.py
[2025-04-18T10:18:00.383+0530] {logging_mixin.py:190} INFO - [2025-04-18T10:18:00.383+0530] {dag.py:3239} INFO - Sync 1 DAGs
[2025-04-18T10:18:00.394+0530] {logging_mixin.py:190} INFO - [2025-04-18T10:18:00.394+0530] {dag.py:4180} INFO - Setting next_dagrun for example_bash_operator to 2025-04-17 00:00:00+00:00, run_after=2025-04-18 00:00:00+00:00
[2025-04-18T10:18:00.477+0530] {processor.py:208} INFO - Processing /home/prakhar/Desktop/Bootcamp/Python/Airflow-Project/airflowvenv/lib/python3.12/site-packages/airflow/example_dags/example_bash_operator.py took 0.121 seconds
[2025-04-18T10:19:20.247+0530] {processor.py:186} INFO - Started process (PID=19972) to work on /home/prakhar/Desktop/Bootcamp/Python/Airflow-Project/airflowvenv/lib/python3.12/site-packages/airflow/example_dags/example_bash_operator.py
[2025-04-18T10:19:20.248+0530] {processor.py:914} INFO - Processing file /home/prakhar/Desktop/Bootcamp/Python/Airflow-Project/airflowvenv/lib/python3.12/site-packages/airflow/example_dags/example_bash_operator.py for tasks to queue
[2025-04-18T10:19:20.249+0530] {logging_mixin.py:190} INFO - [2025-04-18T10:19:20.249+0530] {dagbag.py:588} INFO - Filling up the DagBag from /home/prakhar/Desktop/Bootcamp/Python/Airflow-Project/airflowvenv/lib/python3.12/site-packages/airflow/example_dags/example_bash_operator.py
[2025-04-18T10:19:20.258+0530] {processor.py:925} INFO - DAG(s) 'example_bash_operator' retrieved from /home/prakhar/Desktop/Bootcamp/Python/Airflow-Project/airflowvenv/lib/python3.12/site-packages/airflow/example_dags/example_bash_operator.py
[2025-04-18T10:19:20.271+0530] {logging_mixin.py:190} INFO - [2025-04-18T10:19:20.271+0530] {dag.py:3239} INFO - Sync 1 DAGs
[2025-04-18T10:19:20.284+0530] {logging_mixin.py:190} INFO - [2025-04-18T10:19:20.283+0530] {dag.py:4180} INFO - Setting next_dagrun for example_bash_operator to 2025-04-17 00:00:00+00:00, run_after=2025-04-18 00:00:00+00:00
[2025-04-18T10:19:20.381+0530] {processor.py:208} INFO - Processing /home/prakhar/Desktop/Bootcamp/Python/Airflow-Project/airflowvenv/lib/python3.12/site-packages/airflow/example_dags/example_bash_operator.py took 0.138 seconds
[2025-04-18T10:20:40.983+0530] {processor.py:186} INFO - Started process (PID=20879) to work on /home/prakhar/Desktop/Bootcamp/Python/Airflow-Project/airflowvenv/lib/python3.12/site-packages/airflow/example_dags/example_bash_operator.py
[2025-04-18T10:20:40.993+0530] {processor.py:914} INFO - Processing file /home/prakhar/Desktop/Bootcamp/Python/Airflow-Project/airflowvenv/lib/python3.12/site-packages/airflow/example_dags/example_bash_operator.py for tasks to queue
[2025-04-18T10:20:40.997+0530] {logging_mixin.py:190} INFO - [2025-04-18T10:20:40.996+0530] {dagbag.py:588} INFO - Filling up the DagBag from /home/prakhar/Desktop/Bootcamp/Python/Airflow-Project/airflowvenv/lib/python3.12/site-packages/airflow/example_dags/example_bash_operator.py
[2025-04-18T10:20:41.012+0530] {processor.py:925} INFO - DAG(s) 'example_bash_operator' retrieved from /home/prakhar/Desktop/Bootcamp/Python/Airflow-Project/airflowvenv/lib/python3.12/site-packages/airflow/example_dags/example_bash_operator.py
[2025-04-18T10:20:41.025+0530] {logging_mixin.py:190} INFO - [2025-04-18T10:20:41.025+0530] {dag.py:3239} INFO - Sync 1 DAGs
[2025-04-18T10:20:41.036+0530] {logging_mixin.py:190} INFO - [2025-04-18T10:20:41.036+0530] {dag.py:4180} INFO - Setting next_dagrun for example_bash_operator to 2025-04-17 00:00:00+00:00, run_after=2025-04-18 00:00:00+00:00
[2025-04-18T10:20:41.110+0530] {processor.py:208} INFO - Processing /home/prakhar/Desktop/Bootcamp/Python/Airflow-Project/airflowvenv/lib/python3.12/site-packages/airflow/example_dags/example_bash_operator.py took 0.131 seconds
[2025-04-18T10:22:17.435+0530] {processor.py:186} INFO - Started process (PID=22044) to work on /home/prakhar/Desktop/Bootcamp/Python/Airflow-Project/airflowvenv/lib/python3.12/site-packages/airflow/example_dags/example_bash_operator.py
[2025-04-18T10:22:17.474+0530] {processor.py:914} INFO - Processing file /home/prakhar/Desktop/Bootcamp/Python/Airflow-Project/airflowvenv/lib/python3.12/site-packages/airflow/example_dags/example_bash_operator.py for tasks to queue
[2025-04-18T10:22:17.477+0530] {logging_mixin.py:190} INFO - [2025-04-18T10:22:17.476+0530] {dagbag.py:588} INFO - Filling up the DagBag from /home/prakhar/Desktop/Bootcamp/Python/Airflow-Project/airflowvenv/lib/python3.12/site-packages/airflow/example_dags/example_bash_operator.py
[2025-04-18T10:22:17.495+0530] {processor.py:925} INFO - DAG(s) 'example_bash_operator' retrieved from /home/prakhar/Desktop/Bootcamp/Python/Airflow-Project/airflowvenv/lib/python3.12/site-packages/airflow/example_dags/example_bash_operator.py
[2025-04-18T10:22:17.509+0530] {logging_mixin.py:190} INFO - [2025-04-18T10:22:17.509+0530] {dag.py:3239} INFO - Sync 1 DAGs
[2025-04-18T10:22:17.521+0530] {logging_mixin.py:190} INFO - [2025-04-18T10:22:17.521+0530] {dag.py:4180} INFO - Setting next_dagrun for example_bash_operator to 2025-04-17 00:00:00+00:00, run_after=2025-04-18 00:00:00+00:00
[2025-04-18T10:22:17.595+0530] {processor.py:208} INFO - Processing /home/prakhar/Desktop/Bootcamp/Python/Airflow-Project/airflowvenv/lib/python3.12/site-packages/airflow/example_dags/example_bash_operator.py took 0.164 seconds
[2025-04-18T10:23:57.910+0530] {processor.py:186} INFO - Started process (PID=23097) to work on /home/prakhar/Desktop/Bootcamp/Python/Airflow-Project/airflowvenv/lib/python3.12/site-packages/airflow/example_dags/example_bash_operator.py
[2025-04-18T10:23:57.911+0530] {processor.py:914} INFO - Processing file /home/prakhar/Desktop/Bootcamp/Python/Airflow-Project/airflowvenv/lib/python3.12/site-packages/airflow/example_dags/example_bash_operator.py for tasks to queue
[2025-04-18T10:23:57.913+0530] {logging_mixin.py:190} INFO - [2025-04-18T10:23:57.912+0530] {dagbag.py:588} INFO - Filling up the DagBag from /home/prakhar/Desktop/Bootcamp/Python/Airflow-Project/airflowvenv/lib/python3.12/site-packages/airflow/example_dags/example_bash_operator.py
[2025-04-18T10:23:57.922+0530] {processor.py:925} INFO - DAG(s) 'example_bash_operator' retrieved from /home/prakhar/Desktop/Bootcamp/Python/Airflow-Project/airflowvenv/lib/python3.12/site-packages/airflow/example_dags/example_bash_operator.py
[2025-04-18T10:23:57.935+0530] {logging_mixin.py:190} INFO - [2025-04-18T10:23:57.935+0530] {dag.py:3239} INFO - Sync 1 DAGs
[2025-04-18T10:23:57.946+0530] {logging_mixin.py:190} INFO - [2025-04-18T10:23:57.946+0530] {dag.py:4180} INFO - Setting next_dagrun for example_bash_operator to 2025-04-17 00:00:00+00:00, run_after=2025-04-18 00:00:00+00:00
[2025-04-18T10:23:58.014+0530] {processor.py:208} INFO - Processing /home/prakhar/Desktop/Bootcamp/Python/Airflow-Project/airflowvenv/lib/python3.12/site-packages/airflow/example_dags/example_bash_operator.py took 0.108 seconds
[2025-04-18T10:25:15.684+0530] {processor.py:186} INFO - Started process (PID=23555) to work on /home/prakhar/Desktop/Bootcamp/Python/Airflow-Project/airflowvenv/lib/python3.12/site-packages/airflow/example_dags/example_bash_operator.py
[2025-04-18T10:25:15.714+0530] {processor.py:914} INFO - Processing file /home/prakhar/Desktop/Bootcamp/Python/Airflow-Project/airflowvenv/lib/python3.12/site-packages/airflow/example_dags/example_bash_operator.py for tasks to queue
[2025-04-18T10:25:15.716+0530] {logging_mixin.py:190} INFO - [2025-04-18T10:25:15.715+0530] {dagbag.py:588} INFO - Filling up the DagBag from /home/prakhar/Desktop/Bootcamp/Python/Airflow-Project/airflowvenv/lib/python3.12/site-packages/airflow/example_dags/example_bash_operator.py
[2025-04-18T10:25:15.724+0530] {processor.py:925} INFO - DAG(s) 'example_bash_operator' retrieved from /home/prakhar/Desktop/Bootcamp/Python/Airflow-Project/airflowvenv/lib/python3.12/site-packages/airflow/example_dags/example_bash_operator.py
[2025-04-18T10:25:15.736+0530] {logging_mixin.py:190} INFO - [2025-04-18T10:25:15.736+0530] {dag.py:3239} INFO - Sync 1 DAGs
[2025-04-18T10:25:15.747+0530] {logging_mixin.py:190} INFO - [2025-04-18T10:25:15.747+0530] {dag.py:4180} INFO - Setting next_dagrun for example_bash_operator to 2025-04-17 00:00:00+00:00, run_after=2025-04-18 00:00:00+00:00
[2025-04-18T10:25:15.827+0530] {processor.py:208} INFO - Processing /home/prakhar/Desktop/Bootcamp/Python/Airflow-Project/airflowvenv/lib/python3.12/site-packages/airflow/example_dags/example_bash_operator.py took 0.149 seconds
[2025-04-18T10:26:32.901+0530] {processor.py:186} INFO - Started process (PID=23919) to work on /home/prakhar/Desktop/Bootcamp/Python/Airflow-Project/airflowvenv/lib/python3.12/site-packages/airflow/example_dags/example_bash_operator.py
[2025-04-18T10:26:32.939+0530] {processor.py:914} INFO - Processing file /home/prakhar/Desktop/Bootcamp/Python/Airflow-Project/airflowvenv/lib/python3.12/site-packages/airflow/example_dags/example_bash_operator.py for tasks to queue
[2025-04-18T10:26:32.942+0530] {logging_mixin.py:190} INFO - [2025-04-18T10:26:32.941+0530] {dagbag.py:588} INFO - Filling up the DagBag from /home/prakhar/Desktop/Bootcamp/Python/Airflow-Project/airflowvenv/lib/python3.12/site-packages/airflow/example_dags/example_bash_operator.py
[2025-04-18T10:26:32.952+0530] {processor.py:925} INFO - DAG(s) 'example_bash_operator' retrieved from /home/prakhar/Desktop/Bootcamp/Python/Airflow-Project/airflowvenv/lib/python3.12/site-packages/airflow/example_dags/example_bash_operator.py
[2025-04-18T10:26:32.969+0530] {logging_mixin.py:190} INFO - [2025-04-18T10:26:32.968+0530] {dag.py:3239} INFO - Sync 1 DAGs
[2025-04-18T10:26:32.982+0530] {logging_mixin.py:190} INFO - [2025-04-18T10:26:32.982+0530] {dag.py:4180} INFO - Setting next_dagrun for example_bash_operator to 2025-04-17 00:00:00+00:00, run_after=2025-04-18 00:00:00+00:00
[2025-04-18T10:26:33.061+0530] {processor.py:208} INFO - Processing /home/prakhar/Desktop/Bootcamp/Python/Airflow-Project/airflowvenv/lib/python3.12/site-packages/airflow/example_dags/example_bash_operator.py took 0.164 seconds
[2025-04-18T10:27:54.802+0530] {processor.py:186} INFO - Started process (PID=24196) to work on /home/prakhar/Desktop/Bootcamp/Python/Airflow-Project/airflowvenv/lib/python3.12/site-packages/airflow/example_dags/example_bash_operator.py
[2025-04-18T10:27:54.846+0530] {processor.py:914} INFO - Processing file /home/prakhar/Desktop/Bootcamp/Python/Airflow-Project/airflowvenv/lib/python3.12/site-packages/airflow/example_dags/example_bash_operator.py for tasks to queue
[2025-04-18T10:27:54.847+0530] {logging_mixin.py:190} INFO - [2025-04-18T10:27:54.847+0530] {dagbag.py:588} INFO - Filling up the DagBag from /home/prakhar/Desktop/Bootcamp/Python/Airflow-Project/airflowvenv/lib/python3.12/site-packages/airflow/example_dags/example_bash_operator.py
[2025-04-18T10:27:54.856+0530] {processor.py:925} INFO - DAG(s) 'example_bash_operator' retrieved from /home/prakhar/Desktop/Bootcamp/Python/Airflow-Project/airflowvenv/lib/python3.12/site-packages/airflow/example_dags/example_bash_operator.py
[2025-04-18T10:27:54.869+0530] {logging_mixin.py:190} INFO - [2025-04-18T10:27:54.869+0530] {dag.py:3239} INFO - Sync 1 DAGs
[2025-04-18T10:27:54.885+0530] {logging_mixin.py:190} INFO - [2025-04-18T10:27:54.885+0530] {dag.py:4180} INFO - Setting next_dagrun for example_bash_operator to 2025-04-17 00:00:00+00:00, run_after=2025-04-18 00:00:00+00:00
[2025-04-18T10:27:54.963+0530] {processor.py:208} INFO - Processing /home/prakhar/Desktop/Bootcamp/Python/Airflow-Project/airflowvenv/lib/python3.12/site-packages/airflow/example_dags/example_bash_operator.py took 0.165 seconds
[2025-04-18T10:29:14.326+0530] {processor.py:186} INFO - Started process (PID=24507) to work on /home/prakhar/Desktop/Bootcamp/Python/Airflow-Project/airflowvenv/lib/python3.12/site-packages/airflow/example_dags/example_bash_operator.py
[2025-04-18T10:29:14.327+0530] {processor.py:914} INFO - Processing file /home/prakhar/Desktop/Bootcamp/Python/Airflow-Project/airflowvenv/lib/python3.12/site-packages/airflow/example_dags/example_bash_operator.py for tasks to queue
[2025-04-18T10:29:14.328+0530] {logging_mixin.py:190} INFO - [2025-04-18T10:29:14.328+0530] {dagbag.py:588} INFO - Filling up the DagBag from /home/prakhar/Desktop/Bootcamp/Python/Airflow-Project/airflowvenv/lib/python3.12/site-packages/airflow/example_dags/example_bash_operator.py
[2025-04-18T10:29:14.336+0530] {processor.py:925} INFO - DAG(s) 'example_bash_operator' retrieved from /home/prakhar/Desktop/Bootcamp/Python/Airflow-Project/airflowvenv/lib/python3.12/site-packages/airflow/example_dags/example_bash_operator.py
[2025-04-18T10:29:14.350+0530] {logging_mixin.py:190} INFO - [2025-04-18T10:29:14.350+0530] {dag.py:3239} INFO - Sync 1 DAGs
[2025-04-18T10:29:14.363+0530] {logging_mixin.py:190} INFO - [2025-04-18T10:29:14.363+0530] {dag.py:4180} INFO - Setting next_dagrun for example_bash_operator to 2025-04-17 00:00:00+00:00, run_after=2025-04-18 00:00:00+00:00
[2025-04-18T10:29:14.444+0530] {processor.py:208} INFO - Processing /home/prakhar/Desktop/Bootcamp/Python/Airflow-Project/airflowvenv/lib/python3.12/site-packages/airflow/example_dags/example_bash_operator.py took 0.123 seconds
[2025-04-18T10:30:32.551+0530] {processor.py:186} INFO - Started process (PID=24886) to work on /home/prakhar/Desktop/Bootcamp/Python/Airflow-Project/airflowvenv/lib/python3.12/site-packages/airflow/example_dags/example_bash_operator.py
[2025-04-18T10:30:32.552+0530] {processor.py:914} INFO - Processing file /home/prakhar/Desktop/Bootcamp/Python/Airflow-Project/airflowvenv/lib/python3.12/site-packages/airflow/example_dags/example_bash_operator.py for tasks to queue
[2025-04-18T10:30:32.553+0530] {logging_mixin.py:190} INFO - [2025-04-18T10:30:32.553+0530] {dagbag.py:588} INFO - Filling up the DagBag from /home/prakhar/Desktop/Bootcamp/Python/Airflow-Project/airflowvenv/lib/python3.12/site-packages/airflow/example_dags/example_bash_operator.py
[2025-04-18T10:30:32.564+0530] {processor.py:925} INFO - DAG(s) 'example_bash_operator' retrieved from /home/prakhar/Desktop/Bootcamp/Python/Airflow-Project/airflowvenv/lib/python3.12/site-packages/airflow/example_dags/example_bash_operator.py
[2025-04-18T10:30:32.575+0530] {logging_mixin.py:190} INFO - [2025-04-18T10:30:32.575+0530] {dag.py:3239} INFO - Sync 1 DAGs
[2025-04-18T10:30:32.586+0530] {logging_mixin.py:190} INFO - [2025-04-18T10:30:32.585+0530] {dag.py:4180} INFO - Setting next_dagrun for example_bash_operator to 2025-04-17 00:00:00+00:00, run_after=2025-04-18 00:00:00+00:00
[2025-04-18T10:30:32.676+0530] {processor.py:208} INFO - Processing /home/prakhar/Desktop/Bootcamp/Python/Airflow-Project/airflowvenv/lib/python3.12/site-packages/airflow/example_dags/example_bash_operator.py took 0.129 seconds
