[2025-04-18T10:17:32.370+0530] {processor.py:186} INFO - Started process (PID=18645) to work on /home/prakhar/Desktop/Bootcamp/Python/Airflow-Project/airflowvenv/lib/python3.12/site-packages/airflow/example_dags/example_sensor_decorator.py
[2025-04-18T10:17:32.370+0530] {processor.py:914} INFO - Processing file /home/prakhar/Desktop/Bootcamp/Python/Airflow-Project/airflowvenv/lib/python3.12/site-packages/airflow/example_dags/example_sensor_decorator.py for tasks to queue
[2025-04-18T10:17:32.371+0530] {logging_mixin.py:190} INFO - [2025-04-18T10:17:32.371+0530] {dagbag.py:588} INFO - Filling up the DagBag from /home/prakhar/Desktop/Bootcamp/Python/Airflow-Project/airflowvenv/lib/python3.12/site-packages/airflow/example_dags/example_sensor_decorator.py
[2025-04-18T10:17:32.376+0530] {processor.py:925} INFO - DAG(s) 'example_sensor_decorator' retrieved from /home/prakhar/Desktop/Bootcamp/Python/Airflow-Project/airflowvenv/lib/python3.12/site-packages/airflow/example_dags/example_sensor_decorator.py
[2025-04-18T10:17:32.386+0530] {logging_mixin.py:190} INFO - [2025-04-18T10:17:32.386+0530] {dag.py:3239} INFO - Sync 1 DAGs
[2025-04-18T10:17:32.392+0530] {logging_mixin.py:190} INFO - [2025-04-18T10:17:32.392+0530] {dag.py:4180} INFO - Setting next_dagrun for example_sensor_decorator to None, run_after=None
[2025-04-18T10:17:32.495+0530] {processor.py:208} INFO - Processing /home/prakhar/Desktop/Bootcamp/Python/Airflow-Project/airflowvenv/lib/python3.12/site-packages/airflow/example_dags/example_sensor_decorator.py took 0.130 seconds
[2025-04-18T10:18:42.569+0530] {processor.py:186} INFO - Started process (PID=19531) to work on /home/prakhar/Desktop/Bootcamp/Python/Airflow-Project/airflowvenv/lib/python3.12/site-packages/airflow/example_dags/example_sensor_decorator.py
[2025-04-18T10:18:42.570+0530] {processor.py:914} INFO - Processing file /home/prakhar/Desktop/Bootcamp/Python/Airflow-Project/airflowvenv/lib/python3.12/site-packages/airflow/example_dags/example_sensor_decorator.py for tasks to queue
[2025-04-18T10:18:42.571+0530] {logging_mixin.py:190} INFO - [2025-04-18T10:18:42.570+0530] {dagbag.py:588} INFO - Filling up the DagBag from /home/prakhar/Desktop/Bootcamp/Python/Airflow-Project/airflowvenv/lib/python3.12/site-packages/airflow/example_dags/example_sensor_decorator.py
[2025-04-18T10:18:42.577+0530] {processor.py:925} INFO - DAG(s) 'example_sensor_decorator' retrieved from /home/prakhar/Desktop/Bootcamp/Python/Airflow-Project/airflowvenv/lib/python3.12/site-packages/airflow/example_dags/example_sensor_decorator.py
[2025-04-18T10:18:42.590+0530] {logging_mixin.py:190} INFO - [2025-04-18T10:18:42.590+0530] {dag.py:3239} INFO - Sync 1 DAGs
[2025-04-18T10:18:42.599+0530] {logging_mixin.py:190} INFO - [2025-04-18T10:18:42.598+0530] {dag.py:4180} INFO - Setting next_dagrun for example_sensor_decorator to None, run_after=None
[2025-04-18T10:18:42.713+0530] {processor.py:208} INFO - Processing /home/prakhar/Desktop/Bootcamp/Python/Airflow-Project/airflowvenv/lib/python3.12/site-packages/airflow/example_dags/example_sensor_decorator.py took 0.149 seconds
[2025-04-18T10:20:11.581+0530] {processor.py:186} INFO - Started process (PID=20494) to work on /home/prakhar/Desktop/Bootcamp/Python/Airflow-Project/airflowvenv/lib/python3.12/site-packages/airflow/example_dags/example_sensor_decorator.py
[2025-04-18T10:20:11.613+0530] {processor.py:914} INFO - Processing file /home/prakhar/Desktop/Bootcamp/Python/Airflow-Project/airflowvenv/lib/python3.12/site-packages/airflow/example_dags/example_sensor_decorator.py for tasks to queue
[2025-04-18T10:20:11.614+0530] {logging_mixin.py:190} INFO - [2025-04-18T10:20:11.614+0530] {dagbag.py:588} INFO - Filling up the DagBag from /home/prakhar/Desktop/Bootcamp/Python/Airflow-Project/airflowvenv/lib/python3.12/site-packages/airflow/example_dags/example_sensor_decorator.py
[2025-04-18T10:20:11.620+0530] {processor.py:925} INFO - DAG(s) 'example_sensor_decorator' retrieved from /home/prakhar/Desktop/Bootcamp/Python/Airflow-Project/airflowvenv/lib/python3.12/site-packages/airflow/example_dags/example_sensor_decorator.py
[2025-04-18T10:20:11.629+0530] {logging_mixin.py:190} INFO - [2025-04-18T10:20:11.629+0530] {dag.py:3239} INFO - Sync 1 DAGs
[2025-04-18T10:20:11.636+0530] {logging_mixin.py:190} INFO - [2025-04-18T10:20:11.636+0530] {dag.py:4180} INFO - Setting next_dagrun for example_sensor_decorator to None, run_after=None
[2025-04-18T10:20:11.830+0530] {processor.py:208} INFO - Processing /home/prakhar/Desktop/Bootcamp/Python/Airflow-Project/airflowvenv/lib/python3.12/site-packages/airflow/example_dags/example_sensor_decorator.py took 0.255 seconds
[2025-04-18T10:21:27.775+0530] {processor.py:186} INFO - Started process (PID=21504) to work on /home/prakhar/Desktop/Bootcamp/Python/Airflow-Project/airflowvenv/lib/python3.12/site-packages/airflow/example_dags/example_sensor_decorator.py
[2025-04-18T10:21:27.802+0530] {processor.py:914} INFO - Processing file /home/prakhar/Desktop/Bootcamp/Python/Airflow-Project/airflowvenv/lib/python3.12/site-packages/airflow/example_dags/example_sensor_decorator.py for tasks to queue
[2025-04-18T10:21:27.806+0530] {logging_mixin.py:190} INFO - [2025-04-18T10:21:27.805+0530] {dagbag.py:588} INFO - Filling up the DagBag from /home/prakhar/Desktop/Bootcamp/Python/Airflow-Project/airflowvenv/lib/python3.12/site-packages/airflow/example_dags/example_sensor_decorator.py
[2025-04-18T10:21:27.815+0530] {processor.py:925} INFO - DAG(s) 'example_sensor_decorator' retrieved from /home/prakhar/Desktop/Bootcamp/Python/Airflow-Project/airflowvenv/lib/python3.12/site-packages/airflow/example_dags/example_sensor_decorator.py
[2025-04-18T10:21:27.825+0530] {logging_mixin.py:190} INFO - [2025-04-18T10:21:27.825+0530] {dag.py:3239} INFO - Sync 1 DAGs
[2025-04-18T10:21:27.832+0530] {logging_mixin.py:190} INFO - [2025-04-18T10:21:27.832+0530] {dag.py:4180} INFO - Setting next_dagrun for example_sensor_decorator to None, run_after=None
[2025-04-18T10:21:27.903+0530] {processor.py:208} INFO - Processing /home/prakhar/Desktop/Bootcamp/Python/Airflow-Project/airflowvenv/lib/python3.12/site-packages/airflow/example_dags/example_sensor_decorator.py took 0.132 seconds
[2025-04-18T10:23:16.814+0530] {processor.py:186} INFO - Started process (PID=22815) to work on /home/prakhar/Desktop/Bootcamp/Python/Airflow-Project/airflowvenv/lib/python3.12/site-packages/airflow/example_dags/example_sensor_decorator.py
[2025-04-18T10:23:16.898+0530] {processor.py:914} INFO - Processing file /home/prakhar/Desktop/Bootcamp/Python/Airflow-Project/airflowvenv/lib/python3.12/site-packages/airflow/example_dags/example_sensor_decorator.py for tasks to queue
[2025-04-18T10:23:16.902+0530] {logging_mixin.py:190} INFO - [2025-04-18T10:23:16.901+0530] {dagbag.py:588} INFO - Filling up the DagBag from /home/prakhar/Desktop/Bootcamp/Python/Airflow-Project/airflowvenv/lib/python3.12/site-packages/airflow/example_dags/example_sensor_decorator.py
[2025-04-18T10:23:16.916+0530] {processor.py:925} INFO - DAG(s) 'example_sensor_decorator' retrieved from /home/prakhar/Desktop/Bootcamp/Python/Airflow-Project/airflowvenv/lib/python3.12/site-packages/airflow/example_dags/example_sensor_decorator.py
[2025-04-18T10:23:16.926+0530] {logging_mixin.py:190} INFO - [2025-04-18T10:23:16.926+0530] {dag.py:3239} INFO - Sync 1 DAGs
[2025-04-18T10:23:16.933+0530] {logging_mixin.py:190} INFO - [2025-04-18T10:23:16.932+0530] {dag.py:4180} INFO - Setting next_dagrun for example_sensor_decorator to None, run_after=None
[2025-04-18T10:23:17.018+0530] {processor.py:208} INFO - Processing /home/prakhar/Desktop/Bootcamp/Python/Airflow-Project/airflowvenv/lib/python3.12/site-packages/airflow/example_dags/example_sensor_decorator.py took 0.209 seconds
[2025-04-18T10:24:33.621+0530] {processor.py:186} INFO - Started process (PID=23265) to work on /home/prakhar/Desktop/Bootcamp/Python/Airflow-Project/airflowvenv/lib/python3.12/site-packages/airflow/example_dags/example_sensor_decorator.py
[2025-04-18T10:24:33.657+0530] {processor.py:914} INFO - Processing file /home/prakhar/Desktop/Bootcamp/Python/Airflow-Project/airflowvenv/lib/python3.12/site-packages/airflow/example_dags/example_sensor_decorator.py for tasks to queue
[2025-04-18T10:24:33.659+0530] {logging_mixin.py:190} INFO - [2025-04-18T10:24:33.659+0530] {dagbag.py:588} INFO - Filling up the DagBag from /home/prakhar/Desktop/Bootcamp/Python/Airflow-Project/airflowvenv/lib/python3.12/site-packages/airflow/example_dags/example_sensor_decorator.py
[2025-04-18T10:24:33.665+0530] {processor.py:925} INFO - DAG(s) 'example_sensor_decorator' retrieved from /home/prakhar/Desktop/Bootcamp/Python/Airflow-Project/airflowvenv/lib/python3.12/site-packages/airflow/example_dags/example_sensor_decorator.py
[2025-04-18T10:24:33.673+0530] {logging_mixin.py:190} INFO - [2025-04-18T10:24:33.673+0530] {dag.py:3239} INFO - Sync 1 DAGs
[2025-04-18T10:24:33.682+0530] {logging_mixin.py:190} INFO - [2025-04-18T10:24:33.682+0530] {dag.py:4180} INFO - Setting next_dagrun for example_sensor_decorator to None, run_after=None
[2025-04-18T10:24:33.754+0530] {processor.py:208} INFO - Processing /home/prakhar/Desktop/Bootcamp/Python/Airflow-Project/airflowvenv/lib/python3.12/site-packages/airflow/example_dags/example_sensor_decorator.py took 0.137 seconds
[2025-04-18T10:25:51.002+0530] {processor.py:186} INFO - Started process (PID=23807) to work on /home/prakhar/Desktop/Bootcamp/Python/Airflow-Project/airflowvenv/lib/python3.12/site-packages/airflow/example_dags/example_sensor_decorator.py
[2025-04-18T10:25:51.003+0530] {processor.py:914} INFO - Processing file /home/prakhar/Desktop/Bootcamp/Python/Airflow-Project/airflowvenv/lib/python3.12/site-packages/airflow/example_dags/example_sensor_decorator.py for tasks to queue
[2025-04-18T10:25:51.005+0530] {logging_mixin.py:190} INFO - [2025-04-18T10:25:51.004+0530] {dagbag.py:588} INFO - Filling up the DagBag from /home/prakhar/Desktop/Bootcamp/Python/Airflow-Project/airflowvenv/lib/python3.12/site-packages/airflow/example_dags/example_sensor_decorator.py
[2025-04-18T10:25:51.010+0530] {processor.py:925} INFO - DAG(s) 'example_sensor_decorator' retrieved from /home/prakhar/Desktop/Bootcamp/Python/Airflow-Project/airflowvenv/lib/python3.12/site-packages/airflow/example_dags/example_sensor_decorator.py
[2025-04-18T10:25:51.019+0530] {logging_mixin.py:190} INFO - [2025-04-18T10:25:51.019+0530] {dag.py:3239} INFO - Sync 1 DAGs
[2025-04-18T10:25:51.027+0530] {logging_mixin.py:190} INFO - [2025-04-18T10:25:51.026+0530] {dag.py:4180} INFO - Setting next_dagrun for example_sensor_decorator to None, run_after=None
[2025-04-18T10:25:51.144+0530] {processor.py:208} INFO - Processing /home/prakhar/Desktop/Bootcamp/Python/Airflow-Project/airflowvenv/lib/python3.12/site-packages/airflow/example_dags/example_sensor_decorator.py took 0.147 seconds
[2025-04-18T10:27:11.446+0530] {processor.py:186} INFO - Started process (PID=24050) to work on /home/prakhar/Desktop/Bootcamp/Python/Airflow-Project/airflowvenv/lib/python3.12/site-packages/airflow/example_dags/example_sensor_decorator.py
[2025-04-18T10:27:11.478+0530] {processor.py:914} INFO - Processing file /home/prakhar/Desktop/Bootcamp/Python/Airflow-Project/airflowvenv/lib/python3.12/site-packages/airflow/example_dags/example_sensor_decorator.py for tasks to queue
[2025-04-18T10:27:11.481+0530] {logging_mixin.py:190} INFO - [2025-04-18T10:27:11.481+0530] {dagbag.py:588} INFO - Filling up the DagBag from /home/prakhar/Desktop/Bootcamp/Python/Airflow-Project/airflowvenv/lib/python3.12/site-packages/airflow/example_dags/example_sensor_decorator.py
[2025-04-18T10:27:11.492+0530] {processor.py:925} INFO - DAG(s) 'example_sensor_decorator' retrieved from /home/prakhar/Desktop/Bootcamp/Python/Airflow-Project/airflowvenv/lib/python3.12/site-packages/airflow/example_dags/example_sensor_decorator.py
[2025-04-18T10:27:11.508+0530] {logging_mixin.py:190} INFO - [2025-04-18T10:27:11.508+0530] {dag.py:3239} INFO - Sync 1 DAGs
[2025-04-18T10:27:11.516+0530] {logging_mixin.py:190} INFO - [2025-04-18T10:27:11.516+0530] {dag.py:4180} INFO - Setting next_dagrun for example_sensor_decorator to None, run_after=None
[2025-04-18T10:27:11.587+0530] {processor.py:208} INFO - Processing /home/prakhar/Desktop/Bootcamp/Python/Airflow-Project/airflowvenv/lib/python3.12/site-packages/airflow/example_dags/example_sensor_decorator.py took 0.149 seconds
[2025-04-18T10:28:30.165+0530] {processor.py:186} INFO - Started process (PID=24279) to work on /home/prakhar/Desktop/Bootcamp/Python/Airflow-Project/airflowvenv/lib/python3.12/site-packages/airflow/example_dags/example_sensor_decorator.py
[2025-04-18T10:28:30.200+0530] {processor.py:914} INFO - Processing file /home/prakhar/Desktop/Bootcamp/Python/Airflow-Project/airflowvenv/lib/python3.12/site-packages/airflow/example_dags/example_sensor_decorator.py for tasks to queue
[2025-04-18T10:28:30.203+0530] {logging_mixin.py:190} INFO - [2025-04-18T10:28:30.203+0530] {dagbag.py:588} INFO - Filling up the DagBag from /home/prakhar/Desktop/Bootcamp/Python/Airflow-Project/airflowvenv/lib/python3.12/site-packages/airflow/example_dags/example_sensor_decorator.py
[2025-04-18T10:28:30.216+0530] {processor.py:925} INFO - DAG(s) 'example_sensor_decorator' retrieved from /home/prakhar/Desktop/Bootcamp/Python/Airflow-Project/airflowvenv/lib/python3.12/site-packages/airflow/example_dags/example_sensor_decorator.py
[2025-04-18T10:28:30.226+0530] {logging_mixin.py:190} INFO - [2025-04-18T10:28:30.226+0530] {dag.py:3239} INFO - Sync 1 DAGs
[2025-04-18T10:28:30.232+0530] {logging_mixin.py:190} INFO - [2025-04-18T10:28:30.232+0530] {dag.py:4180} INFO - Setting next_dagrun for example_sensor_decorator to None, run_after=None
[2025-04-18T10:28:30.318+0530] {processor.py:208} INFO - Processing /home/prakhar/Desktop/Bootcamp/Python/Airflow-Project/airflowvenv/lib/python3.12/site-packages/airflow/example_dags/example_sensor_decorator.py took 0.158 seconds
[2025-04-18T10:29:49.920+0530] {processor.py:186} INFO - Started process (PID=24740) to work on /home/prakhar/Desktop/Bootcamp/Python/Airflow-Project/airflowvenv/lib/python3.12/site-packages/airflow/example_dags/example_sensor_decorator.py
[2025-04-18T10:29:49.960+0530] {processor.py:914} INFO - Processing file /home/prakhar/Desktop/Bootcamp/Python/Airflow-Project/airflowvenv/lib/python3.12/site-packages/airflow/example_dags/example_sensor_decorator.py for tasks to queue
[2025-04-18T10:29:49.963+0530] {logging_mixin.py:190} INFO - [2025-04-18T10:29:49.963+0530] {dagbag.py:588} INFO - Filling up the DagBag from /home/prakhar/Desktop/Bootcamp/Python/Airflow-Project/airflowvenv/lib/python3.12/site-packages/airflow/example_dags/example_sensor_decorator.py
[2025-04-18T10:29:49.975+0530] {processor.py:925} INFO - DAG(s) 'example_sensor_decorator' retrieved from /home/prakhar/Desktop/Bootcamp/Python/Airflow-Project/airflowvenv/lib/python3.12/site-packages/airflow/example_dags/example_sensor_decorator.py
[2025-04-18T10:29:49.985+0530] {logging_mixin.py:190} INFO - [2025-04-18T10:29:49.985+0530] {dag.py:3239} INFO - Sync 1 DAGs
[2025-04-18T10:29:49.992+0530] {logging_mixin.py:190} INFO - [2025-04-18T10:29:49.991+0530] {dag.py:4180} INFO - Setting next_dagrun for example_sensor_decorator to None, run_after=None
[2025-04-18T10:29:50.066+0530] {processor.py:208} INFO - Processing /home/prakhar/Desktop/Bootcamp/Python/Airflow-Project/airflowvenv/lib/python3.12/site-packages/airflow/example_dags/example_sensor_decorator.py took 0.150 seconds
