[2025-04-18T10:17:46.924+0530] {processor.py:186} INFO - Started process (PID=18788) to work on /home/prakhar/Desktop/Bootcamp/Python/Airflow-Project/airflowvenv/lib/python3.12/site-packages/airflow/example_dags/example_datasets.py
[2025-04-18T10:17:46.924+0530] {processor.py:914} INFO - Processing file /home/prakhar/Desktop/Bootcamp/Python/Airflow-Project/airflowvenv/lib/python3.12/site-packages/airflow/example_dags/example_datasets.py for tasks to queue
[2025-04-18T10:17:46.925+0530] {logging_mixin.py:190} INFO - [2025-04-18T10:17:46.925+0530] {dagbag.py:588} INFO - Filling up the DagBag from /home/prakhar/Desktop/Bootcamp/Python/Airflow-Project/airflowvenv/lib/python3.12/site-packages/airflow/example_dags/example_datasets.py
[2025-04-18T10:17:46.936+0530] {processor.py:925} INFO - DAG(s) 'consume_1_or_both_2_and_3_with_dataset_expressions', 'dataset_produces_2', 'consume_1_or_2_with_dataset_expressions', 'conditional_dataset_and_time_based_timetable', 'consume_1_and_2_with_dataset_expressions', 'dataset_consumes_1', 'dataset_consumes_unknown_never_scheduled', 'dataset_produces_1', 'dataset_consumes_1_and_2', 'dataset_consumes_1_never_scheduled' retrieved from /home/prakhar/Desktop/Bootcamp/Python/Airflow-Project/airflowvenv/lib/python3.12/site-packages/airflow/example_dags/example_datasets.py
[2025-04-18T10:17:46.957+0530] {logging_mixin.py:190} INFO - [2025-04-18T10:17:46.956+0530] {dag.py:3239} INFO - Sync 10 DAGs
[2025-04-18T10:17:46.969+0530] {logging_mixin.py:190} INFO - [2025-04-18T10:17:46.969+0530] {dag.py:4180} INFO - Setting next_dagrun for conditional_dataset_and_time_based_timetable to 2025-04-16 01:00:00+00:00, run_after=2025-04-16 01:00:00+00:00
[2025-04-18T10:17:46.971+0530] {logging_mixin.py:190} INFO - [2025-04-18T10:17:46.971+0530] {dag.py:4180} INFO - Setting next_dagrun for consume_1_and_2_with_dataset_expressions to None, run_after=None
[2025-04-18T10:17:46.972+0530] {logging_mixin.py:190} INFO - [2025-04-18T10:17:46.972+0530] {dag.py:4180} INFO - Setting next_dagrun for consume_1_or_2_with_dataset_expressions to None, run_after=None
[2025-04-18T10:17:46.972+0530] {logging_mixin.py:190} INFO - [2025-04-18T10:17:46.972+0530] {dag.py:4180} INFO - Setting next_dagrun for consume_1_or_both_2_and_3_with_dataset_expressions to None, run_after=None
[2025-04-18T10:17:46.973+0530] {logging_mixin.py:190} INFO - [2025-04-18T10:17:46.972+0530] {dag.py:4180} INFO - Setting next_dagrun for dataset_consumes_1 to None, run_after=None
[2025-04-18T10:17:46.973+0530] {logging_mixin.py:190} INFO - [2025-04-18T10:17:46.973+0530] {dag.py:4180} INFO - Setting next_dagrun for dataset_consumes_1_and_2 to None, run_after=None
[2025-04-18T10:17:46.973+0530] {logging_mixin.py:190} INFO - [2025-04-18T10:17:46.973+0530] {dag.py:4180} INFO - Setting next_dagrun for dataset_consumes_1_never_scheduled to None, run_after=None
[2025-04-18T10:17:46.974+0530] {logging_mixin.py:190} INFO - [2025-04-18T10:17:46.974+0530] {dag.py:4180} INFO - Setting next_dagrun for dataset_consumes_unknown_never_scheduled to None, run_after=None
[2025-04-18T10:17:46.975+0530] {logging_mixin.py:190} INFO - [2025-04-18T10:17:46.975+0530] {dag.py:4180} INFO - Setting next_dagrun for dataset_produces_1 to 2025-04-17 00:00:00+00:00, run_after=2025-04-18 00:00:00+00:00
[2025-04-18T10:17:46.975+0530] {logging_mixin.py:190} INFO - [2025-04-18T10:17:46.975+0530] {dag.py:4180} INFO - Setting next_dagrun for dataset_produces_2 to None, run_after=None
[2025-04-18T10:17:47.086+0530] {processor.py:208} INFO - Processing /home/prakhar/Desktop/Bootcamp/Python/Airflow-Project/airflowvenv/lib/python3.12/site-packages/airflow/example_dags/example_datasets.py took 0.166 seconds
[2025-04-18T10:19:06.192+0530] {processor.py:186} INFO - Started process (PID=19766) to work on /home/prakhar/Desktop/Bootcamp/Python/Airflow-Project/airflowvenv/lib/python3.12/site-packages/airflow/example_dags/example_datasets.py
[2025-04-18T10:19:06.193+0530] {processor.py:914} INFO - Processing file /home/prakhar/Desktop/Bootcamp/Python/Airflow-Project/airflowvenv/lib/python3.12/site-packages/airflow/example_dags/example_datasets.py for tasks to queue
[2025-04-18T10:19:06.194+0530] {logging_mixin.py:190} INFO - [2025-04-18T10:19:06.193+0530] {dagbag.py:588} INFO - Filling up the DagBag from /home/prakhar/Desktop/Bootcamp/Python/Airflow-Project/airflowvenv/lib/python3.12/site-packages/airflow/example_dags/example_datasets.py
[2025-04-18T10:19:06.203+0530] {processor.py:925} INFO - DAG(s) 'dataset_produces_1', 'dataset_consumes_1_never_scheduled', 'conditional_dataset_and_time_based_timetable', 'dataset_consumes_unknown_never_scheduled', 'consume_1_or_both_2_and_3_with_dataset_expressions', 'dataset_consumes_1', 'consume_1_or_2_with_dataset_expressions', 'dataset_produces_2', 'consume_1_and_2_with_dataset_expressions', 'dataset_consumes_1_and_2' retrieved from /home/prakhar/Desktop/Bootcamp/Python/Airflow-Project/airflowvenv/lib/python3.12/site-packages/airflow/example_dags/example_datasets.py
[2025-04-18T10:19:06.226+0530] {logging_mixin.py:190} INFO - [2025-04-18T10:19:06.226+0530] {dag.py:3239} INFO - Sync 10 DAGs
[2025-04-18T10:19:06.240+0530] {logging_mixin.py:190} INFO - [2025-04-18T10:19:06.239+0530] {dag.py:4180} INFO - Setting next_dagrun for conditional_dataset_and_time_based_timetable to 2025-04-16 01:00:00+00:00, run_after=2025-04-16 01:00:00+00:00
[2025-04-18T10:19:06.241+0530] {logging_mixin.py:190} INFO - [2025-04-18T10:19:06.241+0530] {dag.py:4180} INFO - Setting next_dagrun for consume_1_and_2_with_dataset_expressions to None, run_after=None
[2025-04-18T10:19:06.242+0530] {logging_mixin.py:190} INFO - [2025-04-18T10:19:06.242+0530] {dag.py:4180} INFO - Setting next_dagrun for consume_1_or_2_with_dataset_expressions to None, run_after=None
[2025-04-18T10:19:06.242+0530] {logging_mixin.py:190} INFO - [2025-04-18T10:19:06.242+0530] {dag.py:4180} INFO - Setting next_dagrun for consume_1_or_both_2_and_3_with_dataset_expressions to None, run_after=None
[2025-04-18T10:19:06.243+0530] {logging_mixin.py:190} INFO - [2025-04-18T10:19:06.243+0530] {dag.py:4180} INFO - Setting next_dagrun for dataset_consumes_1 to None, run_after=None
[2025-04-18T10:19:06.243+0530] {logging_mixin.py:190} INFO - [2025-04-18T10:19:06.243+0530] {dag.py:4180} INFO - Setting next_dagrun for dataset_consumes_1_and_2 to None, run_after=None
[2025-04-18T10:19:06.244+0530] {logging_mixin.py:190} INFO - [2025-04-18T10:19:06.244+0530] {dag.py:4180} INFO - Setting next_dagrun for dataset_consumes_1_never_scheduled to None, run_after=None
[2025-04-18T10:19:06.244+0530] {logging_mixin.py:190} INFO - [2025-04-18T10:19:06.244+0530] {dag.py:4180} INFO - Setting next_dagrun for dataset_consumes_unknown_never_scheduled to None, run_after=None
[2025-04-18T10:19:06.245+0530] {logging_mixin.py:190} INFO - [2025-04-18T10:19:06.245+0530] {dag.py:4180} INFO - Setting next_dagrun for dataset_produces_1 to 2025-04-17 00:00:00+00:00, run_after=2025-04-18 00:00:00+00:00
[2025-04-18T10:19:06.246+0530] {logging_mixin.py:190} INFO - [2025-04-18T10:19:06.245+0530] {dag.py:4180} INFO - Setting next_dagrun for dataset_produces_2 to None, run_after=None
[2025-04-18T10:19:06.576+0530] {processor.py:208} INFO - Processing /home/prakhar/Desktop/Bootcamp/Python/Airflow-Project/airflowvenv/lib/python3.12/site-packages/airflow/example_dags/example_datasets.py took 0.388 seconds
[2025-04-18T10:20:27.230+0530] {processor.py:186} INFO - Started process (PID=20670) to work on /home/prakhar/Desktop/Bootcamp/Python/Airflow-Project/airflowvenv/lib/python3.12/site-packages/airflow/example_dags/example_datasets.py
[2025-04-18T10:20:27.260+0530] {processor.py:914} INFO - Processing file /home/prakhar/Desktop/Bootcamp/Python/Airflow-Project/airflowvenv/lib/python3.12/site-packages/airflow/example_dags/example_datasets.py for tasks to queue
[2025-04-18T10:20:27.265+0530] {logging_mixin.py:190} INFO - [2025-04-18T10:20:27.264+0530] {dagbag.py:588} INFO - Filling up the DagBag from /home/prakhar/Desktop/Bootcamp/Python/Airflow-Project/airflowvenv/lib/python3.12/site-packages/airflow/example_dags/example_datasets.py
[2025-04-18T10:20:27.281+0530] {processor.py:925} INFO - DAG(s) 'consume_1_and_2_with_dataset_expressions', 'dataset_consumes_unknown_never_scheduled', 'conditional_dataset_and_time_based_timetable', 'dataset_consumes_1_and_2', 'consume_1_or_2_with_dataset_expressions', 'dataset_consumes_1_never_scheduled', 'dataset_consumes_1', 'dataset_produces_1', 'dataset_produces_2', 'consume_1_or_both_2_and_3_with_dataset_expressions' retrieved from /home/prakhar/Desktop/Bootcamp/Python/Airflow-Project/airflowvenv/lib/python3.12/site-packages/airflow/example_dags/example_datasets.py
[2025-04-18T10:20:27.305+0530] {logging_mixin.py:190} INFO - [2025-04-18T10:20:27.305+0530] {dag.py:3239} INFO - Sync 10 DAGs
[2025-04-18T10:20:27.320+0530] {logging_mixin.py:190} INFO - [2025-04-18T10:20:27.319+0530] {dag.py:4180} INFO - Setting next_dagrun for conditional_dataset_and_time_based_timetable to 2025-04-16 01:00:00+00:00, run_after=2025-04-16 01:00:00+00:00
[2025-04-18T10:20:27.322+0530] {logging_mixin.py:190} INFO - [2025-04-18T10:20:27.321+0530] {dag.py:4180} INFO - Setting next_dagrun for consume_1_and_2_with_dataset_expressions to None, run_after=None
[2025-04-18T10:20:27.322+0530] {logging_mixin.py:190} INFO - [2025-04-18T10:20:27.322+0530] {dag.py:4180} INFO - Setting next_dagrun for consume_1_or_2_with_dataset_expressions to None, run_after=None
[2025-04-18T10:20:27.323+0530] {logging_mixin.py:190} INFO - [2025-04-18T10:20:27.323+0530] {dag.py:4180} INFO - Setting next_dagrun for consume_1_or_both_2_and_3_with_dataset_expressions to None, run_after=None
[2025-04-18T10:20:27.323+0530] {logging_mixin.py:190} INFO - [2025-04-18T10:20:27.323+0530] {dag.py:4180} INFO - Setting next_dagrun for dataset_consumes_1 to None, run_after=None
[2025-04-18T10:20:27.324+0530] {logging_mixin.py:190} INFO - [2025-04-18T10:20:27.324+0530] {dag.py:4180} INFO - Setting next_dagrun for dataset_consumes_1_and_2 to None, run_after=None
[2025-04-18T10:20:27.324+0530] {logging_mixin.py:190} INFO - [2025-04-18T10:20:27.324+0530] {dag.py:4180} INFO - Setting next_dagrun for dataset_consumes_1_never_scheduled to None, run_after=None
[2025-04-18T10:20:27.325+0530] {logging_mixin.py:190} INFO - [2025-04-18T10:20:27.324+0530] {dag.py:4180} INFO - Setting next_dagrun for dataset_consumes_unknown_never_scheduled to None, run_after=None
[2025-04-18T10:20:27.326+0530] {logging_mixin.py:190} INFO - [2025-04-18T10:20:27.326+0530] {dag.py:4180} INFO - Setting next_dagrun for dataset_produces_1 to 2025-04-17 00:00:00+00:00, run_after=2025-04-18 00:00:00+00:00
[2025-04-18T10:20:27.326+0530] {logging_mixin.py:190} INFO - [2025-04-18T10:20:27.326+0530] {dag.py:4180} INFO - Setting next_dagrun for dataset_produces_2 to None, run_after=None
[2025-04-18T10:20:27.420+0530] {processor.py:208} INFO - Processing /home/prakhar/Desktop/Bootcamp/Python/Airflow-Project/airflowvenv/lib/python3.12/site-packages/airflow/example_dags/example_datasets.py took 0.194 seconds
[2025-04-18T10:21:59.756+0530] {processor.py:186} INFO - Started process (PID=21942) to work on /home/prakhar/Desktop/Bootcamp/Python/Airflow-Project/airflowvenv/lib/python3.12/site-packages/airflow/example_dags/example_datasets.py
[2025-04-18T10:21:59.757+0530] {processor.py:914} INFO - Processing file /home/prakhar/Desktop/Bootcamp/Python/Airflow-Project/airflowvenv/lib/python3.12/site-packages/airflow/example_dags/example_datasets.py for tasks to queue
[2025-04-18T10:21:59.758+0530] {logging_mixin.py:190} INFO - [2025-04-18T10:21:59.758+0530] {dagbag.py:588} INFO - Filling up the DagBag from /home/prakhar/Desktop/Bootcamp/Python/Airflow-Project/airflowvenv/lib/python3.12/site-packages/airflow/example_dags/example_datasets.py
[2025-04-18T10:21:59.769+0530] {processor.py:925} INFO - DAG(s) 'dataset_consumes_1_never_scheduled', 'dataset_consumes_1', 'dataset_consumes_unknown_never_scheduled', 'consume_1_or_both_2_and_3_with_dataset_expressions', 'consume_1_and_2_with_dataset_expressions', 'dataset_consumes_1_and_2', 'consume_1_or_2_with_dataset_expressions', 'dataset_produces_2', 'conditional_dataset_and_time_based_timetable', 'dataset_produces_1' retrieved from /home/prakhar/Desktop/Bootcamp/Python/Airflow-Project/airflowvenv/lib/python3.12/site-packages/airflow/example_dags/example_datasets.py
[2025-04-18T10:21:59.787+0530] {logging_mixin.py:190} INFO - [2025-04-18T10:21:59.787+0530] {dag.py:3239} INFO - Sync 10 DAGs
[2025-04-18T10:21:59.800+0530] {logging_mixin.py:190} INFO - [2025-04-18T10:21:59.799+0530] {dag.py:4180} INFO - Setting next_dagrun for conditional_dataset_and_time_based_timetable to 2025-04-16 01:00:00+00:00, run_after=2025-04-16 01:00:00+00:00
[2025-04-18T10:21:59.802+0530] {logging_mixin.py:190} INFO - [2025-04-18T10:21:59.802+0530] {dag.py:4180} INFO - Setting next_dagrun for consume_1_and_2_with_dataset_expressions to None, run_after=None
[2025-04-18T10:21:59.803+0530] {logging_mixin.py:190} INFO - [2025-04-18T10:21:59.803+0530] {dag.py:4180} INFO - Setting next_dagrun for consume_1_or_2_with_dataset_expressions to None, run_after=None
[2025-04-18T10:21:59.803+0530] {logging_mixin.py:190} INFO - [2025-04-18T10:21:59.803+0530] {dag.py:4180} INFO - Setting next_dagrun for consume_1_or_both_2_and_3_with_dataset_expressions to None, run_after=None
[2025-04-18T10:21:59.804+0530] {logging_mixin.py:190} INFO - [2025-04-18T10:21:59.804+0530] {dag.py:4180} INFO - Setting next_dagrun for dataset_consumes_1 to None, run_after=None
[2025-04-18T10:21:59.804+0530] {logging_mixin.py:190} INFO - [2025-04-18T10:21:59.804+0530] {dag.py:4180} INFO - Setting next_dagrun for dataset_consumes_1_and_2 to None, run_after=None
[2025-04-18T10:21:59.805+0530] {logging_mixin.py:190} INFO - [2025-04-18T10:21:59.805+0530] {dag.py:4180} INFO - Setting next_dagrun for dataset_consumes_1_never_scheduled to None, run_after=None
[2025-04-18T10:21:59.805+0530] {logging_mixin.py:190} INFO - [2025-04-18T10:21:59.805+0530] {dag.py:4180} INFO - Setting next_dagrun for dataset_consumes_unknown_never_scheduled to None, run_after=None
[2025-04-18T10:21:59.806+0530] {logging_mixin.py:190} INFO - [2025-04-18T10:21:59.806+0530] {dag.py:4180} INFO - Setting next_dagrun for dataset_produces_1 to 2025-04-17 00:00:00+00:00, run_after=2025-04-18 00:00:00+00:00
[2025-04-18T10:21:59.807+0530] {logging_mixin.py:190} INFO - [2025-04-18T10:21:59.807+0530] {dag.py:4180} INFO - Setting next_dagrun for dataset_produces_2 to None, run_after=None
[2025-04-18T10:21:59.927+0530] {processor.py:208} INFO - Processing /home/prakhar/Desktop/Bootcamp/Python/Airflow-Project/airflowvenv/lib/python3.12/site-packages/airflow/example_dags/example_datasets.py took 0.174 seconds
[2025-04-18T10:23:43.221+0530] {processor.py:186} INFO - Started process (PID=23012) to work on /home/prakhar/Desktop/Bootcamp/Python/Airflow-Project/airflowvenv/lib/python3.12/site-packages/airflow/example_dags/example_datasets.py
[2025-04-18T10:23:43.222+0530] {processor.py:914} INFO - Processing file /home/prakhar/Desktop/Bootcamp/Python/Airflow-Project/airflowvenv/lib/python3.12/site-packages/airflow/example_dags/example_datasets.py for tasks to queue
[2025-04-18T10:23:43.223+0530] {logging_mixin.py:190} INFO - [2025-04-18T10:23:43.223+0530] {dagbag.py:588} INFO - Filling up the DagBag from /home/prakhar/Desktop/Bootcamp/Python/Airflow-Project/airflowvenv/lib/python3.12/site-packages/airflow/example_dags/example_datasets.py
[2025-04-18T10:23:43.233+0530] {processor.py:925} INFO - DAG(s) 'consume_1_and_2_with_dataset_expressions', 'dataset_consumes_1_never_scheduled', 'dataset_consumes_1_and_2', 'conditional_dataset_and_time_based_timetable', 'dataset_produces_1', 'dataset_consumes_unknown_never_scheduled', 'consume_1_or_2_with_dataset_expressions', 'dataset_consumes_1', 'consume_1_or_both_2_and_3_with_dataset_expressions', 'dataset_produces_2' retrieved from /home/prakhar/Desktop/Bootcamp/Python/Airflow-Project/airflowvenv/lib/python3.12/site-packages/airflow/example_dags/example_datasets.py
[2025-04-18T10:23:43.250+0530] {logging_mixin.py:190} INFO - [2025-04-18T10:23:43.250+0530] {dag.py:3239} INFO - Sync 10 DAGs
[2025-04-18T10:23:43.261+0530] {logging_mixin.py:190} INFO - [2025-04-18T10:23:43.261+0530] {dag.py:4180} INFO - Setting next_dagrun for conditional_dataset_and_time_based_timetable to 2025-04-16 01:00:00+00:00, run_after=2025-04-16 01:00:00+00:00
[2025-04-18T10:23:43.263+0530] {logging_mixin.py:190} INFO - [2025-04-18T10:23:43.263+0530] {dag.py:4180} INFO - Setting next_dagrun for consume_1_and_2_with_dataset_expressions to None, run_after=None
[2025-04-18T10:23:43.263+0530] {logging_mixin.py:190} INFO - [2025-04-18T10:23:43.263+0530] {dag.py:4180} INFO - Setting next_dagrun for consume_1_or_2_with_dataset_expressions to None, run_after=None
[2025-04-18T10:23:43.264+0530] {logging_mixin.py:190} INFO - [2025-04-18T10:23:43.264+0530] {dag.py:4180} INFO - Setting next_dagrun for consume_1_or_both_2_and_3_with_dataset_expressions to None, run_after=None
[2025-04-18T10:23:43.264+0530] {logging_mixin.py:190} INFO - [2025-04-18T10:23:43.264+0530] {dag.py:4180} INFO - Setting next_dagrun for dataset_consumes_1 to None, run_after=None
[2025-04-18T10:23:43.265+0530] {logging_mixin.py:190} INFO - [2025-04-18T10:23:43.265+0530] {dag.py:4180} INFO - Setting next_dagrun for dataset_consumes_1_and_2 to None, run_after=None
[2025-04-18T10:23:43.265+0530] {logging_mixin.py:190} INFO - [2025-04-18T10:23:43.265+0530] {dag.py:4180} INFO - Setting next_dagrun for dataset_consumes_1_never_scheduled to None, run_after=None
[2025-04-18T10:23:43.265+0530] {logging_mixin.py:190} INFO - [2025-04-18T10:23:43.265+0530] {dag.py:4180} INFO - Setting next_dagrun for dataset_consumes_unknown_never_scheduled to None, run_after=None
[2025-04-18T10:23:43.266+0530] {logging_mixin.py:190} INFO - [2025-04-18T10:23:43.266+0530] {dag.py:4180} INFO - Setting next_dagrun for dataset_produces_1 to 2025-04-17 00:00:00+00:00, run_after=2025-04-18 00:00:00+00:00
[2025-04-18T10:23:43.267+0530] {logging_mixin.py:190} INFO - [2025-04-18T10:23:43.267+0530] {dag.py:4180} INFO - Setting next_dagrun for dataset_produces_2 to None, run_after=None
[2025-04-18T10:23:43.356+0530] {processor.py:208} INFO - Processing /home/prakhar/Desktop/Bootcamp/Python/Airflow-Project/airflowvenv/lib/python3.12/site-packages/airflow/example_dags/example_datasets.py took 0.138 seconds
[2025-04-18T10:25:01.818+0530] {processor.py:186} INFO - Started process (PID=23532) to work on /home/prakhar/Desktop/Bootcamp/Python/Airflow-Project/airflowvenv/lib/python3.12/site-packages/airflow/example_dags/example_datasets.py
[2025-04-18T10:25:01.846+0530] {processor.py:914} INFO - Processing file /home/prakhar/Desktop/Bootcamp/Python/Airflow-Project/airflowvenv/lib/python3.12/site-packages/airflow/example_dags/example_datasets.py for tasks to queue
[2025-04-18T10:25:01.848+0530] {logging_mixin.py:190} INFO - [2025-04-18T10:25:01.847+0530] {dagbag.py:588} INFO - Filling up the DagBag from /home/prakhar/Desktop/Bootcamp/Python/Airflow-Project/airflowvenv/lib/python3.12/site-packages/airflow/example_dags/example_datasets.py
[2025-04-18T10:25:01.857+0530] {processor.py:925} INFO - DAG(s) 'consume_1_and_2_with_dataset_expressions', 'consume_1_or_both_2_and_3_with_dataset_expressions', 'conditional_dataset_and_time_based_timetable', 'dataset_produces_2', 'dataset_consumes_unknown_never_scheduled', 'dataset_produces_1', 'dataset_consumes_1', 'dataset_consumes_1_never_scheduled', 'dataset_consumes_1_and_2', 'consume_1_or_2_with_dataset_expressions' retrieved from /home/prakhar/Desktop/Bootcamp/Python/Airflow-Project/airflowvenv/lib/python3.12/site-packages/airflow/example_dags/example_datasets.py
[2025-04-18T10:25:01.879+0530] {logging_mixin.py:190} INFO - [2025-04-18T10:25:01.879+0530] {dag.py:3239} INFO - Sync 10 DAGs
[2025-04-18T10:25:01.894+0530] {logging_mixin.py:190} INFO - [2025-04-18T10:25:01.893+0530] {dag.py:4180} INFO - Setting next_dagrun for conditional_dataset_and_time_based_timetable to 2025-04-16 01:00:00+00:00, run_after=2025-04-16 01:00:00+00:00
[2025-04-18T10:25:01.896+0530] {logging_mixin.py:190} INFO - [2025-04-18T10:25:01.896+0530] {dag.py:4180} INFO - Setting next_dagrun for consume_1_and_2_with_dataset_expressions to None, run_after=None
[2025-04-18T10:25:01.897+0530] {logging_mixin.py:190} INFO - [2025-04-18T10:25:01.897+0530] {dag.py:4180} INFO - Setting next_dagrun for consume_1_or_2_with_dataset_expressions to None, run_after=None
[2025-04-18T10:25:01.898+0530] {logging_mixin.py:190} INFO - [2025-04-18T10:25:01.897+0530] {dag.py:4180} INFO - Setting next_dagrun for consume_1_or_both_2_and_3_with_dataset_expressions to None, run_after=None
[2025-04-18T10:25:01.898+0530] {logging_mixin.py:190} INFO - [2025-04-18T10:25:01.898+0530] {dag.py:4180} INFO - Setting next_dagrun for dataset_consumes_1 to None, run_after=None
[2025-04-18T10:25:01.899+0530] {logging_mixin.py:190} INFO - [2025-04-18T10:25:01.898+0530] {dag.py:4180} INFO - Setting next_dagrun for dataset_consumes_1_and_2 to None, run_after=None
[2025-04-18T10:25:01.899+0530] {logging_mixin.py:190} INFO - [2025-04-18T10:25:01.899+0530] {dag.py:4180} INFO - Setting next_dagrun for dataset_consumes_1_never_scheduled to None, run_after=None
[2025-04-18T10:25:01.899+0530] {logging_mixin.py:190} INFO - [2025-04-18T10:25:01.899+0530] {dag.py:4180} INFO - Setting next_dagrun for dataset_consumes_unknown_never_scheduled to None, run_after=None
[2025-04-18T10:25:01.901+0530] {logging_mixin.py:190} INFO - [2025-04-18T10:25:01.900+0530] {dag.py:4180} INFO - Setting next_dagrun for dataset_produces_1 to 2025-04-17 00:00:00+00:00, run_after=2025-04-18 00:00:00+00:00
[2025-04-18T10:25:01.901+0530] {logging_mixin.py:190} INFO - [2025-04-18T10:25:01.901+0530] {dag.py:4180} INFO - Setting next_dagrun for dataset_produces_2 to None, run_after=None
[2025-04-18T10:25:01.970+0530] {processor.py:208} INFO - Processing /home/prakhar/Desktop/Bootcamp/Python/Airflow-Project/airflowvenv/lib/python3.12/site-packages/airflow/example_dags/example_datasets.py took 0.158 seconds
[2025-04-18T10:26:17.398+0530] {processor.py:186} INFO - Started process (PID=23891) to work on /home/prakhar/Desktop/Bootcamp/Python/Airflow-Project/airflowvenv/lib/python3.12/site-packages/airflow/example_dags/example_datasets.py
[2025-04-18T10:26:17.410+0530] {processor.py:914} INFO - Processing file /home/prakhar/Desktop/Bootcamp/Python/Airflow-Project/airflowvenv/lib/python3.12/site-packages/airflow/example_dags/example_datasets.py for tasks to queue
[2025-04-18T10:26:17.413+0530] {logging_mixin.py:190} INFO - [2025-04-18T10:26:17.412+0530] {dagbag.py:588} INFO - Filling up the DagBag from /home/prakhar/Desktop/Bootcamp/Python/Airflow-Project/airflowvenv/lib/python3.12/site-packages/airflow/example_dags/example_datasets.py
[2025-04-18T10:26:17.426+0530] {processor.py:925} INFO - DAG(s) 'consume_1_and_2_with_dataset_expressions', 'conditional_dataset_and_time_based_timetable', 'dataset_consumes_1_and_2', 'consume_1_or_both_2_and_3_with_dataset_expressions', 'dataset_consumes_unknown_never_scheduled', 'dataset_produces_1', 'consume_1_or_2_with_dataset_expressions', 'dataset_produces_2', 'dataset_consumes_1', 'dataset_consumes_1_never_scheduled' retrieved from /home/prakhar/Desktop/Bootcamp/Python/Airflow-Project/airflowvenv/lib/python3.12/site-packages/airflow/example_dags/example_datasets.py
[2025-04-18T10:26:17.444+0530] {logging_mixin.py:190} INFO - [2025-04-18T10:26:17.443+0530] {dag.py:3239} INFO - Sync 10 DAGs
[2025-04-18T10:26:17.457+0530] {logging_mixin.py:190} INFO - [2025-04-18T10:26:17.457+0530] {dag.py:4180} INFO - Setting next_dagrun for conditional_dataset_and_time_based_timetable to 2025-04-16 01:00:00+00:00, run_after=2025-04-16 01:00:00+00:00
[2025-04-18T10:26:17.459+0530] {logging_mixin.py:190} INFO - [2025-04-18T10:26:17.459+0530] {dag.py:4180} INFO - Setting next_dagrun for consume_1_and_2_with_dataset_expressions to None, run_after=None
[2025-04-18T10:26:17.460+0530] {logging_mixin.py:190} INFO - [2025-04-18T10:26:17.459+0530] {dag.py:4180} INFO - Setting next_dagrun for consume_1_or_2_with_dataset_expressions to None, run_after=None
[2025-04-18T10:26:17.460+0530] {logging_mixin.py:190} INFO - [2025-04-18T10:26:17.460+0530] {dag.py:4180} INFO - Setting next_dagrun for consume_1_or_both_2_and_3_with_dataset_expressions to None, run_after=None
[2025-04-18T10:26:17.461+0530] {logging_mixin.py:190} INFO - [2025-04-18T10:26:17.461+0530] {dag.py:4180} INFO - Setting next_dagrun for dataset_consumes_1 to None, run_after=None
[2025-04-18T10:26:17.462+0530] {logging_mixin.py:190} INFO - [2025-04-18T10:26:17.462+0530] {dag.py:4180} INFO - Setting next_dagrun for dataset_consumes_1_and_2 to None, run_after=None
[2025-04-18T10:26:17.462+0530] {logging_mixin.py:190} INFO - [2025-04-18T10:26:17.462+0530] {dag.py:4180} INFO - Setting next_dagrun for dataset_consumes_1_never_scheduled to None, run_after=None
[2025-04-18T10:26:17.462+0530] {logging_mixin.py:190} INFO - [2025-04-18T10:26:17.462+0530] {dag.py:4180} INFO - Setting next_dagrun for dataset_consumes_unknown_never_scheduled to None, run_after=None
[2025-04-18T10:26:17.463+0530] {logging_mixin.py:190} INFO - [2025-04-18T10:26:17.463+0530] {dag.py:4180} INFO - Setting next_dagrun for dataset_produces_1 to 2025-04-17 00:00:00+00:00, run_after=2025-04-18 00:00:00+00:00
[2025-04-18T10:26:17.464+0530] {logging_mixin.py:190} INFO - [2025-04-18T10:26:17.464+0530] {dag.py:4180} INFO - Setting next_dagrun for dataset_produces_2 to None, run_after=None
[2025-04-18T10:26:17.533+0530] {processor.py:208} INFO - Processing /home/prakhar/Desktop/Bootcamp/Python/Airflow-Project/airflowvenv/lib/python3.12/site-packages/airflow/example_dags/example_datasets.py took 0.139 seconds
[2025-04-18T10:27:41.531+0530] {processor.py:186} INFO - Started process (PID=24177) to work on /home/prakhar/Desktop/Bootcamp/Python/Airflow-Project/airflowvenv/lib/python3.12/site-packages/airflow/example_dags/example_datasets.py
[2025-04-18T10:27:41.562+0530] {processor.py:914} INFO - Processing file /home/prakhar/Desktop/Bootcamp/Python/Airflow-Project/airflowvenv/lib/python3.12/site-packages/airflow/example_dags/example_datasets.py for tasks to queue
[2025-04-18T10:27:41.565+0530] {logging_mixin.py:190} INFO - [2025-04-18T10:27:41.564+0530] {dagbag.py:588} INFO - Filling up the DagBag from /home/prakhar/Desktop/Bootcamp/Python/Airflow-Project/airflowvenv/lib/python3.12/site-packages/airflow/example_dags/example_datasets.py
[2025-04-18T10:27:41.583+0530] {processor.py:925} INFO - DAG(s) 'dataset_consumes_unknown_never_scheduled', 'consume_1_or_2_with_dataset_expressions', 'dataset_consumes_1', 'conditional_dataset_and_time_based_timetable', 'consume_1_or_both_2_and_3_with_dataset_expressions', 'dataset_consumes_1_and_2', 'dataset_produces_1', 'dataset_produces_2', 'dataset_consumes_1_never_scheduled', 'consume_1_and_2_with_dataset_expressions' retrieved from /home/prakhar/Desktop/Bootcamp/Python/Airflow-Project/airflowvenv/lib/python3.12/site-packages/airflow/example_dags/example_datasets.py
[2025-04-18T10:27:41.617+0530] {logging_mixin.py:190} INFO - [2025-04-18T10:27:41.617+0530] {dag.py:3239} INFO - Sync 10 DAGs
[2025-04-18T10:27:41.644+0530] {logging_mixin.py:190} INFO - [2025-04-18T10:27:41.643+0530] {dag.py:4180} INFO - Setting next_dagrun for conditional_dataset_and_time_based_timetable to 2025-04-16 01:00:00+00:00, run_after=2025-04-16 01:00:00+00:00
[2025-04-18T10:27:41.647+0530] {logging_mixin.py:190} INFO - [2025-04-18T10:27:41.646+0530] {dag.py:4180} INFO - Setting next_dagrun for consume_1_and_2_with_dataset_expressions to None, run_after=None
[2025-04-18T10:27:41.648+0530] {logging_mixin.py:190} INFO - [2025-04-18T10:27:41.647+0530] {dag.py:4180} INFO - Setting next_dagrun for consume_1_or_2_with_dataset_expressions to None, run_after=None
[2025-04-18T10:27:41.648+0530] {logging_mixin.py:190} INFO - [2025-04-18T10:27:41.648+0530] {dag.py:4180} INFO - Setting next_dagrun for consume_1_or_both_2_and_3_with_dataset_expressions to None, run_after=None
[2025-04-18T10:27:41.649+0530] {logging_mixin.py:190} INFO - [2025-04-18T10:27:41.649+0530] {dag.py:4180} INFO - Setting next_dagrun for dataset_consumes_1 to None, run_after=None
[2025-04-18T10:27:41.650+0530] {logging_mixin.py:190} INFO - [2025-04-18T10:27:41.649+0530] {dag.py:4180} INFO - Setting next_dagrun for dataset_consumes_1_and_2 to None, run_after=None
[2025-04-18T10:27:41.650+0530] {logging_mixin.py:190} INFO - [2025-04-18T10:27:41.650+0530] {dag.py:4180} INFO - Setting next_dagrun for dataset_consumes_1_never_scheduled to None, run_after=None
[2025-04-18T10:27:41.650+0530] {logging_mixin.py:190} INFO - [2025-04-18T10:27:41.650+0530] {dag.py:4180} INFO - Setting next_dagrun for dataset_consumes_unknown_never_scheduled to None, run_after=None
[2025-04-18T10:27:41.652+0530] {logging_mixin.py:190} INFO - [2025-04-18T10:27:41.652+0530] {dag.py:4180} INFO - Setting next_dagrun for dataset_produces_1 to 2025-04-17 00:00:00+00:00, run_after=2025-04-18 00:00:00+00:00
[2025-04-18T10:27:41.653+0530] {logging_mixin.py:190} INFO - [2025-04-18T10:27:41.653+0530] {dag.py:4180} INFO - Setting next_dagrun for dataset_produces_2 to None, run_after=None
[2025-04-18T10:27:41.737+0530] {processor.py:208} INFO - Processing /home/prakhar/Desktop/Bootcamp/Python/Airflow-Project/airflowvenv/lib/python3.12/site-packages/airflow/example_dags/example_datasets.py took 0.213 seconds
[2025-04-18T10:28:59.552+0530] {processor.py:186} INFO - Started process (PID=24445) to work on /home/prakhar/Desktop/Bootcamp/Python/Airflow-Project/airflowvenv/lib/python3.12/site-packages/airflow/example_dags/example_datasets.py
[2025-04-18T10:28:59.591+0530] {processor.py:914} INFO - Processing file /home/prakhar/Desktop/Bootcamp/Python/Airflow-Project/airflowvenv/lib/python3.12/site-packages/airflow/example_dags/example_datasets.py for tasks to queue
[2025-04-18T10:28:59.593+0530] {logging_mixin.py:190} INFO - [2025-04-18T10:28:59.593+0530] {dagbag.py:588} INFO - Filling up the DagBag from /home/prakhar/Desktop/Bootcamp/Python/Airflow-Project/airflowvenv/lib/python3.12/site-packages/airflow/example_dags/example_datasets.py
[2025-04-18T10:28:59.603+0530] {processor.py:925} INFO - DAG(s) 'consume_1_or_both_2_and_3_with_dataset_expressions', 'dataset_produces_2', 'dataset_consumes_1', 'consume_1_and_2_with_dataset_expressions', 'consume_1_or_2_with_dataset_expressions', 'dataset_consumes_unknown_never_scheduled', 'conditional_dataset_and_time_based_timetable', 'dataset_consumes_1_never_scheduled', 'dataset_consumes_1_and_2', 'dataset_produces_1' retrieved from /home/prakhar/Desktop/Bootcamp/Python/Airflow-Project/airflowvenv/lib/python3.12/site-packages/airflow/example_dags/example_datasets.py
[2025-04-18T10:28:59.630+0530] {logging_mixin.py:190} INFO - [2025-04-18T10:28:59.630+0530] {dag.py:3239} INFO - Sync 10 DAGs
[2025-04-18T10:28:59.650+0530] {logging_mixin.py:190} INFO - [2025-04-18T10:28:59.650+0530] {dag.py:4180} INFO - Setting next_dagrun for conditional_dataset_and_time_based_timetable to 2025-04-16 01:00:00+00:00, run_after=2025-04-16 01:00:00+00:00
[2025-04-18T10:28:59.652+0530] {logging_mixin.py:190} INFO - [2025-04-18T10:28:59.652+0530] {dag.py:4180} INFO - Setting next_dagrun for consume_1_and_2_with_dataset_expressions to None, run_after=None
[2025-04-18T10:28:59.653+0530] {logging_mixin.py:190} INFO - [2025-04-18T10:28:59.653+0530] {dag.py:4180} INFO - Setting next_dagrun for consume_1_or_2_with_dataset_expressions to None, run_after=None
[2025-04-18T10:28:59.654+0530] {logging_mixin.py:190} INFO - [2025-04-18T10:28:59.653+0530] {dag.py:4180} INFO - Setting next_dagrun for consume_1_or_both_2_and_3_with_dataset_expressions to None, run_after=None
[2025-04-18T10:28:59.654+0530] {logging_mixin.py:190} INFO - [2025-04-18T10:28:59.654+0530] {dag.py:4180} INFO - Setting next_dagrun for dataset_consumes_1 to None, run_after=None
[2025-04-18T10:28:59.655+0530] {logging_mixin.py:190} INFO - [2025-04-18T10:28:59.655+0530] {dag.py:4180} INFO - Setting next_dagrun for dataset_consumes_1_and_2 to None, run_after=None
[2025-04-18T10:28:59.656+0530] {logging_mixin.py:190} INFO - [2025-04-18T10:28:59.655+0530] {dag.py:4180} INFO - Setting next_dagrun for dataset_consumes_1_never_scheduled to None, run_after=None
[2025-04-18T10:28:59.656+0530] {logging_mixin.py:190} INFO - [2025-04-18T10:28:59.656+0530] {dag.py:4180} INFO - Setting next_dagrun for dataset_consumes_unknown_never_scheduled to None, run_after=None
[2025-04-18T10:28:59.658+0530] {logging_mixin.py:190} INFO - [2025-04-18T10:28:59.658+0530] {dag.py:4180} INFO - Setting next_dagrun for dataset_produces_1 to 2025-04-17 00:00:00+00:00, run_after=2025-04-18 00:00:00+00:00
[2025-04-18T10:28:59.659+0530] {logging_mixin.py:190} INFO - [2025-04-18T10:28:59.659+0530] {dag.py:4180} INFO - Setting next_dagrun for dataset_produces_2 to None, run_after=None
[2025-04-18T10:28:59.739+0530] {processor.py:208} INFO - Processing /home/prakhar/Desktop/Bootcamp/Python/Airflow-Project/airflowvenv/lib/python3.12/site-packages/airflow/example_dags/example_datasets.py took 0.191 seconds
[2025-04-18T10:30:18.074+0530] {processor.py:186} INFO - Started process (PID=24835) to work on /home/prakhar/Desktop/Bootcamp/Python/Airflow-Project/airflowvenv/lib/python3.12/site-packages/airflow/example_dags/example_datasets.py
[2025-04-18T10:30:18.112+0530] {processor.py:914} INFO - Processing file /home/prakhar/Desktop/Bootcamp/Python/Airflow-Project/airflowvenv/lib/python3.12/site-packages/airflow/example_dags/example_datasets.py for tasks to queue
[2025-04-18T10:30:18.116+0530] {logging_mixin.py:190} INFO - [2025-04-18T10:30:18.115+0530] {dagbag.py:588} INFO - Filling up the DagBag from /home/prakhar/Desktop/Bootcamp/Python/Airflow-Project/airflowvenv/lib/python3.12/site-packages/airflow/example_dags/example_datasets.py
[2025-04-18T10:30:18.137+0530] {processor.py:925} INFO - DAG(s) 'dataset_consumes_1_and_2', 'conditional_dataset_and_time_based_timetable', 'dataset_produces_1', 'dataset_consumes_1_never_scheduled', 'dataset_consumes_1', 'consume_1_or_2_with_dataset_expressions', 'consume_1_and_2_with_dataset_expressions', 'consume_1_or_both_2_and_3_with_dataset_expressions', 'dataset_produces_2', 'dataset_consumes_unknown_never_scheduled' retrieved from /home/prakhar/Desktop/Bootcamp/Python/Airflow-Project/airflowvenv/lib/python3.12/site-packages/airflow/example_dags/example_datasets.py
[2025-04-18T10:30:18.153+0530] {logging_mixin.py:190} INFO - [2025-04-18T10:30:18.153+0530] {dag.py:3239} INFO - Sync 10 DAGs
[2025-04-18T10:30:18.165+0530] {logging_mixin.py:190} INFO - [2025-04-18T10:30:18.165+0530] {dag.py:4180} INFO - Setting next_dagrun for conditional_dataset_and_time_based_timetable to 2025-04-16 01:00:00+00:00, run_after=2025-04-16 01:00:00+00:00
[2025-04-18T10:30:18.166+0530] {logging_mixin.py:190} INFO - [2025-04-18T10:30:18.166+0530] {dag.py:4180} INFO - Setting next_dagrun for consume_1_and_2_with_dataset_expressions to None, run_after=None
[2025-04-18T10:30:18.167+0530] {logging_mixin.py:190} INFO - [2025-04-18T10:30:18.167+0530] {dag.py:4180} INFO - Setting next_dagrun for consume_1_or_2_with_dataset_expressions to None, run_after=None
[2025-04-18T10:30:18.167+0530] {logging_mixin.py:190} INFO - [2025-04-18T10:30:18.167+0530] {dag.py:4180} INFO - Setting next_dagrun for consume_1_or_both_2_and_3_with_dataset_expressions to None, run_after=None
[2025-04-18T10:30:18.168+0530] {logging_mixin.py:190} INFO - [2025-04-18T10:30:18.167+0530] {dag.py:4180} INFO - Setting next_dagrun for dataset_consumes_1 to None, run_after=None
[2025-04-18T10:30:18.168+0530] {logging_mixin.py:190} INFO - [2025-04-18T10:30:18.168+0530] {dag.py:4180} INFO - Setting next_dagrun for dataset_consumes_1_and_2 to None, run_after=None
[2025-04-18T10:30:18.168+0530] {logging_mixin.py:190} INFO - [2025-04-18T10:30:18.168+0530] {dag.py:4180} INFO - Setting next_dagrun for dataset_consumes_1_never_scheduled to None, run_after=None
[2025-04-18T10:30:18.169+0530] {logging_mixin.py:190} INFO - [2025-04-18T10:30:18.169+0530] {dag.py:4180} INFO - Setting next_dagrun for dataset_consumes_unknown_never_scheduled to None, run_after=None
[2025-04-18T10:30:18.170+0530] {logging_mixin.py:190} INFO - [2025-04-18T10:30:18.170+0530] {dag.py:4180} INFO - Setting next_dagrun for dataset_produces_1 to 2025-04-17 00:00:00+00:00, run_after=2025-04-18 00:00:00+00:00
[2025-04-18T10:30:18.170+0530] {logging_mixin.py:190} INFO - [2025-04-18T10:30:18.170+0530] {dag.py:4180} INFO - Setting next_dagrun for dataset_produces_2 to None, run_after=None
[2025-04-18T10:30:18.255+0530] {processor.py:208} INFO - Processing /home/prakhar/Desktop/Bootcamp/Python/Airflow-Project/airflowvenv/lib/python3.12/site-packages/airflow/example_dags/example_datasets.py took 0.185 seconds
