[2025-04-18T10:17:19.434+0530] {processor.py:186} INFO - Started process (PID=18566) to work on /home/prakhar/Desktop/Bootcamp/Python/Airflow-Project/airflowvenv/lib/python3.12/site-packages/airflow/example_dags/example_time_delta_sensor_async.py
[2025-04-18T10:17:19.434+0530] {processor.py:914} INFO - Processing file /home/prakhar/Desktop/Bootcamp/Python/Airflow-Project/airflowvenv/lib/python3.12/site-packages/airflow/example_dags/example_time_delta_sensor_async.py for tasks to queue
[2025-04-18T10:17:19.435+0530] {logging_mixin.py:190} INFO - [2025-04-18T10:17:19.435+0530] {dagbag.py:588} INFO - Filling up the DagBag from /home/prakhar/Desktop/Bootcamp/Python/Airflow-Project/airflowvenv/lib/python3.12/site-packages/airflow/example_dags/example_time_delta_sensor_async.py
[2025-04-18T10:17:19.441+0530] {processor.py:925} INFO - DAG(s) 'example_time_delta_sensor_async' retrieved from /home/prakhar/Desktop/Bootcamp/Python/Airflow-Project/airflowvenv/lib/python3.12/site-packages/airflow/example_dags/example_time_delta_sensor_async.py
[2025-04-18T10:17:19.453+0530] {logging_mixin.py:190} INFO - [2025-04-18T10:17:19.453+0530] {dag.py:3239} INFO - Sync 1 DAGs
[2025-04-18T10:17:19.459+0530] {logging_mixin.py:190} INFO - [2025-04-18T10:17:19.459+0530] {dag.py:4180} INFO - Setting next_dagrun for example_time_delta_sensor_async to None, run_after=None
[2025-04-18T10:17:19.549+0530] {processor.py:208} INFO - Processing /home/prakhar/Desktop/Bootcamp/Python/Airflow-Project/airflowvenv/lib/python3.12/site-packages/airflow/example_dags/example_time_delta_sensor_async.py took 0.120 seconds
[2025-04-18T10:18:30.578+0530] {processor.py:186} INFO - Started process (PID=19375) to work on /home/prakhar/Desktop/Bootcamp/Python/Airflow-Project/airflowvenv/lib/python3.12/site-packages/airflow/example_dags/example_time_delta_sensor_async.py
[2025-04-18T10:18:30.614+0530] {processor.py:914} INFO - Processing file /home/prakhar/Desktop/Bootcamp/Python/Airflow-Project/airflowvenv/lib/python3.12/site-packages/airflow/example_dags/example_time_delta_sensor_async.py for tasks to queue
[2025-04-18T10:18:30.616+0530] {logging_mixin.py:190} INFO - [2025-04-18T10:18:30.616+0530] {dagbag.py:588} INFO - Filling up the DagBag from /home/prakhar/Desktop/Bootcamp/Python/Airflow-Project/airflowvenv/lib/python3.12/site-packages/airflow/example_dags/example_time_delta_sensor_async.py
[2025-04-18T10:18:30.629+0530] {processor.py:925} INFO - DAG(s) 'example_time_delta_sensor_async' retrieved from /home/prakhar/Desktop/Bootcamp/Python/Airflow-Project/airflowvenv/lib/python3.12/site-packages/airflow/example_dags/example_time_delta_sensor_async.py
[2025-04-18T10:18:30.641+0530] {logging_mixin.py:190} INFO - [2025-04-18T10:18:30.641+0530] {dag.py:3239} INFO - Sync 1 DAGs
[2025-04-18T10:18:30.648+0530] {logging_mixin.py:190} INFO - [2025-04-18T10:18:30.648+0530] {dag.py:4180} INFO - Setting next_dagrun for example_time_delta_sensor_async to None, run_after=None
[2025-04-18T10:18:30.724+0530] {processor.py:208} INFO - Processing /home/prakhar/Desktop/Bootcamp/Python/Airflow-Project/airflowvenv/lib/python3.12/site-packages/airflow/example_dags/example_time_delta_sensor_async.py took 0.151 seconds
[2025-04-18T10:20:01.077+0530] {processor.py:186} INFO - Started process (PID=20465) to work on /home/prakhar/Desktop/Bootcamp/Python/Airflow-Project/airflowvenv/lib/python3.12/site-packages/airflow/example_dags/example_time_delta_sensor_async.py
[2025-04-18T10:20:01.085+0530] {processor.py:914} INFO - Processing file /home/prakhar/Desktop/Bootcamp/Python/Airflow-Project/airflowvenv/lib/python3.12/site-packages/airflow/example_dags/example_time_delta_sensor_async.py for tasks to queue
[2025-04-18T10:20:01.087+0530] {logging_mixin.py:190} INFO - [2025-04-18T10:20:01.086+0530] {dagbag.py:588} INFO - Filling up the DagBag from /home/prakhar/Desktop/Bootcamp/Python/Airflow-Project/airflowvenv/lib/python3.12/site-packages/airflow/example_dags/example_time_delta_sensor_async.py
[2025-04-18T10:20:01.094+0530] {processor.py:925} INFO - DAG(s) 'example_time_delta_sensor_async' retrieved from /home/prakhar/Desktop/Bootcamp/Python/Airflow-Project/airflowvenv/lib/python3.12/site-packages/airflow/example_dags/example_time_delta_sensor_async.py
[2025-04-18T10:20:01.108+0530] {logging_mixin.py:190} INFO - [2025-04-18T10:20:01.108+0530] {dag.py:3239} INFO - Sync 1 DAGs
[2025-04-18T10:20:01.114+0530] {logging_mixin.py:190} INFO - [2025-04-18T10:20:01.114+0530] {dag.py:4180} INFO - Setting next_dagrun for example_time_delta_sensor_async to None, run_after=None
[2025-04-18T10:20:01.194+0530] {processor.py:208} INFO - Processing /home/prakhar/Desktop/Bootcamp/Python/Airflow-Project/airflowvenv/lib/python3.12/site-packages/airflow/example_dags/example_time_delta_sensor_async.py took 0.122 seconds
[2025-04-18T10:21:10.679+0530] {processor.py:186} INFO - Started process (PID=21250) to work on /home/prakhar/Desktop/Bootcamp/Python/Airflow-Project/airflowvenv/lib/python3.12/site-packages/airflow/example_dags/example_time_delta_sensor_async.py
[2025-04-18T10:21:10.759+0530] {processor.py:914} INFO - Processing file /home/prakhar/Desktop/Bootcamp/Python/Airflow-Project/airflowvenv/lib/python3.12/site-packages/airflow/example_dags/example_time_delta_sensor_async.py for tasks to queue
[2025-04-18T10:21:10.762+0530] {logging_mixin.py:190} INFO - [2025-04-18T10:21:10.761+0530] {dagbag.py:588} INFO - Filling up the DagBag from /home/prakhar/Desktop/Bootcamp/Python/Airflow-Project/airflowvenv/lib/python3.12/site-packages/airflow/example_dags/example_time_delta_sensor_async.py
[2025-04-18T10:21:10.770+0530] {processor.py:925} INFO - DAG(s) 'example_time_delta_sensor_async' retrieved from /home/prakhar/Desktop/Bootcamp/Python/Airflow-Project/airflowvenv/lib/python3.12/site-packages/airflow/example_dags/example_time_delta_sensor_async.py
[2025-04-18T10:21:10.783+0530] {logging_mixin.py:190} INFO - [2025-04-18T10:21:10.783+0530] {dag.py:3239} INFO - Sync 1 DAGs
[2025-04-18T10:21:10.794+0530] {logging_mixin.py:190} INFO - [2025-04-18T10:21:10.794+0530] {dag.py:4180} INFO - Setting next_dagrun for example_time_delta_sensor_async to None, run_after=None
[2025-04-18T10:21:10.877+0530] {processor.py:208} INFO - Processing /home/prakhar/Desktop/Bootcamp/Python/Airflow-Project/airflowvenv/lib/python3.12/site-packages/airflow/example_dags/example_time_delta_sensor_async.py took 0.202 seconds
[2025-04-18T10:23:03.930+0530] {processor.py:186} INFO - Started process (PID=22758) to work on /home/prakhar/Desktop/Bootcamp/Python/Airflow-Project/airflowvenv/lib/python3.12/site-packages/airflow/example_dags/example_time_delta_sensor_async.py
[2025-04-18T10:23:03.978+0530] {processor.py:914} INFO - Processing file /home/prakhar/Desktop/Bootcamp/Python/Airflow-Project/airflowvenv/lib/python3.12/site-packages/airflow/example_dags/example_time_delta_sensor_async.py for tasks to queue
[2025-04-18T10:23:03.981+0530] {logging_mixin.py:190} INFO - [2025-04-18T10:23:03.981+0530] {dagbag.py:588} INFO - Filling up the DagBag from /home/prakhar/Desktop/Bootcamp/Python/Airflow-Project/airflowvenv/lib/python3.12/site-packages/airflow/example_dags/example_time_delta_sensor_async.py
[2025-04-18T10:23:03.992+0530] {processor.py:925} INFO - DAG(s) 'example_time_delta_sensor_async' retrieved from /home/prakhar/Desktop/Bootcamp/Python/Airflow-Project/airflowvenv/lib/python3.12/site-packages/airflow/example_dags/example_time_delta_sensor_async.py
[2025-04-18T10:23:04.003+0530] {logging_mixin.py:190} INFO - [2025-04-18T10:23:04.002+0530] {dag.py:3239} INFO - Sync 1 DAGs
[2025-04-18T10:23:04.009+0530] {logging_mixin.py:190} INFO - [2025-04-18T10:23:04.009+0530] {dag.py:4180} INFO - Setting next_dagrun for example_time_delta_sensor_async to None, run_after=None
[2025-04-18T10:23:04.092+0530] {processor.py:208} INFO - Processing /home/prakhar/Desktop/Bootcamp/Python/Airflow-Project/airflowvenv/lib/python3.12/site-packages/airflow/example_dags/example_time_delta_sensor_async.py took 0.166 seconds
[2025-04-18T10:24:21.695+0530] {processor.py:186} INFO - Started process (PID=23252) to work on /home/prakhar/Desktop/Bootcamp/Python/Airflow-Project/airflowvenv/lib/python3.12/site-packages/airflow/example_dags/example_time_delta_sensor_async.py
[2025-04-18T10:24:21.732+0530] {processor.py:914} INFO - Processing file /home/prakhar/Desktop/Bootcamp/Python/Airflow-Project/airflowvenv/lib/python3.12/site-packages/airflow/example_dags/example_time_delta_sensor_async.py for tasks to queue
[2025-04-18T10:24:21.735+0530] {logging_mixin.py:190} INFO - [2025-04-18T10:24:21.735+0530] {dagbag.py:588} INFO - Filling up the DagBag from /home/prakhar/Desktop/Bootcamp/Python/Airflow-Project/airflowvenv/lib/python3.12/site-packages/airflow/example_dags/example_time_delta_sensor_async.py
[2025-04-18T10:24:21.747+0530] {processor.py:925} INFO - DAG(s) 'example_time_delta_sensor_async' retrieved from /home/prakhar/Desktop/Bootcamp/Python/Airflow-Project/airflowvenv/lib/python3.12/site-packages/airflow/example_dags/example_time_delta_sensor_async.py
[2025-04-18T10:24:21.757+0530] {logging_mixin.py:190} INFO - [2025-04-18T10:24:21.757+0530] {dag.py:3239} INFO - Sync 1 DAGs
[2025-04-18T10:24:21.764+0530] {logging_mixin.py:190} INFO - [2025-04-18T10:24:21.764+0530] {dag.py:4180} INFO - Setting next_dagrun for example_time_delta_sensor_async to None, run_after=None
[2025-04-18T10:24:21.863+0530] {processor.py:208} INFO - Processing /home/prakhar/Desktop/Bootcamp/Python/Airflow-Project/airflowvenv/lib/python3.12/site-packages/airflow/example_dags/example_time_delta_sensor_async.py took 0.172 seconds
[2025-04-18T10:25:39.331+0530] {processor.py:186} INFO - Started process (PID=23689) to work on /home/prakhar/Desktop/Bootcamp/Python/Airflow-Project/airflowvenv/lib/python3.12/site-packages/airflow/example_dags/example_time_delta_sensor_async.py
[2025-04-18T10:25:39.332+0530] {processor.py:914} INFO - Processing file /home/prakhar/Desktop/Bootcamp/Python/Airflow-Project/airflowvenv/lib/python3.12/site-packages/airflow/example_dags/example_time_delta_sensor_async.py for tasks to queue
[2025-04-18T10:25:39.333+0530] {logging_mixin.py:190} INFO - [2025-04-18T10:25:39.333+0530] {dagbag.py:588} INFO - Filling up the DagBag from /home/prakhar/Desktop/Bootcamp/Python/Airflow-Project/airflowvenv/lib/python3.12/site-packages/airflow/example_dags/example_time_delta_sensor_async.py
[2025-04-18T10:25:39.338+0530] {processor.py:925} INFO - DAG(s) 'example_time_delta_sensor_async' retrieved from /home/prakhar/Desktop/Bootcamp/Python/Airflow-Project/airflowvenv/lib/python3.12/site-packages/airflow/example_dags/example_time_delta_sensor_async.py
[2025-04-18T10:25:39.348+0530] {logging_mixin.py:190} INFO - [2025-04-18T10:25:39.348+0530] {dag.py:3239} INFO - Sync 1 DAGs
[2025-04-18T10:25:39.356+0530] {logging_mixin.py:190} INFO - [2025-04-18T10:25:39.356+0530] {dag.py:4180} INFO - Setting next_dagrun for example_time_delta_sensor_async to None, run_after=None
[2025-04-18T10:25:39.453+0530] {processor.py:208} INFO - Processing /home/prakhar/Desktop/Bootcamp/Python/Airflow-Project/airflowvenv/lib/python3.12/site-packages/airflow/example_dags/example_time_delta_sensor_async.py took 0.126 seconds
[2025-04-18T10:26:59.654+0530] {processor.py:186} INFO - Started process (PID=24027) to work on /home/prakhar/Desktop/Bootcamp/Python/Airflow-Project/airflowvenv/lib/python3.12/site-packages/airflow/example_dags/example_time_delta_sensor_async.py
[2025-04-18T10:26:59.656+0530] {processor.py:914} INFO - Processing file /home/prakhar/Desktop/Bootcamp/Python/Airflow-Project/airflowvenv/lib/python3.12/site-packages/airflow/example_dags/example_time_delta_sensor_async.py for tasks to queue
[2025-04-18T10:26:59.657+0530] {logging_mixin.py:190} INFO - [2025-04-18T10:26:59.657+0530] {dagbag.py:588} INFO - Filling up the DagBag from /home/prakhar/Desktop/Bootcamp/Python/Airflow-Project/airflowvenv/lib/python3.12/site-packages/airflow/example_dags/example_time_delta_sensor_async.py
[2025-04-18T10:26:59.663+0530] {processor.py:925} INFO - DAG(s) 'example_time_delta_sensor_async' retrieved from /home/prakhar/Desktop/Bootcamp/Python/Airflow-Project/airflowvenv/lib/python3.12/site-packages/airflow/example_dags/example_time_delta_sensor_async.py
[2025-04-18T10:26:59.676+0530] {logging_mixin.py:190} INFO - [2025-04-18T10:26:59.675+0530] {dag.py:3239} INFO - Sync 1 DAGs
[2025-04-18T10:26:59.683+0530] {logging_mixin.py:190} INFO - [2025-04-18T10:26:59.683+0530] {dag.py:4180} INFO - Setting next_dagrun for example_time_delta_sensor_async to None, run_after=None
[2025-04-18T10:26:59.793+0530] {processor.py:208} INFO - Processing /home/prakhar/Desktop/Bootcamp/Python/Airflow-Project/airflowvenv/lib/python3.12/site-packages/airflow/example_dags/example_time_delta_sensor_async.py took 0.144 seconds
[2025-04-18T10:28:19.004+0530] {processor.py:186} INFO - Started process (PID=24244) to work on /home/prakhar/Desktop/Bootcamp/Python/Airflow-Project/airflowvenv/lib/python3.12/site-packages/airflow/example_dags/example_time_delta_sensor_async.py
[2025-04-18T10:28:19.044+0530] {processor.py:914} INFO - Processing file /home/prakhar/Desktop/Bootcamp/Python/Airflow-Project/airflowvenv/lib/python3.12/site-packages/airflow/example_dags/example_time_delta_sensor_async.py for tasks to queue
[2025-04-18T10:28:19.047+0530] {logging_mixin.py:190} INFO - [2025-04-18T10:28:19.046+0530] {dagbag.py:588} INFO - Filling up the DagBag from /home/prakhar/Desktop/Bootcamp/Python/Airflow-Project/airflowvenv/lib/python3.12/site-packages/airflow/example_dags/example_time_delta_sensor_async.py
[2025-04-18T10:28:19.057+0530] {processor.py:925} INFO - DAG(s) 'example_time_delta_sensor_async' retrieved from /home/prakhar/Desktop/Bootcamp/Python/Airflow-Project/airflowvenv/lib/python3.12/site-packages/airflow/example_dags/example_time_delta_sensor_async.py
[2025-04-18T10:28:19.067+0530] {logging_mixin.py:190} INFO - [2025-04-18T10:28:19.067+0530] {dag.py:3239} INFO - Sync 1 DAGs
[2025-04-18T10:28:19.073+0530] {logging_mixin.py:190} INFO - [2025-04-18T10:28:19.073+0530] {dag.py:4180} INFO - Setting next_dagrun for example_time_delta_sensor_async to None, run_after=None
[2025-04-18T10:28:19.152+0530] {processor.py:208} INFO - Processing /home/prakhar/Desktop/Bootcamp/Python/Airflow-Project/airflowvenv/lib/python3.12/site-packages/airflow/example_dags/example_time_delta_sensor_async.py took 0.153 seconds
[2025-04-18T10:29:38.237+0530] {processor.py:186} INFO - Started process (PID=24617) to work on /home/prakhar/Desktop/Bootcamp/Python/Airflow-Project/airflowvenv/lib/python3.12/site-packages/airflow/example_dags/example_time_delta_sensor_async.py
[2025-04-18T10:29:38.270+0530] {processor.py:914} INFO - Processing file /home/prakhar/Desktop/Bootcamp/Python/Airflow-Project/airflowvenv/lib/python3.12/site-packages/airflow/example_dags/example_time_delta_sensor_async.py for tasks to queue
[2025-04-18T10:29:38.273+0530] {logging_mixin.py:190} INFO - [2025-04-18T10:29:38.273+0530] {dagbag.py:588} INFO - Filling up the DagBag from /home/prakhar/Desktop/Bootcamp/Python/Airflow-Project/airflowvenv/lib/python3.12/site-packages/airflow/example_dags/example_time_delta_sensor_async.py
[2025-04-18T10:29:38.286+0530] {processor.py:925} INFO - DAG(s) 'example_time_delta_sensor_async' retrieved from /home/prakhar/Desktop/Bootcamp/Python/Airflow-Project/airflowvenv/lib/python3.12/site-packages/airflow/example_dags/example_time_delta_sensor_async.py
[2025-04-18T10:29:38.297+0530] {logging_mixin.py:190} INFO - [2025-04-18T10:29:38.296+0530] {dag.py:3239} INFO - Sync 1 DAGs
[2025-04-18T10:29:38.303+0530] {logging_mixin.py:190} INFO - [2025-04-18T10:29:38.303+0530] {dag.py:4180} INFO - Setting next_dagrun for example_time_delta_sensor_async to None, run_after=None
[2025-04-18T10:29:38.391+0530] {processor.py:208} INFO - Processing /home/prakhar/Desktop/Bootcamp/Python/Airflow-Project/airflowvenv/lib/python3.12/site-packages/airflow/example_dags/example_time_delta_sensor_async.py took 0.158 seconds
