[2025-04-18T10:17:56.757+0530] {processor.py:186} INFO - Started process (PID=18939) to work on /home/prakhar/Desktop/Bootcamp/Python/Airflow-Project/airflowvenv/lib/python3.12/site-packages/airflow/example_dags/example_dag_decorator.py
[2025-04-18T10:17:56.757+0530] {processor.py:914} INFO - Processing file /home/prakhar/Desktop/Bootcamp/Python/Airflow-Project/airflowvenv/lib/python3.12/site-packages/airflow/example_dags/example_dag_decorator.py for tasks to queue
[2025-04-18T10:17:56.758+0530] {logging_mixin.py:190} INFO - [2025-04-18T10:17:56.758+0530] {dagbag.py:588} INFO - Filling up the DagBag from /home/prakhar/Desktop/Bootcamp/Python/Airflow-Project/airflowvenv/lib/python3.12/site-packages/airflow/example_dags/example_dag_decorator.py
[2025-04-18T10:17:56.817+0530] {processor.py:925} INFO - DAG(s) 'example_dag_decorator' retrieved from /home/prakhar/Desktop/Bootcamp/Python/Airflow-Project/airflowvenv/lib/python3.12/site-packages/airflow/example_dags/example_dag_decorator.py
[2025-04-18T10:17:56.883+0530] {logging_mixin.py:190} INFO - [2025-04-18T10:17:56.882+0530] {dag.py:3239} INFO - Sync 1 DAGs
[2025-04-18T10:17:56.889+0530] {logging_mixin.py:190} INFO - [2025-04-18T10:17:56.889+0530] {dag.py:4180} INFO - Setting next_dagrun for example_dag_decorator to None, run_after=None
[2025-04-18T10:17:56.978+0530] {processor.py:208} INFO - Processing /home/prakhar/Desktop/Bootcamp/Python/Airflow-Project/airflowvenv/lib/python3.12/site-packages/airflow/example_dags/example_dag_decorator.py took 0.225 seconds
[2025-04-18T10:19:16.487+0530] {processor.py:186} INFO - Started process (PID=19901) to work on /home/prakhar/Desktop/Bootcamp/Python/Airflow-Project/airflowvenv/lib/python3.12/site-packages/airflow/example_dags/example_dag_decorator.py
[2025-04-18T10:19:16.487+0530] {processor.py:914} INFO - Processing file /home/prakhar/Desktop/Bootcamp/Python/Airflow-Project/airflowvenv/lib/python3.12/site-packages/airflow/example_dags/example_dag_decorator.py for tasks to queue
[2025-04-18T10:19:16.488+0530] {logging_mixin.py:190} INFO - [2025-04-18T10:19:16.488+0530] {dagbag.py:588} INFO - Filling up the DagBag from /home/prakhar/Desktop/Bootcamp/Python/Airflow-Project/airflowvenv/lib/python3.12/site-packages/airflow/example_dags/example_dag_decorator.py
[2025-04-18T10:19:16.547+0530] {processor.py:925} INFO - DAG(s) 'example_dag_decorator' retrieved from /home/prakhar/Desktop/Bootcamp/Python/Airflow-Project/airflowvenv/lib/python3.12/site-packages/airflow/example_dags/example_dag_decorator.py
[2025-04-18T10:19:16.612+0530] {logging_mixin.py:190} INFO - [2025-04-18T10:19:16.612+0530] {dag.py:3239} INFO - Sync 1 DAGs
[2025-04-18T10:19:16.618+0530] {logging_mixin.py:190} INFO - [2025-04-18T10:19:16.618+0530] {dag.py:4180} INFO - Setting next_dagrun for example_dag_decorator to None, run_after=None
[2025-04-18T10:19:16.714+0530] {processor.py:208} INFO - Processing /home/prakhar/Desktop/Bootcamp/Python/Airflow-Project/airflowvenv/lib/python3.12/site-packages/airflow/example_dags/example_dag_decorator.py took 0.230 seconds
[2025-04-18T10:20:37.358+0530] {processor.py:186} INFO - Started process (PID=20774) to work on /home/prakhar/Desktop/Bootcamp/Python/Airflow-Project/airflowvenv/lib/python3.12/site-packages/airflow/example_dags/example_dag_decorator.py
[2025-04-18T10:20:37.393+0530] {processor.py:914} INFO - Processing file /home/prakhar/Desktop/Bootcamp/Python/Airflow-Project/airflowvenv/lib/python3.12/site-packages/airflow/example_dags/example_dag_decorator.py for tasks to queue
[2025-04-18T10:20:37.397+0530] {logging_mixin.py:190} INFO - [2025-04-18T10:20:37.396+0530] {dagbag.py:588} INFO - Filling up the DagBag from /home/prakhar/Desktop/Bootcamp/Python/Airflow-Project/airflowvenv/lib/python3.12/site-packages/airflow/example_dags/example_dag_decorator.py
[2025-04-18T10:20:37.471+0530] {processor.py:925} INFO - DAG(s) 'example_dag_decorator' retrieved from /home/prakhar/Desktop/Bootcamp/Python/Airflow-Project/airflowvenv/lib/python3.12/site-packages/airflow/example_dags/example_dag_decorator.py
[2025-04-18T10:20:37.530+0530] {logging_mixin.py:190} INFO - [2025-04-18T10:20:37.530+0530] {dag.py:3239} INFO - Sync 1 DAGs
[2025-04-18T10:20:37.535+0530] {logging_mixin.py:190} INFO - [2025-04-18T10:20:37.535+0530] {dag.py:4180} INFO - Setting next_dagrun for example_dag_decorator to None, run_after=None
[2025-04-18T10:20:37.669+0530] {processor.py:208} INFO - Processing /home/prakhar/Desktop/Bootcamp/Python/Airflow-Project/airflowvenv/lib/python3.12/site-packages/airflow/example_dags/example_dag_decorator.py took 0.314 seconds
[2025-04-18T10:22:13.407+0530] {processor.py:186} INFO - Started process (PID=22027) to work on /home/prakhar/Desktop/Bootcamp/Python/Airflow-Project/airflowvenv/lib/python3.12/site-packages/airflow/example_dags/example_dag_decorator.py
[2025-04-18T10:22:13.451+0530] {processor.py:914} INFO - Processing file /home/prakhar/Desktop/Bootcamp/Python/Airflow-Project/airflowvenv/lib/python3.12/site-packages/airflow/example_dags/example_dag_decorator.py for tasks to queue
[2025-04-18T10:22:13.454+0530] {logging_mixin.py:190} INFO - [2025-04-18T10:22:13.453+0530] {dagbag.py:588} INFO - Filling up the DagBag from /home/prakhar/Desktop/Bootcamp/Python/Airflow-Project/airflowvenv/lib/python3.12/site-packages/airflow/example_dags/example_dag_decorator.py
[2025-04-18T10:22:13.589+0530] {processor.py:925} INFO - DAG(s) 'example_dag_decorator' retrieved from /home/prakhar/Desktop/Bootcamp/Python/Airflow-Project/airflowvenv/lib/python3.12/site-packages/airflow/example_dags/example_dag_decorator.py
[2025-04-18T10:22:13.791+0530] {logging_mixin.py:190} INFO - [2025-04-18T10:22:13.790+0530] {dag.py:3239} INFO - Sync 1 DAGs
[2025-04-18T10:22:13.804+0530] {logging_mixin.py:190} INFO - [2025-04-18T10:22:13.803+0530] {dag.py:4180} INFO - Setting next_dagrun for example_dag_decorator to None, run_after=None
[2025-04-18T10:22:14.024+0530] {processor.py:208} INFO - Processing /home/prakhar/Desktop/Bootcamp/Python/Airflow-Project/airflowvenv/lib/python3.12/site-packages/airflow/example_dags/example_dag_decorator.py took 0.625 seconds
[2025-04-18T10:23:53.915+0530] {processor.py:186} INFO - Started process (PID=23060) to work on /home/prakhar/Desktop/Bootcamp/Python/Airflow-Project/airflowvenv/lib/python3.12/site-packages/airflow/example_dags/example_dag_decorator.py
[2025-04-18T10:23:53.917+0530] {processor.py:914} INFO - Processing file /home/prakhar/Desktop/Bootcamp/Python/Airflow-Project/airflowvenv/lib/python3.12/site-packages/airflow/example_dags/example_dag_decorator.py for tasks to queue
[2025-04-18T10:23:53.920+0530] {logging_mixin.py:190} INFO - [2025-04-18T10:23:53.919+0530] {dagbag.py:588} INFO - Filling up the DagBag from /home/prakhar/Desktop/Bootcamp/Python/Airflow-Project/airflowvenv/lib/python3.12/site-packages/airflow/example_dags/example_dag_decorator.py
[2025-04-18T10:23:53.977+0530] {processor.py:925} INFO - DAG(s) 'example_dag_decorator' retrieved from /home/prakhar/Desktop/Bootcamp/Python/Airflow-Project/airflowvenv/lib/python3.12/site-packages/airflow/example_dags/example_dag_decorator.py
[2025-04-18T10:23:54.038+0530] {logging_mixin.py:190} INFO - [2025-04-18T10:23:54.038+0530] {dag.py:3239} INFO - Sync 1 DAGs
[2025-04-18T10:23:54.044+0530] {logging_mixin.py:190} INFO - [2025-04-18T10:23:54.044+0530] {dag.py:4180} INFO - Setting next_dagrun for example_dag_decorator to None, run_after=None
[2025-04-18T10:23:54.138+0530] {processor.py:208} INFO - Processing /home/prakhar/Desktop/Bootcamp/Python/Airflow-Project/airflowvenv/lib/python3.12/site-packages/airflow/example_dags/example_dag_decorator.py took 0.228 seconds
[2025-04-18T10:25:12.086+0530] {processor.py:186} INFO - Started process (PID=23550) to work on /home/prakhar/Desktop/Bootcamp/Python/Airflow-Project/airflowvenv/lib/python3.12/site-packages/airflow/example_dags/example_dag_decorator.py
[2025-04-18T10:25:12.114+0530] {processor.py:914} INFO - Processing file /home/prakhar/Desktop/Bootcamp/Python/Airflow-Project/airflowvenv/lib/python3.12/site-packages/airflow/example_dags/example_dag_decorator.py for tasks to queue
[2025-04-18T10:25:12.116+0530] {logging_mixin.py:190} INFO - [2025-04-18T10:25:12.115+0530] {dagbag.py:588} INFO - Filling up the DagBag from /home/prakhar/Desktop/Bootcamp/Python/Airflow-Project/airflowvenv/lib/python3.12/site-packages/airflow/example_dags/example_dag_decorator.py
[2025-04-18T10:25:12.173+0530] {processor.py:925} INFO - DAG(s) 'example_dag_decorator' retrieved from /home/prakhar/Desktop/Bootcamp/Python/Airflow-Project/airflowvenv/lib/python3.12/site-packages/airflow/example_dags/example_dag_decorator.py
[2025-04-18T10:25:12.238+0530] {logging_mixin.py:190} INFO - [2025-04-18T10:25:12.238+0530] {dag.py:3239} INFO - Sync 1 DAGs
[2025-04-18T10:25:12.244+0530] {logging_mixin.py:190} INFO - [2025-04-18T10:25:12.244+0530] {dag.py:4180} INFO - Setting next_dagrun for example_dag_decorator to None, run_after=None
[2025-04-18T10:25:12.344+0530] {processor.py:208} INFO - Processing /home/prakhar/Desktop/Bootcamp/Python/Airflow-Project/airflowvenv/lib/python3.12/site-packages/airflow/example_dags/example_dag_decorator.py took 0.262 seconds
[2025-04-18T10:26:29.182+0530] {processor.py:186} INFO - Started process (PID=23916) to work on /home/prakhar/Desktop/Bootcamp/Python/Airflow-Project/airflowvenv/lib/python3.12/site-packages/airflow/example_dags/example_dag_decorator.py
[2025-04-18T10:26:29.185+0530] {processor.py:914} INFO - Processing file /home/prakhar/Desktop/Bootcamp/Python/Airflow-Project/airflowvenv/lib/python3.12/site-packages/airflow/example_dags/example_dag_decorator.py for tasks to queue
[2025-04-18T10:26:29.187+0530] {logging_mixin.py:190} INFO - [2025-04-18T10:26:29.186+0530] {dagbag.py:588} INFO - Filling up the DagBag from /home/prakhar/Desktop/Bootcamp/Python/Airflow-Project/airflowvenv/lib/python3.12/site-packages/airflow/example_dags/example_dag_decorator.py
[2025-04-18T10:26:29.278+0530] {processor.py:925} INFO - DAG(s) 'example_dag_decorator' retrieved from /home/prakhar/Desktop/Bootcamp/Python/Airflow-Project/airflowvenv/lib/python3.12/site-packages/airflow/example_dags/example_dag_decorator.py
[2025-04-18T10:26:29.381+0530] {logging_mixin.py:190} INFO - [2025-04-18T10:26:29.380+0530] {dag.py:3239} INFO - Sync 1 DAGs
[2025-04-18T10:26:29.391+0530] {logging_mixin.py:190} INFO - [2025-04-18T10:26:29.391+0530] {dag.py:4180} INFO - Setting next_dagrun for example_dag_decorator to None, run_after=None
[2025-04-18T10:26:29.505+0530] {processor.py:208} INFO - Processing /home/prakhar/Desktop/Bootcamp/Python/Airflow-Project/airflowvenv/lib/python3.12/site-packages/airflow/example_dags/example_dag_decorator.py took 0.329 seconds
[2025-04-18T10:27:51.594+0530] {processor.py:186} INFO - Started process (PID=24190) to work on /home/prakhar/Desktop/Bootcamp/Python/Airflow-Project/airflowvenv/lib/python3.12/site-packages/airflow/example_dags/example_dag_decorator.py
[2025-04-18T10:27:51.595+0530] {processor.py:914} INFO - Processing file /home/prakhar/Desktop/Bootcamp/Python/Airflow-Project/airflowvenv/lib/python3.12/site-packages/airflow/example_dags/example_dag_decorator.py for tasks to queue
[2025-04-18T10:27:51.596+0530] {logging_mixin.py:190} INFO - [2025-04-18T10:27:51.596+0530] {dagbag.py:588} INFO - Filling up the DagBag from /home/prakhar/Desktop/Bootcamp/Python/Airflow-Project/airflowvenv/lib/python3.12/site-packages/airflow/example_dags/example_dag_decorator.py
[2025-04-18T10:27:51.664+0530] {processor.py:925} INFO - DAG(s) 'example_dag_decorator' retrieved from /home/prakhar/Desktop/Bootcamp/Python/Airflow-Project/airflowvenv/lib/python3.12/site-packages/airflow/example_dags/example_dag_decorator.py
[2025-04-18T10:27:51.739+0530] {logging_mixin.py:190} INFO - [2025-04-18T10:27:51.738+0530] {dag.py:3239} INFO - Sync 1 DAGs
[2025-04-18T10:27:51.746+0530] {logging_mixin.py:190} INFO - [2025-04-18T10:27:51.746+0530] {dag.py:4180} INFO - Setting next_dagrun for example_dag_decorator to None, run_after=None
[2025-04-18T10:27:51.844+0530] {processor.py:208} INFO - Processing /home/prakhar/Desktop/Bootcamp/Python/Airflow-Project/airflowvenv/lib/python3.12/site-packages/airflow/example_dags/example_dag_decorator.py took 0.256 seconds
[2025-04-18T10:29:10.348+0530] {processor.py:186} INFO - Started process (PID=24488) to work on /home/prakhar/Desktop/Bootcamp/Python/Airflow-Project/airflowvenv/lib/python3.12/site-packages/airflow/example_dags/example_dag_decorator.py
[2025-04-18T10:29:10.379+0530] {processor.py:914} INFO - Processing file /home/prakhar/Desktop/Bootcamp/Python/Airflow-Project/airflowvenv/lib/python3.12/site-packages/airflow/example_dags/example_dag_decorator.py for tasks to queue
[2025-04-18T10:29:10.382+0530] {logging_mixin.py:190} INFO - [2025-04-18T10:29:10.381+0530] {dagbag.py:588} INFO - Filling up the DagBag from /home/prakhar/Desktop/Bootcamp/Python/Airflow-Project/airflowvenv/lib/python3.12/site-packages/airflow/example_dags/example_dag_decorator.py
[2025-04-18T10:29:10.444+0530] {processor.py:925} INFO - DAG(s) 'example_dag_decorator' retrieved from /home/prakhar/Desktop/Bootcamp/Python/Airflow-Project/airflowvenv/lib/python3.12/site-packages/airflow/example_dags/example_dag_decorator.py
[2025-04-18T10:29:10.504+0530] {logging_mixin.py:190} INFO - [2025-04-18T10:29:10.504+0530] {dag.py:3239} INFO - Sync 1 DAGs
[2025-04-18T10:29:10.509+0530] {logging_mixin.py:190} INFO - [2025-04-18T10:29:10.509+0530] {dag.py:4180} INFO - Setting next_dagrun for example_dag_decorator to None, run_after=None
[2025-04-18T10:29:10.599+0530] {processor.py:208} INFO - Processing /home/prakhar/Desktop/Bootcamp/Python/Airflow-Project/airflowvenv/lib/python3.12/site-packages/airflow/example_dags/example_dag_decorator.py took 0.257 seconds
[2025-04-18T10:30:28.385+0530] {processor.py:186} INFO - Started process (PID=24864) to work on /home/prakhar/Desktop/Bootcamp/Python/Airflow-Project/airflowvenv/lib/python3.12/site-packages/airflow/example_dags/example_dag_decorator.py
[2025-04-18T10:30:28.386+0530] {processor.py:914} INFO - Processing file /home/prakhar/Desktop/Bootcamp/Python/Airflow-Project/airflowvenv/lib/python3.12/site-packages/airflow/example_dags/example_dag_decorator.py for tasks to queue
[2025-04-18T10:30:28.388+0530] {logging_mixin.py:190} INFO - [2025-04-18T10:30:28.388+0530] {dagbag.py:588} INFO - Filling up the DagBag from /home/prakhar/Desktop/Bootcamp/Python/Airflow-Project/airflowvenv/lib/python3.12/site-packages/airflow/example_dags/example_dag_decorator.py
[2025-04-18T10:30:28.440+0530] {processor.py:925} INFO - DAG(s) 'example_dag_decorator' retrieved from /home/prakhar/Desktop/Bootcamp/Python/Airflow-Project/airflowvenv/lib/python3.12/site-packages/airflow/example_dags/example_dag_decorator.py
[2025-04-18T10:30:28.553+0530] {logging_mixin.py:190} INFO - [2025-04-18T10:30:28.553+0530] {dag.py:3239} INFO - Sync 1 DAGs
[2025-04-18T10:30:28.562+0530] {logging_mixin.py:190} INFO - [2025-04-18T10:30:28.562+0530] {dag.py:4180} INFO - Setting next_dagrun for example_dag_decorator to None, run_after=None
[2025-04-18T10:30:28.683+0530] {processor.py:208} INFO - Processing /home/prakhar/Desktop/Bootcamp/Python/Airflow-Project/airflowvenv/lib/python3.12/site-packages/airflow/example_dags/example_dag_decorator.py took 0.303 seconds
