[2025-04-18T10:17:18.165+0530] {processor.py:186} INFO - Started process (PID=18561) to work on /home/prakhar/Desktop/Bootcamp/Python/Airflow-Project/airflowvenv/lib/python3.12/site-packages/airflow/example_dags/example_task_group.py
[2025-04-18T10:17:18.166+0530] {processor.py:914} INFO - Processing file /home/prakhar/Desktop/Bootcamp/Python/Airflow-Project/airflowvenv/lib/python3.12/site-packages/airflow/example_dags/example_task_group.py for tasks to queue
[2025-04-18T10:17:18.170+0530] {logging_mixin.py:190} INFO - [2025-04-18T10:17:18.170+0530] {dagbag.py:588} INFO - Filling up the DagBag from /home/prakhar/Desktop/Bootcamp/Python/Airflow-Project/airflowvenv/lib/python3.12/site-packages/airflow/example_dags/example_task_group.py
[2025-04-18T10:17:18.176+0530] {processor.py:925} INFO - DAG(s) 'example_task_group' retrieved from /home/prakhar/Desktop/Bootcamp/Python/Airflow-Project/airflowvenv/lib/python3.12/site-packages/airflow/example_dags/example_task_group.py
[2025-04-18T10:17:18.189+0530] {logging_mixin.py:190} INFO - [2025-04-18T10:17:18.189+0530] {dag.py:3239} INFO - Sync 1 DAGs
[2025-04-18T10:17:18.195+0530] {logging_mixin.py:190} INFO - [2025-04-18T10:17:18.195+0530] {dag.py:4180} INFO - Setting next_dagrun for example_task_group to None, run_after=None
[2025-04-18T10:17:18.299+0530] {processor.py:208} INFO - Processing /home/prakhar/Desktop/Bootcamp/Python/Airflow-Project/airflowvenv/lib/python3.12/site-packages/airflow/example_dags/example_task_group.py took 0.140 seconds
[2025-04-18T10:18:29.234+0530] {processor.py:186} INFO - Started process (PID=19372) to work on /home/prakhar/Desktop/Bootcamp/Python/Airflow-Project/airflowvenv/lib/python3.12/site-packages/airflow/example_dags/example_task_group.py
[2025-04-18T10:18:29.270+0530] {processor.py:914} INFO - Processing file /home/prakhar/Desktop/Bootcamp/Python/Airflow-Project/airflowvenv/lib/python3.12/site-packages/airflow/example_dags/example_task_group.py for tasks to queue
[2025-04-18T10:18:29.272+0530] {logging_mixin.py:190} INFO - [2025-04-18T10:18:29.271+0530] {dagbag.py:588} INFO - Filling up the DagBag from /home/prakhar/Desktop/Bootcamp/Python/Airflow-Project/airflowvenv/lib/python3.12/site-packages/airflow/example_dags/example_task_group.py
[2025-04-18T10:18:29.288+0530] {processor.py:925} INFO - DAG(s) 'example_task_group' retrieved from /home/prakhar/Desktop/Bootcamp/Python/Airflow-Project/airflowvenv/lib/python3.12/site-packages/airflow/example_dags/example_task_group.py
[2025-04-18T10:18:29.298+0530] {logging_mixin.py:190} INFO - [2025-04-18T10:18:29.298+0530] {dag.py:3239} INFO - Sync 1 DAGs
[2025-04-18T10:18:29.305+0530] {logging_mixin.py:190} INFO - [2025-04-18T10:18:29.305+0530] {dag.py:4180} INFO - Setting next_dagrun for example_task_group to None, run_after=None
[2025-04-18T10:18:29.384+0530] {processor.py:208} INFO - Processing /home/prakhar/Desktop/Bootcamp/Python/Airflow-Project/airflowvenv/lib/python3.12/site-packages/airflow/example_dags/example_task_group.py took 0.154 seconds
[2025-04-18T10:19:59.797+0530] {processor.py:186} INFO - Started process (PID=20463) to work on /home/prakhar/Desktop/Bootcamp/Python/Airflow-Project/airflowvenv/lib/python3.12/site-packages/airflow/example_dags/example_task_group.py
[2025-04-18T10:19:59.830+0530] {processor.py:914} INFO - Processing file /home/prakhar/Desktop/Bootcamp/Python/Airflow-Project/airflowvenv/lib/python3.12/site-packages/airflow/example_dags/example_task_group.py for tasks to queue
[2025-04-18T10:19:59.838+0530] {logging_mixin.py:190} INFO - [2025-04-18T10:19:59.838+0530] {dagbag.py:588} INFO - Filling up the DagBag from /home/prakhar/Desktop/Bootcamp/Python/Airflow-Project/airflowvenv/lib/python3.12/site-packages/airflow/example_dags/example_task_group.py
[2025-04-18T10:19:59.850+0530] {processor.py:925} INFO - DAG(s) 'example_task_group' retrieved from /home/prakhar/Desktop/Bootcamp/Python/Airflow-Project/airflowvenv/lib/python3.12/site-packages/airflow/example_dags/example_task_group.py
[2025-04-18T10:19:59.864+0530] {logging_mixin.py:190} INFO - [2025-04-18T10:19:59.864+0530] {dag.py:3239} INFO - Sync 1 DAGs
[2025-04-18T10:19:59.870+0530] {logging_mixin.py:190} INFO - [2025-04-18T10:19:59.870+0530] {dag.py:4180} INFO - Setting next_dagrun for example_task_group to None, run_after=None
[2025-04-18T10:19:59.953+0530] {processor.py:208} INFO - Processing /home/prakhar/Desktop/Bootcamp/Python/Airflow-Project/airflowvenv/lib/python3.12/site-packages/airflow/example_dags/example_task_group.py took 0.159 seconds
[2025-04-18T10:21:09.414+0530] {processor.py:186} INFO - Started process (PID=21222) to work on /home/prakhar/Desktop/Bootcamp/Python/Airflow-Project/airflowvenv/lib/python3.12/site-packages/airflow/example_dags/example_task_group.py
[2025-04-18T10:21:09.414+0530] {processor.py:914} INFO - Processing file /home/prakhar/Desktop/Bootcamp/Python/Airflow-Project/airflowvenv/lib/python3.12/site-packages/airflow/example_dags/example_task_group.py for tasks to queue
[2025-04-18T10:21:09.416+0530] {logging_mixin.py:190} INFO - [2025-04-18T10:21:09.415+0530] {dagbag.py:588} INFO - Filling up the DagBag from /home/prakhar/Desktop/Bootcamp/Python/Airflow-Project/airflowvenv/lib/python3.12/site-packages/airflow/example_dags/example_task_group.py
[2025-04-18T10:21:09.423+0530] {processor.py:925} INFO - DAG(s) 'example_task_group' retrieved from /home/prakhar/Desktop/Bootcamp/Python/Airflow-Project/airflowvenv/lib/python3.12/site-packages/airflow/example_dags/example_task_group.py
[2025-04-18T10:21:09.433+0530] {logging_mixin.py:190} INFO - [2025-04-18T10:21:09.433+0530] {dag.py:3239} INFO - Sync 1 DAGs
[2025-04-18T10:21:09.439+0530] {logging_mixin.py:190} INFO - [2025-04-18T10:21:09.439+0530] {dag.py:4180} INFO - Setting next_dagrun for example_task_group to None, run_after=None
[2025-04-18T10:21:09.564+0530] {processor.py:208} INFO - Processing /home/prakhar/Desktop/Bootcamp/Python/Airflow-Project/airflowvenv/lib/python3.12/site-packages/airflow/example_dags/example_task_group.py took 0.154 seconds
[2025-04-18T10:23:02.607+0530] {processor.py:186} INFO - Started process (PID=22755) to work on /home/prakhar/Desktop/Bootcamp/Python/Airflow-Project/airflowvenv/lib/python3.12/site-packages/airflow/example_dags/example_task_group.py
[2025-04-18T10:23:02.650+0530] {processor.py:914} INFO - Processing file /home/prakhar/Desktop/Bootcamp/Python/Airflow-Project/airflowvenv/lib/python3.12/site-packages/airflow/example_dags/example_task_group.py for tasks to queue
[2025-04-18T10:23:02.654+0530] {logging_mixin.py:190} INFO - [2025-04-18T10:23:02.653+0530] {dagbag.py:588} INFO - Filling up the DagBag from /home/prakhar/Desktop/Bootcamp/Python/Airflow-Project/airflowvenv/lib/python3.12/site-packages/airflow/example_dags/example_task_group.py
[2025-04-18T10:23:02.667+0530] {processor.py:925} INFO - DAG(s) 'example_task_group' retrieved from /home/prakhar/Desktop/Bootcamp/Python/Airflow-Project/airflowvenv/lib/python3.12/site-packages/airflow/example_dags/example_task_group.py
[2025-04-18T10:23:02.677+0530] {logging_mixin.py:190} INFO - [2025-04-18T10:23:02.677+0530] {dag.py:3239} INFO - Sync 1 DAGs
[2025-04-18T10:23:02.684+0530] {logging_mixin.py:190} INFO - [2025-04-18T10:23:02.684+0530] {dag.py:4180} INFO - Setting next_dagrun for example_task_group to None, run_after=None
[2025-04-18T10:23:02.759+0530] {processor.py:208} INFO - Processing /home/prakhar/Desktop/Bootcamp/Python/Airflow-Project/airflowvenv/lib/python3.12/site-packages/airflow/example_dags/example_task_group.py took 0.156 seconds
[2025-04-18T10:24:20.750+0530] {processor.py:186} INFO - Started process (PID=23251) to work on /home/prakhar/Desktop/Bootcamp/Python/Airflow-Project/airflowvenv/lib/python3.12/site-packages/airflow/example_dags/example_task_group.py
[2025-04-18T10:24:20.782+0530] {processor.py:914} INFO - Processing file /home/prakhar/Desktop/Bootcamp/Python/Airflow-Project/airflowvenv/lib/python3.12/site-packages/airflow/example_dags/example_task_group.py for tasks to queue
[2025-04-18T10:24:20.783+0530] {logging_mixin.py:190} INFO - [2025-04-18T10:24:20.783+0530] {dagbag.py:588} INFO - Filling up the DagBag from /home/prakhar/Desktop/Bootcamp/Python/Airflow-Project/airflowvenv/lib/python3.12/site-packages/airflow/example_dags/example_task_group.py
[2025-04-18T10:24:20.789+0530] {processor.py:925} INFO - DAG(s) 'example_task_group' retrieved from /home/prakhar/Desktop/Bootcamp/Python/Airflow-Project/airflowvenv/lib/python3.12/site-packages/airflow/example_dags/example_task_group.py
[2025-04-18T10:24:20.801+0530] {logging_mixin.py:190} INFO - [2025-04-18T10:24:20.801+0530] {dag.py:3239} INFO - Sync 1 DAGs
[2025-04-18T10:24:20.809+0530] {logging_mixin.py:190} INFO - [2025-04-18T10:24:20.809+0530] {dag.py:4180} INFO - Setting next_dagrun for example_task_group to None, run_after=None
[2025-04-18T10:24:20.872+0530] {processor.py:208} INFO - Processing /home/prakhar/Desktop/Bootcamp/Python/Airflow-Project/airflowvenv/lib/python3.12/site-packages/airflow/example_dags/example_task_group.py took 0.127 seconds
[2025-04-18T10:25:37.936+0530] {processor.py:186} INFO - Started process (PID=23638) to work on /home/prakhar/Desktop/Bootcamp/Python/Airflow-Project/airflowvenv/lib/python3.12/site-packages/airflow/example_dags/example_task_group.py
[2025-04-18T10:25:37.946+0530] {processor.py:914} INFO - Processing file /home/prakhar/Desktop/Bootcamp/Python/Airflow-Project/airflowvenv/lib/python3.12/site-packages/airflow/example_dags/example_task_group.py for tasks to queue
[2025-04-18T10:25:37.947+0530] {logging_mixin.py:190} INFO - [2025-04-18T10:25:37.947+0530] {dagbag.py:588} INFO - Filling up the DagBag from /home/prakhar/Desktop/Bootcamp/Python/Airflow-Project/airflowvenv/lib/python3.12/site-packages/airflow/example_dags/example_task_group.py
[2025-04-18T10:25:37.954+0530] {processor.py:925} INFO - DAG(s) 'example_task_group' retrieved from /home/prakhar/Desktop/Bootcamp/Python/Airflow-Project/airflowvenv/lib/python3.12/site-packages/airflow/example_dags/example_task_group.py
[2025-04-18T10:25:37.965+0530] {logging_mixin.py:190} INFO - [2025-04-18T10:25:37.965+0530] {dag.py:3239} INFO - Sync 1 DAGs
[2025-04-18T10:25:37.973+0530] {logging_mixin.py:190} INFO - [2025-04-18T10:25:37.973+0530] {dag.py:4180} INFO - Setting next_dagrun for example_task_group to None, run_after=None
[2025-04-18T10:25:38.170+0530] {processor.py:208} INFO - Processing /home/prakhar/Desktop/Bootcamp/Python/Airflow-Project/airflowvenv/lib/python3.12/site-packages/airflow/example_dags/example_task_group.py took 0.239 seconds
[2025-04-18T10:26:58.376+0530] {processor.py:186} INFO - Started process (PID=24024) to work on /home/prakhar/Desktop/Bootcamp/Python/Airflow-Project/airflowvenv/lib/python3.12/site-packages/airflow/example_dags/example_task_group.py
[2025-04-18T10:26:58.394+0530] {processor.py:914} INFO - Processing file /home/prakhar/Desktop/Bootcamp/Python/Airflow-Project/airflowvenv/lib/python3.12/site-packages/airflow/example_dags/example_task_group.py for tasks to queue
[2025-04-18T10:26:58.396+0530] {logging_mixin.py:190} INFO - [2025-04-18T10:26:58.396+0530] {dagbag.py:588} INFO - Filling up the DagBag from /home/prakhar/Desktop/Bootcamp/Python/Airflow-Project/airflowvenv/lib/python3.12/site-packages/airflow/example_dags/example_task_group.py
[2025-04-18T10:26:58.407+0530] {processor.py:925} INFO - DAG(s) 'example_task_group' retrieved from /home/prakhar/Desktop/Bootcamp/Python/Airflow-Project/airflowvenv/lib/python3.12/site-packages/airflow/example_dags/example_task_group.py
[2025-04-18T10:26:58.419+0530] {logging_mixin.py:190} INFO - [2025-04-18T10:26:58.418+0530] {dag.py:3239} INFO - Sync 1 DAGs
[2025-04-18T10:26:58.427+0530] {logging_mixin.py:190} INFO - [2025-04-18T10:26:58.427+0530] {dag.py:4180} INFO - Setting next_dagrun for example_task_group to None, run_after=None
[2025-04-18T10:26:58.504+0530] {processor.py:208} INFO - Processing /home/prakhar/Desktop/Bootcamp/Python/Airflow-Project/airflowvenv/lib/python3.12/site-packages/airflow/example_dags/example_task_group.py took 0.132 seconds
[2025-04-18T10:28:17.724+0530] {processor.py:186} INFO - Started process (PID=24243) to work on /home/prakhar/Desktop/Bootcamp/Python/Airflow-Project/airflowvenv/lib/python3.12/site-packages/airflow/example_dags/example_task_group.py
[2025-04-18T10:28:17.754+0530] {processor.py:914} INFO - Processing file /home/prakhar/Desktop/Bootcamp/Python/Airflow-Project/airflowvenv/lib/python3.12/site-packages/airflow/example_dags/example_task_group.py for tasks to queue
[2025-04-18T10:28:17.757+0530] {logging_mixin.py:190} INFO - [2025-04-18T10:28:17.757+0530] {dagbag.py:588} INFO - Filling up the DagBag from /home/prakhar/Desktop/Bootcamp/Python/Airflow-Project/airflowvenv/lib/python3.12/site-packages/airflow/example_dags/example_task_group.py
[2025-04-18T10:28:17.768+0530] {processor.py:925} INFO - DAG(s) 'example_task_group' retrieved from /home/prakhar/Desktop/Bootcamp/Python/Airflow-Project/airflowvenv/lib/python3.12/site-packages/airflow/example_dags/example_task_group.py
[2025-04-18T10:28:17.778+0530] {logging_mixin.py:190} INFO - [2025-04-18T10:28:17.777+0530] {dag.py:3239} INFO - Sync 1 DAGs
[2025-04-18T10:28:17.784+0530] {logging_mixin.py:190} INFO - [2025-04-18T10:28:17.784+0530] {dag.py:4180} INFO - Setting next_dagrun for example_task_group to None, run_after=None
[2025-04-18T10:28:17.869+0530] {processor.py:208} INFO - Processing /home/prakhar/Desktop/Bootcamp/Python/Airflow-Project/airflowvenv/lib/python3.12/site-packages/airflow/example_dags/example_task_group.py took 0.149 seconds
[2025-04-18T10:29:37.522+0530] {processor.py:186} INFO - Started process (PID=24590) to work on /home/prakhar/Desktop/Bootcamp/Python/Airflow-Project/airflowvenv/lib/python3.12/site-packages/airflow/example_dags/example_task_group.py
[2025-04-18T10:29:37.527+0530] {processor.py:914} INFO - Processing file /home/prakhar/Desktop/Bootcamp/Python/Airflow-Project/airflowvenv/lib/python3.12/site-packages/airflow/example_dags/example_task_group.py for tasks to queue
[2025-04-18T10:29:37.529+0530] {logging_mixin.py:190} INFO - [2025-04-18T10:29:37.529+0530] {dagbag.py:588} INFO - Filling up the DagBag from /home/prakhar/Desktop/Bootcamp/Python/Airflow-Project/airflowvenv/lib/python3.12/site-packages/airflow/example_dags/example_task_group.py
[2025-04-18T10:29:37.535+0530] {processor.py:925} INFO - DAG(s) 'example_task_group' retrieved from /home/prakhar/Desktop/Bootcamp/Python/Airflow-Project/airflowvenv/lib/python3.12/site-packages/airflow/example_dags/example_task_group.py
[2025-04-18T10:29:37.544+0530] {logging_mixin.py:190} INFO - [2025-04-18T10:29:37.544+0530] {dag.py:3239} INFO - Sync 1 DAGs
[2025-04-18T10:29:37.550+0530] {logging_mixin.py:190} INFO - [2025-04-18T10:29:37.550+0530] {dag.py:4180} INFO - Setting next_dagrun for example_task_group to None, run_after=None
[2025-04-18T10:29:37.634+0530] {processor.py:208} INFO - Processing /home/prakhar/Desktop/Bootcamp/Python/Airflow-Project/airflowvenv/lib/python3.12/site-packages/airflow/example_dags/example_task_group.py took 0.115 seconds
