[2025-04-18T10:17:48.260+0530] {processor.py:186} INFO - Started process (PID=18851) to work on /home/prakhar/Desktop/Bootcamp/Python/Airflow-Project/airflowvenv/lib/python3.12/site-packages/airflow/example_dags/example_external_task_marker_dag.py
[2025-04-18T10:17:48.260+0530] {processor.py:914} INFO - Processing file /home/prakhar/Desktop/Bootcamp/Python/Airflow-Project/airflowvenv/lib/python3.12/site-packages/airflow/example_dags/example_external_task_marker_dag.py for tasks to queue
[2025-04-18T10:17:48.262+0530] {logging_mixin.py:190} INFO - [2025-04-18T10:17:48.262+0530] {dagbag.py:588} INFO - Filling up the DagBag from /home/prakhar/Desktop/Bootcamp/Python/Airflow-Project/airflowvenv/lib/python3.12/site-packages/airflow/example_dags/example_external_task_marker_dag.py
[2025-04-18T10:17:48.274+0530] {processor.py:925} INFO - DAG(s) 'example_external_task_marker_parent', 'example_external_task_marker_child' retrieved from /home/prakhar/Desktop/Bootcamp/Python/Airflow-Project/airflowvenv/lib/python3.12/site-packages/airflow/example_dags/example_external_task_marker_dag.py
[2025-04-18T10:17:48.284+0530] {logging_mixin.py:190} INFO - [2025-04-18T10:17:48.284+0530] {dag.py:3239} INFO - Sync 2 DAGs
[2025-04-18T10:17:48.292+0530] {logging_mixin.py:190} INFO - [2025-04-18T10:17:48.291+0530] {dag.py:4180} INFO - Setting next_dagrun for example_external_task_marker_child to None, run_after=None
[2025-04-18T10:17:48.293+0530] {logging_mixin.py:190} INFO - [2025-04-18T10:17:48.293+0530] {dag.py:4180} INFO - Setting next_dagrun for example_external_task_marker_parent to None, run_after=None
[2025-04-18T10:17:48.400+0530] {processor.py:208} INFO - Processing /home/prakhar/Desktop/Bootcamp/Python/Airflow-Project/airflowvenv/lib/python3.12/site-packages/airflow/example_dags/example_external_task_marker_dag.py took 0.147 seconds
[2025-04-18T10:19:06.829+0530] {processor.py:186} INFO - Started process (PID=19767) to work on /home/prakhar/Desktop/Bootcamp/Python/Airflow-Project/airflowvenv/lib/python3.12/site-packages/airflow/example_dags/example_external_task_marker_dag.py
[2025-04-18T10:19:06.830+0530] {processor.py:914} INFO - Processing file /home/prakhar/Desktop/Bootcamp/Python/Airflow-Project/airflowvenv/lib/python3.12/site-packages/airflow/example_dags/example_external_task_marker_dag.py for tasks to queue
[2025-04-18T10:19:06.831+0530] {logging_mixin.py:190} INFO - [2025-04-18T10:19:06.831+0530] {dagbag.py:588} INFO - Filling up the DagBag from /home/prakhar/Desktop/Bootcamp/Python/Airflow-Project/airflowvenv/lib/python3.12/site-packages/airflow/example_dags/example_external_task_marker_dag.py
[2025-04-18T10:19:06.836+0530] {processor.py:925} INFO - DAG(s) 'example_external_task_marker_child', 'example_external_task_marker_parent' retrieved from /home/prakhar/Desktop/Bootcamp/Python/Airflow-Project/airflowvenv/lib/python3.12/site-packages/airflow/example_dags/example_external_task_marker_dag.py
[2025-04-18T10:19:06.848+0530] {logging_mixin.py:190} INFO - [2025-04-18T10:19:06.848+0530] {dag.py:3239} INFO - Sync 2 DAGs
[2025-04-18T10:19:06.855+0530] {logging_mixin.py:190} INFO - [2025-04-18T10:19:06.855+0530] {dag.py:4180} INFO - Setting next_dagrun for example_external_task_marker_child to None, run_after=None
[2025-04-18T10:19:06.857+0530] {logging_mixin.py:190} INFO - [2025-04-18T10:19:06.857+0530] {dag.py:4180} INFO - Setting next_dagrun for example_external_task_marker_parent to None, run_after=None
[2025-04-18T10:19:06.960+0530] {processor.py:208} INFO - Processing /home/prakhar/Desktop/Bootcamp/Python/Airflow-Project/airflowvenv/lib/python3.12/site-packages/airflow/example_dags/example_external_task_marker_dag.py took 0.135 seconds
[2025-04-18T10:20:27.739+0530] {processor.py:186} INFO - Started process (PID=20671) to work on /home/prakhar/Desktop/Bootcamp/Python/Airflow-Project/airflowvenv/lib/python3.12/site-packages/airflow/example_dags/example_external_task_marker_dag.py
[2025-04-18T10:20:27.740+0530] {processor.py:914} INFO - Processing file /home/prakhar/Desktop/Bootcamp/Python/Airflow-Project/airflowvenv/lib/python3.12/site-packages/airflow/example_dags/example_external_task_marker_dag.py for tasks to queue
[2025-04-18T10:20:27.741+0530] {logging_mixin.py:190} INFO - [2025-04-18T10:20:27.741+0530] {dagbag.py:588} INFO - Filling up the DagBag from /home/prakhar/Desktop/Bootcamp/Python/Airflow-Project/airflowvenv/lib/python3.12/site-packages/airflow/example_dags/example_external_task_marker_dag.py
[2025-04-18T10:20:27.748+0530] {processor.py:925} INFO - DAG(s) 'example_external_task_marker_parent', 'example_external_task_marker_child' retrieved from /home/prakhar/Desktop/Bootcamp/Python/Airflow-Project/airflowvenv/lib/python3.12/site-packages/airflow/example_dags/example_external_task_marker_dag.py
[2025-04-18T10:20:27.758+0530] {logging_mixin.py:190} INFO - [2025-04-18T10:20:27.758+0530] {dag.py:3239} INFO - Sync 2 DAGs
[2025-04-18T10:20:27.767+0530] {logging_mixin.py:190} INFO - [2025-04-18T10:20:27.767+0530] {dag.py:4180} INFO - Setting next_dagrun for example_external_task_marker_child to None, run_after=None
[2025-04-18T10:20:27.769+0530] {logging_mixin.py:190} INFO - [2025-04-18T10:20:27.769+0530] {dag.py:4180} INFO - Setting next_dagrun for example_external_task_marker_parent to None, run_after=None
[2025-04-18T10:20:27.907+0530] {processor.py:208} INFO - Processing /home/prakhar/Desktop/Bootcamp/Python/Airflow-Project/airflowvenv/lib/python3.12/site-packages/airflow/example_dags/example_external_task_marker_dag.py took 0.171 seconds
[2025-04-18T10:22:01.011+0530] {processor.py:186} INFO - Started process (PID=21946) to work on /home/prakhar/Desktop/Bootcamp/Python/Airflow-Project/airflowvenv/lib/python3.12/site-packages/airflow/example_dags/example_external_task_marker_dag.py
[2025-04-18T10:22:01.011+0530] {processor.py:914} INFO - Processing file /home/prakhar/Desktop/Bootcamp/Python/Airflow-Project/airflowvenv/lib/python3.12/site-packages/airflow/example_dags/example_external_task_marker_dag.py for tasks to queue
[2025-04-18T10:22:01.013+0530] {logging_mixin.py:190} INFO - [2025-04-18T10:22:01.012+0530] {dagbag.py:588} INFO - Filling up the DagBag from /home/prakhar/Desktop/Bootcamp/Python/Airflow-Project/airflowvenv/lib/python3.12/site-packages/airflow/example_dags/example_external_task_marker_dag.py
[2025-04-18T10:22:01.020+0530] {processor.py:925} INFO - DAG(s) 'example_external_task_marker_child', 'example_external_task_marker_parent' retrieved from /home/prakhar/Desktop/Bootcamp/Python/Airflow-Project/airflowvenv/lib/python3.12/site-packages/airflow/example_dags/example_external_task_marker_dag.py
[2025-04-18T10:22:01.033+0530] {logging_mixin.py:190} INFO - [2025-04-18T10:22:01.032+0530] {dag.py:3239} INFO - Sync 2 DAGs
[2025-04-18T10:22:01.041+0530] {logging_mixin.py:190} INFO - [2025-04-18T10:22:01.041+0530] {dag.py:4180} INFO - Setting next_dagrun for example_external_task_marker_child to None, run_after=None
[2025-04-18T10:22:01.043+0530] {logging_mixin.py:190} INFO - [2025-04-18T10:22:01.043+0530] {dag.py:4180} INFO - Setting next_dagrun for example_external_task_marker_parent to None, run_after=None
[2025-04-18T10:22:01.115+0530] {processor.py:208} INFO - Processing /home/prakhar/Desktop/Bootcamp/Python/Airflow-Project/airflowvenv/lib/python3.12/site-packages/airflow/example_dags/example_external_task_marker_dag.py took 0.107 seconds
[2025-04-18T10:23:44.513+0530] {processor.py:186} INFO - Started process (PID=23048) to work on /home/prakhar/Desktop/Bootcamp/Python/Airflow-Project/airflowvenv/lib/python3.12/site-packages/airflow/example_dags/example_external_task_marker_dag.py
[2025-04-18T10:23:44.513+0530] {processor.py:914} INFO - Processing file /home/prakhar/Desktop/Bootcamp/Python/Airflow-Project/airflowvenv/lib/python3.12/site-packages/airflow/example_dags/example_external_task_marker_dag.py for tasks to queue
[2025-04-18T10:23:44.515+0530] {logging_mixin.py:190} INFO - [2025-04-18T10:23:44.514+0530] {dagbag.py:588} INFO - Filling up the DagBag from /home/prakhar/Desktop/Bootcamp/Python/Airflow-Project/airflowvenv/lib/python3.12/site-packages/airflow/example_dags/example_external_task_marker_dag.py
[2025-04-18T10:23:44.521+0530] {processor.py:925} INFO - DAG(s) 'example_external_task_marker_child', 'example_external_task_marker_parent' retrieved from /home/prakhar/Desktop/Bootcamp/Python/Airflow-Project/airflowvenv/lib/python3.12/site-packages/airflow/example_dags/example_external_task_marker_dag.py
[2025-04-18T10:23:44.532+0530] {logging_mixin.py:190} INFO - [2025-04-18T10:23:44.531+0530] {dag.py:3239} INFO - Sync 2 DAGs
[2025-04-18T10:23:44.538+0530] {logging_mixin.py:190} INFO - [2025-04-18T10:23:44.537+0530] {dag.py:4180} INFO - Setting next_dagrun for example_external_task_marker_child to None, run_after=None
[2025-04-18T10:23:44.539+0530] {logging_mixin.py:190} INFO - [2025-04-18T10:23:44.539+0530] {dag.py:4180} INFO - Setting next_dagrun for example_external_task_marker_parent to None, run_after=None
[2025-04-18T10:23:44.615+0530] {processor.py:208} INFO - Processing /home/prakhar/Desktop/Bootcamp/Python/Airflow-Project/airflowvenv/lib/python3.12/site-packages/airflow/example_dags/example_external_task_marker_dag.py took 0.106 seconds
[2025-04-18T10:25:03.085+0530] {processor.py:186} INFO - Started process (PID=23533) to work on /home/prakhar/Desktop/Bootcamp/Python/Airflow-Project/airflowvenv/lib/python3.12/site-packages/airflow/example_dags/example_external_task_marker_dag.py
[2025-04-18T10:25:03.124+0530] {processor.py:914} INFO - Processing file /home/prakhar/Desktop/Bootcamp/Python/Airflow-Project/airflowvenv/lib/python3.12/site-packages/airflow/example_dags/example_external_task_marker_dag.py for tasks to queue
[2025-04-18T10:25:03.126+0530] {logging_mixin.py:190} INFO - [2025-04-18T10:25:03.125+0530] {dagbag.py:588} INFO - Filling up the DagBag from /home/prakhar/Desktop/Bootcamp/Python/Airflow-Project/airflowvenv/lib/python3.12/site-packages/airflow/example_dags/example_external_task_marker_dag.py
[2025-04-18T10:25:03.133+0530] {processor.py:925} INFO - DAG(s) 'example_external_task_marker_child', 'example_external_task_marker_parent' retrieved from /home/prakhar/Desktop/Bootcamp/Python/Airflow-Project/airflowvenv/lib/python3.12/site-packages/airflow/example_dags/example_external_task_marker_dag.py
[2025-04-18T10:25:03.143+0530] {logging_mixin.py:190} INFO - [2025-04-18T10:25:03.143+0530] {dag.py:3239} INFO - Sync 2 DAGs
[2025-04-18T10:25:03.153+0530] {logging_mixin.py:190} INFO - [2025-04-18T10:25:03.153+0530] {dag.py:4180} INFO - Setting next_dagrun for example_external_task_marker_child to None, run_after=None
[2025-04-18T10:25:03.155+0530] {logging_mixin.py:190} INFO - [2025-04-18T10:25:03.155+0530] {dag.py:4180} INFO - Setting next_dagrun for example_external_task_marker_parent to None, run_after=None
[2025-04-18T10:25:03.216+0530] {processor.py:208} INFO - Processing /home/prakhar/Desktop/Bootcamp/Python/Airflow-Project/airflowvenv/lib/python3.12/site-packages/airflow/example_dags/example_external_task_marker_dag.py took 0.135 seconds
[2025-04-18T10:26:18.732+0530] {processor.py:186} INFO - Started process (PID=23897) to work on /home/prakhar/Desktop/Bootcamp/Python/Airflow-Project/airflowvenv/lib/python3.12/site-packages/airflow/example_dags/example_external_task_marker_dag.py
[2025-04-18T10:26:18.765+0530] {processor.py:914} INFO - Processing file /home/prakhar/Desktop/Bootcamp/Python/Airflow-Project/airflowvenv/lib/python3.12/site-packages/airflow/example_dags/example_external_task_marker_dag.py for tasks to queue
[2025-04-18T10:26:18.768+0530] {logging_mixin.py:190} INFO - [2025-04-18T10:26:18.768+0530] {dagbag.py:588} INFO - Filling up the DagBag from /home/prakhar/Desktop/Bootcamp/Python/Airflow-Project/airflowvenv/lib/python3.12/site-packages/airflow/example_dags/example_external_task_marker_dag.py
[2025-04-18T10:26:18.774+0530] {processor.py:925} INFO - DAG(s) 'example_external_task_marker_parent', 'example_external_task_marker_child' retrieved from /home/prakhar/Desktop/Bootcamp/Python/Airflow-Project/airflowvenv/lib/python3.12/site-packages/airflow/example_dags/example_external_task_marker_dag.py
[2025-04-18T10:26:18.787+0530] {logging_mixin.py:190} INFO - [2025-04-18T10:26:18.787+0530] {dag.py:3239} INFO - Sync 2 DAGs
[2025-04-18T10:26:18.797+0530] {logging_mixin.py:190} INFO - [2025-04-18T10:26:18.797+0530] {dag.py:4180} INFO - Setting next_dagrun for example_external_task_marker_child to None, run_after=None
[2025-04-18T10:26:18.800+0530] {logging_mixin.py:190} INFO - [2025-04-18T10:26:18.799+0530] {dag.py:4180} INFO - Setting next_dagrun for example_external_task_marker_parent to None, run_after=None
[2025-04-18T10:26:18.873+0530] {processor.py:208} INFO - Processing /home/prakhar/Desktop/Bootcamp/Python/Airflow-Project/airflowvenv/lib/python3.12/site-packages/airflow/example_dags/example_external_task_marker_dag.py took 0.145 seconds
[2025-04-18T10:27:42.523+0530] {processor.py:186} INFO - Started process (PID=24180) to work on /home/prakhar/Desktop/Bootcamp/Python/Airflow-Project/airflowvenv/lib/python3.12/site-packages/airflow/example_dags/example_external_task_marker_dag.py
[2025-04-18T10:27:42.560+0530] {processor.py:914} INFO - Processing file /home/prakhar/Desktop/Bootcamp/Python/Airflow-Project/airflowvenv/lib/python3.12/site-packages/airflow/example_dags/example_external_task_marker_dag.py for tasks to queue
[2025-04-18T10:27:42.562+0530] {logging_mixin.py:190} INFO - [2025-04-18T10:27:42.562+0530] {dagbag.py:588} INFO - Filling up the DagBag from /home/prakhar/Desktop/Bootcamp/Python/Airflow-Project/airflowvenv/lib/python3.12/site-packages/airflow/example_dags/example_external_task_marker_dag.py
[2025-04-18T10:27:42.573+0530] {processor.py:925} INFO - DAG(s) 'example_external_task_marker_child', 'example_external_task_marker_parent' retrieved from /home/prakhar/Desktop/Bootcamp/Python/Airflow-Project/airflowvenv/lib/python3.12/site-packages/airflow/example_dags/example_external_task_marker_dag.py
[2025-04-18T10:27:42.585+0530] {logging_mixin.py:190} INFO - [2025-04-18T10:27:42.585+0530] {dag.py:3239} INFO - Sync 2 DAGs
[2025-04-18T10:27:42.593+0530] {logging_mixin.py:190} INFO - [2025-04-18T10:27:42.592+0530] {dag.py:4180} INFO - Setting next_dagrun for example_external_task_marker_child to None, run_after=None
[2025-04-18T10:27:42.595+0530] {logging_mixin.py:190} INFO - [2025-04-18T10:27:42.595+0530] {dag.py:4180} INFO - Setting next_dagrun for example_external_task_marker_parent to None, run_after=None
[2025-04-18T10:27:42.672+0530] {processor.py:208} INFO - Processing /home/prakhar/Desktop/Bootcamp/Python/Airflow-Project/airflowvenv/lib/python3.12/site-packages/airflow/example_dags/example_external_task_marker_dag.py took 0.155 seconds
[2025-04-18T10:29:00.852+0530] {processor.py:186} INFO - Started process (PID=24450) to work on /home/prakhar/Desktop/Bootcamp/Python/Airflow-Project/airflowvenv/lib/python3.12/site-packages/airflow/example_dags/example_external_task_marker_dag.py
[2025-04-18T10:29:00.891+0530] {processor.py:914} INFO - Processing file /home/prakhar/Desktop/Bootcamp/Python/Airflow-Project/airflowvenv/lib/python3.12/site-packages/airflow/example_dags/example_external_task_marker_dag.py for tasks to queue
[2025-04-18T10:29:00.894+0530] {logging_mixin.py:190} INFO - [2025-04-18T10:29:00.894+0530] {dagbag.py:588} INFO - Filling up the DagBag from /home/prakhar/Desktop/Bootcamp/Python/Airflow-Project/airflowvenv/lib/python3.12/site-packages/airflow/example_dags/example_external_task_marker_dag.py
[2025-04-18T10:29:00.905+0530] {processor.py:925} INFO - DAG(s) 'example_external_task_marker_child', 'example_external_task_marker_parent' retrieved from /home/prakhar/Desktop/Bootcamp/Python/Airflow-Project/airflowvenv/lib/python3.12/site-packages/airflow/example_dags/example_external_task_marker_dag.py
[2025-04-18T10:29:00.917+0530] {logging_mixin.py:190} INFO - [2025-04-18T10:29:00.916+0530] {dag.py:3239} INFO - Sync 2 DAGs
[2025-04-18T10:29:00.923+0530] {logging_mixin.py:190} INFO - [2025-04-18T10:29:00.923+0530] {dag.py:4180} INFO - Setting next_dagrun for example_external_task_marker_child to None, run_after=None
[2025-04-18T10:29:00.925+0530] {logging_mixin.py:190} INFO - [2025-04-18T10:29:00.925+0530] {dag.py:4180} INFO - Setting next_dagrun for example_external_task_marker_parent to None, run_after=None
[2025-04-18T10:29:01.000+0530] {processor.py:208} INFO - Processing /home/prakhar/Desktop/Bootcamp/Python/Airflow-Project/airflowvenv/lib/python3.12/site-packages/airflow/example_dags/example_external_task_marker_dag.py took 0.152 seconds
[2025-04-18T10:30:19.384+0530] {processor.py:186} INFO - Started process (PID=24841) to work on /home/prakhar/Desktop/Bootcamp/Python/Airflow-Project/airflowvenv/lib/python3.12/site-packages/airflow/example_dags/example_external_task_marker_dag.py
[2025-04-18T10:30:19.413+0530] {processor.py:914} INFO - Processing file /home/prakhar/Desktop/Bootcamp/Python/Airflow-Project/airflowvenv/lib/python3.12/site-packages/airflow/example_dags/example_external_task_marker_dag.py for tasks to queue
[2025-04-18T10:30:19.417+0530] {logging_mixin.py:190} INFO - [2025-04-18T10:30:19.416+0530] {dagbag.py:588} INFO - Filling up the DagBag from /home/prakhar/Desktop/Bootcamp/Python/Airflow-Project/airflowvenv/lib/python3.12/site-packages/airflow/example_dags/example_external_task_marker_dag.py
[2025-04-18T10:30:19.430+0530] {processor.py:925} INFO - DAG(s) 'example_external_task_marker_parent', 'example_external_task_marker_child' retrieved from /home/prakhar/Desktop/Bootcamp/Python/Airflow-Project/airflowvenv/lib/python3.12/site-packages/airflow/example_dags/example_external_task_marker_dag.py
[2025-04-18T10:30:19.441+0530] {logging_mixin.py:190} INFO - [2025-04-18T10:30:19.441+0530] {dag.py:3239} INFO - Sync 2 DAGs
[2025-04-18T10:30:19.447+0530] {logging_mixin.py:190} INFO - [2025-04-18T10:30:19.447+0530] {dag.py:4180} INFO - Setting next_dagrun for example_external_task_marker_child to None, run_after=None
[2025-04-18T10:30:19.449+0530] {logging_mixin.py:190} INFO - [2025-04-18T10:30:19.449+0530] {dag.py:4180} INFO - Setting next_dagrun for example_external_task_marker_parent to None, run_after=None
[2025-04-18T10:30:19.554+0530] {processor.py:208} INFO - Processing /home/prakhar/Desktop/Bootcamp/Python/Airflow-Project/airflowvenv/lib/python3.12/site-packages/airflow/example_dags/example_external_task_marker_dag.py took 0.176 seconds
