[2025-04-18T10:17:24.623+0530] {processor.py:186} INFO - Started process (PID=18575) to work on /home/prakhar/Desktop/Bootcamp/Python/Airflow-Project/airflowvenv/lib/python3.12/site-packages/airflow/example_dags/example_skip_dag.py
[2025-04-18T10:17:24.623+0530] {processor.py:914} INFO - Processing file /home/prakhar/Desktop/Bootcamp/Python/Airflow-Project/airflowvenv/lib/python3.12/site-packages/airflow/example_dags/example_skip_dag.py for tasks to queue
[2025-04-18T10:17:24.625+0530] {logging_mixin.py:190} INFO - [2025-04-18T10:17:24.624+0530] {dagbag.py:588} INFO - Filling up the DagBag from /home/prakhar/Desktop/Bootcamp/Python/Airflow-Project/airflowvenv/lib/python3.12/site-packages/airflow/example_dags/example_skip_dag.py
[2025-04-18T10:17:24.629+0530] {processor.py:925} INFO - DAG(s) 'example_skip_dag' retrieved from /home/prakhar/Desktop/Bootcamp/Python/Airflow-Project/airflowvenv/lib/python3.12/site-packages/airflow/example_dags/example_skip_dag.py
[2025-04-18T10:17:24.642+0530] {logging_mixin.py:190} INFO - [2025-04-18T10:17:24.642+0530] {dag.py:3239} INFO - Sync 1 DAGs
[2025-04-18T10:17:24.655+0530] {logging_mixin.py:190} INFO - [2025-04-18T10:17:24.654+0530] {dag.py:4180} INFO - Setting next_dagrun for example_skip_dag to 2025-04-17 00:00:00+00:00, run_after=2025-04-18 00:00:00+00:00
[2025-04-18T10:17:24.726+0530] {processor.py:208} INFO - Processing /home/prakhar/Desktop/Bootcamp/Python/Airflow-Project/airflowvenv/lib/python3.12/site-packages/airflow/example_dags/example_skip_dag.py took 0.107 seconds
[2025-04-18T10:18:34.575+0530] {processor.py:186} INFO - Started process (PID=19381) to work on /home/prakhar/Desktop/Bootcamp/Python/Airflow-Project/airflowvenv/lib/python3.12/site-packages/airflow/example_dags/example_skip_dag.py
[2025-04-18T10:18:34.613+0530] {processor.py:914} INFO - Processing file /home/prakhar/Desktop/Bootcamp/Python/Airflow-Project/airflowvenv/lib/python3.12/site-packages/airflow/example_dags/example_skip_dag.py for tasks to queue
[2025-04-18T10:18:34.615+0530] {logging_mixin.py:190} INFO - [2025-04-18T10:18:34.614+0530] {dagbag.py:588} INFO - Filling up the DagBag from /home/prakhar/Desktop/Bootcamp/Python/Airflow-Project/airflowvenv/lib/python3.12/site-packages/airflow/example_dags/example_skip_dag.py
[2025-04-18T10:18:34.629+0530] {processor.py:925} INFO - DAG(s) 'example_skip_dag' retrieved from /home/prakhar/Desktop/Bootcamp/Python/Airflow-Project/airflowvenv/lib/python3.12/site-packages/airflow/example_dags/example_skip_dag.py
[2025-04-18T10:18:34.640+0530] {logging_mixin.py:190} INFO - [2025-04-18T10:18:34.639+0530] {dag.py:3239} INFO - Sync 1 DAGs
[2025-04-18T10:18:34.650+0530] {logging_mixin.py:190} INFO - [2025-04-18T10:18:34.650+0530] {dag.py:4180} INFO - Setting next_dagrun for example_skip_dag to 2025-04-17 00:00:00+00:00, run_after=2025-04-18 00:00:00+00:00
[2025-04-18T10:18:34.728+0530] {processor.py:208} INFO - Processing /home/prakhar/Desktop/Bootcamp/Python/Airflow-Project/airflowvenv/lib/python3.12/site-packages/airflow/example_dags/example_skip_dag.py took 0.157 seconds
[2025-04-18T10:20:06.213+0530] {processor.py:186} INFO - Started process (PID=20473) to work on /home/prakhar/Desktop/Bootcamp/Python/Airflow-Project/airflowvenv/lib/python3.12/site-packages/airflow/example_dags/example_skip_dag.py
[2025-04-18T10:20:06.217+0530] {processor.py:914} INFO - Processing file /home/prakhar/Desktop/Bootcamp/Python/Airflow-Project/airflowvenv/lib/python3.12/site-packages/airflow/example_dags/example_skip_dag.py for tasks to queue
[2025-04-18T10:20:06.218+0530] {logging_mixin.py:190} INFO - [2025-04-18T10:20:06.218+0530] {dagbag.py:588} INFO - Filling up the DagBag from /home/prakhar/Desktop/Bootcamp/Python/Airflow-Project/airflowvenv/lib/python3.12/site-packages/airflow/example_dags/example_skip_dag.py
[2025-04-18T10:20:06.225+0530] {processor.py:925} INFO - DAG(s) 'example_skip_dag' retrieved from /home/prakhar/Desktop/Bootcamp/Python/Airflow-Project/airflowvenv/lib/python3.12/site-packages/airflow/example_dags/example_skip_dag.py
[2025-04-18T10:20:06.236+0530] {logging_mixin.py:190} INFO - [2025-04-18T10:20:06.236+0530] {dag.py:3239} INFO - Sync 1 DAGs
[2025-04-18T10:20:06.253+0530] {logging_mixin.py:190} INFO - [2025-04-18T10:20:06.253+0530] {dag.py:4180} INFO - Setting next_dagrun for example_skip_dag to 2025-04-17 00:00:00+00:00, run_after=2025-04-18 00:00:00+00:00
[2025-04-18T10:20:06.319+0530] {processor.py:208} INFO - Processing /home/prakhar/Desktop/Bootcamp/Python/Airflow-Project/airflowvenv/lib/python3.12/site-packages/airflow/example_dags/example_skip_dag.py took 0.110 seconds
[2025-04-18T10:21:15.602+0530] {processor.py:186} INFO - Started process (PID=21318) to work on /home/prakhar/Desktop/Bootcamp/Python/Airflow-Project/airflowvenv/lib/python3.12/site-packages/airflow/example_dags/example_skip_dag.py
[2025-04-18T10:21:15.624+0530] {processor.py:914} INFO - Processing file /home/prakhar/Desktop/Bootcamp/Python/Airflow-Project/airflowvenv/lib/python3.12/site-packages/airflow/example_dags/example_skip_dag.py for tasks to queue
[2025-04-18T10:21:15.626+0530] {logging_mixin.py:190} INFO - [2025-04-18T10:21:15.625+0530] {dagbag.py:588} INFO - Filling up the DagBag from /home/prakhar/Desktop/Bootcamp/Python/Airflow-Project/airflowvenv/lib/python3.12/site-packages/airflow/example_dags/example_skip_dag.py
[2025-04-18T10:21:15.638+0530] {processor.py:925} INFO - DAG(s) 'example_skip_dag' retrieved from /home/prakhar/Desktop/Bootcamp/Python/Airflow-Project/airflowvenv/lib/python3.12/site-packages/airflow/example_dags/example_skip_dag.py
[2025-04-18T10:21:15.649+0530] {logging_mixin.py:190} INFO - [2025-04-18T10:21:15.649+0530] {dag.py:3239} INFO - Sync 1 DAGs
[2025-04-18T10:21:15.660+0530] {logging_mixin.py:190} INFO - [2025-04-18T10:21:15.659+0530] {dag.py:4180} INFO - Setting next_dagrun for example_skip_dag to 2025-04-17 00:00:00+00:00, run_after=2025-04-18 00:00:00+00:00
[2025-04-18T10:21:15.742+0530] {processor.py:208} INFO - Processing /home/prakhar/Desktop/Bootcamp/Python/Airflow-Project/airflowvenv/lib/python3.12/site-packages/airflow/example_dags/example_skip_dag.py took 0.144 seconds
[2025-04-18T10:23:08.964+0530] {processor.py:186} INFO - Started process (PID=22782) to work on /home/prakhar/Desktop/Bootcamp/Python/Airflow-Project/airflowvenv/lib/python3.12/site-packages/airflow/example_dags/example_skip_dag.py
[2025-04-18T10:23:08.976+0530] {processor.py:914} INFO - Processing file /home/prakhar/Desktop/Bootcamp/Python/Airflow-Project/airflowvenv/lib/python3.12/site-packages/airflow/example_dags/example_skip_dag.py for tasks to queue
[2025-04-18T10:23:08.979+0530] {logging_mixin.py:190} INFO - [2025-04-18T10:23:08.978+0530] {dagbag.py:588} INFO - Filling up the DagBag from /home/prakhar/Desktop/Bootcamp/Python/Airflow-Project/airflowvenv/lib/python3.12/site-packages/airflow/example_dags/example_skip_dag.py
[2025-04-18T10:23:08.987+0530] {processor.py:925} INFO - DAG(s) 'example_skip_dag' retrieved from /home/prakhar/Desktop/Bootcamp/Python/Airflow-Project/airflowvenv/lib/python3.12/site-packages/airflow/example_dags/example_skip_dag.py
[2025-04-18T10:23:08.998+0530] {logging_mixin.py:190} INFO - [2025-04-18T10:23:08.997+0530] {dag.py:3239} INFO - Sync 1 DAGs
[2025-04-18T10:23:09.008+0530] {logging_mixin.py:190} INFO - [2025-04-18T10:23:09.008+0530] {dag.py:4180} INFO - Setting next_dagrun for example_skip_dag to 2025-04-17 00:00:00+00:00, run_after=2025-04-18 00:00:00+00:00
[2025-04-18T10:23:09.079+0530] {processor.py:208} INFO - Processing /home/prakhar/Desktop/Bootcamp/Python/Airflow-Project/airflowvenv/lib/python3.12/site-packages/airflow/example_dags/example_skip_dag.py took 0.121 seconds
[2025-04-18T10:24:26.854+0530] {processor.py:186} INFO - Started process (PID=23258) to work on /home/prakhar/Desktop/Bootcamp/Python/Airflow-Project/airflowvenv/lib/python3.12/site-packages/airflow/example_dags/example_skip_dag.py
[2025-04-18T10:24:26.890+0530] {processor.py:914} INFO - Processing file /home/prakhar/Desktop/Bootcamp/Python/Airflow-Project/airflowvenv/lib/python3.12/site-packages/airflow/example_dags/example_skip_dag.py for tasks to queue
[2025-04-18T10:24:26.893+0530] {logging_mixin.py:190} INFO - [2025-04-18T10:24:26.892+0530] {dagbag.py:588} INFO - Filling up the DagBag from /home/prakhar/Desktop/Bootcamp/Python/Airflow-Project/airflowvenv/lib/python3.12/site-packages/airflow/example_dags/example_skip_dag.py
[2025-04-18T10:24:26.906+0530] {processor.py:925} INFO - DAG(s) 'example_skip_dag' retrieved from /home/prakhar/Desktop/Bootcamp/Python/Airflow-Project/airflowvenv/lib/python3.12/site-packages/airflow/example_dags/example_skip_dag.py
[2025-04-18T10:24:26.918+0530] {logging_mixin.py:190} INFO - [2025-04-18T10:24:26.917+0530] {dag.py:3239} INFO - Sync 1 DAGs
[2025-04-18T10:24:26.929+0530] {logging_mixin.py:190} INFO - [2025-04-18T10:24:26.929+0530] {dag.py:4180} INFO - Setting next_dagrun for example_skip_dag to 2025-04-17 00:00:00+00:00, run_after=2025-04-18 00:00:00+00:00
[2025-04-18T10:24:27.013+0530] {processor.py:208} INFO - Processing /home/prakhar/Desktop/Bootcamp/Python/Airflow-Project/airflowvenv/lib/python3.12/site-packages/airflow/example_dags/example_skip_dag.py took 0.164 seconds
[2025-04-18T10:25:44.436+0530] {processor.py:186} INFO - Started process (PID=23794) to work on /home/prakhar/Desktop/Bootcamp/Python/Airflow-Project/airflowvenv/lib/python3.12/site-packages/airflow/example_dags/example_skip_dag.py
[2025-04-18T10:25:44.455+0530] {processor.py:914} INFO - Processing file /home/prakhar/Desktop/Bootcamp/Python/Airflow-Project/airflowvenv/lib/python3.12/site-packages/airflow/example_dags/example_skip_dag.py for tasks to queue
[2025-04-18T10:25:44.456+0530] {logging_mixin.py:190} INFO - [2025-04-18T10:25:44.456+0530] {dagbag.py:588} INFO - Filling up the DagBag from /home/prakhar/Desktop/Bootcamp/Python/Airflow-Project/airflowvenv/lib/python3.12/site-packages/airflow/example_dags/example_skip_dag.py
[2025-04-18T10:25:44.463+0530] {processor.py:925} INFO - DAG(s) 'example_skip_dag' retrieved from /home/prakhar/Desktop/Bootcamp/Python/Airflow-Project/airflowvenv/lib/python3.12/site-packages/airflow/example_dags/example_skip_dag.py
[2025-04-18T10:25:44.481+0530] {logging_mixin.py:190} INFO - [2025-04-18T10:25:44.481+0530] {dag.py:3239} INFO - Sync 1 DAGs
[2025-04-18T10:25:44.497+0530] {logging_mixin.py:190} INFO - [2025-04-18T10:25:44.497+0530] {dag.py:4180} INFO - Setting next_dagrun for example_skip_dag to 2025-04-17 00:00:00+00:00, run_after=2025-04-18 00:00:00+00:00
[2025-04-18T10:25:44.611+0530] {processor.py:208} INFO - Processing /home/prakhar/Desktop/Bootcamp/Python/Airflow-Project/airflowvenv/lib/python3.12/site-packages/airflow/example_dags/example_skip_dag.py took 0.180 seconds
[2025-04-18T10:27:04.696+0530] {processor.py:186} INFO - Started process (PID=24035) to work on /home/prakhar/Desktop/Bootcamp/Python/Airflow-Project/airflowvenv/lib/python3.12/site-packages/airflow/example_dags/example_skip_dag.py
[2025-04-18T10:27:04.697+0530] {processor.py:914} INFO - Processing file /home/prakhar/Desktop/Bootcamp/Python/Airflow-Project/airflowvenv/lib/python3.12/site-packages/airflow/example_dags/example_skip_dag.py for tasks to queue
[2025-04-18T10:27:04.698+0530] {logging_mixin.py:190} INFO - [2025-04-18T10:27:04.698+0530] {dagbag.py:588} INFO - Filling up the DagBag from /home/prakhar/Desktop/Bootcamp/Python/Airflow-Project/airflowvenv/lib/python3.12/site-packages/airflow/example_dags/example_skip_dag.py
[2025-04-18T10:27:04.706+0530] {processor.py:925} INFO - DAG(s) 'example_skip_dag' retrieved from /home/prakhar/Desktop/Bootcamp/Python/Airflow-Project/airflowvenv/lib/python3.12/site-packages/airflow/example_dags/example_skip_dag.py
[2025-04-18T10:27:04.716+0530] {logging_mixin.py:190} INFO - [2025-04-18T10:27:04.716+0530] {dag.py:3239} INFO - Sync 1 DAGs
[2025-04-18T10:27:04.732+0530] {logging_mixin.py:190} INFO - [2025-04-18T10:27:04.732+0530] {dag.py:4180} INFO - Setting next_dagrun for example_skip_dag to 2025-04-17 00:00:00+00:00, run_after=2025-04-18 00:00:00+00:00
[2025-04-18T10:27:04.833+0530] {processor.py:208} INFO - Processing /home/prakhar/Desktop/Bootcamp/Python/Airflow-Project/airflowvenv/lib/python3.12/site-packages/airflow/example_dags/example_skip_dag.py took 0.141 seconds
[2025-04-18T10:28:23.342+0530] {processor.py:186} INFO - Started process (PID=24253) to work on /home/prakhar/Desktop/Bootcamp/Python/Airflow-Project/airflowvenv/lib/python3.12/site-packages/airflow/example_dags/example_skip_dag.py
[2025-04-18T10:28:23.343+0530] {processor.py:914} INFO - Processing file /home/prakhar/Desktop/Bootcamp/Python/Airflow-Project/airflowvenv/lib/python3.12/site-packages/airflow/example_dags/example_skip_dag.py for tasks to queue
[2025-04-18T10:28:23.345+0530] {logging_mixin.py:190} INFO - [2025-04-18T10:28:23.345+0530] {dagbag.py:588} INFO - Filling up the DagBag from /home/prakhar/Desktop/Bootcamp/Python/Airflow-Project/airflowvenv/lib/python3.12/site-packages/airflow/example_dags/example_skip_dag.py
[2025-04-18T10:28:23.352+0530] {processor.py:925} INFO - DAG(s) 'example_skip_dag' retrieved from /home/prakhar/Desktop/Bootcamp/Python/Airflow-Project/airflowvenv/lib/python3.12/site-packages/airflow/example_dags/example_skip_dag.py
[2025-04-18T10:28:23.362+0530] {logging_mixin.py:190} INFO - [2025-04-18T10:28:23.361+0530] {dag.py:3239} INFO - Sync 1 DAGs
[2025-04-18T10:28:23.372+0530] {logging_mixin.py:190} INFO - [2025-04-18T10:28:23.372+0530] {dag.py:4180} INFO - Setting next_dagrun for example_skip_dag to 2025-04-17 00:00:00+00:00, run_after=2025-04-18 00:00:00+00:00
[2025-04-18T10:28:23.479+0530] {processor.py:208} INFO - Processing /home/prakhar/Desktop/Bootcamp/Python/Airflow-Project/airflowvenv/lib/python3.12/site-packages/airflow/example_dags/example_skip_dag.py took 0.143 seconds
[2025-04-18T10:29:42.620+0530] {processor.py:186} INFO - Started process (PID=24664) to work on /home/prakhar/Desktop/Bootcamp/Python/Airflow-Project/airflowvenv/lib/python3.12/site-packages/airflow/example_dags/example_skip_dag.py
[2025-04-18T10:29:42.704+0530] {processor.py:914} INFO - Processing file /home/prakhar/Desktop/Bootcamp/Python/Airflow-Project/airflowvenv/lib/python3.12/site-packages/airflow/example_dags/example_skip_dag.py for tasks to queue
[2025-04-18T10:29:42.707+0530] {logging_mixin.py:190} INFO - [2025-04-18T10:29:42.706+0530] {dagbag.py:588} INFO - Filling up the DagBag from /home/prakhar/Desktop/Bootcamp/Python/Airflow-Project/airflowvenv/lib/python3.12/site-packages/airflow/example_dags/example_skip_dag.py
[2025-04-18T10:29:42.722+0530] {processor.py:925} INFO - DAG(s) 'example_skip_dag' retrieved from /home/prakhar/Desktop/Bootcamp/Python/Airflow-Project/airflowvenv/lib/python3.12/site-packages/airflow/example_dags/example_skip_dag.py
[2025-04-18T10:29:42.733+0530] {logging_mixin.py:190} INFO - [2025-04-18T10:29:42.733+0530] {dag.py:3239} INFO - Sync 1 DAGs
[2025-04-18T10:29:42.743+0530] {logging_mixin.py:190} INFO - [2025-04-18T10:29:42.743+0530] {dag.py:4180} INFO - Setting next_dagrun for example_skip_dag to 2025-04-17 00:00:00+00:00, run_after=2025-04-18 00:00:00+00:00
[2025-04-18T10:29:42.821+0530] {processor.py:208} INFO - Processing /home/prakhar/Desktop/Bootcamp/Python/Airflow-Project/airflowvenv/lib/python3.12/site-packages/airflow/example_dags/example_skip_dag.py took 0.205 seconds
