[2025-04-18T10:17:25.909+0530] {processor.py:186} INFO - Started process (PID=18577) to work on /home/prakhar/Desktop/Bootcamp/Python/Airflow-Project/airflowvenv/lib/python3.12/site-packages/airflow/example_dags/example_sla_dag.py
[2025-04-18T10:17:25.910+0530] {processor.py:914} INFO - Processing file /home/prakhar/Desktop/Bootcamp/Python/Airflow-Project/airflowvenv/lib/python3.12/site-packages/airflow/example_dags/example_sla_dag.py for tasks to queue
[2025-04-18T10:17:25.911+0530] {logging_mixin.py:190} INFO - [2025-04-18T10:17:25.911+0530] {dagbag.py:588} INFO - Filling up the DagBag from /home/prakhar/Desktop/Bootcamp/Python/Airflow-Project/airflowvenv/lib/python3.12/site-packages/airflow/example_dags/example_sla_dag.py
[2025-04-18T10:17:25.917+0530] {processor.py:925} INFO - DAG(s) 'example_sla_dag' retrieved from /home/prakhar/Desktop/Bootcamp/Python/Airflow-Project/airflowvenv/lib/python3.12/site-packages/airflow/example_dags/example_sla_dag.py
[2025-04-18T10:17:25.928+0530] {logging_mixin.py:190} INFO - [2025-04-18T10:17:25.928+0530] {dag.py:3239} INFO - Sync 1 DAGs
[2025-04-18T10:17:25.943+0530] {logging_mixin.py:190} INFO - [2025-04-18T10:17:25.943+0530] {dag.py:4180} INFO - Setting next_dagrun for example_sla_dag to 2025-04-18 04:44:00+00:00, run_after=2025-04-18 04:46:00+00:00
[2025-04-18T10:17:26.048+0530] {processor.py:208} INFO - Processing /home/prakhar/Desktop/Bootcamp/Python/Airflow-Project/airflowvenv/lib/python3.12/site-packages/airflow/example_dags/example_sla_dag.py took 0.143 seconds
[2025-04-18T10:18:35.905+0530] {processor.py:186} INFO - Started process (PID=19384) to work on /home/prakhar/Desktop/Bootcamp/Python/Airflow-Project/airflowvenv/lib/python3.12/site-packages/airflow/example_dags/example_sla_dag.py
[2025-04-18T10:18:35.916+0530] {processor.py:914} INFO - Processing file /home/prakhar/Desktop/Bootcamp/Python/Airflow-Project/airflowvenv/lib/python3.12/site-packages/airflow/example_dags/example_sla_dag.py for tasks to queue
[2025-04-18T10:18:35.917+0530] {logging_mixin.py:190} INFO - [2025-04-18T10:18:35.917+0530] {dagbag.py:588} INFO - Filling up the DagBag from /home/prakhar/Desktop/Bootcamp/Python/Airflow-Project/airflowvenv/lib/python3.12/site-packages/airflow/example_dags/example_sla_dag.py
[2025-04-18T10:18:35.926+0530] {processor.py:925} INFO - DAG(s) 'example_sla_dag' retrieved from /home/prakhar/Desktop/Bootcamp/Python/Airflow-Project/airflowvenv/lib/python3.12/site-packages/airflow/example_dags/example_sla_dag.py
[2025-04-18T10:18:35.935+0530] {logging_mixin.py:190} INFO - [2025-04-18T10:18:35.935+0530] {dag.py:3239} INFO - Sync 1 DAGs
[2025-04-18T10:18:35.950+0530] {logging_mixin.py:190} INFO - [2025-04-18T10:18:35.950+0530] {dag.py:4180} INFO - Setting next_dagrun for example_sla_dag to 2025-04-18 04:46:00+00:00, run_after=2025-04-18 04:48:00+00:00
[2025-04-18T10:18:36.046+0530] {processor.py:208} INFO - Processing /home/prakhar/Desktop/Bootcamp/Python/Airflow-Project/airflowvenv/lib/python3.12/site-packages/airflow/example_dags/example_sla_dag.py took 0.145 seconds
[2025-04-18T10:20:06.882+0530] {processor.py:186} INFO - Started process (PID=20486) to work on /home/prakhar/Desktop/Bootcamp/Python/Airflow-Project/airflowvenv/lib/python3.12/site-packages/airflow/example_dags/example_sla_dag.py
[2025-04-18T10:20:06.894+0530] {processor.py:914} INFO - Processing file /home/prakhar/Desktop/Bootcamp/Python/Airflow-Project/airflowvenv/lib/python3.12/site-packages/airflow/example_dags/example_sla_dag.py for tasks to queue
[2025-04-18T10:20:06.896+0530] {logging_mixin.py:190} INFO - [2025-04-18T10:20:06.896+0530] {dagbag.py:588} INFO - Filling up the DagBag from /home/prakhar/Desktop/Bootcamp/Python/Airflow-Project/airflowvenv/lib/python3.12/site-packages/airflow/example_dags/example_sla_dag.py
[2025-04-18T10:20:06.903+0530] {processor.py:925} INFO - DAG(s) 'example_sla_dag' retrieved from /home/prakhar/Desktop/Bootcamp/Python/Airflow-Project/airflowvenv/lib/python3.12/site-packages/airflow/example_dags/example_sla_dag.py
[2025-04-18T10:20:06.914+0530] {logging_mixin.py:190} INFO - [2025-04-18T10:20:06.914+0530] {dag.py:3239} INFO - Sync 1 DAGs
[2025-04-18T10:20:06.926+0530] {logging_mixin.py:190} INFO - [2025-04-18T10:20:06.926+0530] {dag.py:4180} INFO - Setting next_dagrun for example_sla_dag to 2025-04-18 04:48:00+00:00, run_after=2025-04-18 04:50:00+00:00
[2025-04-18T10:20:06.986+0530] {processor.py:208} INFO - Processing /home/prakhar/Desktop/Bootcamp/Python/Airflow-Project/airflowvenv/lib/python3.12/site-packages/airflow/example_dags/example_sla_dag.py took 0.107 seconds
[2025-04-18T10:21:16.867+0530] {processor.py:186} INFO - Started process (PID=21354) to work on /home/prakhar/Desktop/Bootcamp/Python/Airflow-Project/airflowvenv/lib/python3.12/site-packages/airflow/example_dags/example_sla_dag.py
[2025-04-18T10:21:16.880+0530] {processor.py:914} INFO - Processing file /home/prakhar/Desktop/Bootcamp/Python/Airflow-Project/airflowvenv/lib/python3.12/site-packages/airflow/example_dags/example_sla_dag.py for tasks to queue
[2025-04-18T10:21:16.882+0530] {logging_mixin.py:190} INFO - [2025-04-18T10:21:16.881+0530] {dagbag.py:588} INFO - Filling up the DagBag from /home/prakhar/Desktop/Bootcamp/Python/Airflow-Project/airflowvenv/lib/python3.12/site-packages/airflow/example_dags/example_sla_dag.py
[2025-04-18T10:21:16.889+0530] {processor.py:925} INFO - DAG(s) 'example_sla_dag' retrieved from /home/prakhar/Desktop/Bootcamp/Python/Airflow-Project/airflowvenv/lib/python3.12/site-packages/airflow/example_dags/example_sla_dag.py
[2025-04-18T10:21:16.897+0530] {logging_mixin.py:190} INFO - [2025-04-18T10:21:16.897+0530] {dag.py:3239} INFO - Sync 1 DAGs
[2025-04-18T10:21:16.909+0530] {logging_mixin.py:190} INFO - [2025-04-18T10:21:16.909+0530] {dag.py:4180} INFO - Setting next_dagrun for example_sla_dag to 2025-04-18 04:48:00+00:00, run_after=2025-04-18 04:50:00+00:00
[2025-04-18T10:21:16.995+0530] {processor.py:208} INFO - Processing /home/prakhar/Desktop/Bootcamp/Python/Airflow-Project/airflowvenv/lib/python3.12/site-packages/airflow/example_dags/example_sla_dag.py took 0.132 seconds
[2025-04-18T10:23:10.243+0530] {processor.py:186} INFO - Started process (PID=22783) to work on /home/prakhar/Desktop/Bootcamp/Python/Airflow-Project/airflowvenv/lib/python3.12/site-packages/airflow/example_dags/example_sla_dag.py
[2025-04-18T10:23:10.287+0530] {processor.py:914} INFO - Processing file /home/prakhar/Desktop/Bootcamp/Python/Airflow-Project/airflowvenv/lib/python3.12/site-packages/airflow/example_dags/example_sla_dag.py for tasks to queue
[2025-04-18T10:23:10.289+0530] {logging_mixin.py:190} INFO - [2025-04-18T10:23:10.288+0530] {dagbag.py:588} INFO - Filling up the DagBag from /home/prakhar/Desktop/Bootcamp/Python/Airflow-Project/airflowvenv/lib/python3.12/site-packages/airflow/example_dags/example_sla_dag.py
[2025-04-18T10:23:10.301+0530] {processor.py:925} INFO - DAG(s) 'example_sla_dag' retrieved from /home/prakhar/Desktop/Bootcamp/Python/Airflow-Project/airflowvenv/lib/python3.12/site-packages/airflow/example_dags/example_sla_dag.py
[2025-04-18T10:23:10.364+0530] {logging_mixin.py:190} INFO - [2025-04-18T10:23:10.364+0530] {dag.py:3239} INFO - Sync 1 DAGs
[2025-04-18T10:23:10.376+0530] {logging_mixin.py:190} INFO - [2025-04-18T10:23:10.376+0530] {dag.py:4180} INFO - Setting next_dagrun for example_sla_dag to 2025-04-18 04:50:00+00:00, run_after=2025-04-18 04:52:00+00:00
[2025-04-18T10:23:10.451+0530] {processor.py:208} INFO - Processing /home/prakhar/Desktop/Bootcamp/Python/Airflow-Project/airflowvenv/lib/python3.12/site-packages/airflow/example_dags/example_sla_dag.py took 0.213 seconds
[2025-04-18T10:24:28.187+0530] {processor.py:186} INFO - Started process (PID=23259) to work on /home/prakhar/Desktop/Bootcamp/Python/Airflow-Project/airflowvenv/lib/python3.12/site-packages/airflow/example_dags/example_sla_dag.py
[2025-04-18T10:24:28.216+0530] {processor.py:914} INFO - Processing file /home/prakhar/Desktop/Bootcamp/Python/Airflow-Project/airflowvenv/lib/python3.12/site-packages/airflow/example_dags/example_sla_dag.py for tasks to queue
[2025-04-18T10:24:28.217+0530] {logging_mixin.py:190} INFO - [2025-04-18T10:24:28.217+0530] {dagbag.py:588} INFO - Filling up the DagBag from /home/prakhar/Desktop/Bootcamp/Python/Airflow-Project/airflowvenv/lib/python3.12/site-packages/airflow/example_dags/example_sla_dag.py
[2025-04-18T10:24:28.227+0530] {processor.py:925} INFO - DAG(s) 'example_sla_dag' retrieved from /home/prakhar/Desktop/Bootcamp/Python/Airflow-Project/airflowvenv/lib/python3.12/site-packages/airflow/example_dags/example_sla_dag.py
[2025-04-18T10:24:28.236+0530] {logging_mixin.py:190} INFO - [2025-04-18T10:24:28.236+0530] {dag.py:3239} INFO - Sync 1 DAGs
[2025-04-18T10:24:28.247+0530] {logging_mixin.py:190} INFO - [2025-04-18T10:24:28.247+0530] {dag.py:4180} INFO - Setting next_dagrun for example_sla_dag to 2025-04-18 04:52:00+00:00, run_after=2025-04-18 04:54:00+00:00
[2025-04-18T10:24:28.327+0530] {processor.py:208} INFO - Processing /home/prakhar/Desktop/Bootcamp/Python/Airflow-Project/airflowvenv/lib/python3.12/site-packages/airflow/example_dags/example_sla_dag.py took 0.145 seconds
[2025-04-18T10:25:45.703+0530] {processor.py:186} INFO - Started process (PID=23798) to work on /home/prakhar/Desktop/Bootcamp/Python/Airflow-Project/airflowvenv/lib/python3.12/site-packages/airflow/example_dags/example_sla_dag.py
[2025-04-18T10:25:45.707+0530] {processor.py:914} INFO - Processing file /home/prakhar/Desktop/Bootcamp/Python/Airflow-Project/airflowvenv/lib/python3.12/site-packages/airflow/example_dags/example_sla_dag.py for tasks to queue
[2025-04-18T10:25:45.709+0530] {logging_mixin.py:190} INFO - [2025-04-18T10:25:45.708+0530] {dagbag.py:588} INFO - Filling up the DagBag from /home/prakhar/Desktop/Bootcamp/Python/Airflow-Project/airflowvenv/lib/python3.12/site-packages/airflow/example_dags/example_sla_dag.py
[2025-04-18T10:25:45.716+0530] {processor.py:925} INFO - DAG(s) 'example_sla_dag' retrieved from /home/prakhar/Desktop/Bootcamp/Python/Airflow-Project/airflowvenv/lib/python3.12/site-packages/airflow/example_dags/example_sla_dag.py
[2025-04-18T10:25:45.725+0530] {logging_mixin.py:190} INFO - [2025-04-18T10:25:45.725+0530] {dag.py:3239} INFO - Sync 1 DAGs
[2025-04-18T10:25:45.737+0530] {logging_mixin.py:190} INFO - [2025-04-18T10:25:45.737+0530] {dag.py:4180} INFO - Setting next_dagrun for example_sla_dag to 2025-04-18 04:52:00+00:00, run_after=2025-04-18 04:54:00+00:00
[2025-04-18T10:25:45.804+0530] {processor.py:208} INFO - Processing /home/prakhar/Desktop/Bootcamp/Python/Airflow-Project/airflowvenv/lib/python3.12/site-packages/airflow/example_dags/example_sla_dag.py took 0.105 seconds
[2025-04-18T10:27:05.740+0530] {processor.py:186} INFO - Started process (PID=24037) to work on /home/prakhar/Desktop/Bootcamp/Python/Airflow-Project/airflowvenv/lib/python3.12/site-packages/airflow/example_dags/example_sla_dag.py
[2025-04-18T10:27:05.779+0530] {processor.py:914} INFO - Processing file /home/prakhar/Desktop/Bootcamp/Python/Airflow-Project/airflowvenv/lib/python3.12/site-packages/airflow/example_dags/example_sla_dag.py for tasks to queue
[2025-04-18T10:27:05.781+0530] {logging_mixin.py:190} INFO - [2025-04-18T10:27:05.780+0530] {dagbag.py:588} INFO - Filling up the DagBag from /home/prakhar/Desktop/Bootcamp/Python/Airflow-Project/airflowvenv/lib/python3.12/site-packages/airflow/example_dags/example_sla_dag.py
[2025-04-18T10:27:05.794+0530] {processor.py:925} INFO - DAG(s) 'example_sla_dag' retrieved from /home/prakhar/Desktop/Bootcamp/Python/Airflow-Project/airflowvenv/lib/python3.12/site-packages/airflow/example_dags/example_sla_dag.py
[2025-04-18T10:27:05.805+0530] {logging_mixin.py:190} INFO - [2025-04-18T10:27:05.805+0530] {dag.py:3239} INFO - Sync 1 DAGs
[2025-04-18T10:27:05.820+0530] {logging_mixin.py:190} INFO - [2025-04-18T10:27:05.820+0530] {dag.py:4180} INFO - Setting next_dagrun for example_sla_dag to 2025-04-18 04:54:00+00:00, run_after=2025-04-18 04:56:00+00:00
[2025-04-18T10:27:05.886+0530] {processor.py:208} INFO - Processing /home/prakhar/Desktop/Bootcamp/Python/Airflow-Project/airflowvenv/lib/python3.12/site-packages/airflow/example_dags/example_sla_dag.py took 0.152 seconds
[2025-04-18T10:28:24.642+0530] {processor.py:186} INFO - Started process (PID=24255) to work on /home/prakhar/Desktop/Bootcamp/Python/Airflow-Project/airflowvenv/lib/python3.12/site-packages/airflow/example_dags/example_sla_dag.py
[2025-04-18T10:28:24.644+0530] {processor.py:914} INFO - Processing file /home/prakhar/Desktop/Bootcamp/Python/Airflow-Project/airflowvenv/lib/python3.12/site-packages/airflow/example_dags/example_sla_dag.py for tasks to queue
[2025-04-18T10:28:24.647+0530] {logging_mixin.py:190} INFO - [2025-04-18T10:28:24.646+0530] {dagbag.py:588} INFO - Filling up the DagBag from /home/prakhar/Desktop/Bootcamp/Python/Airflow-Project/airflowvenv/lib/python3.12/site-packages/airflow/example_dags/example_sla_dag.py
[2025-04-18T10:28:24.668+0530] {processor.py:925} INFO - DAG(s) 'example_sla_dag' retrieved from /home/prakhar/Desktop/Bootcamp/Python/Airflow-Project/airflowvenv/lib/python3.12/site-packages/airflow/example_dags/example_sla_dag.py
[2025-04-18T10:28:24.702+0530] {logging_mixin.py:190} INFO - [2025-04-18T10:28:24.701+0530] {dag.py:3239} INFO - Sync 1 DAGs
[2025-04-18T10:28:24.729+0530] {logging_mixin.py:190} INFO - [2025-04-18T10:28:24.728+0530] {dag.py:4180} INFO - Setting next_dagrun for example_sla_dag to 2025-04-18 04:56:00+00:00, run_after=2025-04-18 04:58:00+00:00
[2025-04-18T10:28:24.846+0530] {processor.py:208} INFO - Processing /home/prakhar/Desktop/Bootcamp/Python/Airflow-Project/airflowvenv/lib/python3.12/site-packages/airflow/example_dags/example_sla_dag.py took 0.216 seconds
[2025-04-18T10:29:43.975+0530] {processor.py:186} INFO - Started process (PID=24694) to work on /home/prakhar/Desktop/Bootcamp/Python/Airflow-Project/airflowvenv/lib/python3.12/site-packages/airflow/example_dags/example_sla_dag.py
[2025-04-18T10:29:43.993+0530] {processor.py:914} INFO - Processing file /home/prakhar/Desktop/Bootcamp/Python/Airflow-Project/airflowvenv/lib/python3.12/site-packages/airflow/example_dags/example_sla_dag.py for tasks to queue
[2025-04-18T10:29:43.995+0530] {logging_mixin.py:190} INFO - [2025-04-18T10:29:43.994+0530] {dagbag.py:588} INFO - Filling up the DagBag from /home/prakhar/Desktop/Bootcamp/Python/Airflow-Project/airflowvenv/lib/python3.12/site-packages/airflow/example_dags/example_sla_dag.py
[2025-04-18T10:29:44.004+0530] {processor.py:925} INFO - DAG(s) 'example_sla_dag' retrieved from /home/prakhar/Desktop/Bootcamp/Python/Airflow-Project/airflowvenv/lib/python3.12/site-packages/airflow/example_dags/example_sla_dag.py
[2025-04-18T10:29:44.013+0530] {logging_mixin.py:190} INFO - [2025-04-18T10:29:44.013+0530] {dag.py:3239} INFO - Sync 1 DAGs
[2025-04-18T10:29:44.025+0530] {logging_mixin.py:190} INFO - [2025-04-18T10:29:44.025+0530] {dag.py:4180} INFO - Setting next_dagrun for example_sla_dag to 2025-04-18 04:56:00+00:00, run_after=2025-04-18 04:58:00+00:00
[2025-04-18T10:29:44.139+0530] {processor.py:208} INFO - Processing /home/prakhar/Desktop/Bootcamp/Python/Airflow-Project/airflowvenv/lib/python3.12/site-packages/airflow/example_dags/example_sla_dag.py took 0.169 seconds
