[2025-04-18T10:17:55.502+0530] {processor.py:186} INFO - Started process (PID=18933) to work on /home/prakhar/Desktop/Bootcamp/Python/Airflow-Project/airflowvenv/lib/python3.12/site-packages/airflow/example_dags/example_complex.py
[2025-04-18T10:17:55.503+0530] {processor.py:914} INFO - Processing file /home/prakhar/Desktop/Bootcamp/Python/Airflow-Project/airflowvenv/lib/python3.12/site-packages/airflow/example_dags/example_complex.py for tasks to queue
[2025-04-18T10:17:55.504+0530] {logging_mixin.py:190} INFO - [2025-04-18T10:17:55.503+0530] {dagbag.py:588} INFO - Filling up the DagBag from /home/prakhar/Desktop/Bootcamp/Python/Airflow-Project/airflowvenv/lib/python3.12/site-packages/airflow/example_dags/example_complex.py
[2025-04-18T10:17:55.512+0530] {processor.py:925} INFO - DAG(s) 'example_complex' retrieved from /home/prakhar/Desktop/Bootcamp/Python/Airflow-Project/airflowvenv/lib/python3.12/site-packages/airflow/example_dags/example_complex.py
[2025-04-18T10:17:55.528+0530] {logging_mixin.py:190} INFO - [2025-04-18T10:17:55.528+0530] {dag.py:3239} INFO - Sync 1 DAGs
[2025-04-18T10:17:55.536+0530] {logging_mixin.py:190} INFO - [2025-04-18T10:17:55.536+0530] {dag.py:4180} INFO - Setting next_dagrun for example_complex to None, run_after=None
[2025-04-18T10:17:55.644+0530] {processor.py:208} INFO - Processing /home/prakhar/Desktop/Bootcamp/Python/Airflow-Project/airflowvenv/lib/python3.12/site-packages/airflow/example_dags/example_complex.py took 0.145 seconds
[2025-04-18T10:19:15.193+0530] {processor.py:186} INFO - Started process (PID=19900) to work on /home/prakhar/Desktop/Bootcamp/Python/Airflow-Project/airflowvenv/lib/python3.12/site-packages/airflow/example_dags/example_complex.py
[2025-04-18T10:19:15.194+0530] {processor.py:914} INFO - Processing file /home/prakhar/Desktop/Bootcamp/Python/Airflow-Project/airflowvenv/lib/python3.12/site-packages/airflow/example_dags/example_complex.py for tasks to queue
[2025-04-18T10:19:15.195+0530] {logging_mixin.py:190} INFO - [2025-04-18T10:19:15.195+0530] {dagbag.py:588} INFO - Filling up the DagBag from /home/prakhar/Desktop/Bootcamp/Python/Airflow-Project/airflowvenv/lib/python3.12/site-packages/airflow/example_dags/example_complex.py
[2025-04-18T10:19:15.202+0530] {processor.py:925} INFO - DAG(s) 'example_complex' retrieved from /home/prakhar/Desktop/Bootcamp/Python/Airflow-Project/airflowvenv/lib/python3.12/site-packages/airflow/example_dags/example_complex.py
[2025-04-18T10:19:15.219+0530] {logging_mixin.py:190} INFO - [2025-04-18T10:19:15.218+0530] {dag.py:3239} INFO - Sync 1 DAGs
[2025-04-18T10:19:15.226+0530] {logging_mixin.py:190} INFO - [2025-04-18T10:19:15.226+0530] {dag.py:4180} INFO - Setting next_dagrun for example_complex to None, run_after=None
[2025-04-18T10:19:15.307+0530] {processor.py:208} INFO - Processing /home/prakhar/Desktop/Bootcamp/Python/Airflow-Project/airflowvenv/lib/python3.12/site-packages/airflow/example_dags/example_complex.py took 0.117 seconds
[2025-04-18T10:20:36.536+0530] {processor.py:186} INFO - Started process (PID=20769) to work on /home/prakhar/Desktop/Bootcamp/Python/Airflow-Project/airflowvenv/lib/python3.12/site-packages/airflow/example_dags/example_complex.py
[2025-04-18T10:20:36.552+0530] {processor.py:914} INFO - Processing file /home/prakhar/Desktop/Bootcamp/Python/Airflow-Project/airflowvenv/lib/python3.12/site-packages/airflow/example_dags/example_complex.py for tasks to queue
[2025-04-18T10:20:36.555+0530] {logging_mixin.py:190} INFO - [2025-04-18T10:20:36.555+0530] {dagbag.py:588} INFO - Filling up the DagBag from /home/prakhar/Desktop/Bootcamp/Python/Airflow-Project/airflowvenv/lib/python3.12/site-packages/airflow/example_dags/example_complex.py
[2025-04-18T10:20:36.573+0530] {processor.py:925} INFO - DAG(s) 'example_complex' retrieved from /home/prakhar/Desktop/Bootcamp/Python/Airflow-Project/airflowvenv/lib/python3.12/site-packages/airflow/example_dags/example_complex.py
[2025-04-18T10:20:36.590+0530] {logging_mixin.py:190} INFO - [2025-04-18T10:20:36.590+0530] {dag.py:3239} INFO - Sync 1 DAGs
[2025-04-18T10:20:36.599+0530] {logging_mixin.py:190} INFO - [2025-04-18T10:20:36.599+0530] {dag.py:4180} INFO - Setting next_dagrun for example_complex to None, run_after=None
[2025-04-18T10:20:36.687+0530] {processor.py:208} INFO - Processing /home/prakhar/Desktop/Bootcamp/Python/Airflow-Project/airflowvenv/lib/python3.12/site-packages/airflow/example_dags/example_complex.py took 0.155 seconds
[2025-04-18T10:22:11.095+0530] {processor.py:186} INFO - Started process (PID=22010) to work on /home/prakhar/Desktop/Bootcamp/Python/Airflow-Project/airflowvenv/lib/python3.12/site-packages/airflow/example_dags/example_complex.py
[2025-04-18T10:22:11.117+0530] {processor.py:914} INFO - Processing file /home/prakhar/Desktop/Bootcamp/Python/Airflow-Project/airflowvenv/lib/python3.12/site-packages/airflow/example_dags/example_complex.py for tasks to queue
[2025-04-18T10:22:11.119+0530] {logging_mixin.py:190} INFO - [2025-04-18T10:22:11.119+0530] {dagbag.py:588} INFO - Filling up the DagBag from /home/prakhar/Desktop/Bootcamp/Python/Airflow-Project/airflowvenv/lib/python3.12/site-packages/airflow/example_dags/example_complex.py
[2025-04-18T10:22:11.150+0530] {processor.py:925} INFO - DAG(s) 'example_complex' retrieved from /home/prakhar/Desktop/Bootcamp/Python/Airflow-Project/airflowvenv/lib/python3.12/site-packages/airflow/example_dags/example_complex.py
[2025-04-18T10:22:11.418+0530] {logging_mixin.py:190} INFO - [2025-04-18T10:22:11.417+0530] {dag.py:3239} INFO - Sync 1 DAGs
[2025-04-18T10:22:11.433+0530] {logging_mixin.py:190} INFO - [2025-04-18T10:22:11.433+0530] {dag.py:4180} INFO - Setting next_dagrun for example_complex to None, run_after=None
[2025-04-18T10:22:11.681+0530] {processor.py:208} INFO - Processing /home/prakhar/Desktop/Bootcamp/Python/Airflow-Project/airflowvenv/lib/python3.12/site-packages/airflow/example_dags/example_complex.py took 0.595 seconds
[2025-04-18T10:23:52.633+0530] {processor.py:186} INFO - Started process (PID=23057) to work on /home/prakhar/Desktop/Bootcamp/Python/Airflow-Project/airflowvenv/lib/python3.12/site-packages/airflow/example_dags/example_complex.py
[2025-04-18T10:23:52.634+0530] {processor.py:914} INFO - Processing file /home/prakhar/Desktop/Bootcamp/Python/Airflow-Project/airflowvenv/lib/python3.12/site-packages/airflow/example_dags/example_complex.py for tasks to queue
[2025-04-18T10:23:52.637+0530] {logging_mixin.py:190} INFO - [2025-04-18T10:23:52.636+0530] {dagbag.py:588} INFO - Filling up the DagBag from /home/prakhar/Desktop/Bootcamp/Python/Airflow-Project/airflowvenv/lib/python3.12/site-packages/airflow/example_dags/example_complex.py
[2025-04-18T10:23:52.646+0530] {processor.py:925} INFO - DAG(s) 'example_complex' retrieved from /home/prakhar/Desktop/Bootcamp/Python/Airflow-Project/airflowvenv/lib/python3.12/site-packages/airflow/example_dags/example_complex.py
[2025-04-18T10:23:52.659+0530] {logging_mixin.py:190} INFO - [2025-04-18T10:23:52.659+0530] {dag.py:3239} INFO - Sync 1 DAGs
[2025-04-18T10:23:52.666+0530] {logging_mixin.py:190} INFO - [2025-04-18T10:23:52.665+0530] {dag.py:4180} INFO - Setting next_dagrun for example_complex to None, run_after=None
[2025-04-18T10:23:52.750+0530] {processor.py:208} INFO - Processing /home/prakhar/Desktop/Bootcamp/Python/Airflow-Project/airflowvenv/lib/python3.12/site-packages/airflow/example_dags/example_complex.py took 0.123 seconds
[2025-04-18T10:25:10.823+0530] {processor.py:186} INFO - Started process (PID=23549) to work on /home/prakhar/Desktop/Bootcamp/Python/Airflow-Project/airflowvenv/lib/python3.12/site-packages/airflow/example_dags/example_complex.py
[2025-04-18T10:25:10.853+0530] {processor.py:914} INFO - Processing file /home/prakhar/Desktop/Bootcamp/Python/Airflow-Project/airflowvenv/lib/python3.12/site-packages/airflow/example_dags/example_complex.py for tasks to queue
[2025-04-18T10:25:10.855+0530] {logging_mixin.py:190} INFO - [2025-04-18T10:25:10.855+0530] {dagbag.py:588} INFO - Filling up the DagBag from /home/prakhar/Desktop/Bootcamp/Python/Airflow-Project/airflowvenv/lib/python3.12/site-packages/airflow/example_dags/example_complex.py
[2025-04-18T10:25:10.866+0530] {processor.py:925} INFO - DAG(s) 'example_complex' retrieved from /home/prakhar/Desktop/Bootcamp/Python/Airflow-Project/airflowvenv/lib/python3.12/site-packages/airflow/example_dags/example_complex.py
[2025-04-18T10:25:10.882+0530] {logging_mixin.py:190} INFO - [2025-04-18T10:25:10.882+0530] {dag.py:3239} INFO - Sync 1 DAGs
[2025-04-18T10:25:10.888+0530] {logging_mixin.py:190} INFO - [2025-04-18T10:25:10.888+0530] {dag.py:4180} INFO - Setting next_dagrun for example_complex to None, run_after=None
[2025-04-18T10:25:10.957+0530] {processor.py:208} INFO - Processing /home/prakhar/Desktop/Bootcamp/Python/Airflow-Project/airflowvenv/lib/python3.12/site-packages/airflow/example_dags/example_complex.py took 0.138 seconds
[2025-04-18T10:26:27.839+0530] {processor.py:186} INFO - Started process (PID=23914) to work on /home/prakhar/Desktop/Bootcamp/Python/Airflow-Project/airflowvenv/lib/python3.12/site-packages/airflow/example_dags/example_complex.py
[2025-04-18T10:26:27.840+0530] {processor.py:914} INFO - Processing file /home/prakhar/Desktop/Bootcamp/Python/Airflow-Project/airflowvenv/lib/python3.12/site-packages/airflow/example_dags/example_complex.py for tasks to queue
[2025-04-18T10:26:27.843+0530] {logging_mixin.py:190} INFO - [2025-04-18T10:26:27.842+0530] {dagbag.py:588} INFO - Filling up the DagBag from /home/prakhar/Desktop/Bootcamp/Python/Airflow-Project/airflowvenv/lib/python3.12/site-packages/airflow/example_dags/example_complex.py
[2025-04-18T10:26:27.856+0530] {processor.py:925} INFO - DAG(s) 'example_complex' retrieved from /home/prakhar/Desktop/Bootcamp/Python/Airflow-Project/airflowvenv/lib/python3.12/site-packages/airflow/example_dags/example_complex.py
[2025-04-18T10:26:27.878+0530] {logging_mixin.py:190} INFO - [2025-04-18T10:26:27.878+0530] {dag.py:3239} INFO - Sync 1 DAGs
[2025-04-18T10:26:27.894+0530] {logging_mixin.py:190} INFO - [2025-04-18T10:26:27.893+0530] {dag.py:4180} INFO - Setting next_dagrun for example_complex to None, run_after=None
[2025-04-18T10:26:28.007+0530] {processor.py:208} INFO - Processing /home/prakhar/Desktop/Bootcamp/Python/Airflow-Project/airflowvenv/lib/python3.12/site-packages/airflow/example_dags/example_complex.py took 0.177 seconds
[2025-04-18T10:27:50.487+0530] {processor.py:186} INFO - Started process (PID=24189) to work on /home/prakhar/Desktop/Bootcamp/Python/Airflow-Project/airflowvenv/lib/python3.12/site-packages/airflow/example_dags/example_complex.py
[2025-04-18T10:27:50.488+0530] {processor.py:914} INFO - Processing file /home/prakhar/Desktop/Bootcamp/Python/Airflow-Project/airflowvenv/lib/python3.12/site-packages/airflow/example_dags/example_complex.py for tasks to queue
[2025-04-18T10:27:50.490+0530] {logging_mixin.py:190} INFO - [2025-04-18T10:27:50.490+0530] {dagbag.py:588} INFO - Filling up the DagBag from /home/prakhar/Desktop/Bootcamp/Python/Airflow-Project/airflowvenv/lib/python3.12/site-packages/airflow/example_dags/example_complex.py
[2025-04-18T10:27:50.499+0530] {processor.py:925} INFO - DAG(s) 'example_complex' retrieved from /home/prakhar/Desktop/Bootcamp/Python/Airflow-Project/airflowvenv/lib/python3.12/site-packages/airflow/example_dags/example_complex.py
[2025-04-18T10:27:50.517+0530] {logging_mixin.py:190} INFO - [2025-04-18T10:27:50.517+0530] {dag.py:3239} INFO - Sync 1 DAGs
[2025-04-18T10:27:50.527+0530] {logging_mixin.py:190} INFO - [2025-04-18T10:27:50.527+0530] {dag.py:4180} INFO - Setting next_dagrun for example_complex to None, run_after=None
[2025-04-18T10:27:50.731+0530] {processor.py:208} INFO - Processing /home/prakhar/Desktop/Bootcamp/Python/Airflow-Project/airflowvenv/lib/python3.12/site-packages/airflow/example_dags/example_complex.py took 0.249 seconds
[2025-04-18T10:29:08.964+0530] {processor.py:186} INFO - Started process (PID=24486) to work on /home/prakhar/Desktop/Bootcamp/Python/Airflow-Project/airflowvenv/lib/python3.12/site-packages/airflow/example_dags/example_complex.py
[2025-04-18T10:29:09.001+0530] {processor.py:914} INFO - Processing file /home/prakhar/Desktop/Bootcamp/Python/Airflow-Project/airflowvenv/lib/python3.12/site-packages/airflow/example_dags/example_complex.py for tasks to queue
[2025-04-18T10:29:09.004+0530] {logging_mixin.py:190} INFO - [2025-04-18T10:29:09.004+0530] {dagbag.py:588} INFO - Filling up the DagBag from /home/prakhar/Desktop/Bootcamp/Python/Airflow-Project/airflowvenv/lib/python3.12/site-packages/airflow/example_dags/example_complex.py
[2025-04-18T10:29:09.019+0530] {processor.py:925} INFO - DAG(s) 'example_complex' retrieved from /home/prakhar/Desktop/Bootcamp/Python/Airflow-Project/airflowvenv/lib/python3.12/site-packages/airflow/example_dags/example_complex.py
[2025-04-18T10:29:09.098+0530] {logging_mixin.py:190} INFO - [2025-04-18T10:29:09.098+0530] {dag.py:3239} INFO - Sync 1 DAGs
[2025-04-18T10:29:09.105+0530] {logging_mixin.py:190} INFO - [2025-04-18T10:29:09.104+0530] {dag.py:4180} INFO - Setting next_dagrun for example_complex to None, run_after=None
[2025-04-18T10:29:09.185+0530] {processor.py:208} INFO - Processing /home/prakhar/Desktop/Bootcamp/Python/Airflow-Project/airflowvenv/lib/python3.12/site-packages/airflow/example_dags/example_complex.py took 0.226 seconds
[2025-04-18T10:30:27.263+0530] {processor.py:186} INFO - Started process (PID=24862) to work on /home/prakhar/Desktop/Bootcamp/Python/Airflow-Project/airflowvenv/lib/python3.12/site-packages/airflow/example_dags/example_complex.py
[2025-04-18T10:30:27.308+0530] {processor.py:914} INFO - Processing file /home/prakhar/Desktop/Bootcamp/Python/Airflow-Project/airflowvenv/lib/python3.12/site-packages/airflow/example_dags/example_complex.py for tasks to queue
[2025-04-18T10:30:27.312+0530] {logging_mixin.py:190} INFO - [2025-04-18T10:30:27.311+0530] {dagbag.py:588} INFO - Filling up the DagBag from /home/prakhar/Desktop/Bootcamp/Python/Airflow-Project/airflowvenv/lib/python3.12/site-packages/airflow/example_dags/example_complex.py
[2025-04-18T10:30:27.330+0530] {processor.py:925} INFO - DAG(s) 'example_complex' retrieved from /home/prakhar/Desktop/Bootcamp/Python/Airflow-Project/airflowvenv/lib/python3.12/site-packages/airflow/example_dags/example_complex.py
[2025-04-18T10:30:27.344+0530] {logging_mixin.py:190} INFO - [2025-04-18T10:30:27.344+0530] {dag.py:3239} INFO - Sync 1 DAGs
[2025-04-18T10:30:27.350+0530] {logging_mixin.py:190} INFO - [2025-04-18T10:30:27.350+0530] {dag.py:4180} INFO - Setting next_dagrun for example_complex to None, run_after=None
[2025-04-18T10:30:27.428+0530] {processor.py:208} INFO - Processing /home/prakhar/Desktop/Bootcamp/Python/Airflow-Project/airflowvenv/lib/python3.12/site-packages/airflow/example_dags/example_complex.py took 0.171 seconds
