[2025-04-18T10:17:15.539+0530] {processor.py:186} INFO - Started process (PID=18557) to work on /home/prakhar/Desktop/Bootcamp/Python/Airflow-Project/airflowvenv/lib/python3.12/site-packages/airflow/example_dags/example_xcomargs.py
[2025-04-18T10:17:15.540+0530] {processor.py:914} INFO - Processing file /home/prakhar/Desktop/Bootcamp/Python/Airflow-Project/airflowvenv/lib/python3.12/site-packages/airflow/example_dags/example_xcomargs.py for tasks to queue
[2025-04-18T10:17:15.543+0530] {logging_mixin.py:190} INFO - [2025-04-18T10:17:15.543+0530] {dagbag.py:588} INFO - Filling up the DagBag from /home/prakhar/Desktop/Bootcamp/Python/Airflow-Project/airflowvenv/lib/python3.12/site-packages/airflow/example_dags/example_xcomargs.py
[2025-04-18T10:17:15.551+0530] {processor.py:925} INFO - DAG(s) 'example_xcom_args_with_operators', 'example_xcom_args' retrieved from /home/prakhar/Desktop/Bootcamp/Python/Airflow-Project/airflowvenv/lib/python3.12/site-packages/airflow/example_dags/example_xcomargs.py
[2025-04-18T10:17:15.568+0530] {logging_mixin.py:190} INFO - [2025-04-18T10:17:15.568+0530] {dag.py:3239} INFO - Sync 2 DAGs
[2025-04-18T10:17:15.575+0530] {logging_mixin.py:190} INFO - [2025-04-18T10:17:15.575+0530] {dag.py:4180} INFO - Setting next_dagrun for example_xcom_args to None, run_after=None
[2025-04-18T10:17:15.577+0530] {logging_mixin.py:190} INFO - [2025-04-18T10:17:15.577+0530] {dag.py:4180} INFO - Setting next_dagrun for example_xcom_args_with_operators to None, run_after=None
[2025-04-18T10:17:15.649+0530] {processor.py:208} INFO - Processing /home/prakhar/Desktop/Bootcamp/Python/Airflow-Project/airflowvenv/lib/python3.12/site-packages/airflow/example_dags/example_xcomargs.py took 0.114 seconds
[2025-04-18T10:18:26.595+0530] {processor.py:186} INFO - Started process (PID=19360) to work on /home/prakhar/Desktop/Bootcamp/Python/Airflow-Project/airflowvenv/lib/python3.12/site-packages/airflow/example_dags/example_xcomargs.py
[2025-04-18T10:18:26.625+0530] {processor.py:914} INFO - Processing file /home/prakhar/Desktop/Bootcamp/Python/Airflow-Project/airflowvenv/lib/python3.12/site-packages/airflow/example_dags/example_xcomargs.py for tasks to queue
[2025-04-18T10:18:26.626+0530] {logging_mixin.py:190} INFO - [2025-04-18T10:18:26.625+0530] {dagbag.py:588} INFO - Filling up the DagBag from /home/prakhar/Desktop/Bootcamp/Python/Airflow-Project/airflowvenv/lib/python3.12/site-packages/airflow/example_dags/example_xcomargs.py
[2025-04-18T10:18:26.633+0530] {processor.py:925} INFO - DAG(s) 'example_xcom_args', 'example_xcom_args_with_operators' retrieved from /home/prakhar/Desktop/Bootcamp/Python/Airflow-Project/airflowvenv/lib/python3.12/site-packages/airflow/example_dags/example_xcomargs.py
[2025-04-18T10:18:26.645+0530] {logging_mixin.py:190} INFO - [2025-04-18T10:18:26.645+0530] {dag.py:3239} INFO - Sync 2 DAGs
[2025-04-18T10:18:26.654+0530] {logging_mixin.py:190} INFO - [2025-04-18T10:18:26.654+0530] {dag.py:4180} INFO - Setting next_dagrun for example_xcom_args to None, run_after=None
[2025-04-18T10:18:26.657+0530] {logging_mixin.py:190} INFO - [2025-04-18T10:18:26.657+0530] {dag.py:4180} INFO - Setting next_dagrun for example_xcom_args_with_operators to None, run_after=None
[2025-04-18T10:18:26.817+0530] {processor.py:208} INFO - Processing /home/prakhar/Desktop/Bootcamp/Python/Airflow-Project/airflowvenv/lib/python3.12/site-packages/airflow/example_dags/example_xcomargs.py took 0.226 seconds
[2025-04-18T10:19:57.266+0530] {processor.py:186} INFO - Started process (PID=20455) to work on /home/prakhar/Desktop/Bootcamp/Python/Airflow-Project/airflowvenv/lib/python3.12/site-packages/airflow/example_dags/example_xcomargs.py
[2025-04-18T10:19:57.274+0530] {processor.py:914} INFO - Processing file /home/prakhar/Desktop/Bootcamp/Python/Airflow-Project/airflowvenv/lib/python3.12/site-packages/airflow/example_dags/example_xcomargs.py for tasks to queue
[2025-04-18T10:19:57.277+0530] {logging_mixin.py:190} INFO - [2025-04-18T10:19:57.277+0530] {dagbag.py:588} INFO - Filling up the DagBag from /home/prakhar/Desktop/Bootcamp/Python/Airflow-Project/airflowvenv/lib/python3.12/site-packages/airflow/example_dags/example_xcomargs.py
[2025-04-18T10:19:57.285+0530] {processor.py:925} INFO - DAG(s) 'example_xcom_args', 'example_xcom_args_with_operators' retrieved from /home/prakhar/Desktop/Bootcamp/Python/Airflow-Project/airflowvenv/lib/python3.12/site-packages/airflow/example_dags/example_xcomargs.py
[2025-04-18T10:19:57.307+0530] {logging_mixin.py:190} INFO - [2025-04-18T10:19:57.307+0530] {dag.py:3239} INFO - Sync 2 DAGs
[2025-04-18T10:19:57.315+0530] {logging_mixin.py:190} INFO - [2025-04-18T10:19:57.315+0530] {dag.py:4180} INFO - Setting next_dagrun for example_xcom_args to None, run_after=None
[2025-04-18T10:19:57.318+0530] {logging_mixin.py:190} INFO - [2025-04-18T10:19:57.317+0530] {dag.py:4180} INFO - Setting next_dagrun for example_xcom_args_with_operators to None, run_after=None
[2025-04-18T10:19:57.386+0530] {processor.py:208} INFO - Processing /home/prakhar/Desktop/Bootcamp/Python/Airflow-Project/airflowvenv/lib/python3.12/site-packages/airflow/example_dags/example_xcomargs.py took 0.124 seconds
[2025-04-18T10:21:07.478+0530] {processor.py:186} INFO - Started process (PID=21219) to work on /home/prakhar/Desktop/Bootcamp/Python/Airflow-Project/airflowvenv/lib/python3.12/site-packages/airflow/example_dags/example_xcomargs.py
[2025-04-18T10:21:07.479+0530] {processor.py:914} INFO - Processing file /home/prakhar/Desktop/Bootcamp/Python/Airflow-Project/airflowvenv/lib/python3.12/site-packages/airflow/example_dags/example_xcomargs.py for tasks to queue
[2025-04-18T10:21:07.480+0530] {logging_mixin.py:190} INFO - [2025-04-18T10:21:07.480+0530] {dagbag.py:588} INFO - Filling up the DagBag from /home/prakhar/Desktop/Bootcamp/Python/Airflow-Project/airflowvenv/lib/python3.12/site-packages/airflow/example_dags/example_xcomargs.py
[2025-04-18T10:21:07.488+0530] {processor.py:925} INFO - DAG(s) 'example_xcom_args', 'example_xcom_args_with_operators' retrieved from /home/prakhar/Desktop/Bootcamp/Python/Airflow-Project/airflowvenv/lib/python3.12/site-packages/airflow/example_dags/example_xcomargs.py
[2025-04-18T10:21:07.499+0530] {logging_mixin.py:190} INFO - [2025-04-18T10:21:07.499+0530] {dag.py:3239} INFO - Sync 2 DAGs
[2025-04-18T10:21:07.506+0530] {logging_mixin.py:190} INFO - [2025-04-18T10:21:07.505+0530] {dag.py:4180} INFO - Setting next_dagrun for example_xcom_args to None, run_after=None
[2025-04-18T10:21:07.507+0530] {logging_mixin.py:190} INFO - [2025-04-18T10:21:07.507+0530] {dag.py:4180} INFO - Setting next_dagrun for example_xcom_args_with_operators to None, run_after=None
[2025-04-18T10:21:07.609+0530] {processor.py:208} INFO - Processing /home/prakhar/Desktop/Bootcamp/Python/Airflow-Project/airflowvenv/lib/python3.12/site-packages/airflow/example_dags/example_xcomargs.py took 0.134 seconds
[2025-04-18T10:23:01.156+0530] {processor.py:186} INFO - Started process (PID=22732) to work on /home/prakhar/Desktop/Bootcamp/Python/Airflow-Project/airflowvenv/lib/python3.12/site-packages/airflow/example_dags/example_xcomargs.py
[2025-04-18T10:23:01.239+0530] {processor.py:914} INFO - Processing file /home/prakhar/Desktop/Bootcamp/Python/Airflow-Project/airflowvenv/lib/python3.12/site-packages/airflow/example_dags/example_xcomargs.py for tasks to queue
[2025-04-18T10:23:01.243+0530] {logging_mixin.py:190} INFO - [2025-04-18T10:23:01.242+0530] {dagbag.py:588} INFO - Filling up the DagBag from /home/prakhar/Desktop/Bootcamp/Python/Airflow-Project/airflowvenv/lib/python3.12/site-packages/airflow/example_dags/example_xcomargs.py
[2025-04-18T10:23:01.258+0530] {processor.py:925} INFO - DAG(s) 'example_xcom_args', 'example_xcom_args_with_operators' retrieved from /home/prakhar/Desktop/Bootcamp/Python/Airflow-Project/airflowvenv/lib/python3.12/site-packages/airflow/example_dags/example_xcomargs.py
[2025-04-18T10:23:01.270+0530] {logging_mixin.py:190} INFO - [2025-04-18T10:23:01.270+0530] {dag.py:3239} INFO - Sync 2 DAGs
[2025-04-18T10:23:01.276+0530] {logging_mixin.py:190} INFO - [2025-04-18T10:23:01.276+0530] {dag.py:4180} INFO - Setting next_dagrun for example_xcom_args to None, run_after=None
[2025-04-18T10:23:01.278+0530] {logging_mixin.py:190} INFO - [2025-04-18T10:23:01.278+0530] {dag.py:4180} INFO - Setting next_dagrun for example_xcom_args_with_operators to None, run_after=None
[2025-04-18T10:23:01.368+0530] {processor.py:208} INFO - Processing /home/prakhar/Desktop/Bootcamp/Python/Airflow-Project/airflowvenv/lib/python3.12/site-packages/airflow/example_dags/example_xcomargs.py took 0.215 seconds
[2025-04-18T10:24:18.526+0530] {processor.py:186} INFO - Started process (PID=23248) to work on /home/prakhar/Desktop/Bootcamp/Python/Airflow-Project/airflowvenv/lib/python3.12/site-packages/airflow/example_dags/example_xcomargs.py
[2025-04-18T10:24:18.527+0530] {processor.py:914} INFO - Processing file /home/prakhar/Desktop/Bootcamp/Python/Airflow-Project/airflowvenv/lib/python3.12/site-packages/airflow/example_dags/example_xcomargs.py for tasks to queue
[2025-04-18T10:24:18.528+0530] {logging_mixin.py:190} INFO - [2025-04-18T10:24:18.528+0530] {dagbag.py:588} INFO - Filling up the DagBag from /home/prakhar/Desktop/Bootcamp/Python/Airflow-Project/airflowvenv/lib/python3.12/site-packages/airflow/example_dags/example_xcomargs.py
[2025-04-18T10:24:18.535+0530] {processor.py:925} INFO - DAG(s) 'example_xcom_args', 'example_xcom_args_with_operators' retrieved from /home/prakhar/Desktop/Bootcamp/Python/Airflow-Project/airflowvenv/lib/python3.12/site-packages/airflow/example_dags/example_xcomargs.py
[2025-04-18T10:24:18.544+0530] {logging_mixin.py:190} INFO - [2025-04-18T10:24:18.544+0530] {dag.py:3239} INFO - Sync 2 DAGs
[2025-04-18T10:24:18.551+0530] {logging_mixin.py:190} INFO - [2025-04-18T10:24:18.551+0530] {dag.py:4180} INFO - Setting next_dagrun for example_xcom_args to None, run_after=None
[2025-04-18T10:24:18.552+0530] {logging_mixin.py:190} INFO - [2025-04-18T10:24:18.552+0530] {dag.py:4180} INFO - Setting next_dagrun for example_xcom_args_with_operators to None, run_after=None
[2025-04-18T10:24:18.666+0530] {processor.py:208} INFO - Processing /home/prakhar/Desktop/Bootcamp/Python/Airflow-Project/airflowvenv/lib/python3.12/site-packages/airflow/example_dags/example_xcomargs.py took 0.144 seconds
[2025-04-18T10:25:35.533+0530] {processor.py:186} INFO - Started process (PID=23598) to work on /home/prakhar/Desktop/Bootcamp/Python/Airflow-Project/airflowvenv/lib/python3.12/site-packages/airflow/example_dags/example_xcomargs.py
[2025-04-18T10:25:35.534+0530] {processor.py:914} INFO - Processing file /home/prakhar/Desktop/Bootcamp/Python/Airflow-Project/airflowvenv/lib/python3.12/site-packages/airflow/example_dags/example_xcomargs.py for tasks to queue
[2025-04-18T10:25:35.535+0530] {logging_mixin.py:190} INFO - [2025-04-18T10:25:35.535+0530] {dagbag.py:588} INFO - Filling up the DagBag from /home/prakhar/Desktop/Bootcamp/Python/Airflow-Project/airflowvenv/lib/python3.12/site-packages/airflow/example_dags/example_xcomargs.py
[2025-04-18T10:25:35.542+0530] {processor.py:925} INFO - DAG(s) 'example_xcom_args', 'example_xcom_args_with_operators' retrieved from /home/prakhar/Desktop/Bootcamp/Python/Airflow-Project/airflowvenv/lib/python3.12/site-packages/airflow/example_dags/example_xcomargs.py
[2025-04-18T10:25:35.554+0530] {logging_mixin.py:190} INFO - [2025-04-18T10:25:35.554+0530] {dag.py:3239} INFO - Sync 2 DAGs
[2025-04-18T10:25:35.561+0530] {logging_mixin.py:190} INFO - [2025-04-18T10:25:35.561+0530] {dag.py:4180} INFO - Setting next_dagrun for example_xcom_args to None, run_after=None
[2025-04-18T10:25:35.564+0530] {logging_mixin.py:190} INFO - [2025-04-18T10:25:35.564+0530] {dag.py:4180} INFO - Setting next_dagrun for example_xcom_args_with_operators to None, run_after=None
[2025-04-18T10:25:35.670+0530] {processor.py:208} INFO - Processing /home/prakhar/Desktop/Bootcamp/Python/Airflow-Project/airflowvenv/lib/python3.12/site-packages/airflow/example_dags/example_xcomargs.py took 0.142 seconds
[2025-04-18T10:26:55.748+0530] {processor.py:186} INFO - Started process (PID=24021) to work on /home/prakhar/Desktop/Bootcamp/Python/Airflow-Project/airflowvenv/lib/python3.12/site-packages/airflow/example_dags/example_xcomargs.py
[2025-04-18T10:26:55.778+0530] {processor.py:914} INFO - Processing file /home/prakhar/Desktop/Bootcamp/Python/Airflow-Project/airflowvenv/lib/python3.12/site-packages/airflow/example_dags/example_xcomargs.py for tasks to queue
[2025-04-18T10:26:55.780+0530] {logging_mixin.py:190} INFO - [2025-04-18T10:26:55.779+0530] {dagbag.py:588} INFO - Filling up the DagBag from /home/prakhar/Desktop/Bootcamp/Python/Airflow-Project/airflowvenv/lib/python3.12/site-packages/airflow/example_dags/example_xcomargs.py
[2025-04-18T10:26:55.792+0530] {processor.py:925} INFO - DAG(s) 'example_xcom_args_with_operators', 'example_xcom_args' retrieved from /home/prakhar/Desktop/Bootcamp/Python/Airflow-Project/airflowvenv/lib/python3.12/site-packages/airflow/example_dags/example_xcomargs.py
[2025-04-18T10:26:55.808+0530] {logging_mixin.py:190} INFO - [2025-04-18T10:26:55.808+0530] {dag.py:3239} INFO - Sync 2 DAGs
[2025-04-18T10:26:55.815+0530] {logging_mixin.py:190} INFO - [2025-04-18T10:26:55.814+0530] {dag.py:4180} INFO - Setting next_dagrun for example_xcom_args to None, run_after=None
[2025-04-18T10:26:55.816+0530] {logging_mixin.py:190} INFO - [2025-04-18T10:26:55.816+0530] {dag.py:4180} INFO - Setting next_dagrun for example_xcom_args_with_operators to None, run_after=None
[2025-04-18T10:26:55.884+0530] {processor.py:208} INFO - Processing /home/prakhar/Desktop/Bootcamp/Python/Airflow-Project/airflowvenv/lib/python3.12/site-packages/airflow/example_dags/example_xcomargs.py took 0.140 seconds
[2025-04-18T10:28:15.129+0530] {processor.py:186} INFO - Started process (PID=24241) to work on /home/prakhar/Desktop/Bootcamp/Python/Airflow-Project/airflowvenv/lib/python3.12/site-packages/airflow/example_dags/example_xcomargs.py
[2025-04-18T10:28:15.170+0530] {processor.py:914} INFO - Processing file /home/prakhar/Desktop/Bootcamp/Python/Airflow-Project/airflowvenv/lib/python3.12/site-packages/airflow/example_dags/example_xcomargs.py for tasks to queue
[2025-04-18T10:28:15.173+0530] {logging_mixin.py:190} INFO - [2025-04-18T10:28:15.172+0530] {dagbag.py:588} INFO - Filling up the DagBag from /home/prakhar/Desktop/Bootcamp/Python/Airflow-Project/airflowvenv/lib/python3.12/site-packages/airflow/example_dags/example_xcomargs.py
[2025-04-18T10:28:15.188+0530] {processor.py:925} INFO - DAG(s) 'example_xcom_args', 'example_xcom_args_with_operators' retrieved from /home/prakhar/Desktop/Bootcamp/Python/Airflow-Project/airflowvenv/lib/python3.12/site-packages/airflow/example_dags/example_xcomargs.py
[2025-04-18T10:28:15.198+0530] {logging_mixin.py:190} INFO - [2025-04-18T10:28:15.198+0530] {dag.py:3239} INFO - Sync 2 DAGs
[2025-04-18T10:28:15.205+0530] {logging_mixin.py:190} INFO - [2025-04-18T10:28:15.204+0530] {dag.py:4180} INFO - Setting next_dagrun for example_xcom_args to None, run_after=None
[2025-04-18T10:28:15.206+0530] {logging_mixin.py:190} INFO - [2025-04-18T10:28:15.206+0530] {dag.py:4180} INFO - Setting next_dagrun for example_xcom_args_with_operators to None, run_after=None
[2025-04-18T10:28:15.298+0530] {processor.py:208} INFO - Processing /home/prakhar/Desktop/Bootcamp/Python/Airflow-Project/airflowvenv/lib/python3.12/site-packages/airflow/example_dags/example_xcomargs.py took 0.174 seconds
[2025-04-18T10:29:36.677+0530] {processor.py:186} INFO - Started process (PID=24588) to work on /home/prakhar/Desktop/Bootcamp/Python/Airflow-Project/airflowvenv/lib/python3.12/site-packages/airflow/example_dags/example_xcomargs.py
[2025-04-18T10:29:36.717+0530] {processor.py:914} INFO - Processing file /home/prakhar/Desktop/Bootcamp/Python/Airflow-Project/airflowvenv/lib/python3.12/site-packages/airflow/example_dags/example_xcomargs.py for tasks to queue
[2025-04-18T10:29:36.721+0530] {logging_mixin.py:190} INFO - [2025-04-18T10:29:36.720+0530] {dagbag.py:588} INFO - Filling up the DagBag from /home/prakhar/Desktop/Bootcamp/Python/Airflow-Project/airflowvenv/lib/python3.12/site-packages/airflow/example_dags/example_xcomargs.py
[2025-04-18T10:29:36.736+0530] {processor.py:925} INFO - DAG(s) 'example_xcom_args_with_operators', 'example_xcom_args' retrieved from /home/prakhar/Desktop/Bootcamp/Python/Airflow-Project/airflowvenv/lib/python3.12/site-packages/airflow/example_dags/example_xcomargs.py
[2025-04-18T10:29:36.750+0530] {logging_mixin.py:190} INFO - [2025-04-18T10:29:36.750+0530] {dag.py:3239} INFO - Sync 2 DAGs
[2025-04-18T10:29:36.758+0530] {logging_mixin.py:190} INFO - [2025-04-18T10:29:36.758+0530] {dag.py:4180} INFO - Setting next_dagrun for example_xcom_args to None, run_after=None
[2025-04-18T10:29:36.761+0530] {logging_mixin.py:190} INFO - [2025-04-18T10:29:36.761+0530] {dag.py:4180} INFO - Setting next_dagrun for example_xcom_args_with_operators to None, run_after=None
[2025-04-18T10:29:36.830+0530] {processor.py:208} INFO - Processing /home/prakhar/Desktop/Bootcamp/Python/Airflow-Project/airflowvenv/lib/python3.12/site-packages/airflow/example_dags/example_xcomargs.py took 0.157 seconds
