[2025-04-18T10:17:31.240+0530] {processor.py:186} INFO - Started process (PID=18609) to work on /home/prakhar/Desktop/Bootcamp/Python/Airflow-Project/airflowvenv/lib/python3.12/site-packages/airflow/example_dags/example_setup_teardown.py
[2025-04-18T10:17:31.241+0530] {processor.py:914} INFO - Processing file /home/prakhar/Desktop/Bootcamp/Python/Airflow-Project/airflowvenv/lib/python3.12/site-packages/airflow/example_dags/example_setup_teardown.py for tasks to queue
[2025-04-18T10:17:31.242+0530] {logging_mixin.py:190} INFO - [2025-04-18T10:17:31.242+0530] {dagbag.py:588} INFO - Filling up the DagBag from /home/prakhar/Desktop/Bootcamp/Python/Airflow-Project/airflowvenv/lib/python3.12/site-packages/airflow/example_dags/example_setup_teardown.py
[2025-04-18T10:17:31.249+0530] {processor.py:925} INFO - DAG(s) 'example_setup_teardown' retrieved from /home/prakhar/Desktop/Bootcamp/Python/Airflow-Project/airflowvenv/lib/python3.12/site-packages/airflow/example_dags/example_setup_teardown.py
[2025-04-18T10:17:31.262+0530] {logging_mixin.py:190} INFO - [2025-04-18T10:17:31.262+0530] {dag.py:3239} INFO - Sync 1 DAGs
[2025-04-18T10:17:31.271+0530] {logging_mixin.py:190} INFO - [2025-04-18T10:17:31.270+0530] {dag.py:4180} INFO - Setting next_dagrun for example_setup_teardown to None, run_after=None
[2025-04-18T10:17:31.363+0530] {processor.py:208} INFO - Processing /home/prakhar/Desktop/Bootcamp/Python/Airflow-Project/airflowvenv/lib/python3.12/site-packages/airflow/example_dags/example_setup_teardown.py took 0.126 seconds
[2025-04-18T10:18:41.298+0530] {processor.py:186} INFO - Started process (PID=19480) to work on /home/prakhar/Desktop/Bootcamp/Python/Airflow-Project/airflowvenv/lib/python3.12/site-packages/airflow/example_dags/example_setup_teardown.py
[2025-04-18T10:18:41.299+0530] {processor.py:914} INFO - Processing file /home/prakhar/Desktop/Bootcamp/Python/Airflow-Project/airflowvenv/lib/python3.12/site-packages/airflow/example_dags/example_setup_teardown.py for tasks to queue
[2025-04-18T10:18:41.300+0530] {logging_mixin.py:190} INFO - [2025-04-18T10:18:41.300+0530] {dagbag.py:588} INFO - Filling up the DagBag from /home/prakhar/Desktop/Bootcamp/Python/Airflow-Project/airflowvenv/lib/python3.12/site-packages/airflow/example_dags/example_setup_teardown.py
[2025-04-18T10:18:41.308+0530] {processor.py:925} INFO - DAG(s) 'example_setup_teardown' retrieved from /home/prakhar/Desktop/Bootcamp/Python/Airflow-Project/airflowvenv/lib/python3.12/site-packages/airflow/example_dags/example_setup_teardown.py
[2025-04-18T10:18:41.317+0530] {logging_mixin.py:190} INFO - [2025-04-18T10:18:41.317+0530] {dag.py:3239} INFO - Sync 1 DAGs
[2025-04-18T10:18:41.324+0530] {logging_mixin.py:190} INFO - [2025-04-18T10:18:41.324+0530] {dag.py:4180} INFO - Setting next_dagrun for example_setup_teardown to None, run_after=None
[2025-04-18T10:18:41.452+0530] {processor.py:208} INFO - Processing /home/prakhar/Desktop/Bootcamp/Python/Airflow-Project/airflowvenv/lib/python3.12/site-packages/airflow/example_dags/example_setup_teardown.py took 0.157 seconds
[2025-04-18T10:20:10.299+0530] {processor.py:186} INFO - Started process (PID=20491) to work on /home/prakhar/Desktop/Bootcamp/Python/Airflow-Project/airflowvenv/lib/python3.12/site-packages/airflow/example_dags/example_setup_teardown.py
[2025-04-18T10:20:10.337+0530] {processor.py:914} INFO - Processing file /home/prakhar/Desktop/Bootcamp/Python/Airflow-Project/airflowvenv/lib/python3.12/site-packages/airflow/example_dags/example_setup_teardown.py for tasks to queue
[2025-04-18T10:20:10.340+0530] {logging_mixin.py:190} INFO - [2025-04-18T10:20:10.340+0530] {dagbag.py:588} INFO - Filling up the DagBag from /home/prakhar/Desktop/Bootcamp/Python/Airflow-Project/airflowvenv/lib/python3.12/site-packages/airflow/example_dags/example_setup_teardown.py
[2025-04-18T10:20:10.354+0530] {processor.py:925} INFO - DAG(s) 'example_setup_teardown' retrieved from /home/prakhar/Desktop/Bootcamp/Python/Airflow-Project/airflowvenv/lib/python3.12/site-packages/airflow/example_dags/example_setup_teardown.py
[2025-04-18T10:20:10.365+0530] {logging_mixin.py:190} INFO - [2025-04-18T10:20:10.365+0530] {dag.py:3239} INFO - Sync 1 DAGs
[2025-04-18T10:20:10.372+0530] {logging_mixin.py:190} INFO - [2025-04-18T10:20:10.371+0530] {dag.py:4180} INFO - Setting next_dagrun for example_setup_teardown to None, run_after=None
[2025-04-18T10:20:10.455+0530] {processor.py:208} INFO - Processing /home/prakhar/Desktop/Bootcamp/Python/Airflow-Project/airflowvenv/lib/python3.12/site-packages/airflow/example_dags/example_setup_teardown.py took 0.159 seconds
[2025-04-18T10:21:26.467+0530] {processor.py:186} INFO - Started process (PID=21501) to work on /home/prakhar/Desktop/Bootcamp/Python/Airflow-Project/airflowvenv/lib/python3.12/site-packages/airflow/example_dags/example_setup_teardown.py
[2025-04-18T10:21:26.471+0530] {processor.py:914} INFO - Processing file /home/prakhar/Desktop/Bootcamp/Python/Airflow-Project/airflowvenv/lib/python3.12/site-packages/airflow/example_dags/example_setup_teardown.py for tasks to queue
[2025-04-18T10:21:26.472+0530] {logging_mixin.py:190} INFO - [2025-04-18T10:21:26.472+0530] {dagbag.py:588} INFO - Filling up the DagBag from /home/prakhar/Desktop/Bootcamp/Python/Airflow-Project/airflowvenv/lib/python3.12/site-packages/airflow/example_dags/example_setup_teardown.py
[2025-04-18T10:21:26.479+0530] {processor.py:925} INFO - DAG(s) 'example_setup_teardown' retrieved from /home/prakhar/Desktop/Bootcamp/Python/Airflow-Project/airflowvenv/lib/python3.12/site-packages/airflow/example_dags/example_setup_teardown.py
[2025-04-18T10:21:26.488+0530] {logging_mixin.py:190} INFO - [2025-04-18T10:21:26.488+0530] {dag.py:3239} INFO - Sync 1 DAGs
[2025-04-18T10:21:26.494+0530] {logging_mixin.py:190} INFO - [2025-04-18T10:21:26.494+0530] {dag.py:4180} INFO - Setting next_dagrun for example_setup_teardown to None, run_after=None
[2025-04-18T10:21:26.578+0530] {processor.py:208} INFO - Processing /home/prakhar/Desktop/Bootcamp/Python/Airflow-Project/airflowvenv/lib/python3.12/site-packages/airflow/example_dags/example_setup_teardown.py took 0.114 seconds
[2025-04-18T10:23:15.542+0530] {processor.py:186} INFO - Started process (PID=22810) to work on /home/prakhar/Desktop/Bootcamp/Python/Airflow-Project/airflowvenv/lib/python3.12/site-packages/airflow/example_dags/example_setup_teardown.py
[2025-04-18T10:23:15.553+0530] {processor.py:914} INFO - Processing file /home/prakhar/Desktop/Bootcamp/Python/Airflow-Project/airflowvenv/lib/python3.12/site-packages/airflow/example_dags/example_setup_teardown.py for tasks to queue
[2025-04-18T10:23:15.555+0530] {logging_mixin.py:190} INFO - [2025-04-18T10:23:15.555+0530] {dagbag.py:588} INFO - Filling up the DagBag from /home/prakhar/Desktop/Bootcamp/Python/Airflow-Project/airflowvenv/lib/python3.12/site-packages/airflow/example_dags/example_setup_teardown.py
[2025-04-18T10:23:15.561+0530] {processor.py:925} INFO - DAG(s) 'example_setup_teardown' retrieved from /home/prakhar/Desktop/Bootcamp/Python/Airflow-Project/airflowvenv/lib/python3.12/site-packages/airflow/example_dags/example_setup_teardown.py
[2025-04-18T10:23:15.625+0530] {logging_mixin.py:190} INFO - [2025-04-18T10:23:15.625+0530] {dag.py:3239} INFO - Sync 1 DAGs
[2025-04-18T10:23:15.632+0530] {logging_mixin.py:190} INFO - [2025-04-18T10:23:15.632+0530] {dag.py:4180} INFO - Setting next_dagrun for example_setup_teardown to None, run_after=None
[2025-04-18T10:23:15.718+0530] {processor.py:208} INFO - Processing /home/prakhar/Desktop/Bootcamp/Python/Airflow-Project/airflowvenv/lib/python3.12/site-packages/airflow/example_dags/example_setup_teardown.py took 0.180 seconds
[2025-04-18T10:24:32.188+0530] {processor.py:186} INFO - Started process (PID=23264) to work on /home/prakhar/Desktop/Bootcamp/Python/Airflow-Project/airflowvenv/lib/python3.12/site-packages/airflow/example_dags/example_setup_teardown.py
[2025-04-18T10:24:32.223+0530] {processor.py:914} INFO - Processing file /home/prakhar/Desktop/Bootcamp/Python/Airflow-Project/airflowvenv/lib/python3.12/site-packages/airflow/example_dags/example_setup_teardown.py for tasks to queue
[2025-04-18T10:24:32.225+0530] {logging_mixin.py:190} INFO - [2025-04-18T10:24:32.225+0530] {dagbag.py:588} INFO - Filling up the DagBag from /home/prakhar/Desktop/Bootcamp/Python/Airflow-Project/airflowvenv/lib/python3.12/site-packages/airflow/example_dags/example_setup_teardown.py
[2025-04-18T10:24:32.232+0530] {processor.py:925} INFO - DAG(s) 'example_setup_teardown' retrieved from /home/prakhar/Desktop/Bootcamp/Python/Airflow-Project/airflowvenv/lib/python3.12/site-packages/airflow/example_dags/example_setup_teardown.py
[2025-04-18T10:24:32.241+0530] {logging_mixin.py:190} INFO - [2025-04-18T10:24:32.241+0530] {dag.py:3239} INFO - Sync 1 DAGs
[2025-04-18T10:24:32.249+0530] {logging_mixin.py:190} INFO - [2025-04-18T10:24:32.249+0530] {dag.py:4180} INFO - Setting next_dagrun for example_setup_teardown to None, run_after=None
[2025-04-18T10:24:32.316+0530] {processor.py:208} INFO - Processing /home/prakhar/Desktop/Bootcamp/Python/Airflow-Project/airflowvenv/lib/python3.12/site-packages/airflow/example_dags/example_setup_teardown.py took 0.133 seconds
[2025-04-18T10:25:49.718+0530] {processor.py:186} INFO - Started process (PID=23806) to work on /home/prakhar/Desktop/Bootcamp/Python/Airflow-Project/airflowvenv/lib/python3.12/site-packages/airflow/example_dags/example_setup_teardown.py
[2025-04-18T10:25:49.719+0530] {processor.py:914} INFO - Processing file /home/prakhar/Desktop/Bootcamp/Python/Airflow-Project/airflowvenv/lib/python3.12/site-packages/airflow/example_dags/example_setup_teardown.py for tasks to queue
[2025-04-18T10:25:49.721+0530] {logging_mixin.py:190} INFO - [2025-04-18T10:25:49.720+0530] {dagbag.py:588} INFO - Filling up the DagBag from /home/prakhar/Desktop/Bootcamp/Python/Airflow-Project/airflowvenv/lib/python3.12/site-packages/airflow/example_dags/example_setup_teardown.py
[2025-04-18T10:25:49.726+0530] {processor.py:925} INFO - DAG(s) 'example_setup_teardown' retrieved from /home/prakhar/Desktop/Bootcamp/Python/Airflow-Project/airflowvenv/lib/python3.12/site-packages/airflow/example_dags/example_setup_teardown.py
[2025-04-18T10:25:49.744+0530] {logging_mixin.py:190} INFO - [2025-04-18T10:25:49.743+0530] {dag.py:3239} INFO - Sync 1 DAGs
[2025-04-18T10:25:49.752+0530] {logging_mixin.py:190} INFO - [2025-04-18T10:25:49.751+0530] {dag.py:4180} INFO - Setting next_dagrun for example_setup_teardown to None, run_after=None
[2025-04-18T10:25:49.857+0530] {processor.py:208} INFO - Processing /home/prakhar/Desktop/Bootcamp/Python/Airflow-Project/airflowvenv/lib/python3.12/site-packages/airflow/example_dags/example_setup_teardown.py took 0.143 seconds
[2025-04-18T10:27:10.106+0530] {processor.py:186} INFO - Started process (PID=24045) to work on /home/prakhar/Desktop/Bootcamp/Python/Airflow-Project/airflowvenv/lib/python3.12/site-packages/airflow/example_dags/example_setup_teardown.py
[2025-04-18T10:27:10.107+0530] {processor.py:914} INFO - Processing file /home/prakhar/Desktop/Bootcamp/Python/Airflow-Project/airflowvenv/lib/python3.12/site-packages/airflow/example_dags/example_setup_teardown.py for tasks to queue
[2025-04-18T10:27:10.108+0530] {logging_mixin.py:190} INFO - [2025-04-18T10:27:10.108+0530] {dagbag.py:588} INFO - Filling up the DagBag from /home/prakhar/Desktop/Bootcamp/Python/Airflow-Project/airflowvenv/lib/python3.12/site-packages/airflow/example_dags/example_setup_teardown.py
[2025-04-18T10:27:10.114+0530] {processor.py:925} INFO - DAG(s) 'example_setup_teardown' retrieved from /home/prakhar/Desktop/Bootcamp/Python/Airflow-Project/airflowvenv/lib/python3.12/site-packages/airflow/example_dags/example_setup_teardown.py
[2025-04-18T10:27:10.126+0530] {logging_mixin.py:190} INFO - [2025-04-18T10:27:10.126+0530] {dag.py:3239} INFO - Sync 1 DAGs
[2025-04-18T10:27:10.132+0530] {logging_mixin.py:190} INFO - [2025-04-18T10:27:10.132+0530] {dag.py:4180} INFO - Setting next_dagrun for example_setup_teardown to None, run_after=None
[2025-04-18T10:27:10.235+0530] {processor.py:208} INFO - Processing /home/prakhar/Desktop/Bootcamp/Python/Airflow-Project/airflowvenv/lib/python3.12/site-packages/airflow/example_dags/example_setup_teardown.py took 0.133 seconds
[2025-04-18T10:28:29.579+0530] {processor.py:186} INFO - Started process (PID=24271) to work on /home/prakhar/Desktop/Bootcamp/Python/Airflow-Project/airflowvenv/lib/python3.12/site-packages/airflow/example_dags/example_setup_teardown.py
[2025-04-18T10:28:29.611+0530] {processor.py:914} INFO - Processing file /home/prakhar/Desktop/Bootcamp/Python/Airflow-Project/airflowvenv/lib/python3.12/site-packages/airflow/example_dags/example_setup_teardown.py for tasks to queue
[2025-04-18T10:28:29.615+0530] {logging_mixin.py:190} INFO - [2025-04-18T10:28:29.614+0530] {dagbag.py:588} INFO - Filling up the DagBag from /home/prakhar/Desktop/Bootcamp/Python/Airflow-Project/airflowvenv/lib/python3.12/site-packages/airflow/example_dags/example_setup_teardown.py
[2025-04-18T10:28:29.628+0530] {processor.py:925} INFO - DAG(s) 'example_setup_teardown' retrieved from /home/prakhar/Desktop/Bootcamp/Python/Airflow-Project/airflowvenv/lib/python3.12/site-packages/airflow/example_dags/example_setup_teardown.py
[2025-04-18T10:28:29.639+0530] {logging_mixin.py:190} INFO - [2025-04-18T10:28:29.639+0530] {dag.py:3239} INFO - Sync 1 DAGs
[2025-04-18T10:28:29.645+0530] {logging_mixin.py:190} INFO - [2025-04-18T10:28:29.645+0530] {dag.py:4180} INFO - Setting next_dagrun for example_setup_teardown to None, run_after=None
[2025-04-18T10:28:29.721+0530] {processor.py:208} INFO - Processing /home/prakhar/Desktop/Bootcamp/Python/Airflow-Project/airflowvenv/lib/python3.12/site-packages/airflow/example_dags/example_setup_teardown.py took 0.146 seconds
[2025-04-18T10:29:48.628+0530] {processor.py:186} INFO - Started process (PID=24736) to work on /home/prakhar/Desktop/Bootcamp/Python/Airflow-Project/airflowvenv/lib/python3.12/site-packages/airflow/example_dags/example_setup_teardown.py
[2025-04-18T10:29:48.659+0530] {processor.py:914} INFO - Processing file /home/prakhar/Desktop/Bootcamp/Python/Airflow-Project/airflowvenv/lib/python3.12/site-packages/airflow/example_dags/example_setup_teardown.py for tasks to queue
[2025-04-18T10:29:48.662+0530] {logging_mixin.py:190} INFO - [2025-04-18T10:29:48.661+0530] {dagbag.py:588} INFO - Filling up the DagBag from /home/prakhar/Desktop/Bootcamp/Python/Airflow-Project/airflowvenv/lib/python3.12/site-packages/airflow/example_dags/example_setup_teardown.py
[2025-04-18T10:29:48.672+0530] {processor.py:925} INFO - DAG(s) 'example_setup_teardown' retrieved from /home/prakhar/Desktop/Bootcamp/Python/Airflow-Project/airflowvenv/lib/python3.12/site-packages/airflow/example_dags/example_setup_teardown.py
[2025-04-18T10:29:48.682+0530] {logging_mixin.py:190} INFO - [2025-04-18T10:29:48.681+0530] {dag.py:3239} INFO - Sync 1 DAGs
[2025-04-18T10:29:48.688+0530] {logging_mixin.py:190} INFO - [2025-04-18T10:29:48.688+0530] {dag.py:4180} INFO - Setting next_dagrun for example_setup_teardown to None, run_after=None
[2025-04-18T10:29:48.766+0530] {processor.py:208} INFO - Processing /home/prakhar/Desktop/Bootcamp/Python/Airflow-Project/airflowvenv/lib/python3.12/site-packages/airflow/example_dags/example_setup_teardown.py took 0.144 seconds
