[2025-04-18T10:17:43.948+0530] {processor.py:186} INFO - Started process (PID=18783) to work on /home/prakhar/Desktop/Bootcamp/Python/Airflow-Project/airflowvenv/lib/python3.12/site-packages/airflow/example_dags/example_latest_only.py
[2025-04-18T10:17:43.949+0530] {processor.py:914} INFO - Processing file /home/prakhar/Desktop/Bootcamp/Python/Airflow-Project/airflowvenv/lib/python3.12/site-packages/airflow/example_dags/example_latest_only.py for tasks to queue
[2025-04-18T10:17:43.952+0530] {logging_mixin.py:190} INFO - [2025-04-18T10:17:43.951+0530] {dagbag.py:588} INFO - Filling up the DagBag from /home/prakhar/Desktop/Bootcamp/Python/Airflow-Project/airflowvenv/lib/python3.12/site-packages/airflow/example_dags/example_latest_only.py
[2025-04-18T10:17:43.958+0530] {processor.py:925} INFO - DAG(s) 'latest_only' retrieved from /home/prakhar/Desktop/Bootcamp/Python/Airflow-Project/airflowvenv/lib/python3.12/site-packages/airflow/example_dags/example_latest_only.py
[2025-04-18T10:17:43.968+0530] {logging_mixin.py:190} INFO - [2025-04-18T10:17:43.968+0530] {dag.py:3239} INFO - Sync 1 DAGs
[2025-04-18T10:17:43.979+0530] {logging_mixin.py:190} INFO - [2025-04-18T10:17:43.979+0530] {dag.py:4180} INFO - Setting next_dagrun for latest_only to 2025-04-18 00:00:00+00:00, run_after=2025-04-18 04:00:00+00:00
[2025-04-18T10:17:44.098+0530] {processor.py:208} INFO - Processing /home/prakhar/Desktop/Bootcamp/Python/Airflow-Project/airflowvenv/lib/python3.12/site-packages/airflow/example_dags/example_latest_only.py took 0.155 seconds
[2025-04-18T10:19:02.815+0530] {processor.py:186} INFO - Started process (PID=19728) to work on /home/prakhar/Desktop/Bootcamp/Python/Airflow-Project/airflowvenv/lib/python3.12/site-packages/airflow/example_dags/example_latest_only.py
[2025-04-18T10:19:02.816+0530] {processor.py:914} INFO - Processing file /home/prakhar/Desktop/Bootcamp/Python/Airflow-Project/airflowvenv/lib/python3.12/site-packages/airflow/example_dags/example_latest_only.py for tasks to queue
[2025-04-18T10:19:02.817+0530] {logging_mixin.py:190} INFO - [2025-04-18T10:19:02.816+0530] {dagbag.py:588} INFO - Filling up the DagBag from /home/prakhar/Desktop/Bootcamp/Python/Airflow-Project/airflowvenv/lib/python3.12/site-packages/airflow/example_dags/example_latest_only.py
[2025-04-18T10:19:02.822+0530] {processor.py:925} INFO - DAG(s) 'latest_only' retrieved from /home/prakhar/Desktop/Bootcamp/Python/Airflow-Project/airflowvenv/lib/python3.12/site-packages/airflow/example_dags/example_latest_only.py
[2025-04-18T10:19:02.830+0530] {logging_mixin.py:190} INFO - [2025-04-18T10:19:02.830+0530] {dag.py:3239} INFO - Sync 1 DAGs
[2025-04-18T10:19:02.841+0530] {logging_mixin.py:190} INFO - [2025-04-18T10:19:02.841+0530] {dag.py:4180} INFO - Setting next_dagrun for latest_only to 2025-04-18 00:00:00+00:00, run_after=2025-04-18 04:00:00+00:00
[2025-04-18T10:19:02.915+0530] {processor.py:208} INFO - Processing /home/prakhar/Desktop/Bootcamp/Python/Airflow-Project/airflowvenv/lib/python3.12/site-packages/airflow/example_dags/example_latest_only.py took 0.103 seconds
[2025-04-18T10:20:23.342+0530] {processor.py:186} INFO - Started process (PID=20589) to work on /home/prakhar/Desktop/Bootcamp/Python/Airflow-Project/airflowvenv/lib/python3.12/site-packages/airflow/example_dags/example_latest_only.py
[2025-04-18T10:20:23.376+0530] {processor.py:914} INFO - Processing file /home/prakhar/Desktop/Bootcamp/Python/Airflow-Project/airflowvenv/lib/python3.12/site-packages/airflow/example_dags/example_latest_only.py for tasks to queue
[2025-04-18T10:20:23.380+0530] {logging_mixin.py:190} INFO - [2025-04-18T10:20:23.380+0530] {dagbag.py:588} INFO - Filling up the DagBag from /home/prakhar/Desktop/Bootcamp/Python/Airflow-Project/airflowvenv/lib/python3.12/site-packages/airflow/example_dags/example_latest_only.py
[2025-04-18T10:20:23.390+0530] {processor.py:925} INFO - DAG(s) 'latest_only' retrieved from /home/prakhar/Desktop/Bootcamp/Python/Airflow-Project/airflowvenv/lib/python3.12/site-packages/airflow/example_dags/example_latest_only.py
[2025-04-18T10:20:23.401+0530] {logging_mixin.py:190} INFO - [2025-04-18T10:20:23.401+0530] {dag.py:3239} INFO - Sync 1 DAGs
[2025-04-18T10:20:23.413+0530] {logging_mixin.py:190} INFO - [2025-04-18T10:20:23.413+0530] {dag.py:4180} INFO - Setting next_dagrun for latest_only to 2025-04-18 00:00:00+00:00, run_after=2025-04-18 04:00:00+00:00
[2025-04-18T10:20:23.488+0530] {processor.py:208} INFO - Processing /home/prakhar/Desktop/Bootcamp/Python/Airflow-Project/airflowvenv/lib/python3.12/site-packages/airflow/example_dags/example_latest_only.py took 0.150 seconds
[2025-04-18T10:21:56.717+0530] {processor.py:186} INFO - Started process (PID=21927) to work on /home/prakhar/Desktop/Bootcamp/Python/Airflow-Project/airflowvenv/lib/python3.12/site-packages/airflow/example_dags/example_latest_only.py
[2025-04-18T10:21:56.750+0530] {processor.py:914} INFO - Processing file /home/prakhar/Desktop/Bootcamp/Python/Airflow-Project/airflowvenv/lib/python3.12/site-packages/airflow/example_dags/example_latest_only.py for tasks to queue
[2025-04-18T10:21:56.754+0530] {logging_mixin.py:190} INFO - [2025-04-18T10:21:56.753+0530] {dagbag.py:588} INFO - Filling up the DagBag from /home/prakhar/Desktop/Bootcamp/Python/Airflow-Project/airflowvenv/lib/python3.12/site-packages/airflow/example_dags/example_latest_only.py
[2025-04-18T10:21:56.764+0530] {processor.py:925} INFO - DAG(s) 'latest_only' retrieved from /home/prakhar/Desktop/Bootcamp/Python/Airflow-Project/airflowvenv/lib/python3.12/site-packages/airflow/example_dags/example_latest_only.py
[2025-04-18T10:21:56.774+0530] {logging_mixin.py:190} INFO - [2025-04-18T10:21:56.774+0530] {dag.py:3239} INFO - Sync 1 DAGs
[2025-04-18T10:21:56.785+0530] {logging_mixin.py:190} INFO - [2025-04-18T10:21:56.785+0530] {dag.py:4180} INFO - Setting next_dagrun for latest_only to 2025-04-18 00:00:00+00:00, run_after=2025-04-18 04:00:00+00:00
[2025-04-18T10:21:56.861+0530] {processor.py:208} INFO - Processing /home/prakhar/Desktop/Bootcamp/Python/Airflow-Project/airflowvenv/lib/python3.12/site-packages/airflow/example_dags/example_latest_only.py took 0.148 seconds
[2025-04-18T10:23:39.347+0530] {processor.py:186} INFO - Started process (PID=22982) to work on /home/prakhar/Desktop/Bootcamp/Python/Airflow-Project/airflowvenv/lib/python3.12/site-packages/airflow/example_dags/example_latest_only.py
[2025-04-18T10:23:39.348+0530] {processor.py:914} INFO - Processing file /home/prakhar/Desktop/Bootcamp/Python/Airflow-Project/airflowvenv/lib/python3.12/site-packages/airflow/example_dags/example_latest_only.py for tasks to queue
[2025-04-18T10:23:39.349+0530] {logging_mixin.py:190} INFO - [2025-04-18T10:23:39.349+0530] {dagbag.py:588} INFO - Filling up the DagBag from /home/prakhar/Desktop/Bootcamp/Python/Airflow-Project/airflowvenv/lib/python3.12/site-packages/airflow/example_dags/example_latest_only.py
[2025-04-18T10:23:39.356+0530] {processor.py:925} INFO - DAG(s) 'latest_only' retrieved from /home/prakhar/Desktop/Bootcamp/Python/Airflow-Project/airflowvenv/lib/python3.12/site-packages/airflow/example_dags/example_latest_only.py
[2025-04-18T10:23:39.365+0530] {logging_mixin.py:190} INFO - [2025-04-18T10:23:39.365+0530] {dag.py:3239} INFO - Sync 1 DAGs
[2025-04-18T10:23:39.376+0530] {logging_mixin.py:190} INFO - [2025-04-18T10:23:39.375+0530] {dag.py:4180} INFO - Setting next_dagrun for latest_only to 2025-04-18 00:00:00+00:00, run_after=2025-04-18 04:00:00+00:00
[2025-04-18T10:23:39.497+0530] {processor.py:208} INFO - Processing /home/prakhar/Desktop/Bootcamp/Python/Airflow-Project/airflowvenv/lib/python3.12/site-packages/airflow/example_dags/example_latest_only.py took 0.154 seconds
[2025-04-18T10:24:58.496+0530] {processor.py:186} INFO - Started process (PID=23469) to work on /home/prakhar/Desktop/Bootcamp/Python/Airflow-Project/airflowvenv/lib/python3.12/site-packages/airflow/example_dags/example_latest_only.py
[2025-04-18T10:24:58.518+0530] {processor.py:914} INFO - Processing file /home/prakhar/Desktop/Bootcamp/Python/Airflow-Project/airflowvenv/lib/python3.12/site-packages/airflow/example_dags/example_latest_only.py for tasks to queue
[2025-04-18T10:24:58.519+0530] {logging_mixin.py:190} INFO - [2025-04-18T10:24:58.519+0530] {dagbag.py:588} INFO - Filling up the DagBag from /home/prakhar/Desktop/Bootcamp/Python/Airflow-Project/airflowvenv/lib/python3.12/site-packages/airflow/example_dags/example_latest_only.py
[2025-04-18T10:24:58.525+0530] {processor.py:925} INFO - DAG(s) 'latest_only' retrieved from /home/prakhar/Desktop/Bootcamp/Python/Airflow-Project/airflowvenv/lib/python3.12/site-packages/airflow/example_dags/example_latest_only.py
[2025-04-18T10:24:58.534+0530] {logging_mixin.py:190} INFO - [2025-04-18T10:24:58.534+0530] {dag.py:3239} INFO - Sync 1 DAGs
[2025-04-18T10:24:58.544+0530] {logging_mixin.py:190} INFO - [2025-04-18T10:24:58.544+0530] {dag.py:4180} INFO - Setting next_dagrun for latest_only to 2025-04-18 00:00:00+00:00, run_after=2025-04-18 04:00:00+00:00
[2025-04-18T10:24:58.662+0530] {processor.py:208} INFO - Processing /home/prakhar/Desktop/Bootcamp/Python/Airflow-Project/airflowvenv/lib/python3.12/site-packages/airflow/example_dags/example_latest_only.py took 0.169 seconds
[2025-04-18T10:26:13.640+0530] {processor.py:186} INFO - Started process (PID=23887) to work on /home/prakhar/Desktop/Bootcamp/Python/Airflow-Project/airflowvenv/lib/python3.12/site-packages/airflow/example_dags/example_latest_only.py
[2025-04-18T10:26:13.641+0530] {processor.py:914} INFO - Processing file /home/prakhar/Desktop/Bootcamp/Python/Airflow-Project/airflowvenv/lib/python3.12/site-packages/airflow/example_dags/example_latest_only.py for tasks to queue
[2025-04-18T10:26:13.642+0530] {logging_mixin.py:190} INFO - [2025-04-18T10:26:13.642+0530] {dagbag.py:588} INFO - Filling up the DagBag from /home/prakhar/Desktop/Bootcamp/Python/Airflow-Project/airflowvenv/lib/python3.12/site-packages/airflow/example_dags/example_latest_only.py
[2025-04-18T10:26:13.648+0530] {processor.py:925} INFO - DAG(s) 'latest_only' retrieved from /home/prakhar/Desktop/Bootcamp/Python/Airflow-Project/airflowvenv/lib/python3.12/site-packages/airflow/example_dags/example_latest_only.py
[2025-04-18T10:26:13.659+0530] {logging_mixin.py:190} INFO - [2025-04-18T10:26:13.658+0530] {dag.py:3239} INFO - Sync 1 DAGs
[2025-04-18T10:26:13.672+0530] {logging_mixin.py:190} INFO - [2025-04-18T10:26:13.672+0530] {dag.py:4180} INFO - Setting next_dagrun for latest_only to 2025-04-18 00:00:00+00:00, run_after=2025-04-18 04:00:00+00:00
[2025-04-18T10:26:13.761+0530] {processor.py:208} INFO - Processing /home/prakhar/Desktop/Bootcamp/Python/Airflow-Project/airflowvenv/lib/python3.12/site-packages/airflow/example_dags/example_latest_only.py took 0.126 seconds
[2025-04-18T10:27:38.521+0530] {processor.py:186} INFO - Started process (PID=24132) to work on /home/prakhar/Desktop/Bootcamp/Python/Airflow-Project/airflowvenv/lib/python3.12/site-packages/airflow/example_dags/example_latest_only.py
[2025-04-18T10:27:38.551+0530] {processor.py:914} INFO - Processing file /home/prakhar/Desktop/Bootcamp/Python/Airflow-Project/airflowvenv/lib/python3.12/site-packages/airflow/example_dags/example_latest_only.py for tasks to queue
[2025-04-18T10:27:38.553+0530] {logging_mixin.py:190} INFO - [2025-04-18T10:27:38.553+0530] {dagbag.py:588} INFO - Filling up the DagBag from /home/prakhar/Desktop/Bootcamp/Python/Airflow-Project/airflowvenv/lib/python3.12/site-packages/airflow/example_dags/example_latest_only.py
[2025-04-18T10:27:38.561+0530] {processor.py:925} INFO - DAG(s) 'latest_only' retrieved from /home/prakhar/Desktop/Bootcamp/Python/Airflow-Project/airflowvenv/lib/python3.12/site-packages/airflow/example_dags/example_latest_only.py
[2025-04-18T10:27:38.571+0530] {logging_mixin.py:190} INFO - [2025-04-18T10:27:38.571+0530] {dag.py:3239} INFO - Sync 1 DAGs
[2025-04-18T10:27:38.583+0530] {logging_mixin.py:190} INFO - [2025-04-18T10:27:38.583+0530] {dag.py:4180} INFO - Setting next_dagrun for latest_only to 2025-04-18 00:00:00+00:00, run_after=2025-04-18 04:00:00+00:00
[2025-04-18T10:27:38.653+0530] {processor.py:208} INFO - Processing /home/prakhar/Desktop/Bootcamp/Python/Airflow-Project/airflowvenv/lib/python3.12/site-packages/airflow/example_dags/example_latest_only.py took 0.138 seconds
[2025-04-18T10:28:56.293+0530] {processor.py:186} INFO - Started process (PID=24421) to work on /home/prakhar/Desktop/Bootcamp/Python/Airflow-Project/airflowvenv/lib/python3.12/site-packages/airflow/example_dags/example_latest_only.py
[2025-04-18T10:28:56.325+0530] {processor.py:914} INFO - Processing file /home/prakhar/Desktop/Bootcamp/Python/Airflow-Project/airflowvenv/lib/python3.12/site-packages/airflow/example_dags/example_latest_only.py for tasks to queue
[2025-04-18T10:28:56.326+0530] {logging_mixin.py:190} INFO - [2025-04-18T10:28:56.326+0530] {dagbag.py:588} INFO - Filling up the DagBag from /home/prakhar/Desktop/Bootcamp/Python/Airflow-Project/airflowvenv/lib/python3.12/site-packages/airflow/example_dags/example_latest_only.py
[2025-04-18T10:28:56.332+0530] {processor.py:925} INFO - DAG(s) 'latest_only' retrieved from /home/prakhar/Desktop/Bootcamp/Python/Airflow-Project/airflowvenv/lib/python3.12/site-packages/airflow/example_dags/example_latest_only.py
[2025-04-18T10:28:56.341+0530] {logging_mixin.py:190} INFO - [2025-04-18T10:28:56.341+0530] {dag.py:3239} INFO - Sync 1 DAGs
[2025-04-18T10:28:56.351+0530] {logging_mixin.py:190} INFO - [2025-04-18T10:28:56.351+0530] {dag.py:4180} INFO - Setting next_dagrun for latest_only to 2025-04-18 00:00:00+00:00, run_after=2025-04-18 04:00:00+00:00
[2025-04-18T10:28:56.426+0530] {processor.py:208} INFO - Processing /home/prakhar/Desktop/Bootcamp/Python/Airflow-Project/airflowvenv/lib/python3.12/site-packages/airflow/example_dags/example_latest_only.py took 0.138 seconds
[2025-04-18T10:30:15.258+0530] {processor.py:186} INFO - Started process (PID=24832) to work on /home/prakhar/Desktop/Bootcamp/Python/Airflow-Project/airflowvenv/lib/python3.12/site-packages/airflow/example_dags/example_latest_only.py
[2025-04-18T10:30:15.259+0530] {processor.py:914} INFO - Processing file /home/prakhar/Desktop/Bootcamp/Python/Airflow-Project/airflowvenv/lib/python3.12/site-packages/airflow/example_dags/example_latest_only.py for tasks to queue
[2025-04-18T10:30:15.260+0530] {logging_mixin.py:190} INFO - [2025-04-18T10:30:15.260+0530] {dagbag.py:588} INFO - Filling up the DagBag from /home/prakhar/Desktop/Bootcamp/Python/Airflow-Project/airflowvenv/lib/python3.12/site-packages/airflow/example_dags/example_latest_only.py
[2025-04-18T10:30:15.267+0530] {processor.py:925} INFO - DAG(s) 'latest_only' retrieved from /home/prakhar/Desktop/Bootcamp/Python/Airflow-Project/airflowvenv/lib/python3.12/site-packages/airflow/example_dags/example_latest_only.py
[2025-04-18T10:30:15.276+0530] {logging_mixin.py:190} INFO - [2025-04-18T10:30:15.276+0530] {dag.py:3239} INFO - Sync 1 DAGs
[2025-04-18T10:30:15.286+0530] {logging_mixin.py:190} INFO - [2025-04-18T10:30:15.286+0530] {dag.py:4180} INFO - Setting next_dagrun for latest_only to 2025-04-18 00:00:00+00:00, run_after=2025-04-18 04:00:00+00:00
[2025-04-18T10:30:15.391+0530] {processor.py:208} INFO - Processing /home/prakhar/Desktop/Bootcamp/Python/Airflow-Project/airflowvenv/lib/python3.12/site-packages/airflow/example_dags/example_latest_only.py took 0.138 seconds
