[2025-04-18T10:18:04.494+0530] {processor.py:186} INFO - Started process (PID=19042) to work on /home/prakhar/Desktop/Bootcamp/Python/Airflow-Project/airflowvenv/lib/python3.12/site-packages/airflow/example_dags/example_bash_decorator.py
[2025-04-18T10:18:04.494+0530] {processor.py:914} INFO - Processing file /home/prakhar/Desktop/Bootcamp/Python/Airflow-Project/airflowvenv/lib/python3.12/site-packages/airflow/example_dags/example_bash_decorator.py for tasks to queue
[2025-04-18T10:18:04.495+0530] {logging_mixin.py:190} INFO - [2025-04-18T10:18:04.495+0530] {dagbag.py:588} INFO - Filling up the DagBag from /home/prakhar/Desktop/Bootcamp/Python/Airflow-Project/airflowvenv/lib/python3.12/site-packages/airflow/example_dags/example_bash_decorator.py
[2025-04-18T10:18:04.504+0530] {processor.py:925} INFO - DAG(s) 'example_bash_decorator' retrieved from /home/prakhar/Desktop/Bootcamp/Python/Airflow-Project/airflowvenv/lib/python3.12/site-packages/airflow/example_dags/example_bash_decorator.py
[2025-04-18T10:18:04.564+0530] {logging_mixin.py:190} INFO - [2025-04-18T10:18:04.564+0530] {dag.py:3239} INFO - Sync 1 DAGs
[2025-04-18T10:18:04.570+0530] {logging_mixin.py:190} INFO - [2025-04-18T10:18:04.570+0530] {dag.py:4180} INFO - Setting next_dagrun for example_bash_decorator to None, run_after=None
[2025-04-18T10:18:04.651+0530] {processor.py:208} INFO - Processing /home/prakhar/Desktop/Bootcamp/Python/Airflow-Project/airflowvenv/lib/python3.12/site-packages/airflow/example_dags/example_bash_decorator.py took 0.160 seconds
[2025-04-18T10:19:24.762+0530] {processor.py:186} INFO - Started process (PID=20039) to work on /home/prakhar/Desktop/Bootcamp/Python/Airflow-Project/airflowvenv/lib/python3.12/site-packages/airflow/example_dags/example_bash_decorator.py
[2025-04-18T10:19:24.801+0530] {processor.py:914} INFO - Processing file /home/prakhar/Desktop/Bootcamp/Python/Airflow-Project/airflowvenv/lib/python3.12/site-packages/airflow/example_dags/example_bash_decorator.py for tasks to queue
[2025-04-18T10:19:24.803+0530] {logging_mixin.py:190} INFO - [2025-04-18T10:19:24.803+0530] {dagbag.py:588} INFO - Filling up the DagBag from /home/prakhar/Desktop/Bootcamp/Python/Airflow-Project/airflowvenv/lib/python3.12/site-packages/airflow/example_dags/example_bash_decorator.py
[2025-04-18T10:19:24.823+0530] {processor.py:925} INFO - DAG(s) 'example_bash_decorator' retrieved from /home/prakhar/Desktop/Bootcamp/Python/Airflow-Project/airflowvenv/lib/python3.12/site-packages/airflow/example_dags/example_bash_decorator.py
[2025-04-18T10:19:24.834+0530] {logging_mixin.py:190} INFO - [2025-04-18T10:19:24.834+0530] {dag.py:3239} INFO - Sync 1 DAGs
[2025-04-18T10:19:24.842+0530] {logging_mixin.py:190} INFO - [2025-04-18T10:19:24.842+0530] {dag.py:4180} INFO - Setting next_dagrun for example_bash_decorator to None, run_after=None
[2025-04-18T10:19:24.930+0530] {processor.py:208} INFO - Processing /home/prakhar/Desktop/Bootcamp/Python/Airflow-Project/airflowvenv/lib/python3.12/site-packages/airflow/example_dags/example_bash_decorator.py took 0.173 seconds
[2025-04-18T10:20:46.345+0530] {processor.py:186} INFO - Started process (PID=20945) to work on /home/prakhar/Desktop/Bootcamp/Python/Airflow-Project/airflowvenv/lib/python3.12/site-packages/airflow/example_dags/example_bash_decorator.py
[2025-04-18T10:20:46.439+0530] {processor.py:914} INFO - Processing file /home/prakhar/Desktop/Bootcamp/Python/Airflow-Project/airflowvenv/lib/python3.12/site-packages/airflow/example_dags/example_bash_decorator.py for tasks to queue
[2025-04-18T10:20:46.441+0530] {logging_mixin.py:190} INFO - [2025-04-18T10:20:46.441+0530] {dagbag.py:588} INFO - Filling up the DagBag from /home/prakhar/Desktop/Bootcamp/Python/Airflow-Project/airflowvenv/lib/python3.12/site-packages/airflow/example_dags/example_bash_decorator.py
[2025-04-18T10:20:46.460+0530] {processor.py:925} INFO - DAG(s) 'example_bash_decorator' retrieved from /home/prakhar/Desktop/Bootcamp/Python/Airflow-Project/airflowvenv/lib/python3.12/site-packages/airflow/example_dags/example_bash_decorator.py
[2025-04-18T10:20:46.518+0530] {logging_mixin.py:190} INFO - [2025-04-18T10:20:46.517+0530] {dag.py:3239} INFO - Sync 1 DAGs
[2025-04-18T10:20:46.523+0530] {logging_mixin.py:190} INFO - [2025-04-18T10:20:46.523+0530] {dag.py:4180} INFO - Setting next_dagrun for example_bash_decorator to None, run_after=None
[2025-04-18T10:20:46.615+0530] {processor.py:208} INFO - Processing /home/prakhar/Desktop/Bootcamp/Python/Airflow-Project/airflowvenv/lib/python3.12/site-packages/airflow/example_dags/example_bash_decorator.py took 0.277 seconds
[2025-04-18T10:22:22.321+0530] {processor.py:186} INFO - Started process (PID=22122) to work on /home/prakhar/Desktop/Bootcamp/Python/Airflow-Project/airflowvenv/lib/python3.12/site-packages/airflow/example_dags/example_bash_decorator.py
[2025-04-18T10:22:22.344+0530] {processor.py:914} INFO - Processing file /home/prakhar/Desktop/Bootcamp/Python/Airflow-Project/airflowvenv/lib/python3.12/site-packages/airflow/example_dags/example_bash_decorator.py for tasks to queue
[2025-04-18T10:22:22.346+0530] {logging_mixin.py:190} INFO - [2025-04-18T10:22:22.346+0530] {dagbag.py:588} INFO - Filling up the DagBag from /home/prakhar/Desktop/Bootcamp/Python/Airflow-Project/airflowvenv/lib/python3.12/site-packages/airflow/example_dags/example_bash_decorator.py
[2025-04-18T10:22:22.356+0530] {processor.py:925} INFO - DAG(s) 'example_bash_decorator' retrieved from /home/prakhar/Desktop/Bootcamp/Python/Airflow-Project/airflowvenv/lib/python3.12/site-packages/airflow/example_dags/example_bash_decorator.py
[2025-04-18T10:22:22.368+0530] {logging_mixin.py:190} INFO - [2025-04-18T10:22:22.367+0530] {dag.py:3239} INFO - Sync 1 DAGs
[2025-04-18T10:22:22.375+0530] {logging_mixin.py:190} INFO - [2025-04-18T10:22:22.375+0530] {dag.py:4180} INFO - Setting next_dagrun for example_bash_decorator to None, run_after=None
[2025-04-18T10:22:22.570+0530] {processor.py:208} INFO - Processing /home/prakhar/Desktop/Bootcamp/Python/Airflow-Project/airflowvenv/lib/python3.12/site-packages/airflow/example_dags/example_bash_decorator.py took 0.253 seconds
[2025-04-18T10:24:01.992+0530] {processor.py:186} INFO - Started process (PID=23103) to work on /home/prakhar/Desktop/Bootcamp/Python/Airflow-Project/airflowvenv/lib/python3.12/site-packages/airflow/example_dags/example_bash_decorator.py
[2025-04-18T10:24:02.019+0530] {processor.py:914} INFO - Processing file /home/prakhar/Desktop/Bootcamp/Python/Airflow-Project/airflowvenv/lib/python3.12/site-packages/airflow/example_dags/example_bash_decorator.py for tasks to queue
[2025-04-18T10:24:02.021+0530] {logging_mixin.py:190} INFO - [2025-04-18T10:24:02.020+0530] {dagbag.py:588} INFO - Filling up the DagBag from /home/prakhar/Desktop/Bootcamp/Python/Airflow-Project/airflowvenv/lib/python3.12/site-packages/airflow/example_dags/example_bash_decorator.py
[2025-04-18T10:24:02.033+0530] {processor.py:925} INFO - DAG(s) 'example_bash_decorator' retrieved from /home/prakhar/Desktop/Bootcamp/Python/Airflow-Project/airflowvenv/lib/python3.12/site-packages/airflow/example_dags/example_bash_decorator.py
[2025-04-18T10:24:02.043+0530] {logging_mixin.py:190} INFO - [2025-04-18T10:24:02.043+0530] {dag.py:3239} INFO - Sync 1 DAGs
[2025-04-18T10:24:02.049+0530] {logging_mixin.py:190} INFO - [2025-04-18T10:24:02.049+0530] {dag.py:4180} INFO - Setting next_dagrun for example_bash_decorator to None, run_after=None
[2025-04-18T10:24:02.133+0530] {processor.py:208} INFO - Processing /home/prakhar/Desktop/Bootcamp/Python/Airflow-Project/airflowvenv/lib/python3.12/site-packages/airflow/example_dags/example_bash_decorator.py took 0.146 seconds
[2025-04-18T10:25:19.664+0530] {processor.py:186} INFO - Started process (PID=23563) to work on /home/prakhar/Desktop/Bootcamp/Python/Airflow-Project/airflowvenv/lib/python3.12/site-packages/airflow/example_dags/example_bash_decorator.py
[2025-04-18T10:25:19.681+0530] {processor.py:914} INFO - Processing file /home/prakhar/Desktop/Bootcamp/Python/Airflow-Project/airflowvenv/lib/python3.12/site-packages/airflow/example_dags/example_bash_decorator.py for tasks to queue
[2025-04-18T10:25:19.683+0530] {logging_mixin.py:190} INFO - [2025-04-18T10:25:19.683+0530] {dagbag.py:588} INFO - Filling up the DagBag from /home/prakhar/Desktop/Bootcamp/Python/Airflow-Project/airflowvenv/lib/python3.12/site-packages/airflow/example_dags/example_bash_decorator.py
[2025-04-18T10:25:19.693+0530] {processor.py:925} INFO - DAG(s) 'example_bash_decorator' retrieved from /home/prakhar/Desktop/Bootcamp/Python/Airflow-Project/airflowvenv/lib/python3.12/site-packages/airflow/example_dags/example_bash_decorator.py
[2025-04-18T10:25:19.704+0530] {logging_mixin.py:190} INFO - [2025-04-18T10:25:19.704+0530] {dag.py:3239} INFO - Sync 1 DAGs
[2025-04-18T10:25:19.712+0530] {logging_mixin.py:190} INFO - [2025-04-18T10:25:19.712+0530] {dag.py:4180} INFO - Setting next_dagrun for example_bash_decorator to None, run_after=None
[2025-04-18T10:25:19.789+0530] {processor.py:208} INFO - Processing /home/prakhar/Desktop/Bootcamp/Python/Airflow-Project/airflowvenv/lib/python3.12/site-packages/airflow/example_dags/example_bash_decorator.py took 0.129 seconds
[2025-04-18T10:26:37.845+0530] {processor.py:186} INFO - Started process (PID=23934) to work on /home/prakhar/Desktop/Bootcamp/Python/Airflow-Project/airflowvenv/lib/python3.12/site-packages/airflow/example_dags/example_bash_decorator.py
[2025-04-18T10:26:37.856+0530] {processor.py:914} INFO - Processing file /home/prakhar/Desktop/Bootcamp/Python/Airflow-Project/airflowvenv/lib/python3.12/site-packages/airflow/example_dags/example_bash_decorator.py for tasks to queue
[2025-04-18T10:26:37.858+0530] {logging_mixin.py:190} INFO - [2025-04-18T10:26:37.858+0530] {dagbag.py:588} INFO - Filling up the DagBag from /home/prakhar/Desktop/Bootcamp/Python/Airflow-Project/airflowvenv/lib/python3.12/site-packages/airflow/example_dags/example_bash_decorator.py
[2025-04-18T10:26:37.868+0530] {processor.py:925} INFO - DAG(s) 'example_bash_decorator' retrieved from /home/prakhar/Desktop/Bootcamp/Python/Airflow-Project/airflowvenv/lib/python3.12/site-packages/airflow/example_dags/example_bash_decorator.py
[2025-04-18T10:26:37.880+0530] {logging_mixin.py:190} INFO - [2025-04-18T10:26:37.880+0530] {dag.py:3239} INFO - Sync 1 DAGs
[2025-04-18T10:26:37.890+0530] {logging_mixin.py:190} INFO - [2025-04-18T10:26:37.890+0530] {dag.py:4180} INFO - Setting next_dagrun for example_bash_decorator to None, run_after=None
[2025-04-18T10:26:37.958+0530] {processor.py:208} INFO - Processing /home/prakhar/Desktop/Bootcamp/Python/Airflow-Project/airflowvenv/lib/python3.12/site-packages/airflow/example_dags/example_bash_decorator.py took 0.117 seconds
[2025-04-18T10:27:59.609+0530] {processor.py:186} INFO - Started process (PID=24205) to work on /home/prakhar/Desktop/Bootcamp/Python/Airflow-Project/airflowvenv/lib/python3.12/site-packages/airflow/example_dags/example_bash_decorator.py
[2025-04-18T10:27:59.647+0530] {processor.py:914} INFO - Processing file /home/prakhar/Desktop/Bootcamp/Python/Airflow-Project/airflowvenv/lib/python3.12/site-packages/airflow/example_dags/example_bash_decorator.py for tasks to queue
[2025-04-18T10:27:59.651+0530] {logging_mixin.py:190} INFO - [2025-04-18T10:27:59.651+0530] {dagbag.py:588} INFO - Filling up the DagBag from /home/prakhar/Desktop/Bootcamp/Python/Airflow-Project/airflowvenv/lib/python3.12/site-packages/airflow/example_dags/example_bash_decorator.py
[2025-04-18T10:27:59.667+0530] {processor.py:925} INFO - DAG(s) 'example_bash_decorator' retrieved from /home/prakhar/Desktop/Bootcamp/Python/Airflow-Project/airflowvenv/lib/python3.12/site-packages/airflow/example_dags/example_bash_decorator.py
[2025-04-18T10:27:59.681+0530] {logging_mixin.py:190} INFO - [2025-04-18T10:27:59.681+0530] {dag.py:3239} INFO - Sync 1 DAGs
[2025-04-18T10:27:59.688+0530] {logging_mixin.py:190} INFO - [2025-04-18T10:27:59.688+0530] {dag.py:4180} INFO - Setting next_dagrun for example_bash_decorator to None, run_after=None
[2025-04-18T10:27:59.766+0530] {processor.py:208} INFO - Processing /home/prakhar/Desktop/Bootcamp/Python/Airflow-Project/airflowvenv/lib/python3.12/site-packages/airflow/example_dags/example_bash_decorator.py took 0.163 seconds
[2025-04-18T10:29:19.323+0530] {processor.py:186} INFO - Started process (PID=24516) to work on /home/prakhar/Desktop/Bootcamp/Python/Airflow-Project/airflowvenv/lib/python3.12/site-packages/airflow/example_dags/example_bash_decorator.py
[2025-04-18T10:29:19.354+0530] {processor.py:914} INFO - Processing file /home/prakhar/Desktop/Bootcamp/Python/Airflow-Project/airflowvenv/lib/python3.12/site-packages/airflow/example_dags/example_bash_decorator.py for tasks to queue
[2025-04-18T10:29:19.357+0530] {logging_mixin.py:190} INFO - [2025-04-18T10:29:19.356+0530] {dagbag.py:588} INFO - Filling up the DagBag from /home/prakhar/Desktop/Bootcamp/Python/Airflow-Project/airflowvenv/lib/python3.12/site-packages/airflow/example_dags/example_bash_decorator.py
[2025-04-18T10:29:19.375+0530] {processor.py:925} INFO - DAG(s) 'example_bash_decorator' retrieved from /home/prakhar/Desktop/Bootcamp/Python/Airflow-Project/airflowvenv/lib/python3.12/site-packages/airflow/example_dags/example_bash_decorator.py
[2025-04-18T10:29:19.386+0530] {logging_mixin.py:190} INFO - [2025-04-18T10:29:19.386+0530] {dag.py:3239} INFO - Sync 1 DAGs
[2025-04-18T10:29:19.394+0530] {logging_mixin.py:190} INFO - [2025-04-18T10:29:19.394+0530] {dag.py:4180} INFO - Setting next_dagrun for example_bash_decorator to None, run_after=None
[2025-04-18T10:29:19.470+0530] {processor.py:208} INFO - Processing /home/prakhar/Desktop/Bootcamp/Python/Airflow-Project/airflowvenv/lib/python3.12/site-packages/airflow/example_dags/example_bash_decorator.py took 0.150 seconds
[2025-04-18T10:30:37.597+0530] {processor.py:186} INFO - Started process (PID=24930) to work on /home/prakhar/Desktop/Bootcamp/Python/Airflow-Project/airflowvenv/lib/python3.12/site-packages/airflow/example_dags/example_bash_decorator.py
[2025-04-18T10:30:37.631+0530] {processor.py:914} INFO - Processing file /home/prakhar/Desktop/Bootcamp/Python/Airflow-Project/airflowvenv/lib/python3.12/site-packages/airflow/example_dags/example_bash_decorator.py for tasks to queue
[2025-04-18T10:30:37.634+0530] {logging_mixin.py:190} INFO - [2025-04-18T10:30:37.633+0530] {dagbag.py:588} INFO - Filling up the DagBag from /home/prakhar/Desktop/Bootcamp/Python/Airflow-Project/airflowvenv/lib/python3.12/site-packages/airflow/example_dags/example_bash_decorator.py
[2025-04-18T10:30:37.646+0530] {processor.py:925} INFO - DAG(s) 'example_bash_decorator' retrieved from /home/prakhar/Desktop/Bootcamp/Python/Airflow-Project/airflowvenv/lib/python3.12/site-packages/airflow/example_dags/example_bash_decorator.py
[2025-04-18T10:30:37.657+0530] {logging_mixin.py:190} INFO - [2025-04-18T10:30:37.657+0530] {dag.py:3239} INFO - Sync 1 DAGs
[2025-04-18T10:30:37.664+0530] {logging_mixin.py:190} INFO - [2025-04-18T10:30:37.664+0530] {dag.py:4180} INFO - Setting next_dagrun for example_bash_decorator to None, run_after=None
[2025-04-18T10:30:37.753+0530] {processor.py:208} INFO - Processing /home/prakhar/Desktop/Bootcamp/Python/Airflow-Project/airflowvenv/lib/python3.12/site-packages/airflow/example_dags/example_bash_decorator.py took 0.160 seconds
