[2025-04-18T10:17:23.364+0530] {processor.py:186} INFO - Started process (PID=18574) to work on /home/prakhar/Desktop/Bootcamp/Python/Airflow-Project/airflowvenv/lib/python3.12/site-packages/airflow/example_dags/example_short_circuit_operator.py
[2025-04-18T10:17:23.365+0530] {processor.py:914} INFO - Processing file /home/prakhar/Desktop/Bootcamp/Python/Airflow-Project/airflowvenv/lib/python3.12/site-packages/airflow/example_dags/example_short_circuit_operator.py for tasks to queue
[2025-04-18T10:17:23.367+0530] {logging_mixin.py:190} INFO - [2025-04-18T10:17:23.366+0530] {dagbag.py:588} INFO - Filling up the DagBag from /home/prakhar/Desktop/Bootcamp/Python/Airflow-Project/airflowvenv/lib/python3.12/site-packages/airflow/example_dags/example_short_circuit_operator.py
[2025-04-18T10:17:23.373+0530] {processor.py:925} INFO - DAG(s) 'example_short_circuit_operator' retrieved from /home/prakhar/Desktop/Bootcamp/Python/Airflow-Project/airflowvenv/lib/python3.12/site-packages/airflow/example_dags/example_short_circuit_operator.py
[2025-04-18T10:17:23.385+0530] {logging_mixin.py:190} INFO - [2025-04-18T10:17:23.385+0530] {dag.py:3239} INFO - Sync 1 DAGs
[2025-04-18T10:17:23.391+0530] {logging_mixin.py:190} INFO - [2025-04-18T10:17:23.391+0530] {dag.py:4180} INFO - Setting next_dagrun for example_short_circuit_operator to None, run_after=None
[2025-04-18T10:17:23.465+0530] {processor.py:208} INFO - Processing /home/prakhar/Desktop/Bootcamp/Python/Airflow-Project/airflowvenv/lib/python3.12/site-packages/airflow/example_dags/example_short_circuit_operator.py took 0.105 seconds
[2025-04-18T10:18:33.910+0530] {processor.py:186} INFO - Started process (PID=19379) to work on /home/prakhar/Desktop/Bootcamp/Python/Airflow-Project/airflowvenv/lib/python3.12/site-packages/airflow/example_dags/example_short_circuit_operator.py
[2025-04-18T10:18:33.946+0530] {processor.py:914} INFO - Processing file /home/prakhar/Desktop/Bootcamp/Python/Airflow-Project/airflowvenv/lib/python3.12/site-packages/airflow/example_dags/example_short_circuit_operator.py for tasks to queue
[2025-04-18T10:18:33.947+0530] {logging_mixin.py:190} INFO - [2025-04-18T10:18:33.946+0530] {dagbag.py:588} INFO - Filling up the DagBag from /home/prakhar/Desktop/Bootcamp/Python/Airflow-Project/airflowvenv/lib/python3.12/site-packages/airflow/example_dags/example_short_circuit_operator.py
[2025-04-18T10:18:33.956+0530] {processor.py:925} INFO - DAG(s) 'example_short_circuit_operator' retrieved from /home/prakhar/Desktop/Bootcamp/Python/Airflow-Project/airflowvenv/lib/python3.12/site-packages/airflow/example_dags/example_short_circuit_operator.py
[2025-04-18T10:18:33.967+0530] {logging_mixin.py:190} INFO - [2025-04-18T10:18:33.967+0530] {dag.py:3239} INFO - Sync 1 DAGs
[2025-04-18T10:18:33.975+0530] {logging_mixin.py:190} INFO - [2025-04-18T10:18:33.975+0530] {dag.py:4180} INFO - Setting next_dagrun for example_short_circuit_operator to None, run_after=None
[2025-04-18T10:18:34.049+0530] {processor.py:208} INFO - Processing /home/prakhar/Desktop/Bootcamp/Python/Airflow-Project/airflowvenv/lib/python3.12/site-packages/airflow/example_dags/example_short_circuit_operator.py took 0.143 seconds
[2025-04-18T10:20:04.940+0530] {processor.py:186} INFO - Started process (PID=20472) to work on /home/prakhar/Desktop/Bootcamp/Python/Airflow-Project/airflowvenv/lib/python3.12/site-packages/airflow/example_dags/example_short_circuit_operator.py
[2025-04-18T10:20:04.961+0530] {processor.py:914} INFO - Processing file /home/prakhar/Desktop/Bootcamp/Python/Airflow-Project/airflowvenv/lib/python3.12/site-packages/airflow/example_dags/example_short_circuit_operator.py for tasks to queue
[2025-04-18T10:20:04.964+0530] {logging_mixin.py:190} INFO - [2025-04-18T10:20:04.964+0530] {dagbag.py:588} INFO - Filling up the DagBag from /home/prakhar/Desktop/Bootcamp/Python/Airflow-Project/airflowvenv/lib/python3.12/site-packages/airflow/example_dags/example_short_circuit_operator.py
[2025-04-18T10:20:04.972+0530] {processor.py:925} INFO - DAG(s) 'example_short_circuit_operator' retrieved from /home/prakhar/Desktop/Bootcamp/Python/Airflow-Project/airflowvenv/lib/python3.12/site-packages/airflow/example_dags/example_short_circuit_operator.py
[2025-04-18T10:20:04.985+0530] {logging_mixin.py:190} INFO - [2025-04-18T10:20:04.985+0530] {dag.py:3239} INFO - Sync 1 DAGs
[2025-04-18T10:20:04.992+0530] {logging_mixin.py:190} INFO - [2025-04-18T10:20:04.992+0530] {dag.py:4180} INFO - Setting next_dagrun for example_short_circuit_operator to None, run_after=None
[2025-04-18T10:20:05.078+0530] {processor.py:208} INFO - Processing /home/prakhar/Desktop/Bootcamp/Python/Airflow-Project/airflowvenv/lib/python3.12/site-packages/airflow/example_dags/example_short_circuit_operator.py took 0.141 seconds
[2025-04-18T10:21:14.233+0530] {processor.py:186} INFO - Started process (PID=21290) to work on /home/prakhar/Desktop/Bootcamp/Python/Airflow-Project/airflowvenv/lib/python3.12/site-packages/airflow/example_dags/example_short_circuit_operator.py
[2025-04-18T10:21:14.393+0530] {processor.py:914} INFO - Processing file /home/prakhar/Desktop/Bootcamp/Python/Airflow-Project/airflowvenv/lib/python3.12/site-packages/airflow/example_dags/example_short_circuit_operator.py for tasks to queue
[2025-04-18T10:21:14.396+0530] {logging_mixin.py:190} INFO - [2025-04-18T10:21:14.395+0530] {dagbag.py:588} INFO - Filling up the DagBag from /home/prakhar/Desktop/Bootcamp/Python/Airflow-Project/airflowvenv/lib/python3.12/site-packages/airflow/example_dags/example_short_circuit_operator.py
[2025-04-18T10:21:14.407+0530] {processor.py:925} INFO - DAG(s) 'example_short_circuit_operator' retrieved from /home/prakhar/Desktop/Bootcamp/Python/Airflow-Project/airflowvenv/lib/python3.12/site-packages/airflow/example_dags/example_short_circuit_operator.py
[2025-04-18T10:21:14.419+0530] {logging_mixin.py:190} INFO - [2025-04-18T10:21:14.419+0530] {dag.py:3239} INFO - Sync 1 DAGs
[2025-04-18T10:21:14.425+0530] {logging_mixin.py:190} INFO - [2025-04-18T10:21:14.425+0530] {dag.py:4180} INFO - Setting next_dagrun for example_short_circuit_operator to None, run_after=None
[2025-04-18T10:21:14.494+0530] {processor.py:208} INFO - Processing /home/prakhar/Desktop/Bootcamp/Python/Airflow-Project/airflowvenv/lib/python3.12/site-packages/airflow/example_dags/example_short_circuit_operator.py took 0.264 seconds
[2025-04-18T10:23:07.600+0530] {processor.py:186} INFO - Started process (PID=22761) to work on /home/prakhar/Desktop/Bootcamp/Python/Airflow-Project/airflowvenv/lib/python3.12/site-packages/airflow/example_dags/example_short_circuit_operator.py
[2025-04-18T10:23:07.600+0530] {processor.py:914} INFO - Processing file /home/prakhar/Desktop/Bootcamp/Python/Airflow-Project/airflowvenv/lib/python3.12/site-packages/airflow/example_dags/example_short_circuit_operator.py for tasks to queue
[2025-04-18T10:23:07.601+0530] {logging_mixin.py:190} INFO - [2025-04-18T10:23:07.601+0530] {dagbag.py:588} INFO - Filling up the DagBag from /home/prakhar/Desktop/Bootcamp/Python/Airflow-Project/airflowvenv/lib/python3.12/site-packages/airflow/example_dags/example_short_circuit_operator.py
[2025-04-18T10:23:07.608+0530] {processor.py:925} INFO - DAG(s) 'example_short_circuit_operator' retrieved from /home/prakhar/Desktop/Bootcamp/Python/Airflow-Project/airflowvenv/lib/python3.12/site-packages/airflow/example_dags/example_short_circuit_operator.py
[2025-04-18T10:23:07.619+0530] {logging_mixin.py:190} INFO - [2025-04-18T10:23:07.619+0530] {dag.py:3239} INFO - Sync 1 DAGs
[2025-04-18T10:23:07.625+0530] {logging_mixin.py:190} INFO - [2025-04-18T10:23:07.625+0530] {dag.py:4180} INFO - Setting next_dagrun for example_short_circuit_operator to None, run_after=None
[2025-04-18T10:23:07.732+0530] {processor.py:208} INFO - Processing /home/prakhar/Desktop/Bootcamp/Python/Airflow-Project/airflowvenv/lib/python3.12/site-packages/airflow/example_dags/example_short_circuit_operator.py took 0.137 seconds
[2025-04-18T10:24:25.575+0530] {processor.py:186} INFO - Started process (PID=23256) to work on /home/prakhar/Desktop/Bootcamp/Python/Airflow-Project/airflowvenv/lib/python3.12/site-packages/airflow/example_dags/example_short_circuit_operator.py
[2025-04-18T10:24:25.577+0530] {processor.py:914} INFO - Processing file /home/prakhar/Desktop/Bootcamp/Python/Airflow-Project/airflowvenv/lib/python3.12/site-packages/airflow/example_dags/example_short_circuit_operator.py for tasks to queue
[2025-04-18T10:24:25.579+0530] {logging_mixin.py:190} INFO - [2025-04-18T10:24:25.578+0530] {dagbag.py:588} INFO - Filling up the DagBag from /home/prakhar/Desktop/Bootcamp/Python/Airflow-Project/airflowvenv/lib/python3.12/site-packages/airflow/example_dags/example_short_circuit_operator.py
[2025-04-18T10:24:25.586+0530] {processor.py:925} INFO - DAG(s) 'example_short_circuit_operator' retrieved from /home/prakhar/Desktop/Bootcamp/Python/Airflow-Project/airflowvenv/lib/python3.12/site-packages/airflow/example_dags/example_short_circuit_operator.py
[2025-04-18T10:24:25.597+0530] {logging_mixin.py:190} INFO - [2025-04-18T10:24:25.597+0530] {dag.py:3239} INFO - Sync 1 DAGs
[2025-04-18T10:24:25.603+0530] {logging_mixin.py:190} INFO - [2025-04-18T10:24:25.603+0530] {dag.py:4180} INFO - Setting next_dagrun for example_short_circuit_operator to None, run_after=None
[2025-04-18T10:24:25.708+0530] {processor.py:208} INFO - Processing /home/prakhar/Desktop/Bootcamp/Python/Airflow-Project/airflowvenv/lib/python3.12/site-packages/airflow/example_dags/example_short_circuit_operator.py took 0.138 seconds
[2025-04-18T10:25:43.175+0530] {processor.py:186} INFO - Started process (PID=23766) to work on /home/prakhar/Desktop/Bootcamp/Python/Airflow-Project/airflowvenv/lib/python3.12/site-packages/airflow/example_dags/example_short_circuit_operator.py
[2025-04-18T10:25:43.176+0530] {processor.py:914} INFO - Processing file /home/prakhar/Desktop/Bootcamp/Python/Airflow-Project/airflowvenv/lib/python3.12/site-packages/airflow/example_dags/example_short_circuit_operator.py for tasks to queue
[2025-04-18T10:25:43.178+0530] {logging_mixin.py:190} INFO - [2025-04-18T10:25:43.177+0530] {dagbag.py:588} INFO - Filling up the DagBag from /home/prakhar/Desktop/Bootcamp/Python/Airflow-Project/airflowvenv/lib/python3.12/site-packages/airflow/example_dags/example_short_circuit_operator.py
[2025-04-18T10:25:43.184+0530] {processor.py:925} INFO - DAG(s) 'example_short_circuit_operator' retrieved from /home/prakhar/Desktop/Bootcamp/Python/Airflow-Project/airflowvenv/lib/python3.12/site-packages/airflow/example_dags/example_short_circuit_operator.py
[2025-04-18T10:25:43.195+0530] {logging_mixin.py:190} INFO - [2025-04-18T10:25:43.195+0530] {dag.py:3239} INFO - Sync 1 DAGs
[2025-04-18T10:25:43.203+0530] {logging_mixin.py:190} INFO - [2025-04-18T10:25:43.203+0530] {dag.py:4180} INFO - Setting next_dagrun for example_short_circuit_operator to None, run_after=None
[2025-04-18T10:25:43.306+0530] {processor.py:208} INFO - Processing /home/prakhar/Desktop/Bootcamp/Python/Airflow-Project/airflowvenv/lib/python3.12/site-packages/airflow/example_dags/example_short_circuit_operator.py took 0.135 seconds
[2025-04-18T10:27:03.422+0530] {processor.py:186} INFO - Started process (PID=24033) to work on /home/prakhar/Desktop/Bootcamp/Python/Airflow-Project/airflowvenv/lib/python3.12/site-packages/airflow/example_dags/example_short_circuit_operator.py
[2025-04-18T10:27:03.467+0530] {processor.py:914} INFO - Processing file /home/prakhar/Desktop/Bootcamp/Python/Airflow-Project/airflowvenv/lib/python3.12/site-packages/airflow/example_dags/example_short_circuit_operator.py for tasks to queue
[2025-04-18T10:27:03.469+0530] {logging_mixin.py:190} INFO - [2025-04-18T10:27:03.469+0530] {dagbag.py:588} INFO - Filling up the DagBag from /home/prakhar/Desktop/Bootcamp/Python/Airflow-Project/airflowvenv/lib/python3.12/site-packages/airflow/example_dags/example_short_circuit_operator.py
[2025-04-18T10:27:03.480+0530] {processor.py:925} INFO - DAG(s) 'example_short_circuit_operator' retrieved from /home/prakhar/Desktop/Bootcamp/Python/Airflow-Project/airflowvenv/lib/python3.12/site-packages/airflow/example_dags/example_short_circuit_operator.py
[2025-04-18T10:27:03.495+0530] {logging_mixin.py:190} INFO - [2025-04-18T10:27:03.495+0530] {dag.py:3239} INFO - Sync 1 DAGs
[2025-04-18T10:27:03.504+0530] {logging_mixin.py:190} INFO - [2025-04-18T10:27:03.504+0530] {dag.py:4180} INFO - Setting next_dagrun for example_short_circuit_operator to None, run_after=None
[2025-04-18T10:27:03.573+0530] {processor.py:208} INFO - Processing /home/prakhar/Desktop/Bootcamp/Python/Airflow-Project/airflowvenv/lib/python3.12/site-packages/airflow/example_dags/example_short_circuit_operator.py took 0.158 seconds
[2025-04-18T10:28:22.060+0530] {processor.py:186} INFO - Started process (PID=24249) to work on /home/prakhar/Desktop/Bootcamp/Python/Airflow-Project/airflowvenv/lib/python3.12/site-packages/airflow/example_dags/example_short_circuit_operator.py
[2025-04-18T10:28:22.060+0530] {processor.py:914} INFO - Processing file /home/prakhar/Desktop/Bootcamp/Python/Airflow-Project/airflowvenv/lib/python3.12/site-packages/airflow/example_dags/example_short_circuit_operator.py for tasks to queue
[2025-04-18T10:28:22.062+0530] {logging_mixin.py:190} INFO - [2025-04-18T10:28:22.061+0530] {dagbag.py:588} INFO - Filling up the DagBag from /home/prakhar/Desktop/Bootcamp/Python/Airflow-Project/airflowvenv/lib/python3.12/site-packages/airflow/example_dags/example_short_circuit_operator.py
[2025-04-18T10:28:22.068+0530] {processor.py:925} INFO - DAG(s) 'example_short_circuit_operator' retrieved from /home/prakhar/Desktop/Bootcamp/Python/Airflow-Project/airflowvenv/lib/python3.12/site-packages/airflow/example_dags/example_short_circuit_operator.py
[2025-04-18T10:28:22.079+0530] {logging_mixin.py:190} INFO - [2025-04-18T10:28:22.078+0530] {dag.py:3239} INFO - Sync 1 DAGs
[2025-04-18T10:28:22.085+0530] {logging_mixin.py:190} INFO - [2025-04-18T10:28:22.085+0530] {dag.py:4180} INFO - Setting next_dagrun for example_short_circuit_operator to None, run_after=None
[2025-04-18T10:28:22.173+0530] {processor.py:208} INFO - Processing /home/prakhar/Desktop/Bootcamp/Python/Airflow-Project/airflowvenv/lib/python3.12/site-packages/airflow/example_dags/example_short_circuit_operator.py took 0.117 seconds
[2025-04-18T10:29:41.243+0530] {processor.py:186} INFO - Started process (PID=24662) to work on /home/prakhar/Desktop/Bootcamp/Python/Airflow-Project/airflowvenv/lib/python3.12/site-packages/airflow/example_dags/example_short_circuit_operator.py
[2025-04-18T10:29:41.337+0530] {processor.py:914} INFO - Processing file /home/prakhar/Desktop/Bootcamp/Python/Airflow-Project/airflowvenv/lib/python3.12/site-packages/airflow/example_dags/example_short_circuit_operator.py for tasks to queue
[2025-04-18T10:29:41.341+0530] {logging_mixin.py:190} INFO - [2025-04-18T10:29:41.340+0530] {dagbag.py:588} INFO - Filling up the DagBag from /home/prakhar/Desktop/Bootcamp/Python/Airflow-Project/airflowvenv/lib/python3.12/site-packages/airflow/example_dags/example_short_circuit_operator.py
[2025-04-18T10:29:41.357+0530] {processor.py:925} INFO - DAG(s) 'example_short_circuit_operator' retrieved from /home/prakhar/Desktop/Bootcamp/Python/Airflow-Project/airflowvenv/lib/python3.12/site-packages/airflow/example_dags/example_short_circuit_operator.py
[2025-04-18T10:29:41.369+0530] {logging_mixin.py:190} INFO - [2025-04-18T10:29:41.369+0530] {dag.py:3239} INFO - Sync 1 DAGs
[2025-04-18T10:29:41.375+0530] {logging_mixin.py:190} INFO - [2025-04-18T10:29:41.375+0530] {dag.py:4180} INFO - Setting next_dagrun for example_short_circuit_operator to None, run_after=None
[2025-04-18T10:29:41.460+0530] {processor.py:208} INFO - Processing /home/prakhar/Desktop/Bootcamp/Python/Airflow-Project/airflowvenv/lib/python3.12/site-packages/airflow/example_dags/example_short_circuit_operator.py took 0.223 seconds
