[2025-04-18T10:17:54.217+0530] {processor.py:186} INFO - Started process (PID=18932) to work on /home/prakhar/Desktop/Bootcamp/Python/Airflow-Project/airflowvenv/lib/python3.12/site-packages/airflow/example_dags/example_dataset_alias.py
[2025-04-18T10:17:54.218+0530] {processor.py:914} INFO - Processing file /home/prakhar/Desktop/Bootcamp/Python/Airflow-Project/airflowvenv/lib/python3.12/site-packages/airflow/example_dags/example_dataset_alias.py for tasks to queue
[2025-04-18T10:17:54.219+0530] {logging_mixin.py:190} INFO - [2025-04-18T10:17:54.218+0530] {dagbag.py:588} INFO - Filling up the DagBag from /home/prakhar/Desktop/Bootcamp/Python/Airflow-Project/airflowvenv/lib/python3.12/site-packages/airflow/example_dags/example_dataset_alias.py
[2025-04-18T10:17:54.234+0530] {processor.py:925} INFO - DAG(s) 'dataset_s3_bucket_consumer', 'dataset_s3_bucket_producer', 'dataset_alias_example_alias_consumer', 'dataset_alias_example_alias_producer' retrieved from /home/prakhar/Desktop/Bootcamp/Python/Airflow-Project/airflowvenv/lib/python3.12/site-packages/airflow/example_dags/example_dataset_alias.py
[2025-04-18T10:17:54.258+0530] {logging_mixin.py:190} INFO - [2025-04-18T10:17:54.257+0530] {dag.py:3239} INFO - Sync 4 DAGs
[2025-04-18T10:17:54.270+0530] {logging_mixin.py:190} INFO - [2025-04-18T10:17:54.270+0530] {dag.py:4180} INFO - Setting next_dagrun for dataset_alias_example_alias_consumer to None, run_after=None
[2025-04-18T10:17:54.272+0530] {logging_mixin.py:190} INFO - [2025-04-18T10:17:54.271+0530] {dag.py:4180} INFO - Setting next_dagrun for dataset_alias_example_alias_producer to None, run_after=None
[2025-04-18T10:17:54.272+0530] {logging_mixin.py:190} INFO - [2025-04-18T10:17:54.272+0530] {dag.py:4180} INFO - Setting next_dagrun for dataset_s3_bucket_consumer to None, run_after=None
[2025-04-18T10:17:54.273+0530] {logging_mixin.py:190} INFO - [2025-04-18T10:17:54.272+0530] {dag.py:4180} INFO - Setting next_dagrun for dataset_s3_bucket_producer to None, run_after=None
[2025-04-18T10:17:54.376+0530] {processor.py:208} INFO - Processing /home/prakhar/Desktop/Bootcamp/Python/Airflow-Project/airflowvenv/lib/python3.12/site-packages/airflow/example_dags/example_dataset_alias.py took 0.163 seconds
[2025-04-18T10:19:14.692+0530] {processor.py:186} INFO - Started process (PID=19899) to work on /home/prakhar/Desktop/Bootcamp/Python/Airflow-Project/airflowvenv/lib/python3.12/site-packages/airflow/example_dags/example_dataset_alias.py
[2025-04-18T10:19:14.693+0530] {processor.py:914} INFO - Processing file /home/prakhar/Desktop/Bootcamp/Python/Airflow-Project/airflowvenv/lib/python3.12/site-packages/airflow/example_dags/example_dataset_alias.py for tasks to queue
[2025-04-18T10:19:14.694+0530] {logging_mixin.py:190} INFO - [2025-04-18T10:19:14.693+0530] {dagbag.py:588} INFO - Filling up the DagBag from /home/prakhar/Desktop/Bootcamp/Python/Airflow-Project/airflowvenv/lib/python3.12/site-packages/airflow/example_dags/example_dataset_alias.py
[2025-04-18T10:19:14.711+0530] {processor.py:925} INFO - DAG(s) 'dataset_alias_example_alias_producer', 'dataset_alias_example_alias_consumer', 'dataset_s3_bucket_consumer', 'dataset_s3_bucket_producer' retrieved from /home/prakhar/Desktop/Bootcamp/Python/Airflow-Project/airflowvenv/lib/python3.12/site-packages/airflow/example_dags/example_dataset_alias.py
[2025-04-18T10:19:14.738+0530] {logging_mixin.py:190} INFO - [2025-04-18T10:19:14.738+0530] {dag.py:3239} INFO - Sync 4 DAGs
[2025-04-18T10:19:14.750+0530] {logging_mixin.py:190} INFO - [2025-04-18T10:19:14.750+0530] {dag.py:4180} INFO - Setting next_dagrun for dataset_alias_example_alias_consumer to None, run_after=None
[2025-04-18T10:19:14.751+0530] {logging_mixin.py:190} INFO - [2025-04-18T10:19:14.751+0530] {dag.py:4180} INFO - Setting next_dagrun for dataset_alias_example_alias_producer to None, run_after=None
[2025-04-18T10:19:14.751+0530] {logging_mixin.py:190} INFO - [2025-04-18T10:19:14.751+0530] {dag.py:4180} INFO - Setting next_dagrun for dataset_s3_bucket_consumer to None, run_after=None
[2025-04-18T10:19:14.752+0530] {logging_mixin.py:190} INFO - [2025-04-18T10:19:14.752+0530] {dag.py:4180} INFO - Setting next_dagrun for dataset_s3_bucket_producer to None, run_after=None
[2025-04-18T10:19:14.837+0530] {processor.py:208} INFO - Processing /home/prakhar/Desktop/Bootcamp/Python/Airflow-Project/airflowvenv/lib/python3.12/site-packages/airflow/example_dags/example_dataset_alias.py took 0.151 seconds
[2025-04-18T10:20:35.465+0530] {processor.py:186} INFO - Started process (PID=20768) to work on /home/prakhar/Desktop/Bootcamp/Python/Airflow-Project/airflowvenv/lib/python3.12/site-packages/airflow/example_dags/example_dataset_alias.py
[2025-04-18T10:20:35.474+0530] {processor.py:914} INFO - Processing file /home/prakhar/Desktop/Bootcamp/Python/Airflow-Project/airflowvenv/lib/python3.12/site-packages/airflow/example_dags/example_dataset_alias.py for tasks to queue
[2025-04-18T10:20:35.476+0530] {logging_mixin.py:190} INFO - [2025-04-18T10:20:35.476+0530] {dagbag.py:588} INFO - Filling up the DagBag from /home/prakhar/Desktop/Bootcamp/Python/Airflow-Project/airflowvenv/lib/python3.12/site-packages/airflow/example_dags/example_dataset_alias.py
[2025-04-18T10:20:35.491+0530] {processor.py:925} INFO - DAG(s) 'dataset_alias_example_alias_consumer', 'dataset_alias_example_alias_producer', 'dataset_s3_bucket_consumer', 'dataset_s3_bucket_producer' retrieved from /home/prakhar/Desktop/Bootcamp/Python/Airflow-Project/airflowvenv/lib/python3.12/site-packages/airflow/example_dags/example_dataset_alias.py
[2025-04-18T10:20:35.516+0530] {logging_mixin.py:190} INFO - [2025-04-18T10:20:35.516+0530] {dag.py:3239} INFO - Sync 4 DAGs
[2025-04-18T10:20:35.528+0530] {logging_mixin.py:190} INFO - [2025-04-18T10:20:35.528+0530] {dag.py:4180} INFO - Setting next_dagrun for dataset_alias_example_alias_consumer to None, run_after=None
[2025-04-18T10:20:35.530+0530] {logging_mixin.py:190} INFO - [2025-04-18T10:20:35.530+0530] {dag.py:4180} INFO - Setting next_dagrun for dataset_alias_example_alias_producer to None, run_after=None
[2025-04-18T10:20:35.531+0530] {logging_mixin.py:190} INFO - [2025-04-18T10:20:35.531+0530] {dag.py:4180} INFO - Setting next_dagrun for dataset_s3_bucket_consumer to None, run_after=None
[2025-04-18T10:20:35.532+0530] {logging_mixin.py:190} INFO - [2025-04-18T10:20:35.531+0530] {dag.py:4180} INFO - Setting next_dagrun for dataset_s3_bucket_producer to None, run_after=None
[2025-04-18T10:20:35.613+0530] {processor.py:208} INFO - Processing /home/prakhar/Desktop/Bootcamp/Python/Airflow-Project/airflowvenv/lib/python3.12/site-packages/airflow/example_dags/example_dataset_alias.py took 0.150 seconds
[2025-04-18T10:22:09.266+0530] {processor.py:186} INFO - Started process (PID=22006) to work on /home/prakhar/Desktop/Bootcamp/Python/Airflow-Project/airflowvenv/lib/python3.12/site-packages/airflow/example_dags/example_dataset_alias.py
[2025-04-18T10:22:09.295+0530] {processor.py:914} INFO - Processing file /home/prakhar/Desktop/Bootcamp/Python/Airflow-Project/airflowvenv/lib/python3.12/site-packages/airflow/example_dags/example_dataset_alias.py for tasks to queue
[2025-04-18T10:22:09.296+0530] {logging_mixin.py:190} INFO - [2025-04-18T10:22:09.296+0530] {dagbag.py:588} INFO - Filling up the DagBag from /home/prakhar/Desktop/Bootcamp/Python/Airflow-Project/airflowvenv/lib/python3.12/site-packages/airflow/example_dags/example_dataset_alias.py
[2025-04-18T10:22:09.314+0530] {processor.py:925} INFO - DAG(s) 'dataset_s3_bucket_producer', 'dataset_alias_example_alias_producer', 'dataset_s3_bucket_consumer', 'dataset_alias_example_alias_consumer' retrieved from /home/prakhar/Desktop/Bootcamp/Python/Airflow-Project/airflowvenv/lib/python3.12/site-packages/airflow/example_dags/example_dataset_alias.py
[2025-04-18T10:22:09.341+0530] {logging_mixin.py:190} INFO - [2025-04-18T10:22:09.341+0530] {dag.py:3239} INFO - Sync 4 DAGs
[2025-04-18T10:22:09.353+0530] {logging_mixin.py:190} INFO - [2025-04-18T10:22:09.353+0530] {dag.py:4180} INFO - Setting next_dagrun for dataset_alias_example_alias_consumer to None, run_after=None
[2025-04-18T10:22:09.355+0530] {logging_mixin.py:190} INFO - [2025-04-18T10:22:09.354+0530] {dag.py:4180} INFO - Setting next_dagrun for dataset_alias_example_alias_producer to None, run_after=None
[2025-04-18T10:22:09.355+0530] {logging_mixin.py:190} INFO - [2025-04-18T10:22:09.355+0530] {dag.py:4180} INFO - Setting next_dagrun for dataset_s3_bucket_consumer to None, run_after=None
[2025-04-18T10:22:09.355+0530] {logging_mixin.py:190} INFO - [2025-04-18T10:22:09.355+0530] {dag.py:4180} INFO - Setting next_dagrun for dataset_s3_bucket_producer to None, run_after=None
[2025-04-18T10:22:09.419+0530] {processor.py:208} INFO - Processing /home/prakhar/Desktop/Bootcamp/Python/Airflow-Project/airflowvenv/lib/python3.12/site-packages/airflow/example_dags/example_dataset_alias.py took 0.157 seconds
[2025-04-18T10:23:51.343+0530] {processor.py:186} INFO - Started process (PID=23056) to work on /home/prakhar/Desktop/Bootcamp/Python/Airflow-Project/airflowvenv/lib/python3.12/site-packages/airflow/example_dags/example_dataset_alias.py
[2025-04-18T10:23:51.343+0530] {processor.py:914} INFO - Processing file /home/prakhar/Desktop/Bootcamp/Python/Airflow-Project/airflowvenv/lib/python3.12/site-packages/airflow/example_dags/example_dataset_alias.py for tasks to queue
[2025-04-18T10:23:51.345+0530] {logging_mixin.py:190} INFO - [2025-04-18T10:23:51.344+0530] {dagbag.py:588} INFO - Filling up the DagBag from /home/prakhar/Desktop/Bootcamp/Python/Airflow-Project/airflowvenv/lib/python3.12/site-packages/airflow/example_dags/example_dataset_alias.py
[2025-04-18T10:23:51.361+0530] {processor.py:925} INFO - DAG(s) 'dataset_s3_bucket_consumer', 'dataset_alias_example_alias_producer', 'dataset_alias_example_alias_consumer', 'dataset_s3_bucket_producer' retrieved from /home/prakhar/Desktop/Bootcamp/Python/Airflow-Project/airflowvenv/lib/python3.12/site-packages/airflow/example_dags/example_dataset_alias.py
[2025-04-18T10:23:51.385+0530] {logging_mixin.py:190} INFO - [2025-04-18T10:23:51.385+0530] {dag.py:3239} INFO - Sync 4 DAGs
[2025-04-18T10:23:51.397+0530] {logging_mixin.py:190} INFO - [2025-04-18T10:23:51.396+0530] {dag.py:4180} INFO - Setting next_dagrun for dataset_alias_example_alias_consumer to None, run_after=None
[2025-04-18T10:23:51.398+0530] {logging_mixin.py:190} INFO - [2025-04-18T10:23:51.398+0530] {dag.py:4180} INFO - Setting next_dagrun for dataset_alias_example_alias_producer to None, run_after=None
[2025-04-18T10:23:51.398+0530] {logging_mixin.py:190} INFO - [2025-04-18T10:23:51.398+0530] {dag.py:4180} INFO - Setting next_dagrun for dataset_s3_bucket_consumer to None, run_after=None
[2025-04-18T10:23:51.399+0530] {logging_mixin.py:190} INFO - [2025-04-18T10:23:51.399+0530] {dag.py:4180} INFO - Setting next_dagrun for dataset_s3_bucket_producer to None, run_after=None
[2025-04-18T10:23:51.492+0530] {processor.py:208} INFO - Processing /home/prakhar/Desktop/Bootcamp/Python/Airflow-Project/airflowvenv/lib/python3.12/site-packages/airflow/example_dags/example_dataset_alias.py took 0.154 seconds
[2025-04-18T10:25:10.348+0530] {processor.py:186} INFO - Started process (PID=23546) to work on /home/prakhar/Desktop/Bootcamp/Python/Airflow-Project/airflowvenv/lib/python3.12/site-packages/airflow/example_dags/example_dataset_alias.py
[2025-04-18T10:25:10.364+0530] {processor.py:914} INFO - Processing file /home/prakhar/Desktop/Bootcamp/Python/Airflow-Project/airflowvenv/lib/python3.12/site-packages/airflow/example_dags/example_dataset_alias.py for tasks to queue
[2025-04-18T10:25:10.365+0530] {logging_mixin.py:190} INFO - [2025-04-18T10:25:10.365+0530] {dagbag.py:588} INFO - Filling up the DagBag from /home/prakhar/Desktop/Bootcamp/Python/Airflow-Project/airflowvenv/lib/python3.12/site-packages/airflow/example_dags/example_dataset_alias.py
[2025-04-18T10:25:10.385+0530] {processor.py:925} INFO - DAG(s) 'dataset_alias_example_alias_producer', 'dataset_s3_bucket_producer', 'dataset_alias_example_alias_consumer', 'dataset_s3_bucket_consumer' retrieved from /home/prakhar/Desktop/Bootcamp/Python/Airflow-Project/airflowvenv/lib/python3.12/site-packages/airflow/example_dags/example_dataset_alias.py
[2025-04-18T10:25:10.409+0530] {logging_mixin.py:190} INFO - [2025-04-18T10:25:10.409+0530] {dag.py:3239} INFO - Sync 4 DAGs
[2025-04-18T10:25:10.422+0530] {logging_mixin.py:190} INFO - [2025-04-18T10:25:10.421+0530] {dag.py:4180} INFO - Setting next_dagrun for dataset_alias_example_alias_consumer to None, run_after=None
[2025-04-18T10:25:10.423+0530] {logging_mixin.py:190} INFO - [2025-04-18T10:25:10.423+0530] {dag.py:4180} INFO - Setting next_dagrun for dataset_alias_example_alias_producer to None, run_after=None
[2025-04-18T10:25:10.423+0530] {logging_mixin.py:190} INFO - [2025-04-18T10:25:10.423+0530] {dag.py:4180} INFO - Setting next_dagrun for dataset_s3_bucket_consumer to None, run_after=None
[2025-04-18T10:25:10.424+0530] {logging_mixin.py:190} INFO - [2025-04-18T10:25:10.423+0530] {dag.py:4180} INFO - Setting next_dagrun for dataset_s3_bucket_producer to None, run_after=None
[2025-04-18T10:25:10.494+0530] {processor.py:208} INFO - Processing /home/prakhar/Desktop/Bootcamp/Python/Airflow-Project/airflowvenv/lib/python3.12/site-packages/airflow/example_dags/example_dataset_alias.py took 0.151 seconds
[2025-04-18T10:26:26.457+0530] {processor.py:186} INFO - Started process (PID=23913) to work on /home/prakhar/Desktop/Bootcamp/Python/Airflow-Project/airflowvenv/lib/python3.12/site-packages/airflow/example_dags/example_dataset_alias.py
[2025-04-18T10:26:26.495+0530] {processor.py:914} INFO - Processing file /home/prakhar/Desktop/Bootcamp/Python/Airflow-Project/airflowvenv/lib/python3.12/site-packages/airflow/example_dags/example_dataset_alias.py for tasks to queue
[2025-04-18T10:26:26.498+0530] {logging_mixin.py:190} INFO - [2025-04-18T10:26:26.498+0530] {dagbag.py:588} INFO - Filling up the DagBag from /home/prakhar/Desktop/Bootcamp/Python/Airflow-Project/airflowvenv/lib/python3.12/site-packages/airflow/example_dags/example_dataset_alias.py
[2025-04-18T10:26:26.530+0530] {processor.py:925} INFO - DAG(s) 'dataset_s3_bucket_producer', 'dataset_alias_example_alias_producer', 'dataset_alias_example_alias_consumer', 'dataset_s3_bucket_consumer' retrieved from /home/prakhar/Desktop/Bootcamp/Python/Airflow-Project/airflowvenv/lib/python3.12/site-packages/airflow/example_dags/example_dataset_alias.py
[2025-04-18T10:26:26.567+0530] {logging_mixin.py:190} INFO - [2025-04-18T10:26:26.566+0530] {dag.py:3239} INFO - Sync 4 DAGs
[2025-04-18T10:26:26.589+0530] {logging_mixin.py:190} INFO - [2025-04-18T10:26:26.589+0530] {dag.py:4180} INFO - Setting next_dagrun for dataset_alias_example_alias_consumer to None, run_after=None
[2025-04-18T10:26:26.592+0530] {logging_mixin.py:190} INFO - [2025-04-18T10:26:26.591+0530] {dag.py:4180} INFO - Setting next_dagrun for dataset_alias_example_alias_producer to None, run_after=None
[2025-04-18T10:26:26.592+0530] {logging_mixin.py:190} INFO - [2025-04-18T10:26:26.592+0530] {dag.py:4180} INFO - Setting next_dagrun for dataset_s3_bucket_consumer to None, run_after=None
[2025-04-18T10:26:26.593+0530] {logging_mixin.py:190} INFO - [2025-04-18T10:26:26.593+0530] {dag.py:4180} INFO - Setting next_dagrun for dataset_s3_bucket_producer to None, run_after=None
[2025-04-18T10:26:26.686+0530] {processor.py:208} INFO - Processing /home/prakhar/Desktop/Bootcamp/Python/Airflow-Project/airflowvenv/lib/python3.12/site-packages/airflow/example_dags/example_dataset_alias.py took 0.237 seconds
[2025-04-18T10:27:49.217+0530] {processor.py:186} INFO - Started process (PID=24188) to work on /home/prakhar/Desktop/Bootcamp/Python/Airflow-Project/airflowvenv/lib/python3.12/site-packages/airflow/example_dags/example_dataset_alias.py
[2025-04-18T10:27:49.256+0530] {processor.py:914} INFO - Processing file /home/prakhar/Desktop/Bootcamp/Python/Airflow-Project/airflowvenv/lib/python3.12/site-packages/airflow/example_dags/example_dataset_alias.py for tasks to queue
[2025-04-18T10:27:49.258+0530] {logging_mixin.py:190} INFO - [2025-04-18T10:27:49.258+0530] {dagbag.py:588} INFO - Filling up the DagBag from /home/prakhar/Desktop/Bootcamp/Python/Airflow-Project/airflowvenv/lib/python3.12/site-packages/airflow/example_dags/example_dataset_alias.py
[2025-04-18T10:27:49.275+0530] {processor.py:925} INFO - DAG(s) 'dataset_alias_example_alias_producer', 'dataset_s3_bucket_producer', 'dataset_s3_bucket_consumer', 'dataset_alias_example_alias_consumer' retrieved from /home/prakhar/Desktop/Bootcamp/Python/Airflow-Project/airflowvenv/lib/python3.12/site-packages/airflow/example_dags/example_dataset_alias.py
[2025-04-18T10:27:49.300+0530] {logging_mixin.py:190} INFO - [2025-04-18T10:27:49.300+0530] {dag.py:3239} INFO - Sync 4 DAGs
[2025-04-18T10:27:49.313+0530] {logging_mixin.py:190} INFO - [2025-04-18T10:27:49.313+0530] {dag.py:4180} INFO - Setting next_dagrun for dataset_alias_example_alias_consumer to None, run_after=None
[2025-04-18T10:27:49.315+0530] {logging_mixin.py:190} INFO - [2025-04-18T10:27:49.315+0530] {dag.py:4180} INFO - Setting next_dagrun for dataset_alias_example_alias_producer to None, run_after=None
[2025-04-18T10:27:49.316+0530] {logging_mixin.py:190} INFO - [2025-04-18T10:27:49.316+0530] {dag.py:4180} INFO - Setting next_dagrun for dataset_s3_bucket_consumer to None, run_after=None
[2025-04-18T10:27:49.316+0530] {logging_mixin.py:190} INFO - [2025-04-18T10:27:49.316+0530] {dag.py:4180} INFO - Setting next_dagrun for dataset_s3_bucket_producer to None, run_after=None
[2025-04-18T10:27:49.387+0530] {processor.py:208} INFO - Processing /home/prakhar/Desktop/Bootcamp/Python/Airflow-Project/airflowvenv/lib/python3.12/site-packages/airflow/example_dags/example_dataset_alias.py took 0.175 seconds
[2025-04-18T10:29:07.611+0530] {processor.py:186} INFO - Started process (PID=24479) to work on /home/prakhar/Desktop/Bootcamp/Python/Airflow-Project/airflowvenv/lib/python3.12/site-packages/airflow/example_dags/example_dataset_alias.py
[2025-04-18T10:29:07.645+0530] {processor.py:914} INFO - Processing file /home/prakhar/Desktop/Bootcamp/Python/Airflow-Project/airflowvenv/lib/python3.12/site-packages/airflow/example_dags/example_dataset_alias.py for tasks to queue
[2025-04-18T10:29:07.649+0530] {logging_mixin.py:190} INFO - [2025-04-18T10:29:07.648+0530] {dagbag.py:588} INFO - Filling up the DagBag from /home/prakhar/Desktop/Bootcamp/Python/Airflow-Project/airflowvenv/lib/python3.12/site-packages/airflow/example_dags/example_dataset_alias.py
[2025-04-18T10:29:07.672+0530] {processor.py:925} INFO - DAG(s) 'dataset_s3_bucket_consumer', 'dataset_alias_example_alias_producer', 'dataset_alias_example_alias_consumer', 'dataset_s3_bucket_producer' retrieved from /home/prakhar/Desktop/Bootcamp/Python/Airflow-Project/airflowvenv/lib/python3.12/site-packages/airflow/example_dags/example_dataset_alias.py
[2025-04-18T10:29:07.696+0530] {logging_mixin.py:190} INFO - [2025-04-18T10:29:07.695+0530] {dag.py:3239} INFO - Sync 4 DAGs
[2025-04-18T10:29:07.708+0530] {logging_mixin.py:190} INFO - [2025-04-18T10:29:07.708+0530] {dag.py:4180} INFO - Setting next_dagrun for dataset_alias_example_alias_consumer to None, run_after=None
[2025-04-18T10:29:07.709+0530] {logging_mixin.py:190} INFO - [2025-04-18T10:29:07.709+0530] {dag.py:4180} INFO - Setting next_dagrun for dataset_alias_example_alias_producer to None, run_after=None
[2025-04-18T10:29:07.710+0530] {logging_mixin.py:190} INFO - [2025-04-18T10:29:07.710+0530] {dag.py:4180} INFO - Setting next_dagrun for dataset_s3_bucket_consumer to None, run_after=None
[2025-04-18T10:29:07.710+0530] {logging_mixin.py:190} INFO - [2025-04-18T10:29:07.710+0530] {dag.py:4180} INFO - Setting next_dagrun for dataset_s3_bucket_producer to None, run_after=None
[2025-04-18T10:29:07.800+0530] {processor.py:208} INFO - Processing /home/prakhar/Desktop/Bootcamp/Python/Airflow-Project/airflowvenv/lib/python3.12/site-packages/airflow/example_dags/example_dataset_alias.py took 0.193 seconds
[2025-04-18T10:30:26.924+0530] {processor.py:186} INFO - Started process (PID=24861) to work on /home/prakhar/Desktop/Bootcamp/Python/Airflow-Project/airflowvenv/lib/python3.12/site-packages/airflow/example_dags/example_dataset_alias.py
[2025-04-18T10:30:26.956+0530] {processor.py:914} INFO - Processing file /home/prakhar/Desktop/Bootcamp/Python/Airflow-Project/airflowvenv/lib/python3.12/site-packages/airflow/example_dags/example_dataset_alias.py for tasks to queue
[2025-04-18T10:30:26.959+0530] {logging_mixin.py:190} INFO - [2025-04-18T10:30:26.958+0530] {dagbag.py:588} INFO - Filling up the DagBag from /home/prakhar/Desktop/Bootcamp/Python/Airflow-Project/airflowvenv/lib/python3.12/site-packages/airflow/example_dags/example_dataset_alias.py
[2025-04-18T10:30:26.978+0530] {processor.py:925} INFO - DAG(s) 'dataset_s3_bucket_producer', 'dataset_s3_bucket_consumer', 'dataset_alias_example_alias_consumer', 'dataset_alias_example_alias_producer' retrieved from /home/prakhar/Desktop/Bootcamp/Python/Airflow-Project/airflowvenv/lib/python3.12/site-packages/airflow/example_dags/example_dataset_alias.py
[2025-04-18T10:30:27.000+0530] {logging_mixin.py:190} INFO - [2025-04-18T10:30:27.000+0530] {dag.py:3239} INFO - Sync 4 DAGs
[2025-04-18T10:30:27.011+0530] {logging_mixin.py:190} INFO - [2025-04-18T10:30:27.011+0530] {dag.py:4180} INFO - Setting next_dagrun for dataset_alias_example_alias_consumer to None, run_after=None
[2025-04-18T10:30:27.012+0530] {logging_mixin.py:190} INFO - [2025-04-18T10:30:27.012+0530] {dag.py:4180} INFO - Setting next_dagrun for dataset_alias_example_alias_producer to None, run_after=None
[2025-04-18T10:30:27.012+0530] {logging_mixin.py:190} INFO - [2025-04-18T10:30:27.012+0530] {dag.py:4180} INFO - Setting next_dagrun for dataset_s3_bucket_consumer to None, run_after=None
[2025-04-18T10:30:27.013+0530] {logging_mixin.py:190} INFO - [2025-04-18T10:30:27.012+0530] {dag.py:4180} INFO - Setting next_dagrun for dataset_s3_bucket_producer to None, run_after=None
[2025-04-18T10:30:27.091+0530] {processor.py:208} INFO - Processing /home/prakhar/Desktop/Bootcamp/Python/Airflow-Project/airflowvenv/lib/python3.12/site-packages/airflow/example_dags/example_dataset_alias.py took 0.172 seconds
