[2025-04-18T10:17:20.712+0530] {processor.py:186} INFO - Started process (PID=18567) to work on /home/prakhar/Desktop/Bootcamp/Python/Airflow-Project/airflowvenv/lib/python3.12/site-packages/airflow/example_dags/example_trigger_controller_dag.py
[2025-04-18T10:17:20.713+0530] {processor.py:914} INFO - Processing file /home/prakhar/Desktop/Bootcamp/Python/Airflow-Project/airflowvenv/lib/python3.12/site-packages/airflow/example_dags/example_trigger_controller_dag.py for tasks to queue
[2025-04-18T10:17:20.714+0530] {logging_mixin.py:190} INFO - [2025-04-18T10:17:20.714+0530] {dagbag.py:588} INFO - Filling up the DagBag from /home/prakhar/Desktop/Bootcamp/Python/Airflow-Project/airflowvenv/lib/python3.12/site-packages/airflow/example_dags/example_trigger_controller_dag.py
[2025-04-18T10:17:20.718+0530] {processor.py:925} INFO - DAG(s) 'example_trigger_controller_dag' retrieved from /home/prakhar/Desktop/Bootcamp/Python/Airflow-Project/airflowvenv/lib/python3.12/site-packages/airflow/example_dags/example_trigger_controller_dag.py
[2025-04-18T10:17:20.728+0530] {logging_mixin.py:190} INFO - [2025-04-18T10:17:20.728+0530] {dag.py:3239} INFO - Sync 1 DAGs
[2025-04-18T10:17:20.737+0530] {logging_mixin.py:190} INFO - [2025-04-18T10:17:20.737+0530] {dag.py:4180} INFO - Setting next_dagrun for example_trigger_controller_dag to 2021-01-01 00:00:00+00:00, run_after=2021-01-01 00:00:00+00:00
[2025-04-18T10:17:20.837+0530] {processor.py:208} INFO - Processing /home/prakhar/Desktop/Bootcamp/Python/Airflow-Project/airflowvenv/lib/python3.12/site-packages/airflow/example_dags/example_trigger_controller_dag.py took 0.128 seconds
[2025-04-18T10:18:31.836+0530] {processor.py:186} INFO - Started process (PID=19376) to work on /home/prakhar/Desktop/Bootcamp/Python/Airflow-Project/airflowvenv/lib/python3.12/site-packages/airflow/example_dags/example_trigger_controller_dag.py
[2025-04-18T10:18:31.868+0530] {processor.py:914} INFO - Processing file /home/prakhar/Desktop/Bootcamp/Python/Airflow-Project/airflowvenv/lib/python3.12/site-packages/airflow/example_dags/example_trigger_controller_dag.py for tasks to queue
[2025-04-18T10:18:31.870+0530] {logging_mixin.py:190} INFO - [2025-04-18T10:18:31.869+0530] {dagbag.py:588} INFO - Filling up the DagBag from /home/prakhar/Desktop/Bootcamp/Python/Airflow-Project/airflowvenv/lib/python3.12/site-packages/airflow/example_dags/example_trigger_controller_dag.py
[2025-04-18T10:18:31.882+0530] {processor.py:925} INFO - DAG(s) 'example_trigger_controller_dag' retrieved from /home/prakhar/Desktop/Bootcamp/Python/Airflow-Project/airflowvenv/lib/python3.12/site-packages/airflow/example_dags/example_trigger_controller_dag.py
[2025-04-18T10:18:31.893+0530] {logging_mixin.py:190} INFO - [2025-04-18T10:18:31.893+0530] {dag.py:3239} INFO - Sync 1 DAGs
[2025-04-18T10:18:31.903+0530] {logging_mixin.py:190} INFO - [2025-04-18T10:18:31.903+0530] {dag.py:4180} INFO - Setting next_dagrun for example_trigger_controller_dag to 2021-01-01 00:00:00+00:00, run_after=2021-01-01 00:00:00+00:00
[2025-04-18T10:18:31.986+0530] {processor.py:208} INFO - Processing /home/prakhar/Desktop/Bootcamp/Python/Airflow-Project/airflowvenv/lib/python3.12/site-packages/airflow/example_dags/example_trigger_controller_dag.py took 0.153 seconds
[2025-04-18T10:20:02.359+0530] {processor.py:186} INFO - Started process (PID=20466) to work on /home/prakhar/Desktop/Bootcamp/Python/Airflow-Project/airflowvenv/lib/python3.12/site-packages/airflow/example_dags/example_trigger_controller_dag.py
[2025-04-18T10:20:02.395+0530] {processor.py:914} INFO - Processing file /home/prakhar/Desktop/Bootcamp/Python/Airflow-Project/airflowvenv/lib/python3.12/site-packages/airflow/example_dags/example_trigger_controller_dag.py for tasks to queue
[2025-04-18T10:20:02.398+0530] {logging_mixin.py:190} INFO - [2025-04-18T10:20:02.398+0530] {dagbag.py:588} INFO - Filling up the DagBag from /home/prakhar/Desktop/Bootcamp/Python/Airflow-Project/airflowvenv/lib/python3.12/site-packages/airflow/example_dags/example_trigger_controller_dag.py
[2025-04-18T10:20:02.409+0530] {processor.py:925} INFO - DAG(s) 'example_trigger_controller_dag' retrieved from /home/prakhar/Desktop/Bootcamp/Python/Airflow-Project/airflowvenv/lib/python3.12/site-packages/airflow/example_dags/example_trigger_controller_dag.py
[2025-04-18T10:20:02.420+0530] {logging_mixin.py:190} INFO - [2025-04-18T10:20:02.420+0530] {dag.py:3239} INFO - Sync 1 DAGs
[2025-04-18T10:20:02.431+0530] {logging_mixin.py:190} INFO - [2025-04-18T10:20:02.431+0530] {dag.py:4180} INFO - Setting next_dagrun for example_trigger_controller_dag to 2021-01-01 00:00:00+00:00, run_after=2021-01-01 00:00:00+00:00
[2025-04-18T10:20:02.504+0530] {processor.py:208} INFO - Processing /home/prakhar/Desktop/Bootcamp/Python/Airflow-Project/airflowvenv/lib/python3.12/site-packages/airflow/example_dags/example_trigger_controller_dag.py took 0.150 seconds
[2025-04-18T10:21:11.480+0530] {processor.py:186} INFO - Started process (PID=21287) to work on /home/prakhar/Desktop/Bootcamp/Python/Airflow-Project/airflowvenv/lib/python3.12/site-packages/airflow/example_dags/example_trigger_controller_dag.py
[2025-04-18T10:21:11.480+0530] {processor.py:914} INFO - Processing file /home/prakhar/Desktop/Bootcamp/Python/Airflow-Project/airflowvenv/lib/python3.12/site-packages/airflow/example_dags/example_trigger_controller_dag.py for tasks to queue
[2025-04-18T10:21:11.482+0530] {logging_mixin.py:190} INFO - [2025-04-18T10:21:11.481+0530] {dagbag.py:588} INFO - Filling up the DagBag from /home/prakhar/Desktop/Bootcamp/Python/Airflow-Project/airflowvenv/lib/python3.12/site-packages/airflow/example_dags/example_trigger_controller_dag.py
[2025-04-18T10:21:11.487+0530] {processor.py:925} INFO - DAG(s) 'example_trigger_controller_dag' retrieved from /home/prakhar/Desktop/Bootcamp/Python/Airflow-Project/airflowvenv/lib/python3.12/site-packages/airflow/example_dags/example_trigger_controller_dag.py
[2025-04-18T10:21:11.557+0530] {logging_mixin.py:190} INFO - [2025-04-18T10:21:11.557+0530] {dag.py:3239} INFO - Sync 1 DAGs
[2025-04-18T10:21:11.569+0530] {logging_mixin.py:190} INFO - [2025-04-18T10:21:11.568+0530] {dag.py:4180} INFO - Setting next_dagrun for example_trigger_controller_dag to 2021-01-01 00:00:00+00:00, run_after=2021-01-01 00:00:00+00:00
[2025-04-18T10:21:11.663+0530] {processor.py:208} INFO - Processing /home/prakhar/Desktop/Bootcamp/Python/Airflow-Project/airflowvenv/lib/python3.12/site-packages/airflow/example_dags/example_trigger_controller_dag.py took 0.186 seconds
[2025-04-18T10:23:05.212+0530] {processor.py:186} INFO - Started process (PID=22759) to work on /home/prakhar/Desktop/Bootcamp/Python/Airflow-Project/airflowvenv/lib/python3.12/site-packages/airflow/example_dags/example_trigger_controller_dag.py
[2025-04-18T10:23:05.212+0530] {processor.py:914} INFO - Processing file /home/prakhar/Desktop/Bootcamp/Python/Airflow-Project/airflowvenv/lib/python3.12/site-packages/airflow/example_dags/example_trigger_controller_dag.py for tasks to queue
[2025-04-18T10:23:05.214+0530] {logging_mixin.py:190} INFO - [2025-04-18T10:23:05.213+0530] {dagbag.py:588} INFO - Filling up the DagBag from /home/prakhar/Desktop/Bootcamp/Python/Airflow-Project/airflowvenv/lib/python3.12/site-packages/airflow/example_dags/example_trigger_controller_dag.py
[2025-04-18T10:23:05.218+0530] {processor.py:925} INFO - DAG(s) 'example_trigger_controller_dag' retrieved from /home/prakhar/Desktop/Bootcamp/Python/Airflow-Project/airflowvenv/lib/python3.12/site-packages/airflow/example_dags/example_trigger_controller_dag.py
[2025-04-18T10:23:05.227+0530] {logging_mixin.py:190} INFO - [2025-04-18T10:23:05.227+0530] {dag.py:3239} INFO - Sync 1 DAGs
[2025-04-18T10:23:05.238+0530] {logging_mixin.py:190} INFO - [2025-04-18T10:23:05.238+0530] {dag.py:4180} INFO - Setting next_dagrun for example_trigger_controller_dag to 2021-01-01 00:00:00+00:00, run_after=2021-01-01 00:00:00+00:00
[2025-04-18T10:23:05.366+0530] {processor.py:208} INFO - Processing /home/prakhar/Desktop/Bootcamp/Python/Airflow-Project/airflowvenv/lib/python3.12/site-packages/airflow/example_dags/example_trigger_controller_dag.py took 0.159 seconds
[2025-04-18T10:24:23.032+0530] {processor.py:186} INFO - Started process (PID=23254) to work on /home/prakhar/Desktop/Bootcamp/Python/Airflow-Project/airflowvenv/lib/python3.12/site-packages/airflow/example_dags/example_trigger_controller_dag.py
[2025-04-18T10:24:23.048+0530] {processor.py:914} INFO - Processing file /home/prakhar/Desktop/Bootcamp/Python/Airflow-Project/airflowvenv/lib/python3.12/site-packages/airflow/example_dags/example_trigger_controller_dag.py for tasks to queue
[2025-04-18T10:24:23.051+0530] {logging_mixin.py:190} INFO - [2025-04-18T10:24:23.050+0530] {dagbag.py:588} INFO - Filling up the DagBag from /home/prakhar/Desktop/Bootcamp/Python/Airflow-Project/airflowvenv/lib/python3.12/site-packages/airflow/example_dags/example_trigger_controller_dag.py
[2025-04-18T10:24:23.060+0530] {processor.py:925} INFO - DAG(s) 'example_trigger_controller_dag' retrieved from /home/prakhar/Desktop/Bootcamp/Python/Airflow-Project/airflowvenv/lib/python3.12/site-packages/airflow/example_dags/example_trigger_controller_dag.py
[2025-04-18T10:24:23.069+0530] {logging_mixin.py:190} INFO - [2025-04-18T10:24:23.069+0530] {dag.py:3239} INFO - Sync 1 DAGs
[2025-04-18T10:24:23.080+0530] {logging_mixin.py:190} INFO - [2025-04-18T10:24:23.080+0530] {dag.py:4180} INFO - Setting next_dagrun for example_trigger_controller_dag to 2021-01-01 00:00:00+00:00, run_after=2021-01-01 00:00:00+00:00
[2025-04-18T10:24:23.195+0530] {processor.py:208} INFO - Processing /home/prakhar/Desktop/Bootcamp/Python/Airflow-Project/airflowvenv/lib/python3.12/site-packages/airflow/example_dags/example_trigger_controller_dag.py took 0.167 seconds
[2025-04-18T10:25:40.614+0530] {processor.py:186} INFO - Started process (PID=23714) to work on /home/prakhar/Desktop/Bootcamp/Python/Airflow-Project/airflowvenv/lib/python3.12/site-packages/airflow/example_dags/example_trigger_controller_dag.py
[2025-04-18T10:25:40.623+0530] {processor.py:914} INFO - Processing file /home/prakhar/Desktop/Bootcamp/Python/Airflow-Project/airflowvenv/lib/python3.12/site-packages/airflow/example_dags/example_trigger_controller_dag.py for tasks to queue
[2025-04-18T10:25:40.625+0530] {logging_mixin.py:190} INFO - [2025-04-18T10:25:40.625+0530] {dagbag.py:588} INFO - Filling up the DagBag from /home/prakhar/Desktop/Bootcamp/Python/Airflow-Project/airflowvenv/lib/python3.12/site-packages/airflow/example_dags/example_trigger_controller_dag.py
[2025-04-18T10:25:40.633+0530] {processor.py:925} INFO - DAG(s) 'example_trigger_controller_dag' retrieved from /home/prakhar/Desktop/Bootcamp/Python/Airflow-Project/airflowvenv/lib/python3.12/site-packages/airflow/example_dags/example_trigger_controller_dag.py
[2025-04-18T10:25:40.643+0530] {logging_mixin.py:190} INFO - [2025-04-18T10:25:40.642+0530] {dag.py:3239} INFO - Sync 1 DAGs
[2025-04-18T10:25:40.654+0530] {logging_mixin.py:190} INFO - [2025-04-18T10:25:40.654+0530] {dag.py:4180} INFO - Setting next_dagrun for example_trigger_controller_dag to 2021-01-01 00:00:00+00:00, run_after=2021-01-01 00:00:00+00:00
[2025-04-18T10:25:40.791+0530] {processor.py:208} INFO - Processing /home/prakhar/Desktop/Bootcamp/Python/Airflow-Project/airflowvenv/lib/python3.12/site-packages/airflow/example_dags/example_trigger_controller_dag.py took 0.181 seconds
[2025-04-18T10:27:01.000+0530] {processor.py:186} INFO - Started process (PID=24030) to work on /home/prakhar/Desktop/Bootcamp/Python/Airflow-Project/airflowvenv/lib/python3.12/site-packages/airflow/example_dags/example_trigger_controller_dag.py
[2025-04-18T10:27:01.038+0530] {processor.py:914} INFO - Processing file /home/prakhar/Desktop/Bootcamp/Python/Airflow-Project/airflowvenv/lib/python3.12/site-packages/airflow/example_dags/example_trigger_controller_dag.py for tasks to queue
[2025-04-18T10:27:01.040+0530] {logging_mixin.py:190} INFO - [2025-04-18T10:27:01.040+0530] {dagbag.py:588} INFO - Filling up the DagBag from /home/prakhar/Desktop/Bootcamp/Python/Airflow-Project/airflowvenv/lib/python3.12/site-packages/airflow/example_dags/example_trigger_controller_dag.py
[2025-04-18T10:27:01.046+0530] {processor.py:925} INFO - DAG(s) 'example_trigger_controller_dag' retrieved from /home/prakhar/Desktop/Bootcamp/Python/Airflow-Project/airflowvenv/lib/python3.12/site-packages/airflow/example_dags/example_trigger_controller_dag.py
[2025-04-18T10:27:01.058+0530] {logging_mixin.py:190} INFO - [2025-04-18T10:27:01.058+0530] {dag.py:3239} INFO - Sync 1 DAGs
[2025-04-18T10:27:01.071+0530] {logging_mixin.py:190} INFO - [2025-04-18T10:27:01.071+0530] {dag.py:4180} INFO - Setting next_dagrun for example_trigger_controller_dag to 2021-01-01 00:00:00+00:00, run_after=2021-01-01 00:00:00+00:00
[2025-04-18T10:27:01.150+0530] {processor.py:208} INFO - Processing /home/prakhar/Desktop/Bootcamp/Python/Airflow-Project/airflowvenv/lib/python3.12/site-packages/airflow/example_dags/example_trigger_controller_dag.py took 0.155 seconds
[2025-04-18T10:28:19.423+0530] {processor.py:186} INFO - Started process (PID=24247) to work on /home/prakhar/Desktop/Bootcamp/Python/Airflow-Project/airflowvenv/lib/python3.12/site-packages/airflow/example_dags/example_trigger_controller_dag.py
[2025-04-18T10:28:19.424+0530] {processor.py:914} INFO - Processing file /home/prakhar/Desktop/Bootcamp/Python/Airflow-Project/airflowvenv/lib/python3.12/site-packages/airflow/example_dags/example_trigger_controller_dag.py for tasks to queue
[2025-04-18T10:28:19.425+0530] {logging_mixin.py:190} INFO - [2025-04-18T10:28:19.425+0530] {dagbag.py:588} INFO - Filling up the DagBag from /home/prakhar/Desktop/Bootcamp/Python/Airflow-Project/airflowvenv/lib/python3.12/site-packages/airflow/example_dags/example_trigger_controller_dag.py
[2025-04-18T10:28:19.429+0530] {processor.py:925} INFO - DAG(s) 'example_trigger_controller_dag' retrieved from /home/prakhar/Desktop/Bootcamp/Python/Airflow-Project/airflowvenv/lib/python3.12/site-packages/airflow/example_dags/example_trigger_controller_dag.py
[2025-04-18T10:28:19.443+0530] {logging_mixin.py:190} INFO - [2025-04-18T10:28:19.443+0530] {dag.py:3239} INFO - Sync 1 DAGs
[2025-04-18T10:28:19.452+0530] {logging_mixin.py:190} INFO - [2025-04-18T10:28:19.452+0530] {dag.py:4180} INFO - Setting next_dagrun for example_trigger_controller_dag to 2021-01-01 00:00:00+00:00, run_after=2021-01-01 00:00:00+00:00
[2025-04-18T10:28:19.583+0530] {processor.py:208} INFO - Processing /home/prakhar/Desktop/Bootcamp/Python/Airflow-Project/airflowvenv/lib/python3.12/site-packages/airflow/example_dags/example_trigger_controller_dag.py took 0.164 seconds
[2025-04-18T10:29:39.253+0530] {processor.py:186} INFO - Started process (PID=24657) to work on /home/prakhar/Desktop/Bootcamp/Python/Airflow-Project/airflowvenv/lib/python3.12/site-packages/airflow/example_dags/example_trigger_controller_dag.py
[2025-04-18T10:29:39.254+0530] {processor.py:914} INFO - Processing file /home/prakhar/Desktop/Bootcamp/Python/Airflow-Project/airflowvenv/lib/python3.12/site-packages/airflow/example_dags/example_trigger_controller_dag.py for tasks to queue
[2025-04-18T10:29:39.256+0530] {logging_mixin.py:190} INFO - [2025-04-18T10:29:39.255+0530] {dagbag.py:588} INFO - Filling up the DagBag from /home/prakhar/Desktop/Bootcamp/Python/Airflow-Project/airflowvenv/lib/python3.12/site-packages/airflow/example_dags/example_trigger_controller_dag.py
[2025-04-18T10:29:39.262+0530] {processor.py:925} INFO - DAG(s) 'example_trigger_controller_dag' retrieved from /home/prakhar/Desktop/Bootcamp/Python/Airflow-Project/airflowvenv/lib/python3.12/site-packages/airflow/example_dags/example_trigger_controller_dag.py
[2025-04-18T10:29:39.271+0530] {logging_mixin.py:190} INFO - [2025-04-18T10:29:39.270+0530] {dag.py:3239} INFO - Sync 1 DAGs
[2025-04-18T10:29:39.280+0530] {logging_mixin.py:190} INFO - [2025-04-18T10:29:39.280+0530] {dag.py:4180} INFO - Setting next_dagrun for example_trigger_controller_dag to 2021-01-01 00:00:00+00:00, run_after=2021-01-01 00:00:00+00:00
[2025-04-18T10:29:39.391+0530] {processor.py:208} INFO - Processing /home/prakhar/Desktop/Bootcamp/Python/Airflow-Project/airflowvenv/lib/python3.12/site-packages/airflow/example_dags/example_trigger_controller_dag.py took 0.142 seconds
