[2025-04-18T10:17:29.902+0530] {processor.py:186} INFO - Started process (PID=18582) to work on /home/prakhar/Desktop/Bootcamp/Python/Airflow-Project/airflowvenv/lib/python3.12/site-packages/airflow/example_dags/example_python_operator.py
[2025-04-18T10:17:29.903+0530] {processor.py:914} INFO - Processing file /home/prakhar/Desktop/Bootcamp/Python/Airflow-Project/airflowvenv/lib/python3.12/site-packages/airflow/example_dags/example_python_operator.py for tasks to queue
[2025-04-18T10:17:29.904+0530] {logging_mixin.py:190} INFO - [2025-04-18T10:17:29.903+0530] {dagbag.py:588} INFO - Filling up the DagBag from /home/prakhar/Desktop/Bootcamp/Python/Airflow-Project/airflowvenv/lib/python3.12/site-packages/airflow/example_dags/example_python_operator.py
[2025-04-18T10:17:29.910+0530] {logging_mixin.py:190} INFO - [2025-04-18T10:17:29.909+0530] {example_python_operator.py:93} WARNING - The virtalenv_python example task requires virtualenv, please install it.
[2025-04-18T10:17:29.913+0530] {processor.py:925} INFO - DAG(s) 'example_python_operator' retrieved from /home/prakhar/Desktop/Bootcamp/Python/Airflow-Project/airflowvenv/lib/python3.12/site-packages/airflow/example_dags/example_python_operator.py
[2025-04-18T10:17:29.929+0530] {logging_mixin.py:190} INFO - [2025-04-18T10:17:29.929+0530] {dag.py:3239} INFO - Sync 1 DAGs
[2025-04-18T10:17:29.938+0530] {logging_mixin.py:190} INFO - [2025-04-18T10:17:29.938+0530] {dag.py:4180} INFO - Setting next_dagrun for example_python_operator to None, run_after=None
[2025-04-18T10:17:30.154+0530] {processor.py:208} INFO - Processing /home/prakhar/Desktop/Bootcamp/Python/Airflow-Project/airflowvenv/lib/python3.12/site-packages/airflow/example_dags/example_python_operator.py took 0.256 seconds
[2025-04-18T10:18:39.898+0530] {processor.py:186} INFO - Started process (PID=19448) to work on /home/prakhar/Desktop/Bootcamp/Python/Airflow-Project/airflowvenv/lib/python3.12/site-packages/airflow/example_dags/example_python_operator.py
[2025-04-18T10:18:39.899+0530] {processor.py:914} INFO - Processing file /home/prakhar/Desktop/Bootcamp/Python/Airflow-Project/airflowvenv/lib/python3.12/site-packages/airflow/example_dags/example_python_operator.py for tasks to queue
[2025-04-18T10:18:39.899+0530] {logging_mixin.py:190} INFO - [2025-04-18T10:18:39.899+0530] {dagbag.py:588} INFO - Filling up the DagBag from /home/prakhar/Desktop/Bootcamp/Python/Airflow-Project/airflowvenv/lib/python3.12/site-packages/airflow/example_dags/example_python_operator.py
[2025-04-18T10:18:39.905+0530] {logging_mixin.py:190} INFO - [2025-04-18T10:18:39.905+0530] {example_python_operator.py:93} WARNING - The virtalenv_python example task requires virtualenv, please install it.
[2025-04-18T10:18:39.907+0530] {processor.py:925} INFO - DAG(s) 'example_python_operator' retrieved from /home/prakhar/Desktop/Bootcamp/Python/Airflow-Project/airflowvenv/lib/python3.12/site-packages/airflow/example_dags/example_python_operator.py
[2025-04-18T10:18:39.918+0530] {logging_mixin.py:190} INFO - [2025-04-18T10:18:39.918+0530] {dag.py:3239} INFO - Sync 1 DAGs
[2025-04-18T10:18:39.929+0530] {logging_mixin.py:190} INFO - [2025-04-18T10:18:39.928+0530] {dag.py:4180} INFO - Setting next_dagrun for example_python_operator to None, run_after=None
[2025-04-18T10:18:40.024+0530] {processor.py:208} INFO - Processing /home/prakhar/Desktop/Bootcamp/Python/Airflow-Project/airflowvenv/lib/python3.12/site-packages/airflow/example_dags/example_python_operator.py took 0.130 seconds
[2025-04-18T10:20:09.022+0530] {processor.py:186} INFO - Started process (PID=20490) to work on /home/prakhar/Desktop/Bootcamp/Python/Airflow-Project/airflowvenv/lib/python3.12/site-packages/airflow/example_dags/example_python_operator.py
[2025-04-18T10:20:09.059+0530] {processor.py:914} INFO - Processing file /home/prakhar/Desktop/Bootcamp/Python/Airflow-Project/airflowvenv/lib/python3.12/site-packages/airflow/example_dags/example_python_operator.py for tasks to queue
[2025-04-18T10:20:09.063+0530] {logging_mixin.py:190} INFO - [2025-04-18T10:20:09.062+0530] {dagbag.py:588} INFO - Filling up the DagBag from /home/prakhar/Desktop/Bootcamp/Python/Airflow-Project/airflowvenv/lib/python3.12/site-packages/airflow/example_dags/example_python_operator.py
[2025-04-18T10:20:09.074+0530] {logging_mixin.py:190} INFO - [2025-04-18T10:20:09.074+0530] {example_python_operator.py:93} WARNING - The virtalenv_python example task requires virtualenv, please install it.
[2025-04-18T10:20:09.078+0530] {processor.py:925} INFO - DAG(s) 'example_python_operator' retrieved from /home/prakhar/Desktop/Bootcamp/Python/Airflow-Project/airflowvenv/lib/python3.12/site-packages/airflow/example_dags/example_python_operator.py
[2025-04-18T10:20:09.089+0530] {logging_mixin.py:190} INFO - [2025-04-18T10:20:09.089+0530] {dag.py:3239} INFO - Sync 1 DAGs
[2025-04-18T10:20:09.096+0530] {logging_mixin.py:190} INFO - [2025-04-18T10:20:09.096+0530] {dag.py:4180} INFO - Setting next_dagrun for example_python_operator to None, run_after=None
[2025-04-18T10:20:09.182+0530] {processor.py:208} INFO - Processing /home/prakhar/Desktop/Bootcamp/Python/Airflow-Project/airflowvenv/lib/python3.12/site-packages/airflow/example_dags/example_python_operator.py took 0.163 seconds
[2025-04-18T10:21:21.110+0530] {processor.py:186} INFO - Started process (PID=21421) to work on /home/prakhar/Desktop/Bootcamp/Python/Airflow-Project/airflowvenv/lib/python3.12/site-packages/airflow/example_dags/example_python_operator.py
[2025-04-18T10:21:21.136+0530] {processor.py:914} INFO - Processing file /home/prakhar/Desktop/Bootcamp/Python/Airflow-Project/airflowvenv/lib/python3.12/site-packages/airflow/example_dags/example_python_operator.py for tasks to queue
[2025-04-18T10:21:21.139+0530] {logging_mixin.py:190} INFO - [2025-04-18T10:21:21.138+0530] {dagbag.py:588} INFO - Filling up the DagBag from /home/prakhar/Desktop/Bootcamp/Python/Airflow-Project/airflowvenv/lib/python3.12/site-packages/airflow/example_dags/example_python_operator.py
[2025-04-18T10:21:21.150+0530] {logging_mixin.py:190} INFO - [2025-04-18T10:21:21.150+0530] {example_python_operator.py:93} WARNING - The virtalenv_python example task requires virtualenv, please install it.
[2025-04-18T10:21:21.153+0530] {processor.py:925} INFO - DAG(s) 'example_python_operator' retrieved from /home/prakhar/Desktop/Bootcamp/Python/Airflow-Project/airflowvenv/lib/python3.12/site-packages/airflow/example_dags/example_python_operator.py
[2025-04-18T10:21:21.164+0530] {logging_mixin.py:190} INFO - [2025-04-18T10:21:21.164+0530] {dag.py:3239} INFO - Sync 1 DAGs
[2025-04-18T10:21:21.170+0530] {logging_mixin.py:190} INFO - [2025-04-18T10:21:21.170+0530] {dag.py:4180} INFO - Setting next_dagrun for example_python_operator to None, run_after=None
[2025-04-18T10:21:21.255+0530] {processor.py:208} INFO - Processing /home/prakhar/Desktop/Bootcamp/Python/Airflow-Project/airflowvenv/lib/python3.12/site-packages/airflow/example_dags/example_python_operator.py took 0.148 seconds
[2025-04-18T10:23:14.261+0530] {processor.py:186} INFO - Started process (PID=22809) to work on /home/prakhar/Desktop/Bootcamp/Python/Airflow-Project/airflowvenv/lib/python3.12/site-packages/airflow/example_dags/example_python_operator.py
[2025-04-18T10:23:14.262+0530] {processor.py:914} INFO - Processing file /home/prakhar/Desktop/Bootcamp/Python/Airflow-Project/airflowvenv/lib/python3.12/site-packages/airflow/example_dags/example_python_operator.py for tasks to queue
[2025-04-18T10:23:14.263+0530] {logging_mixin.py:190} INFO - [2025-04-18T10:23:14.263+0530] {dagbag.py:588} INFO - Filling up the DagBag from /home/prakhar/Desktop/Bootcamp/Python/Airflow-Project/airflowvenv/lib/python3.12/site-packages/airflow/example_dags/example_python_operator.py
[2025-04-18T10:23:14.268+0530] {logging_mixin.py:190} INFO - [2025-04-18T10:23:14.268+0530] {example_python_operator.py:93} WARNING - The virtalenv_python example task requires virtualenv, please install it.
[2025-04-18T10:23:14.270+0530] {processor.py:925} INFO - DAG(s) 'example_python_operator' retrieved from /home/prakhar/Desktop/Bootcamp/Python/Airflow-Project/airflowvenv/lib/python3.12/site-packages/airflow/example_dags/example_python_operator.py
[2025-04-18T10:23:14.279+0530] {logging_mixin.py:190} INFO - [2025-04-18T10:23:14.279+0530] {dag.py:3239} INFO - Sync 1 DAGs
[2025-04-18T10:23:14.286+0530] {logging_mixin.py:190} INFO - [2025-04-18T10:23:14.286+0530] {dag.py:4180} INFO - Setting next_dagrun for example_python_operator to None, run_after=None
[2025-04-18T10:23:14.359+0530] {processor.py:208} INFO - Processing /home/prakhar/Desktop/Bootcamp/Python/Airflow-Project/airflowvenv/lib/python3.12/site-packages/airflow/example_dags/example_python_operator.py took 0.102 seconds
[2025-04-18T10:24:31.033+0530] {processor.py:186} INFO - Started process (PID=23263) to work on /home/prakhar/Desktop/Bootcamp/Python/Airflow-Project/airflowvenv/lib/python3.12/site-packages/airflow/example_dags/example_python_operator.py
[2025-04-18T10:24:31.034+0530] {processor.py:914} INFO - Processing file /home/prakhar/Desktop/Bootcamp/Python/Airflow-Project/airflowvenv/lib/python3.12/site-packages/airflow/example_dags/example_python_operator.py for tasks to queue
[2025-04-18T10:24:31.036+0530] {logging_mixin.py:190} INFO - [2025-04-18T10:24:31.035+0530] {dagbag.py:588} INFO - Filling up the DagBag from /home/prakhar/Desktop/Bootcamp/Python/Airflow-Project/airflowvenv/lib/python3.12/site-packages/airflow/example_dags/example_python_operator.py
[2025-04-18T10:24:31.042+0530] {logging_mixin.py:190} INFO - [2025-04-18T10:24:31.041+0530] {example_python_operator.py:93} WARNING - The virtalenv_python example task requires virtualenv, please install it.
[2025-04-18T10:24:31.044+0530] {processor.py:925} INFO - DAG(s) 'example_python_operator' retrieved from /home/prakhar/Desktop/Bootcamp/Python/Airflow-Project/airflowvenv/lib/python3.12/site-packages/airflow/example_dags/example_python_operator.py
[2025-04-18T10:24:31.052+0530] {logging_mixin.py:190} INFO - [2025-04-18T10:24:31.052+0530] {dag.py:3239} INFO - Sync 1 DAGs
[2025-04-18T10:24:31.059+0530] {logging_mixin.py:190} INFO - [2025-04-18T10:24:31.059+0530] {dag.py:4180} INFO - Setting next_dagrun for example_python_operator to None, run_after=None
[2025-04-18T10:24:31.165+0530] {processor.py:208} INFO - Processing /home/prakhar/Desktop/Bootcamp/Python/Airflow-Project/airflowvenv/lib/python3.12/site-packages/airflow/example_dags/example_python_operator.py took 0.137 seconds
[2025-04-18T10:25:48.620+0530] {processor.py:186} INFO - Started process (PID=23804) to work on /home/prakhar/Desktop/Bootcamp/Python/Airflow-Project/airflowvenv/lib/python3.12/site-packages/airflow/example_dags/example_python_operator.py
[2025-04-18T10:25:48.655+0530] {processor.py:914} INFO - Processing file /home/prakhar/Desktop/Bootcamp/Python/Airflow-Project/airflowvenv/lib/python3.12/site-packages/airflow/example_dags/example_python_operator.py for tasks to queue
[2025-04-18T10:25:48.657+0530] {logging_mixin.py:190} INFO - [2025-04-18T10:25:48.657+0530] {dagbag.py:588} INFO - Filling up the DagBag from /home/prakhar/Desktop/Bootcamp/Python/Airflow-Project/airflowvenv/lib/python3.12/site-packages/airflow/example_dags/example_python_operator.py
[2025-04-18T10:25:48.664+0530] {logging_mixin.py:190} INFO - [2025-04-18T10:25:48.664+0530] {example_python_operator.py:93} WARNING - The virtalenv_python example task requires virtualenv, please install it.
[2025-04-18T10:25:48.667+0530] {processor.py:925} INFO - DAG(s) 'example_python_operator' retrieved from /home/prakhar/Desktop/Bootcamp/Python/Airflow-Project/airflowvenv/lib/python3.12/site-packages/airflow/example_dags/example_python_operator.py
[2025-04-18T10:25:48.732+0530] {logging_mixin.py:190} INFO - [2025-04-18T10:25:48.732+0530] {dag.py:3239} INFO - Sync 1 DAGs
[2025-04-18T10:25:48.739+0530] {logging_mixin.py:190} INFO - [2025-04-18T10:25:48.739+0530] {dag.py:4180} INFO - Setting next_dagrun for example_python_operator to None, run_after=None
[2025-04-18T10:25:48.807+0530] {processor.py:208} INFO - Processing /home/prakhar/Desktop/Bootcamp/Python/Airflow-Project/airflowvenv/lib/python3.12/site-packages/airflow/example_dags/example_python_operator.py took 0.193 seconds
[2025-04-18T10:27:09.523+0530] {processor.py:186} INFO - Started process (PID=24043) to work on /home/prakhar/Desktop/Bootcamp/Python/Airflow-Project/airflowvenv/lib/python3.12/site-packages/airflow/example_dags/example_python_operator.py
[2025-04-18T10:27:09.555+0530] {processor.py:914} INFO - Processing file /home/prakhar/Desktop/Bootcamp/Python/Airflow-Project/airflowvenv/lib/python3.12/site-packages/airflow/example_dags/example_python_operator.py for tasks to queue
[2025-04-18T10:27:09.557+0530] {logging_mixin.py:190} INFO - [2025-04-18T10:27:09.557+0530] {dagbag.py:588} INFO - Filling up the DagBag from /home/prakhar/Desktop/Bootcamp/Python/Airflow-Project/airflowvenv/lib/python3.12/site-packages/airflow/example_dags/example_python_operator.py
[2025-04-18T10:27:09.564+0530] {logging_mixin.py:190} INFO - [2025-04-18T10:27:09.564+0530] {example_python_operator.py:93} WARNING - The virtalenv_python example task requires virtualenv, please install it.
[2025-04-18T10:27:09.566+0530] {processor.py:925} INFO - DAG(s) 'example_python_operator' retrieved from /home/prakhar/Desktop/Bootcamp/Python/Airflow-Project/airflowvenv/lib/python3.12/site-packages/airflow/example_dags/example_python_operator.py
[2025-04-18T10:27:09.579+0530] {logging_mixin.py:190} INFO - [2025-04-18T10:27:09.578+0530] {dag.py:3239} INFO - Sync 1 DAGs
[2025-04-18T10:27:09.586+0530] {logging_mixin.py:190} INFO - [2025-04-18T10:27:09.586+0530] {dag.py:4180} INFO - Setting next_dagrun for example_python_operator to None, run_after=None
[2025-04-18T10:27:09.674+0530] {processor.py:208} INFO - Processing /home/prakhar/Desktop/Bootcamp/Python/Airflow-Project/airflowvenv/lib/python3.12/site-packages/airflow/example_dags/example_python_operator.py took 0.156 seconds
[2025-04-18T10:28:28.231+0530] {processor.py:186} INFO - Started process (PID=24262) to work on /home/prakhar/Desktop/Bootcamp/Python/Airflow-Project/airflowvenv/lib/python3.12/site-packages/airflow/example_dags/example_python_operator.py
[2025-04-18T10:28:28.266+0530] {processor.py:914} INFO - Processing file /home/prakhar/Desktop/Bootcamp/Python/Airflow-Project/airflowvenv/lib/python3.12/site-packages/airflow/example_dags/example_python_operator.py for tasks to queue
[2025-04-18T10:28:28.270+0530] {logging_mixin.py:190} INFO - [2025-04-18T10:28:28.269+0530] {dagbag.py:588} INFO - Filling up the DagBag from /home/prakhar/Desktop/Bootcamp/Python/Airflow-Project/airflowvenv/lib/python3.12/site-packages/airflow/example_dags/example_python_operator.py
[2025-04-18T10:28:28.282+0530] {logging_mixin.py:190} INFO - [2025-04-18T10:28:28.281+0530] {example_python_operator.py:93} WARNING - The virtalenv_python example task requires virtualenv, please install it.
[2025-04-18T10:28:28.285+0530] {processor.py:925} INFO - DAG(s) 'example_python_operator' retrieved from /home/prakhar/Desktop/Bootcamp/Python/Airflow-Project/airflowvenv/lib/python3.12/site-packages/airflow/example_dags/example_python_operator.py
[2025-04-18T10:28:28.295+0530] {logging_mixin.py:190} INFO - [2025-04-18T10:28:28.295+0530] {dag.py:3239} INFO - Sync 1 DAGs
[2025-04-18T10:28:28.302+0530] {logging_mixin.py:190} INFO - [2025-04-18T10:28:28.301+0530] {dag.py:4180} INFO - Setting next_dagrun for example_python_operator to None, run_after=None
[2025-04-18T10:28:28.387+0530] {processor.py:208} INFO - Processing /home/prakhar/Desktop/Bootcamp/Python/Airflow-Project/airflowvenv/lib/python3.12/site-packages/airflow/example_dags/example_python_operator.py took 0.161 seconds
[2025-04-18T10:29:47.342+0530] {processor.py:186} INFO - Started process (PID=24733) to work on /home/prakhar/Desktop/Bootcamp/Python/Airflow-Project/airflowvenv/lib/python3.12/site-packages/airflow/example_dags/example_python_operator.py
[2025-04-18T10:29:47.382+0530] {processor.py:914} INFO - Processing file /home/prakhar/Desktop/Bootcamp/Python/Airflow-Project/airflowvenv/lib/python3.12/site-packages/airflow/example_dags/example_python_operator.py for tasks to queue
[2025-04-18T10:29:47.385+0530] {logging_mixin.py:190} INFO - [2025-04-18T10:29:47.385+0530] {dagbag.py:588} INFO - Filling up the DagBag from /home/prakhar/Desktop/Bootcamp/Python/Airflow-Project/airflowvenv/lib/python3.12/site-packages/airflow/example_dags/example_python_operator.py
[2025-04-18T10:29:47.397+0530] {logging_mixin.py:190} INFO - [2025-04-18T10:29:47.397+0530] {example_python_operator.py:93} WARNING - The virtalenv_python example task requires virtualenv, please install it.
[2025-04-18T10:29:47.400+0530] {processor.py:925} INFO - DAG(s) 'example_python_operator' retrieved from /home/prakhar/Desktop/Bootcamp/Python/Airflow-Project/airflowvenv/lib/python3.12/site-packages/airflow/example_dags/example_python_operator.py
[2025-04-18T10:29:47.410+0530] {logging_mixin.py:190} INFO - [2025-04-18T10:29:47.410+0530] {dag.py:3239} INFO - Sync 1 DAGs
[2025-04-18T10:29:47.417+0530] {logging_mixin.py:190} INFO - [2025-04-18T10:29:47.416+0530] {dag.py:4180} INFO - Setting next_dagrun for example_python_operator to None, run_after=None
[2025-04-18T10:29:47.507+0530] {processor.py:208} INFO - Processing /home/prakhar/Desktop/Bootcamp/Python/Airflow-Project/airflowvenv/lib/python3.12/site-packages/airflow/example_dags/example_python_operator.py took 0.168 seconds
