[2025-04-18T10:17:37.347+0530] {processor.py:186} INFO - Started process (PID=18711) to work on /home/prakhar/Desktop/Bootcamp/Python/Airflow-Project/airflowvenv/lib/python3.12/site-packages/airflow/example_dags/example_params_ui_tutorial.py
[2025-04-18T10:17:37.348+0530] {processor.py:914} INFO - Processing file /home/prakhar/Desktop/Bootcamp/Python/Airflow-Project/airflowvenv/lib/python3.12/site-packages/airflow/example_dags/example_params_ui_tutorial.py for tasks to queue
[2025-04-18T10:17:37.349+0530] {logging_mixin.py:190} INFO - [2025-04-18T10:17:37.349+0530] {dagbag.py:588} INFO - Filling up the DagBag from /home/prakhar/Desktop/Bootcamp/Python/Airflow-Project/airflowvenv/lib/python3.12/site-packages/airflow/example_dags/example_params_ui_tutorial.py
[2025-04-18T10:17:37.356+0530] {processor.py:925} INFO - DAG(s) 'example_params_ui_tutorial' retrieved from /home/prakhar/Desktop/Bootcamp/Python/Airflow-Project/airflowvenv/lib/python3.12/site-packages/airflow/example_dags/example_params_ui_tutorial.py
[2025-04-18T10:17:37.430+0530] {logging_mixin.py:190} INFO - [2025-04-18T10:17:37.430+0530] {dag.py:3239} INFO - Sync 1 DAGs
[2025-04-18T10:17:37.437+0530] {logging_mixin.py:190} INFO - [2025-04-18T10:17:37.436+0530] {dag.py:4180} INFO - Setting next_dagrun for example_params_ui_tutorial to None, run_after=None
[2025-04-18T10:17:37.542+0530] {processor.py:208} INFO - Processing /home/prakhar/Desktop/Bootcamp/Python/Airflow-Project/airflowvenv/lib/python3.12/site-packages/airflow/example_dags/example_params_ui_tutorial.py took 0.198 seconds
[2025-04-18T10:18:54.616+0530] {processor.py:186} INFO - Started process (PID=19628) to work on /home/prakhar/Desktop/Bootcamp/Python/Airflow-Project/airflowvenv/lib/python3.12/site-packages/airflow/example_dags/example_params_ui_tutorial.py
[2025-04-18T10:18:54.617+0530] {processor.py:914} INFO - Processing file /home/prakhar/Desktop/Bootcamp/Python/Airflow-Project/airflowvenv/lib/python3.12/site-packages/airflow/example_dags/example_params_ui_tutorial.py for tasks to queue
[2025-04-18T10:18:54.618+0530] {logging_mixin.py:190} INFO - [2025-04-18T10:18:54.618+0530] {dagbag.py:588} INFO - Filling up the DagBag from /home/prakhar/Desktop/Bootcamp/Python/Airflow-Project/airflowvenv/lib/python3.12/site-packages/airflow/example_dags/example_params_ui_tutorial.py
[2025-04-18T10:18:54.625+0530] {processor.py:925} INFO - DAG(s) 'example_params_ui_tutorial' retrieved from /home/prakhar/Desktop/Bootcamp/Python/Airflow-Project/airflowvenv/lib/python3.12/site-packages/airflow/example_dags/example_params_ui_tutorial.py
[2025-04-18T10:18:54.647+0530] {logging_mixin.py:190} INFO - [2025-04-18T10:18:54.647+0530] {dag.py:3239} INFO - Sync 1 DAGs
[2025-04-18T10:18:54.655+0530] {logging_mixin.py:190} INFO - [2025-04-18T10:18:54.655+0530] {dag.py:4180} INFO - Setting next_dagrun for example_params_ui_tutorial to None, run_after=None
[2025-04-18T10:18:54.783+0530] {processor.py:208} INFO - Processing /home/prakhar/Desktop/Bootcamp/Python/Airflow-Project/airflowvenv/lib/python3.12/site-packages/airflow/example_dags/example_params_ui_tutorial.py took 0.171 seconds
[2025-04-18T10:20:16.971+0530] {processor.py:186} INFO - Started process (PID=20578) to work on /home/prakhar/Desktop/Bootcamp/Python/Airflow-Project/airflowvenv/lib/python3.12/site-packages/airflow/example_dags/example_params_ui_tutorial.py
[2025-04-18T10:20:17.011+0530] {processor.py:914} INFO - Processing file /home/prakhar/Desktop/Bootcamp/Python/Airflow-Project/airflowvenv/lib/python3.12/site-packages/airflow/example_dags/example_params_ui_tutorial.py for tasks to queue
[2025-04-18T10:20:17.012+0530] {logging_mixin.py:190} INFO - [2025-04-18T10:20:17.012+0530] {dagbag.py:588} INFO - Filling up the DagBag from /home/prakhar/Desktop/Bootcamp/Python/Airflow-Project/airflowvenv/lib/python3.12/site-packages/airflow/example_dags/example_params_ui_tutorial.py
[2025-04-18T10:20:17.018+0530] {processor.py:925} INFO - DAG(s) 'example_params_ui_tutorial' retrieved from /home/prakhar/Desktop/Bootcamp/Python/Airflow-Project/airflowvenv/lib/python3.12/site-packages/airflow/example_dags/example_params_ui_tutorial.py
[2025-04-18T10:20:17.045+0530] {logging_mixin.py:190} INFO - [2025-04-18T10:20:17.045+0530] {dag.py:3239} INFO - Sync 1 DAGs
[2025-04-18T10:20:17.053+0530] {logging_mixin.py:190} INFO - [2025-04-18T10:20:17.053+0530] {dag.py:4180} INFO - Setting next_dagrun for example_params_ui_tutorial to None, run_after=None
[2025-04-18T10:20:17.134+0530] {processor.py:208} INFO - Processing /home/prakhar/Desktop/Bootcamp/Python/Airflow-Project/airflowvenv/lib/python3.12/site-packages/airflow/example_dags/example_params_ui_tutorial.py took 0.166 seconds
[2025-04-18T10:21:32.932+0530] {processor.py:186} INFO - Started process (PID=21569) to work on /home/prakhar/Desktop/Bootcamp/Python/Airflow-Project/airflowvenv/lib/python3.12/site-packages/airflow/example_dags/example_params_ui_tutorial.py
[2025-04-18T10:21:33.003+0530] {processor.py:914} INFO - Processing file /home/prakhar/Desktop/Bootcamp/Python/Airflow-Project/airflowvenv/lib/python3.12/site-packages/airflow/example_dags/example_params_ui_tutorial.py for tasks to queue
[2025-04-18T10:21:33.004+0530] {logging_mixin.py:190} INFO - [2025-04-18T10:21:33.004+0530] {dagbag.py:588} INFO - Filling up the DagBag from /home/prakhar/Desktop/Bootcamp/Python/Airflow-Project/airflowvenv/lib/python3.12/site-packages/airflow/example_dags/example_params_ui_tutorial.py
[2025-04-18T10:21:33.010+0530] {processor.py:925} INFO - DAG(s) 'example_params_ui_tutorial' retrieved from /home/prakhar/Desktop/Bootcamp/Python/Airflow-Project/airflowvenv/lib/python3.12/site-packages/airflow/example_dags/example_params_ui_tutorial.py
[2025-04-18T10:21:33.033+0530] {logging_mixin.py:190} INFO - [2025-04-18T10:21:33.033+0530] {dag.py:3239} INFO - Sync 1 DAGs
[2025-04-18T10:21:33.040+0530] {logging_mixin.py:190} INFO - [2025-04-18T10:21:33.040+0530] {dag.py:4180} INFO - Setting next_dagrun for example_params_ui_tutorial to None, run_after=None
[2025-04-18T10:21:33.103+0530] {processor.py:208} INFO - Processing /home/prakhar/Desktop/Bootcamp/Python/Airflow-Project/airflowvenv/lib/python3.12/site-packages/airflow/example_dags/example_params_ui_tutorial.py took 0.174 seconds
[2025-04-18T10:23:19.529+0530] {processor.py:186} INFO - Started process (PID=22825) to work on /home/prakhar/Desktop/Bootcamp/Python/Airflow-Project/airflowvenv/lib/python3.12/site-packages/airflow/example_dags/example_params_ui_tutorial.py
[2025-04-18T10:23:19.591+0530] {processor.py:914} INFO - Processing file /home/prakhar/Desktop/Bootcamp/Python/Airflow-Project/airflowvenv/lib/python3.12/site-packages/airflow/example_dags/example_params_ui_tutorial.py for tasks to queue
[2025-04-18T10:23:19.594+0530] {logging_mixin.py:190} INFO - [2025-04-18T10:23:19.593+0530] {dagbag.py:588} INFO - Filling up the DagBag from /home/prakhar/Desktop/Bootcamp/Python/Airflow-Project/airflowvenv/lib/python3.12/site-packages/airflow/example_dags/example_params_ui_tutorial.py
[2025-04-18T10:23:19.607+0530] {processor.py:925} INFO - DAG(s) 'example_params_ui_tutorial' retrieved from /home/prakhar/Desktop/Bootcamp/Python/Airflow-Project/airflowvenv/lib/python3.12/site-packages/airflow/example_dags/example_params_ui_tutorial.py
[2025-04-18T10:23:19.629+0530] {logging_mixin.py:190} INFO - [2025-04-18T10:23:19.629+0530] {dag.py:3239} INFO - Sync 1 DAGs
[2025-04-18T10:23:19.637+0530] {logging_mixin.py:190} INFO - [2025-04-18T10:23:19.637+0530] {dag.py:4180} INFO - Setting next_dagrun for example_params_ui_tutorial to None, run_after=None
[2025-04-18T10:23:19.717+0530] {processor.py:208} INFO - Processing /home/prakhar/Desktop/Bootcamp/Python/Airflow-Project/airflowvenv/lib/python3.12/site-packages/airflow/example_dags/example_params_ui_tutorial.py took 0.193 seconds
[2025-04-18T10:24:37.619+0530] {processor.py:186} INFO - Started process (PID=23275) to work on /home/prakhar/Desktop/Bootcamp/Python/Airflow-Project/airflowvenv/lib/python3.12/site-packages/airflow/example_dags/example_params_ui_tutorial.py
[2025-04-18T10:24:37.620+0530] {processor.py:914} INFO - Processing file /home/prakhar/Desktop/Bootcamp/Python/Airflow-Project/airflowvenv/lib/python3.12/site-packages/airflow/example_dags/example_params_ui_tutorial.py for tasks to queue
[2025-04-18T10:24:37.621+0530] {logging_mixin.py:190} INFO - [2025-04-18T10:24:37.621+0530] {dagbag.py:588} INFO - Filling up the DagBag from /home/prakhar/Desktop/Bootcamp/Python/Airflow-Project/airflowvenv/lib/python3.12/site-packages/airflow/example_dags/example_params_ui_tutorial.py
[2025-04-18T10:24:37.628+0530] {processor.py:925} INFO - DAG(s) 'example_params_ui_tutorial' retrieved from /home/prakhar/Desktop/Bootcamp/Python/Airflow-Project/airflowvenv/lib/python3.12/site-packages/airflow/example_dags/example_params_ui_tutorial.py
[2025-04-18T10:24:37.649+0530] {logging_mixin.py:190} INFO - [2025-04-18T10:24:37.649+0530] {dag.py:3239} INFO - Sync 1 DAGs
[2025-04-18T10:24:37.655+0530] {logging_mixin.py:190} INFO - [2025-04-18T10:24:37.655+0530] {dag.py:4180} INFO - Setting next_dagrun for example_params_ui_tutorial to None, run_after=None
[2025-04-18T10:24:37.764+0530] {processor.py:208} INFO - Processing /home/prakhar/Desktop/Bootcamp/Python/Airflow-Project/airflowvenv/lib/python3.12/site-packages/airflow/example_dags/example_params_ui_tutorial.py took 0.149 seconds
[2025-04-18T10:25:54.738+0530] {processor.py:186} INFO - Started process (PID=23814) to work on /home/prakhar/Desktop/Bootcamp/Python/Airflow-Project/airflowvenv/lib/python3.12/site-packages/airflow/example_dags/example_params_ui_tutorial.py
[2025-04-18T10:25:54.739+0530] {processor.py:914} INFO - Processing file /home/prakhar/Desktop/Bootcamp/Python/Airflow-Project/airflowvenv/lib/python3.12/site-packages/airflow/example_dags/example_params_ui_tutorial.py for tasks to queue
[2025-04-18T10:25:54.740+0530] {logging_mixin.py:190} INFO - [2025-04-18T10:25:54.739+0530] {dagbag.py:588} INFO - Filling up the DagBag from /home/prakhar/Desktop/Bootcamp/Python/Airflow-Project/airflowvenv/lib/python3.12/site-packages/airflow/example_dags/example_params_ui_tutorial.py
[2025-04-18T10:25:54.746+0530] {processor.py:925} INFO - DAG(s) 'example_params_ui_tutorial' retrieved from /home/prakhar/Desktop/Bootcamp/Python/Airflow-Project/airflowvenv/lib/python3.12/site-packages/airflow/example_dags/example_params_ui_tutorial.py
[2025-04-18T10:25:54.768+0530] {logging_mixin.py:190} INFO - [2025-04-18T10:25:54.768+0530] {dag.py:3239} INFO - Sync 1 DAGs
[2025-04-18T10:25:54.775+0530] {logging_mixin.py:190} INFO - [2025-04-18T10:25:54.775+0530] {dag.py:4180} INFO - Setting next_dagrun for example_params_ui_tutorial to None, run_after=None
[2025-04-18T10:25:54.849+0530] {processor.py:208} INFO - Processing /home/prakhar/Desktop/Bootcamp/Python/Airflow-Project/airflowvenv/lib/python3.12/site-packages/airflow/example_dags/example_params_ui_tutorial.py took 0.115 seconds
[2025-04-18T10:27:15.435+0530] {processor.py:186} INFO - Started process (PID=24070) to work on /home/prakhar/Desktop/Bootcamp/Python/Airflow-Project/airflowvenv/lib/python3.12/site-packages/airflow/example_dags/example_params_ui_tutorial.py
[2025-04-18T10:27:15.436+0530] {processor.py:914} INFO - Processing file /home/prakhar/Desktop/Bootcamp/Python/Airflow-Project/airflowvenv/lib/python3.12/site-packages/airflow/example_dags/example_params_ui_tutorial.py for tasks to queue
[2025-04-18T10:27:15.439+0530] {logging_mixin.py:190} INFO - [2025-04-18T10:27:15.439+0530] {dagbag.py:588} INFO - Filling up the DagBag from /home/prakhar/Desktop/Bootcamp/Python/Airflow-Project/airflowvenv/lib/python3.12/site-packages/airflow/example_dags/example_params_ui_tutorial.py
[2025-04-18T10:27:15.447+0530] {processor.py:925} INFO - DAG(s) 'example_params_ui_tutorial' retrieved from /home/prakhar/Desktop/Bootcamp/Python/Airflow-Project/airflowvenv/lib/python3.12/site-packages/airflow/example_dags/example_params_ui_tutorial.py
[2025-04-18T10:27:15.472+0530] {logging_mixin.py:190} INFO - [2025-04-18T10:27:15.471+0530] {dag.py:3239} INFO - Sync 1 DAGs
[2025-04-18T10:27:15.481+0530] {logging_mixin.py:190} INFO - [2025-04-18T10:27:15.481+0530] {dag.py:4180} INFO - Setting next_dagrun for example_params_ui_tutorial to None, run_after=None
[2025-04-18T10:27:15.580+0530] {processor.py:208} INFO - Processing /home/prakhar/Desktop/Bootcamp/Python/Airflow-Project/airflowvenv/lib/python3.12/site-packages/airflow/example_dags/example_params_ui_tutorial.py took 0.149 seconds
[2025-04-18T10:28:35.310+0530] {processor.py:186} INFO - Started process (PID=24313) to work on /home/prakhar/Desktop/Bootcamp/Python/Airflow-Project/airflowvenv/lib/python3.12/site-packages/airflow/example_dags/example_params_ui_tutorial.py
[2025-04-18T10:28:35.312+0530] {processor.py:914} INFO - Processing file /home/prakhar/Desktop/Bootcamp/Python/Airflow-Project/airflowvenv/lib/python3.12/site-packages/airflow/example_dags/example_params_ui_tutorial.py for tasks to queue
[2025-04-18T10:28:35.313+0530] {logging_mixin.py:190} INFO - [2025-04-18T10:28:35.313+0530] {dagbag.py:588} INFO - Filling up the DagBag from /home/prakhar/Desktop/Bootcamp/Python/Airflow-Project/airflowvenv/lib/python3.12/site-packages/airflow/example_dags/example_params_ui_tutorial.py
[2025-04-18T10:28:35.319+0530] {processor.py:925} INFO - DAG(s) 'example_params_ui_tutorial' retrieved from /home/prakhar/Desktop/Bootcamp/Python/Airflow-Project/airflowvenv/lib/python3.12/site-packages/airflow/example_dags/example_params_ui_tutorial.py
[2025-04-18T10:28:35.344+0530] {logging_mixin.py:190} INFO - [2025-04-18T10:28:35.344+0530] {dag.py:3239} INFO - Sync 1 DAGs
[2025-04-18T10:28:35.351+0530] {logging_mixin.py:190} INFO - [2025-04-18T10:28:35.351+0530] {dag.py:4180} INFO - Setting next_dagrun for example_params_ui_tutorial to None, run_after=None
[2025-04-18T10:28:35.566+0530] {processor.py:208} INFO - Processing /home/prakhar/Desktop/Bootcamp/Python/Airflow-Project/airflowvenv/lib/python3.12/site-packages/airflow/example_dags/example_params_ui_tutorial.py took 0.261 seconds
[2025-04-18T10:29:54.819+0530] {processor.py:186} INFO - Started process (PID=24753) to work on /home/prakhar/Desktop/Bootcamp/Python/Airflow-Project/airflowvenv/lib/python3.12/site-packages/airflow/example_dags/example_params_ui_tutorial.py
[2025-04-18T10:29:54.820+0530] {processor.py:914} INFO - Processing file /home/prakhar/Desktop/Bootcamp/Python/Airflow-Project/airflowvenv/lib/python3.12/site-packages/airflow/example_dags/example_params_ui_tutorial.py for tasks to queue
[2025-04-18T10:29:54.822+0530] {logging_mixin.py:190} INFO - [2025-04-18T10:29:54.822+0530] {dagbag.py:588} INFO - Filling up the DagBag from /home/prakhar/Desktop/Bootcamp/Python/Airflow-Project/airflowvenv/lib/python3.12/site-packages/airflow/example_dags/example_params_ui_tutorial.py
[2025-04-18T10:29:54.832+0530] {processor.py:925} INFO - DAG(s) 'example_params_ui_tutorial' retrieved from /home/prakhar/Desktop/Bootcamp/Python/Airflow-Project/airflowvenv/lib/python3.12/site-packages/airflow/example_dags/example_params_ui_tutorial.py
[2025-04-18T10:29:54.852+0530] {logging_mixin.py:190} INFO - [2025-04-18T10:29:54.852+0530] {dag.py:3239} INFO - Sync 1 DAGs
[2025-04-18T10:29:54.858+0530] {logging_mixin.py:190} INFO - [2025-04-18T10:29:54.858+0530] {dag.py:4180} INFO - Setting next_dagrun for example_params_ui_tutorial to None, run_after=None
[2025-04-18T10:29:54.971+0530] {processor.py:208} INFO - Processing /home/prakhar/Desktop/Bootcamp/Python/Airflow-Project/airflowvenv/lib/python3.12/site-packages/airflow/example_dags/example_params_ui_tutorial.py took 0.156 seconds
