[2025-04-18T10:18:01.640+0530] {processor.py:186} INFO - Started process (PID=19014) to work on /home/prakhar/Desktop/Bootcamp/Python/Airflow-Project/airflowvenv/lib/python3.12/site-packages/airflow/example_dags/example_branch_operator_decorator.py
[2025-04-18T10:18:01.640+0530] {processor.py:914} INFO - Processing file /home/prakhar/Desktop/Bootcamp/Python/Airflow-Project/airflowvenv/lib/python3.12/site-packages/airflow/example_dags/example_branch_operator_decorator.py for tasks to queue
[2025-04-18T10:18:01.641+0530] {logging_mixin.py:190} INFO - [2025-04-18T10:18:01.641+0530] {dagbag.py:588} INFO - Filling up the DagBag from /home/prakhar/Desktop/Bootcamp/Python/Airflow-Project/airflowvenv/lib/python3.12/site-packages/airflow/example_dags/example_branch_operator_decorator.py
[2025-04-18T10:18:01.644+0530] {processor.py:927} WARNING - No viable dags retrieved from /home/prakhar/Desktop/Bootcamp/Python/Airflow-Project/airflowvenv/lib/python3.12/site-packages/airflow/example_dags/example_branch_operator_decorator.py
[2025-04-18T10:18:01.652+0530] {processor.py:208} INFO - Processing /home/prakhar/Desktop/Bootcamp/Python/Airflow-Project/airflowvenv/lib/python3.12/site-packages/airflow/example_dags/example_branch_operator_decorator.py took 0.016 seconds
[2025-04-18T10:19:21.529+0530] {processor.py:186} INFO - Started process (PID=19975) to work on /home/prakhar/Desktop/Bootcamp/Python/Airflow-Project/airflowvenv/lib/python3.12/site-packages/airflow/example_dags/example_branch_operator_decorator.py
[2025-04-18T10:19:21.530+0530] {processor.py:914} INFO - Processing file /home/prakhar/Desktop/Bootcamp/Python/Airflow-Project/airflowvenv/lib/python3.12/site-packages/airflow/example_dags/example_branch_operator_decorator.py for tasks to queue
[2025-04-18T10:19:21.531+0530] {logging_mixin.py:190} INFO - [2025-04-18T10:19:21.531+0530] {dagbag.py:588} INFO - Filling up the DagBag from /home/prakhar/Desktop/Bootcamp/Python/Airflow-Project/airflowvenv/lib/python3.12/site-packages/airflow/example_dags/example_branch_operator_decorator.py
[2025-04-18T10:19:21.534+0530] {processor.py:927} WARNING - No viable dags retrieved from /home/prakhar/Desktop/Bootcamp/Python/Airflow-Project/airflowvenv/lib/python3.12/site-packages/airflow/example_dags/example_branch_operator_decorator.py
[2025-04-18T10:19:21.541+0530] {processor.py:208} INFO - Processing /home/prakhar/Desktop/Bootcamp/Python/Airflow-Project/airflowvenv/lib/python3.12/site-packages/airflow/example_dags/example_branch_operator_decorator.py took 0.016 seconds
[2025-04-18T10:20:42.276+0530] {processor.py:186} INFO - Started process (PID=20880) to work on /home/prakhar/Desktop/Bootcamp/Python/Airflow-Project/airflowvenv/lib/python3.12/site-packages/airflow/example_dags/example_branch_operator_decorator.py
[2025-04-18T10:20:42.361+0530] {processor.py:914} INFO - Processing file /home/prakhar/Desktop/Bootcamp/Python/Airflow-Project/airflowvenv/lib/python3.12/site-packages/airflow/example_dags/example_branch_operator_decorator.py for tasks to queue
[2025-04-18T10:20:42.364+0530] {logging_mixin.py:190} INFO - [2025-04-18T10:20:42.364+0530] {dagbag.py:588} INFO - Filling up the DagBag from /home/prakhar/Desktop/Bootcamp/Python/Airflow-Project/airflowvenv/lib/python3.12/site-packages/airflow/example_dags/example_branch_operator_decorator.py
[2025-04-18T10:20:42.370+0530] {processor.py:927} WARNING - No viable dags retrieved from /home/prakhar/Desktop/Bootcamp/Python/Airflow-Project/airflowvenv/lib/python3.12/site-packages/airflow/example_dags/example_branch_operator_decorator.py
[2025-04-18T10:20:42.518+0530] {processor.py:208} INFO - Processing /home/prakhar/Desktop/Bootcamp/Python/Airflow-Project/airflowvenv/lib/python3.12/site-packages/airflow/example_dags/example_branch_operator_decorator.py took 0.247 seconds
[2025-04-18T10:22:18.777+0530] {processor.py:186} INFO - Started process (PID=22075) to work on /home/prakhar/Desktop/Bootcamp/Python/Airflow-Project/airflowvenv/lib/python3.12/site-packages/airflow/example_dags/example_branch_operator_decorator.py
[2025-04-18T10:22:18.778+0530] {processor.py:914} INFO - Processing file /home/prakhar/Desktop/Bootcamp/Python/Airflow-Project/airflowvenv/lib/python3.12/site-packages/airflow/example_dags/example_branch_operator_decorator.py for tasks to queue
[2025-04-18T10:22:18.779+0530] {logging_mixin.py:190} INFO - [2025-04-18T10:22:18.779+0530] {dagbag.py:588} INFO - Filling up the DagBag from /home/prakhar/Desktop/Bootcamp/Python/Airflow-Project/airflowvenv/lib/python3.12/site-packages/airflow/example_dags/example_branch_operator_decorator.py
[2025-04-18T10:22:18.781+0530] {processor.py:927} WARNING - No viable dags retrieved from /home/prakhar/Desktop/Bootcamp/Python/Airflow-Project/airflowvenv/lib/python3.12/site-packages/airflow/example_dags/example_branch_operator_decorator.py
[2025-04-18T10:22:18.789+0530] {processor.py:208} INFO - Processing /home/prakhar/Desktop/Bootcamp/Python/Airflow-Project/airflowvenv/lib/python3.12/site-packages/airflow/example_dags/example_branch_operator_decorator.py took 0.015 seconds
[2025-04-18T10:23:59.124+0530] {processor.py:186} INFO - Started process (PID=23099) to work on /home/prakhar/Desktop/Bootcamp/Python/Airflow-Project/airflowvenv/lib/python3.12/site-packages/airflow/example_dags/example_branch_operator_decorator.py
[2025-04-18T10:23:59.124+0530] {processor.py:914} INFO - Processing file /home/prakhar/Desktop/Bootcamp/Python/Airflow-Project/airflowvenv/lib/python3.12/site-packages/airflow/example_dags/example_branch_operator_decorator.py for tasks to queue
[2025-04-18T10:23:59.125+0530] {logging_mixin.py:190} INFO - [2025-04-18T10:23:59.125+0530] {dagbag.py:588} INFO - Filling up the DagBag from /home/prakhar/Desktop/Bootcamp/Python/Airflow-Project/airflowvenv/lib/python3.12/site-packages/airflow/example_dags/example_branch_operator_decorator.py
[2025-04-18T10:23:59.127+0530] {processor.py:927} WARNING - No viable dags retrieved from /home/prakhar/Desktop/Bootcamp/Python/Airflow-Project/airflowvenv/lib/python3.12/site-packages/airflow/example_dags/example_branch_operator_decorator.py
[2025-04-18T10:23:59.133+0530] {processor.py:208} INFO - Processing /home/prakhar/Desktop/Bootcamp/Python/Airflow-Project/airflowvenv/lib/python3.12/site-packages/airflow/example_dags/example_branch_operator_decorator.py took 0.013 seconds
[2025-04-18T10:25:16.939+0530] {processor.py:186} INFO - Started process (PID=23556) to work on /home/prakhar/Desktop/Bootcamp/Python/Airflow-Project/airflowvenv/lib/python3.12/site-packages/airflow/example_dags/example_branch_operator_decorator.py
[2025-04-18T10:25:16.947+0530] {processor.py:914} INFO - Processing file /home/prakhar/Desktop/Bootcamp/Python/Airflow-Project/airflowvenv/lib/python3.12/site-packages/airflow/example_dags/example_branch_operator_decorator.py for tasks to queue
[2025-04-18T10:25:16.949+0530] {logging_mixin.py:190} INFO - [2025-04-18T10:25:16.949+0530] {dagbag.py:588} INFO - Filling up the DagBag from /home/prakhar/Desktop/Bootcamp/Python/Airflow-Project/airflowvenv/lib/python3.12/site-packages/airflow/example_dags/example_branch_operator_decorator.py
[2025-04-18T10:25:16.951+0530] {processor.py:927} WARNING - No viable dags retrieved from /home/prakhar/Desktop/Bootcamp/Python/Airflow-Project/airflowvenv/lib/python3.12/site-packages/airflow/example_dags/example_branch_operator_decorator.py
[2025-04-18T10:25:16.957+0530] {processor.py:208} INFO - Processing /home/prakhar/Desktop/Bootcamp/Python/Airflow-Project/airflowvenv/lib/python3.12/site-packages/airflow/example_dags/example_branch_operator_decorator.py took 0.021 seconds
[2025-04-18T10:26:34.240+0530] {processor.py:186} INFO - Started process (PID=23923) to work on /home/prakhar/Desktop/Bootcamp/Python/Airflow-Project/airflowvenv/lib/python3.12/site-packages/airflow/example_dags/example_branch_operator_decorator.py
[2025-04-18T10:26:34.245+0530] {processor.py:914} INFO - Processing file /home/prakhar/Desktop/Bootcamp/Python/Airflow-Project/airflowvenv/lib/python3.12/site-packages/airflow/example_dags/example_branch_operator_decorator.py for tasks to queue
[2025-04-18T10:26:34.246+0530] {logging_mixin.py:190} INFO - [2025-04-18T10:26:34.246+0530] {dagbag.py:588} INFO - Filling up the DagBag from /home/prakhar/Desktop/Bootcamp/Python/Airflow-Project/airflowvenv/lib/python3.12/site-packages/airflow/example_dags/example_branch_operator_decorator.py
[2025-04-18T10:26:34.248+0530] {processor.py:927} WARNING - No viable dags retrieved from /home/prakhar/Desktop/Bootcamp/Python/Airflow-Project/airflowvenv/lib/python3.12/site-packages/airflow/example_dags/example_branch_operator_decorator.py
[2025-04-18T10:26:34.256+0530] {processor.py:208} INFO - Processing /home/prakhar/Desktop/Bootcamp/Python/Airflow-Project/airflowvenv/lib/python3.12/site-packages/airflow/example_dags/example_branch_operator_decorator.py took 0.021 seconds
[2025-04-18T10:27:56.103+0530] {processor.py:186} INFO - Started process (PID=24198) to work on /home/prakhar/Desktop/Bootcamp/Python/Airflow-Project/airflowvenv/lib/python3.12/site-packages/airflow/example_dags/example_branch_operator_decorator.py
[2025-04-18T10:27:56.135+0530] {processor.py:914} INFO - Processing file /home/prakhar/Desktop/Bootcamp/Python/Airflow-Project/airflowvenv/lib/python3.12/site-packages/airflow/example_dags/example_branch_operator_decorator.py for tasks to queue
[2025-04-18T10:27:56.137+0530] {logging_mixin.py:190} INFO - [2025-04-18T10:27:56.136+0530] {dagbag.py:588} INFO - Filling up the DagBag from /home/prakhar/Desktop/Bootcamp/Python/Airflow-Project/airflowvenv/lib/python3.12/site-packages/airflow/example_dags/example_branch_operator_decorator.py
[2025-04-18T10:27:56.143+0530] {processor.py:927} WARNING - No viable dags retrieved from /home/prakhar/Desktop/Bootcamp/Python/Airflow-Project/airflowvenv/lib/python3.12/site-packages/airflow/example_dags/example_branch_operator_decorator.py
[2025-04-18T10:27:56.152+0530] {processor.py:208} INFO - Processing /home/prakhar/Desktop/Bootcamp/Python/Airflow-Project/airflowvenv/lib/python3.12/site-packages/airflow/example_dags/example_branch_operator_decorator.py took 0.053 seconds
[2025-04-18T10:29:15.604+0530] {processor.py:186} INFO - Started process (PID=24508) to work on /home/prakhar/Desktop/Bootcamp/Python/Airflow-Project/airflowvenv/lib/python3.12/site-packages/airflow/example_dags/example_branch_operator_decorator.py
[2025-04-18T10:29:15.632+0530] {processor.py:914} INFO - Processing file /home/prakhar/Desktop/Bootcamp/Python/Airflow-Project/airflowvenv/lib/python3.12/site-packages/airflow/example_dags/example_branch_operator_decorator.py for tasks to queue
[2025-04-18T10:29:15.636+0530] {logging_mixin.py:190} INFO - [2025-04-18T10:29:15.635+0530] {dagbag.py:588} INFO - Filling up the DagBag from /home/prakhar/Desktop/Bootcamp/Python/Airflow-Project/airflowvenv/lib/python3.12/site-packages/airflow/example_dags/example_branch_operator_decorator.py
[2025-04-18T10:29:15.643+0530] {processor.py:927} WARNING - No viable dags retrieved from /home/prakhar/Desktop/Bootcamp/Python/Airflow-Project/airflowvenv/lib/python3.12/site-packages/airflow/example_dags/example_branch_operator_decorator.py
[2025-04-18T10:29:15.654+0530] {processor.py:208} INFO - Processing /home/prakhar/Desktop/Bootcamp/Python/Airflow-Project/airflowvenv/lib/python3.12/site-packages/airflow/example_dags/example_branch_operator_decorator.py took 0.054 seconds
[2025-04-18T10:30:33.882+0530] {processor.py:186} INFO - Started process (PID=24921) to work on /home/prakhar/Desktop/Bootcamp/Python/Airflow-Project/airflowvenv/lib/python3.12/site-packages/airflow/example_dags/example_branch_operator_decorator.py
[2025-04-18T10:30:33.920+0530] {processor.py:914} INFO - Processing file /home/prakhar/Desktop/Bootcamp/Python/Airflow-Project/airflowvenv/lib/python3.12/site-packages/airflow/example_dags/example_branch_operator_decorator.py for tasks to queue
[2025-04-18T10:30:33.924+0530] {logging_mixin.py:190} INFO - [2025-04-18T10:30:33.924+0530] {dagbag.py:588} INFO - Filling up the DagBag from /home/prakhar/Desktop/Bootcamp/Python/Airflow-Project/airflowvenv/lib/python3.12/site-packages/airflow/example_dags/example_branch_operator_decorator.py
[2025-04-18T10:30:33.930+0530] {processor.py:927} WARNING - No viable dags retrieved from /home/prakhar/Desktop/Bootcamp/Python/Airflow-Project/airflowvenv/lib/python3.12/site-packages/airflow/example_dags/example_branch_operator_decorator.py
[2025-04-18T10:30:33.941+0530] {processor.py:208} INFO - Processing /home/prakhar/Desktop/Bootcamp/Python/Airflow-Project/airflowvenv/lib/python3.12/site-packages/airflow/example_dags/example_branch_operator_decorator.py took 0.065 seconds
