[2025-04-18T10:17:46.445+0530] {processor.py:186} INFO - Started process (PID=18787) to work on /home/prakhar/Desktop/Bootcamp/Python/Airflow-Project/airflowvenv/lib/python3.12/site-packages/airflow/example_dags/example_latest_only_with_trigger.py
[2025-04-18T10:17:46.445+0530] {processor.py:914} INFO - Processing file /home/prakhar/Desktop/Bootcamp/Python/Airflow-Project/airflowvenv/lib/python3.12/site-packages/airflow/example_dags/example_latest_only_with_trigger.py for tasks to queue
[2025-04-18T10:17:46.446+0530] {logging_mixin.py:190} INFO - [2025-04-18T10:17:46.446+0530] {dagbag.py:588} INFO - Filling up the DagBag from /home/prakhar/Desktop/Bootcamp/Python/Airflow-Project/airflowvenv/lib/python3.12/site-packages/airflow/example_dags/example_latest_only_with_trigger.py
[2025-04-18T10:17:46.453+0530] {processor.py:925} INFO - DAG(s) 'latest_only_with_trigger' retrieved from /home/prakhar/Desktop/Bootcamp/Python/Airflow-Project/airflowvenv/lib/python3.12/site-packages/airflow/example_dags/example_latest_only_with_trigger.py
[2025-04-18T10:17:46.465+0530] {logging_mixin.py:190} INFO - [2025-04-18T10:17:46.465+0530] {dag.py:3239} INFO - Sync 1 DAGs
[2025-04-18T10:17:46.479+0530] {logging_mixin.py:190} INFO - [2025-04-18T10:17:46.479+0530] {dag.py:4180} INFO - Setting next_dagrun for latest_only_with_trigger to 2025-04-18 00:00:00+00:00, run_after=2025-04-18 04:00:00+00:00
[2025-04-18T10:17:46.573+0530] {processor.py:208} INFO - Processing /home/prakhar/Desktop/Bootcamp/Python/Airflow-Project/airflowvenv/lib/python3.12/site-packages/airflow/example_dags/example_latest_only_with_trigger.py took 0.132 seconds
[2025-04-18T10:19:04.884+0530] {processor.py:186} INFO - Started process (PID=19765) to work on /home/prakhar/Desktop/Bootcamp/Python/Airflow-Project/airflowvenv/lib/python3.12/site-packages/airflow/example_dags/example_latest_only_with_trigger.py
[2025-04-18T10:19:04.885+0530] {processor.py:914} INFO - Processing file /home/prakhar/Desktop/Bootcamp/Python/Airflow-Project/airflowvenv/lib/python3.12/site-packages/airflow/example_dags/example_latest_only_with_trigger.py for tasks to queue
[2025-04-18T10:19:04.886+0530] {logging_mixin.py:190} INFO - [2025-04-18T10:19:04.886+0530] {dagbag.py:588} INFO - Filling up the DagBag from /home/prakhar/Desktop/Bootcamp/Python/Airflow-Project/airflowvenv/lib/python3.12/site-packages/airflow/example_dags/example_latest_only_with_trigger.py
[2025-04-18T10:19:04.891+0530] {processor.py:925} INFO - DAG(s) 'latest_only_with_trigger' retrieved from /home/prakhar/Desktop/Bootcamp/Python/Airflow-Project/airflowvenv/lib/python3.12/site-packages/airflow/example_dags/example_latest_only_with_trigger.py
[2025-04-18T10:19:04.900+0530] {logging_mixin.py:190} INFO - [2025-04-18T10:19:04.900+0530] {dag.py:3239} INFO - Sync 1 DAGs
[2025-04-18T10:19:04.911+0530] {logging_mixin.py:190} INFO - [2025-04-18T10:19:04.911+0530] {dag.py:4180} INFO - Setting next_dagrun for latest_only_with_trigger to 2025-04-18 00:00:00+00:00, run_after=2025-04-18 04:00:00+00:00
[2025-04-18T10:19:05.051+0530] {processor.py:208} INFO - Processing /home/prakhar/Desktop/Bootcamp/Python/Airflow-Project/airflowvenv/lib/python3.12/site-packages/airflow/example_dags/example_latest_only_with_trigger.py took 0.172 seconds
[2025-04-18T10:20:25.867+0530] {processor.py:186} INFO - Started process (PID=20643) to work on /home/prakhar/Desktop/Bootcamp/Python/Airflow-Project/airflowvenv/lib/python3.12/site-packages/airflow/example_dags/example_latest_only_with_trigger.py
[2025-04-18T10:20:25.936+0530] {processor.py:914} INFO - Processing file /home/prakhar/Desktop/Bootcamp/Python/Airflow-Project/airflowvenv/lib/python3.12/site-packages/airflow/example_dags/example_latest_only_with_trigger.py for tasks to queue
[2025-04-18T10:20:25.937+0530] {logging_mixin.py:190} INFO - [2025-04-18T10:20:25.937+0530] {dagbag.py:588} INFO - Filling up the DagBag from /home/prakhar/Desktop/Bootcamp/Python/Airflow-Project/airflowvenv/lib/python3.12/site-packages/airflow/example_dags/example_latest_only_with_trigger.py
[2025-04-18T10:20:25.944+0530] {processor.py:925} INFO - DAG(s) 'latest_only_with_trigger' retrieved from /home/prakhar/Desktop/Bootcamp/Python/Airflow-Project/airflowvenv/lib/python3.12/site-packages/airflow/example_dags/example_latest_only_with_trigger.py
[2025-04-18T10:20:25.955+0530] {logging_mixin.py:190} INFO - [2025-04-18T10:20:25.955+0530] {dag.py:3239} INFO - Sync 1 DAGs
[2025-04-18T10:20:25.967+0530] {logging_mixin.py:190} INFO - [2025-04-18T10:20:25.967+0530] {dag.py:4180} INFO - Setting next_dagrun for latest_only_with_trigger to 2025-04-18 00:00:00+00:00, run_after=2025-04-18 04:00:00+00:00
[2025-04-18T10:20:26.061+0530] {processor.py:208} INFO - Processing /home/prakhar/Desktop/Bootcamp/Python/Airflow-Project/airflowvenv/lib/python3.12/site-packages/airflow/example_dags/example_latest_only_with_trigger.py took 0.198 seconds
[2025-04-18T10:21:58.370+0530] {processor.py:186} INFO - Started process (PID=21939) to work on /home/prakhar/Desktop/Bootcamp/Python/Airflow-Project/airflowvenv/lib/python3.12/site-packages/airflow/example_dags/example_latest_only_with_trigger.py
[2025-04-18T10:21:58.371+0530] {processor.py:914} INFO - Processing file /home/prakhar/Desktop/Bootcamp/Python/Airflow-Project/airflowvenv/lib/python3.12/site-packages/airflow/example_dags/example_latest_only_with_trigger.py for tasks to queue
[2025-04-18T10:21:58.372+0530] {logging_mixin.py:190} INFO - [2025-04-18T10:21:58.372+0530] {dagbag.py:588} INFO - Filling up the DagBag from /home/prakhar/Desktop/Bootcamp/Python/Airflow-Project/airflowvenv/lib/python3.12/site-packages/airflow/example_dags/example_latest_only_with_trigger.py
[2025-04-18T10:21:58.377+0530] {processor.py:925} INFO - DAG(s) 'latest_only_with_trigger' retrieved from /home/prakhar/Desktop/Bootcamp/Python/Airflow-Project/airflowvenv/lib/python3.12/site-packages/airflow/example_dags/example_latest_only_with_trigger.py
[2025-04-18T10:21:58.385+0530] {logging_mixin.py:190} INFO - [2025-04-18T10:21:58.385+0530] {dag.py:3239} INFO - Sync 1 DAGs
[2025-04-18T10:21:58.396+0530] {logging_mixin.py:190} INFO - [2025-04-18T10:21:58.396+0530] {dag.py:4180} INFO - Setting next_dagrun for latest_only_with_trigger to 2025-04-18 00:00:00+00:00, run_after=2025-04-18 04:00:00+00:00
[2025-04-18T10:21:58.502+0530] {processor.py:208} INFO - Processing /home/prakhar/Desktop/Bootcamp/Python/Airflow-Project/airflowvenv/lib/python3.12/site-packages/airflow/example_dags/example_latest_only_with_trigger.py took 0.135 seconds
[2025-04-18T10:23:41.837+0530] {processor.py:186} INFO - Started process (PID=22986) to work on /home/prakhar/Desktop/Bootcamp/Python/Airflow-Project/airflowvenv/lib/python3.12/site-packages/airflow/example_dags/example_latest_only_with_trigger.py
[2025-04-18T10:23:41.860+0530] {processor.py:914} INFO - Processing file /home/prakhar/Desktop/Bootcamp/Python/Airflow-Project/airflowvenv/lib/python3.12/site-packages/airflow/example_dags/example_latest_only_with_trigger.py for tasks to queue
[2025-04-18T10:23:41.864+0530] {logging_mixin.py:190} INFO - [2025-04-18T10:23:41.863+0530] {dagbag.py:588} INFO - Filling up the DagBag from /home/prakhar/Desktop/Bootcamp/Python/Airflow-Project/airflowvenv/lib/python3.12/site-packages/airflow/example_dags/example_latest_only_with_trigger.py
[2025-04-18T10:23:41.875+0530] {processor.py:925} INFO - DAG(s) 'latest_only_with_trigger' retrieved from /home/prakhar/Desktop/Bootcamp/Python/Airflow-Project/airflowvenv/lib/python3.12/site-packages/airflow/example_dags/example_latest_only_with_trigger.py
[2025-04-18T10:23:41.949+0530] {logging_mixin.py:190} INFO - [2025-04-18T10:23:41.949+0530] {dag.py:3239} INFO - Sync 1 DAGs
[2025-04-18T10:23:41.960+0530] {logging_mixin.py:190} INFO - [2025-04-18T10:23:41.960+0530] {dag.py:4180} INFO - Setting next_dagrun for latest_only_with_trigger to 2025-04-18 00:00:00+00:00, run_after=2025-04-18 04:00:00+00:00
[2025-04-18T10:23:42.040+0530] {processor.py:208} INFO - Processing /home/prakhar/Desktop/Bootcamp/Python/Airflow-Project/airflowvenv/lib/python3.12/site-packages/airflow/example_dags/example_latest_only_with_trigger.py took 0.206 seconds
[2025-04-18T10:25:00.551+0530] {processor.py:186} INFO - Started process (PID=23485) to work on /home/prakhar/Desktop/Bootcamp/Python/Airflow-Project/airflowvenv/lib/python3.12/site-packages/airflow/example_dags/example_latest_only_with_trigger.py
[2025-04-18T10:25:00.583+0530] {processor.py:914} INFO - Processing file /home/prakhar/Desktop/Bootcamp/Python/Airflow-Project/airflowvenv/lib/python3.12/site-packages/airflow/example_dags/example_latest_only_with_trigger.py for tasks to queue
[2025-04-18T10:25:00.584+0530] {logging_mixin.py:190} INFO - [2025-04-18T10:25:00.584+0530] {dagbag.py:588} INFO - Filling up the DagBag from /home/prakhar/Desktop/Bootcamp/Python/Airflow-Project/airflowvenv/lib/python3.12/site-packages/airflow/example_dags/example_latest_only_with_trigger.py
[2025-04-18T10:25:00.590+0530] {processor.py:925} INFO - DAG(s) 'latest_only_with_trigger' retrieved from /home/prakhar/Desktop/Bootcamp/Python/Airflow-Project/airflowvenv/lib/python3.12/site-packages/airflow/example_dags/example_latest_only_with_trigger.py
[2025-04-18T10:25:00.600+0530] {logging_mixin.py:190} INFO - [2025-04-18T10:25:00.600+0530] {dag.py:3239} INFO - Sync 1 DAGs
[2025-04-18T10:25:00.611+0530] {logging_mixin.py:190} INFO - [2025-04-18T10:25:00.611+0530] {dag.py:4180} INFO - Setting next_dagrun for latest_only_with_trigger to 2025-04-18 00:00:00+00:00, run_after=2025-04-18 04:00:00+00:00
[2025-04-18T10:25:00.734+0530] {processor.py:208} INFO - Processing /home/prakhar/Desktop/Bootcamp/Python/Airflow-Project/airflowvenv/lib/python3.12/site-packages/airflow/example_dags/example_latest_only_with_trigger.py took 0.188 seconds
[2025-04-18T10:26:16.125+0530] {processor.py:186} INFO - Started process (PID=23889) to work on /home/prakhar/Desktop/Bootcamp/Python/Airflow-Project/airflowvenv/lib/python3.12/site-packages/airflow/example_dags/example_latest_only_with_trigger.py
[2025-04-18T10:26:16.126+0530] {processor.py:914} INFO - Processing file /home/prakhar/Desktop/Bootcamp/Python/Airflow-Project/airflowvenv/lib/python3.12/site-packages/airflow/example_dags/example_latest_only_with_trigger.py for tasks to queue
[2025-04-18T10:26:16.127+0530] {logging_mixin.py:190} INFO - [2025-04-18T10:26:16.127+0530] {dagbag.py:588} INFO - Filling up the DagBag from /home/prakhar/Desktop/Bootcamp/Python/Airflow-Project/airflowvenv/lib/python3.12/site-packages/airflow/example_dags/example_latest_only_with_trigger.py
[2025-04-18T10:26:16.133+0530] {processor.py:925} INFO - DAG(s) 'latest_only_with_trigger' retrieved from /home/prakhar/Desktop/Bootcamp/Python/Airflow-Project/airflowvenv/lib/python3.12/site-packages/airflow/example_dags/example_latest_only_with_trigger.py
[2025-04-18T10:26:16.142+0530] {logging_mixin.py:190} INFO - [2025-04-18T10:26:16.142+0530] {dag.py:3239} INFO - Sync 1 DAGs
[2025-04-18T10:26:16.154+0530] {logging_mixin.py:190} INFO - [2025-04-18T10:26:16.154+0530] {dag.py:4180} INFO - Setting next_dagrun for latest_only_with_trigger to 2025-04-18 00:00:00+00:00, run_after=2025-04-18 04:00:00+00:00
[2025-04-18T10:26:16.248+0530] {processor.py:208} INFO - Processing /home/prakhar/Desktop/Bootcamp/Python/Airflow-Project/airflowvenv/lib/python3.12/site-packages/airflow/example_dags/example_latest_only_with_trigger.py took 0.129 seconds
[2025-04-18T10:27:40.261+0530] {processor.py:186} INFO - Started process (PID=24171) to work on /home/prakhar/Desktop/Bootcamp/Python/Airflow-Project/airflowvenv/lib/python3.12/site-packages/airflow/example_dags/example_latest_only_with_trigger.py
[2025-04-18T10:27:40.295+0530] {processor.py:914} INFO - Processing file /home/prakhar/Desktop/Bootcamp/Python/Airflow-Project/airflowvenv/lib/python3.12/site-packages/airflow/example_dags/example_latest_only_with_trigger.py for tasks to queue
[2025-04-18T10:27:40.297+0530] {logging_mixin.py:190} INFO - [2025-04-18T10:27:40.297+0530] {dagbag.py:588} INFO - Filling up the DagBag from /home/prakhar/Desktop/Bootcamp/Python/Airflow-Project/airflowvenv/lib/python3.12/site-packages/airflow/example_dags/example_latest_only_with_trigger.py
[2025-04-18T10:27:40.305+0530] {processor.py:925} INFO - DAG(s) 'latest_only_with_trigger' retrieved from /home/prakhar/Desktop/Bootcamp/Python/Airflow-Project/airflowvenv/lib/python3.12/site-packages/airflow/example_dags/example_latest_only_with_trigger.py
[2025-04-18T10:27:40.316+0530] {logging_mixin.py:190} INFO - [2025-04-18T10:27:40.316+0530] {dag.py:3239} INFO - Sync 1 DAGs
[2025-04-18T10:27:40.328+0530] {logging_mixin.py:190} INFO - [2025-04-18T10:27:40.328+0530] {dag.py:4180} INFO - Setting next_dagrun for latest_only_with_trigger to 2025-04-18 00:00:00+00:00, run_after=2025-04-18 04:00:00+00:00
[2025-04-18T10:27:40.395+0530] {processor.py:208} INFO - Processing /home/prakhar/Desktop/Bootcamp/Python/Airflow-Project/airflowvenv/lib/python3.12/site-packages/airflow/example_dags/example_latest_only_with_trigger.py took 0.139 seconds
[2025-04-18T10:28:58.268+0530] {processor.py:186} INFO - Started process (PID=24428) to work on /home/prakhar/Desktop/Bootcamp/Python/Airflow-Project/airflowvenv/lib/python3.12/site-packages/airflow/example_dags/example_latest_only_with_trigger.py
[2025-04-18T10:28:58.303+0530] {processor.py:914} INFO - Processing file /home/prakhar/Desktop/Bootcamp/Python/Airflow-Project/airflowvenv/lib/python3.12/site-packages/airflow/example_dags/example_latest_only_with_trigger.py for tasks to queue
[2025-04-18T10:28:58.307+0530] {logging_mixin.py:190} INFO - [2025-04-18T10:28:58.306+0530] {dagbag.py:588} INFO - Filling up the DagBag from /home/prakhar/Desktop/Bootcamp/Python/Airflow-Project/airflowvenv/lib/python3.12/site-packages/airflow/example_dags/example_latest_only_with_trigger.py
[2025-04-18T10:28:58.321+0530] {processor.py:925} INFO - DAG(s) 'latest_only_with_trigger' retrieved from /home/prakhar/Desktop/Bootcamp/Python/Airflow-Project/airflowvenv/lib/python3.12/site-packages/airflow/example_dags/example_latest_only_with_trigger.py
[2025-04-18T10:28:58.331+0530] {logging_mixin.py:190} INFO - [2025-04-18T10:28:58.331+0530] {dag.py:3239} INFO - Sync 1 DAGs
[2025-04-18T10:28:58.342+0530] {logging_mixin.py:190} INFO - [2025-04-18T10:28:58.342+0530] {dag.py:4180} INFO - Setting next_dagrun for latest_only_with_trigger to 2025-04-18 00:00:00+00:00, run_after=2025-04-18 04:00:00+00:00
[2025-04-18T10:28:58.418+0530] {processor.py:208} INFO - Processing /home/prakhar/Desktop/Bootcamp/Python/Airflow-Project/airflowvenv/lib/python3.12/site-packages/airflow/example_dags/example_latest_only_with_trigger.py took 0.155 seconds
[2025-04-18T10:30:16.796+0530] {processor.py:186} INFO - Started process (PID=24834) to work on /home/prakhar/Desktop/Bootcamp/Python/Airflow-Project/airflowvenv/lib/python3.12/site-packages/airflow/example_dags/example_latest_only_with_trigger.py
[2025-04-18T10:30:16.797+0530] {processor.py:914} INFO - Processing file /home/prakhar/Desktop/Bootcamp/Python/Airflow-Project/airflowvenv/lib/python3.12/site-packages/airflow/example_dags/example_latest_only_with_trigger.py for tasks to queue
[2025-04-18T10:30:16.798+0530] {logging_mixin.py:190} INFO - [2025-04-18T10:30:16.798+0530] {dagbag.py:588} INFO - Filling up the DagBag from /home/prakhar/Desktop/Bootcamp/Python/Airflow-Project/airflowvenv/lib/python3.12/site-packages/airflow/example_dags/example_latest_only_with_trigger.py
[2025-04-18T10:30:16.803+0530] {processor.py:925} INFO - DAG(s) 'latest_only_with_trigger' retrieved from /home/prakhar/Desktop/Bootcamp/Python/Airflow-Project/airflowvenv/lib/python3.12/site-packages/airflow/example_dags/example_latest_only_with_trigger.py
[2025-04-18T10:30:16.811+0530] {logging_mixin.py:190} INFO - [2025-04-18T10:30:16.811+0530] {dag.py:3239} INFO - Sync 1 DAGs
[2025-04-18T10:30:16.822+0530] {logging_mixin.py:190} INFO - [2025-04-18T10:30:16.822+0530] {dag.py:4180} INFO - Setting next_dagrun for latest_only_with_trigger to 2025-04-18 00:00:00+00:00, run_after=2025-04-18 04:00:00+00:00
[2025-04-18T10:30:16.896+0530] {processor.py:208} INFO - Processing /home/prakhar/Desktop/Bootcamp/Python/Airflow-Project/airflowvenv/lib/python3.12/site-packages/airflow/example_dags/example_latest_only_with_trigger.py took 0.103 seconds
