[2025-04-18T10:17:16.902+0530] {processor.py:186} INFO - Started process (PID=18558) to work on /home/prakhar/Desktop/Bootcamp/Python/Airflow-Project/airflowvenv/lib/python3.12/site-packages/airflow/example_dags/example_subdag_operator.py
[2025-04-18T10:17:16.902+0530] {processor.py:914} INFO - Processing file /home/prakhar/Desktop/Bootcamp/Python/Airflow-Project/airflowvenv/lib/python3.12/site-packages/airflow/example_dags/example_subdag_operator.py for tasks to queue
[2025-04-18T10:17:16.905+0530] {logging_mixin.py:190} INFO - [2025-04-18T10:17:16.905+0530] {dagbag.py:588} INFO - Filling up the DagBag from /home/prakhar/Desktop/Bootcamp/Python/Airflow-Project/airflowvenv/lib/python3.12/site-packages/airflow/example_dags/example_subdag_operator.py
[2025-04-18T10:17:16.924+0530] {processor.py:925} INFO - DAG(s) 'example_subdag_operator.section-1', 'example_subdag_operator.section-2', 'example_subdag_operator' retrieved from /home/prakhar/Desktop/Bootcamp/Python/Airflow-Project/airflowvenv/lib/python3.12/site-packages/airflow/example_dags/example_subdag_operator.py
[2025-04-18T10:17:16.944+0530] {logging_mixin.py:190} INFO - [2025-04-18T10:17:16.944+0530] {dag.py:3239} INFO - Sync 3 DAGs
[2025-04-18T10:17:16.955+0530] {logging_mixin.py:190} INFO - [2025-04-18T10:17:16.955+0530] {dag.py:4180} INFO - Setting next_dagrun for example_subdag_operator to 2022-01-01 00:00:00+00:00, run_after=2022-01-01 00:00:00+00:00
[2025-04-18T10:17:16.957+0530] {logging_mixin.py:190} INFO - [2025-04-18T10:17:16.957+0530] {dag.py:4180} INFO - Setting next_dagrun for example_subdag_operator.section-1 to None, run_after=None
[2025-04-18T10:17:16.957+0530] {logging_mixin.py:190} INFO - [2025-04-18T10:17:16.957+0530] {dag.py:4180} INFO - Setting next_dagrun for example_subdag_operator.section-2 to None, run_after=None
[2025-04-18T10:17:16.960+0530] {logging_mixin.py:190} INFO - [2025-04-18T10:17:16.960+0530] {dag.py:3239} INFO - Sync 2 DAGs
[2025-04-18T10:17:16.962+0530] {logging_mixin.py:190} INFO - [2025-04-18T10:17:16.962+0530] {dag.py:4180} INFO - Setting next_dagrun for example_subdag_operator.section-1 to None, run_after=None
[2025-04-18T10:17:16.962+0530] {logging_mixin.py:190} INFO - [2025-04-18T10:17:16.962+0530] {dag.py:4180} INFO - Setting next_dagrun for example_subdag_operator.section-2 to None, run_after=None
[2025-04-18T10:17:17.079+0530] {processor.py:208} INFO - Processing /home/prakhar/Desktop/Bootcamp/Python/Airflow-Project/airflowvenv/lib/python3.12/site-packages/airflow/example_dags/example_subdag_operator.py took 0.181 seconds
[2025-04-18T10:18:27.962+0530] {processor.py:186} INFO - Started process (PID=19370) to work on /home/prakhar/Desktop/Bootcamp/Python/Airflow-Project/airflowvenv/lib/python3.12/site-packages/airflow/example_dags/example_subdag_operator.py
[2025-04-18T10:18:27.963+0530] {processor.py:914} INFO - Processing file /home/prakhar/Desktop/Bootcamp/Python/Airflow-Project/airflowvenv/lib/python3.12/site-packages/airflow/example_dags/example_subdag_operator.py for tasks to queue
[2025-04-18T10:18:27.964+0530] {logging_mixin.py:190} INFO - [2025-04-18T10:18:27.963+0530] {dagbag.py:588} INFO - Filling up the DagBag from /home/prakhar/Desktop/Bootcamp/Python/Airflow-Project/airflowvenv/lib/python3.12/site-packages/airflow/example_dags/example_subdag_operator.py
[2025-04-18T10:18:27.987+0530] {processor.py:925} INFO - DAG(s) 'example_subdag_operator.section-1', 'example_subdag_operator.section-2', 'example_subdag_operator' retrieved from /home/prakhar/Desktop/Bootcamp/Python/Airflow-Project/airflowvenv/lib/python3.12/site-packages/airflow/example_dags/example_subdag_operator.py
[2025-04-18T10:18:28.004+0530] {logging_mixin.py:190} INFO - [2025-04-18T10:18:28.004+0530] {dag.py:3239} INFO - Sync 3 DAGs
[2025-04-18T10:18:28.017+0530] {logging_mixin.py:190} INFO - [2025-04-18T10:18:28.017+0530] {dag.py:4180} INFO - Setting next_dagrun for example_subdag_operator to 2022-01-01 00:00:00+00:00, run_after=2022-01-01 00:00:00+00:00
[2025-04-18T10:18:28.019+0530] {logging_mixin.py:190} INFO - [2025-04-18T10:18:28.019+0530] {dag.py:4180} INFO - Setting next_dagrun for example_subdag_operator.section-1 to None, run_after=None
[2025-04-18T10:18:28.020+0530] {logging_mixin.py:190} INFO - [2025-04-18T10:18:28.020+0530] {dag.py:4180} INFO - Setting next_dagrun for example_subdag_operator.section-2 to None, run_after=None
[2025-04-18T10:18:28.024+0530] {logging_mixin.py:190} INFO - [2025-04-18T10:18:28.024+0530] {dag.py:3239} INFO - Sync 2 DAGs
[2025-04-18T10:18:28.027+0530] {logging_mixin.py:190} INFO - [2025-04-18T10:18:28.027+0530] {dag.py:4180} INFO - Setting next_dagrun for example_subdag_operator.section-1 to None, run_after=None
[2025-04-18T10:18:28.027+0530] {logging_mixin.py:190} INFO - [2025-04-18T10:18:28.027+0530] {dag.py:4180} INFO - Setting next_dagrun for example_subdag_operator.section-2 to None, run_after=None
[2025-04-18T10:18:28.104+0530] {processor.py:208} INFO - Processing /home/prakhar/Desktop/Bootcamp/Python/Airflow-Project/airflowvenv/lib/python3.12/site-packages/airflow/example_dags/example_subdag_operator.py took 0.145 seconds
[2025-04-18T10:19:58.522+0530] {processor.py:186} INFO - Started process (PID=20457) to work on /home/prakhar/Desktop/Bootcamp/Python/Airflow-Project/airflowvenv/lib/python3.12/site-packages/airflow/example_dags/example_subdag_operator.py
[2025-04-18T10:19:58.552+0530] {processor.py:914} INFO - Processing file /home/prakhar/Desktop/Bootcamp/Python/Airflow-Project/airflowvenv/lib/python3.12/site-packages/airflow/example_dags/example_subdag_operator.py for tasks to queue
[2025-04-18T10:19:58.561+0530] {logging_mixin.py:190} INFO - [2025-04-18T10:19:58.560+0530] {dagbag.py:588} INFO - Filling up the DagBag from /home/prakhar/Desktop/Bootcamp/Python/Airflow-Project/airflowvenv/lib/python3.12/site-packages/airflow/example_dags/example_subdag_operator.py
[2025-04-18T10:19:58.585+0530] {processor.py:925} INFO - DAG(s) 'example_subdag_operator.section-1', 'example_subdag_operator.section-2', 'example_subdag_operator' retrieved from /home/prakhar/Desktop/Bootcamp/Python/Airflow-Project/airflowvenv/lib/python3.12/site-packages/airflow/example_dags/example_subdag_operator.py
[2025-04-18T10:19:58.604+0530] {logging_mixin.py:190} INFO - [2025-04-18T10:19:58.604+0530] {dag.py:3239} INFO - Sync 3 DAGs
[2025-04-18T10:19:58.614+0530] {logging_mixin.py:190} INFO - [2025-04-18T10:19:58.614+0530] {dag.py:4180} INFO - Setting next_dagrun for example_subdag_operator to 2022-01-01 00:00:00+00:00, run_after=2022-01-01 00:00:00+00:00
[2025-04-18T10:19:58.616+0530] {logging_mixin.py:190} INFO - [2025-04-18T10:19:58.615+0530] {dag.py:4180} INFO - Setting next_dagrun for example_subdag_operator.section-1 to None, run_after=None
[2025-04-18T10:19:58.616+0530] {logging_mixin.py:190} INFO - [2025-04-18T10:19:58.616+0530] {dag.py:4180} INFO - Setting next_dagrun for example_subdag_operator.section-2 to None, run_after=None
[2025-04-18T10:19:58.619+0530] {logging_mixin.py:190} INFO - [2025-04-18T10:19:58.619+0530] {dag.py:3239} INFO - Sync 2 DAGs
[2025-04-18T10:19:58.621+0530] {logging_mixin.py:190} INFO - [2025-04-18T10:19:58.621+0530] {dag.py:4180} INFO - Setting next_dagrun for example_subdag_operator.section-1 to None, run_after=None
[2025-04-18T10:19:58.621+0530] {logging_mixin.py:190} INFO - [2025-04-18T10:19:58.621+0530] {dag.py:4180} INFO - Setting next_dagrun for example_subdag_operator.section-2 to None, run_after=None
[2025-04-18T10:19:58.699+0530] {processor.py:208} INFO - Processing /home/prakhar/Desktop/Bootcamp/Python/Airflow-Project/airflowvenv/lib/python3.12/site-packages/airflow/example_dags/example_subdag_operator.py took 0.180 seconds
[2025-04-18T10:21:08.043+0530] {processor.py:186} INFO - Started process (PID=21221) to work on /home/prakhar/Desktop/Bootcamp/Python/Airflow-Project/airflowvenv/lib/python3.12/site-packages/airflow/example_dags/example_subdag_operator.py
[2025-04-18T10:21:08.043+0530] {processor.py:914} INFO - Processing file /home/prakhar/Desktop/Bootcamp/Python/Airflow-Project/airflowvenv/lib/python3.12/site-packages/airflow/example_dags/example_subdag_operator.py for tasks to queue
[2025-04-18T10:21:08.045+0530] {logging_mixin.py:190} INFO - [2025-04-18T10:21:08.044+0530] {dagbag.py:588} INFO - Filling up the DagBag from /home/prakhar/Desktop/Bootcamp/Python/Airflow-Project/airflowvenv/lib/python3.12/site-packages/airflow/example_dags/example_subdag_operator.py
[2025-04-18T10:21:08.071+0530] {processor.py:925} INFO - DAG(s) 'example_subdag_operator.section-1', 'example_subdag_operator.section-2', 'example_subdag_operator' retrieved from /home/prakhar/Desktop/Bootcamp/Python/Airflow-Project/airflowvenv/lib/python3.12/site-packages/airflow/example_dags/example_subdag_operator.py
[2025-04-18T10:21:08.090+0530] {logging_mixin.py:190} INFO - [2025-04-18T10:21:08.089+0530] {dag.py:3239} INFO - Sync 3 DAGs
[2025-04-18T10:21:08.103+0530] {logging_mixin.py:190} INFO - [2025-04-18T10:21:08.103+0530] {dag.py:4180} INFO - Setting next_dagrun for example_subdag_operator to 2022-01-01 00:00:00+00:00, run_after=2022-01-01 00:00:00+00:00
[2025-04-18T10:21:08.105+0530] {logging_mixin.py:190} INFO - [2025-04-18T10:21:08.105+0530] {dag.py:4180} INFO - Setting next_dagrun for example_subdag_operator.section-1 to None, run_after=None
[2025-04-18T10:21:08.106+0530] {logging_mixin.py:190} INFO - [2025-04-18T10:21:08.106+0530] {dag.py:4180} INFO - Setting next_dagrun for example_subdag_operator.section-2 to None, run_after=None
[2025-04-18T10:21:08.109+0530] {logging_mixin.py:190} INFO - [2025-04-18T10:21:08.109+0530] {dag.py:3239} INFO - Sync 2 DAGs
[2025-04-18T10:21:08.112+0530] {logging_mixin.py:190} INFO - [2025-04-18T10:21:08.111+0530] {dag.py:4180} INFO - Setting next_dagrun for example_subdag_operator.section-1 to None, run_after=None
[2025-04-18T10:21:08.112+0530] {logging_mixin.py:190} INFO - [2025-04-18T10:21:08.112+0530] {dag.py:4180} INFO - Setting next_dagrun for example_subdag_operator.section-2 to None, run_after=None
[2025-04-18T10:21:08.325+0530] {processor.py:208} INFO - Processing /home/prakhar/Desktop/Bootcamp/Python/Airflow-Project/airflowvenv/lib/python3.12/site-packages/airflow/example_dags/example_subdag_operator.py took 0.286 seconds
[2025-04-18T10:23:02.083+0530] {processor.py:186} INFO - Started process (PID=22735) to work on /home/prakhar/Desktop/Bootcamp/Python/Airflow-Project/airflowvenv/lib/python3.12/site-packages/airflow/example_dags/example_subdag_operator.py
[2025-04-18T10:23:02.103+0530] {processor.py:914} INFO - Processing file /home/prakhar/Desktop/Bootcamp/Python/Airflow-Project/airflowvenv/lib/python3.12/site-packages/airflow/example_dags/example_subdag_operator.py for tasks to queue
[2025-04-18T10:23:02.106+0530] {logging_mixin.py:190} INFO - [2025-04-18T10:23:02.106+0530] {dagbag.py:588} INFO - Filling up the DagBag from /home/prakhar/Desktop/Bootcamp/Python/Airflow-Project/airflowvenv/lib/python3.12/site-packages/airflow/example_dags/example_subdag_operator.py
[2025-04-18T10:23:02.136+0530] {processor.py:925} INFO - DAG(s) 'example_subdag_operator.section-1', 'example_subdag_operator.section-2', 'example_subdag_operator' retrieved from /home/prakhar/Desktop/Bootcamp/Python/Airflow-Project/airflowvenv/lib/python3.12/site-packages/airflow/example_dags/example_subdag_operator.py
[2025-04-18T10:23:02.150+0530] {logging_mixin.py:190} INFO - [2025-04-18T10:23:02.150+0530] {dag.py:3239} INFO - Sync 3 DAGs
[2025-04-18T10:23:02.161+0530] {logging_mixin.py:190} INFO - [2025-04-18T10:23:02.161+0530] {dag.py:4180} INFO - Setting next_dagrun for example_subdag_operator to 2022-01-01 00:00:00+00:00, run_after=2022-01-01 00:00:00+00:00
[2025-04-18T10:23:02.164+0530] {logging_mixin.py:190} INFO - [2025-04-18T10:23:02.164+0530] {dag.py:4180} INFO - Setting next_dagrun for example_subdag_operator.section-1 to None, run_after=None
[2025-04-18T10:23:02.165+0530] {logging_mixin.py:190} INFO - [2025-04-18T10:23:02.165+0530] {dag.py:4180} INFO - Setting next_dagrun for example_subdag_operator.section-2 to None, run_after=None
[2025-04-18T10:23:02.168+0530] {logging_mixin.py:190} INFO - [2025-04-18T10:23:02.168+0530] {dag.py:3239} INFO - Sync 2 DAGs
[2025-04-18T10:23:02.170+0530] {logging_mixin.py:190} INFO - [2025-04-18T10:23:02.170+0530] {dag.py:4180} INFO - Setting next_dagrun for example_subdag_operator.section-1 to None, run_after=None
[2025-04-18T10:23:02.171+0530] {logging_mixin.py:190} INFO - [2025-04-18T10:23:02.170+0530] {dag.py:4180} INFO - Setting next_dagrun for example_subdag_operator.section-2 to None, run_after=None
[2025-04-18T10:23:02.240+0530] {processor.py:208} INFO - Processing /home/prakhar/Desktop/Bootcamp/Python/Airflow-Project/airflowvenv/lib/python3.12/site-packages/airflow/example_dags/example_subdag_operator.py took 0.162 seconds
[2025-04-18T10:24:19.492+0530] {processor.py:186} INFO - Started process (PID=23250) to work on /home/prakhar/Desktop/Bootcamp/Python/Airflow-Project/airflowvenv/lib/python3.12/site-packages/airflow/example_dags/example_subdag_operator.py
[2025-04-18T10:24:19.493+0530] {processor.py:914} INFO - Processing file /home/prakhar/Desktop/Bootcamp/Python/Airflow-Project/airflowvenv/lib/python3.12/site-packages/airflow/example_dags/example_subdag_operator.py for tasks to queue
[2025-04-18T10:24:19.494+0530] {logging_mixin.py:190} INFO - [2025-04-18T10:24:19.494+0530] {dagbag.py:588} INFO - Filling up the DagBag from /home/prakhar/Desktop/Bootcamp/Python/Airflow-Project/airflowvenv/lib/python3.12/site-packages/airflow/example_dags/example_subdag_operator.py
[2025-04-18T10:24:19.515+0530] {processor.py:925} INFO - DAG(s) 'example_subdag_operator.section-1', 'example_subdag_operator.section-2', 'example_subdag_operator' retrieved from /home/prakhar/Desktop/Bootcamp/Python/Airflow-Project/airflowvenv/lib/python3.12/site-packages/airflow/example_dags/example_subdag_operator.py
[2025-04-18T10:24:19.530+0530] {logging_mixin.py:190} INFO - [2025-04-18T10:24:19.530+0530] {dag.py:3239} INFO - Sync 3 DAGs
[2025-04-18T10:24:19.542+0530] {logging_mixin.py:190} INFO - [2025-04-18T10:24:19.542+0530] {dag.py:4180} INFO - Setting next_dagrun for example_subdag_operator to 2022-01-01 00:00:00+00:00, run_after=2022-01-01 00:00:00+00:00
[2025-04-18T10:24:19.544+0530] {logging_mixin.py:190} INFO - [2025-04-18T10:24:19.544+0530] {dag.py:4180} INFO - Setting next_dagrun for example_subdag_operator.section-1 to None, run_after=None
[2025-04-18T10:24:19.545+0530] {logging_mixin.py:190} INFO - [2025-04-18T10:24:19.544+0530] {dag.py:4180} INFO - Setting next_dagrun for example_subdag_operator.section-2 to None, run_after=None
[2025-04-18T10:24:19.548+0530] {logging_mixin.py:190} INFO - [2025-04-18T10:24:19.548+0530] {dag.py:3239} INFO - Sync 2 DAGs
[2025-04-18T10:24:19.550+0530] {logging_mixin.py:190} INFO - [2025-04-18T10:24:19.550+0530] {dag.py:4180} INFO - Setting next_dagrun for example_subdag_operator.section-1 to None, run_after=None
[2025-04-18T10:24:19.550+0530] {logging_mixin.py:190} INFO - [2025-04-18T10:24:19.550+0530] {dag.py:4180} INFO - Setting next_dagrun for example_subdag_operator.section-2 to None, run_after=None
[2025-04-18T10:24:19.651+0530] {processor.py:208} INFO - Processing /home/prakhar/Desktop/Bootcamp/Python/Airflow-Project/airflowvenv/lib/python3.12/site-packages/airflow/example_dags/example_subdag_operator.py took 0.164 seconds
[2025-04-18T10:25:36.837+0530] {processor.py:186} INFO - Started process (PID=23599) to work on /home/prakhar/Desktop/Bootcamp/Python/Airflow-Project/airflowvenv/lib/python3.12/site-packages/airflow/example_dags/example_subdag_operator.py
[2025-04-18T10:25:36.866+0530] {processor.py:914} INFO - Processing file /home/prakhar/Desktop/Bootcamp/Python/Airflow-Project/airflowvenv/lib/python3.12/site-packages/airflow/example_dags/example_subdag_operator.py for tasks to queue
[2025-04-18T10:25:36.867+0530] {logging_mixin.py:190} INFO - [2025-04-18T10:25:36.867+0530] {dagbag.py:588} INFO - Filling up the DagBag from /home/prakhar/Desktop/Bootcamp/Python/Airflow-Project/airflowvenv/lib/python3.12/site-packages/airflow/example_dags/example_subdag_operator.py
[2025-04-18T10:25:36.888+0530] {processor.py:925} INFO - DAG(s) 'example_subdag_operator.section-1', 'example_subdag_operator.section-2', 'example_subdag_operator' retrieved from /home/prakhar/Desktop/Bootcamp/Python/Airflow-Project/airflowvenv/lib/python3.12/site-packages/airflow/example_dags/example_subdag_operator.py
[2025-04-18T10:25:36.902+0530] {logging_mixin.py:190} INFO - [2025-04-18T10:25:36.902+0530] {dag.py:3239} INFO - Sync 3 DAGs
[2025-04-18T10:25:36.914+0530] {logging_mixin.py:190} INFO - [2025-04-18T10:25:36.914+0530] {dag.py:4180} INFO - Setting next_dagrun for example_subdag_operator to 2022-01-01 00:00:00+00:00, run_after=2022-01-01 00:00:00+00:00
[2025-04-18T10:25:36.916+0530] {logging_mixin.py:190} INFO - [2025-04-18T10:25:36.915+0530] {dag.py:4180} INFO - Setting next_dagrun for example_subdag_operator.section-1 to None, run_after=None
[2025-04-18T10:25:36.916+0530] {logging_mixin.py:190} INFO - [2025-04-18T10:25:36.916+0530] {dag.py:4180} INFO - Setting next_dagrun for example_subdag_operator.section-2 to None, run_after=None
[2025-04-18T10:25:36.920+0530] {logging_mixin.py:190} INFO - [2025-04-18T10:25:36.920+0530] {dag.py:3239} INFO - Sync 2 DAGs
[2025-04-18T10:25:36.924+0530] {logging_mixin.py:190} INFO - [2025-04-18T10:25:36.923+0530] {dag.py:4180} INFO - Setting next_dagrun for example_subdag_operator.section-1 to None, run_after=None
[2025-04-18T10:25:36.924+0530] {logging_mixin.py:190} INFO - [2025-04-18T10:25:36.924+0530] {dag.py:4180} INFO - Setting next_dagrun for example_subdag_operator.section-2 to None, run_after=None
[2025-04-18T10:25:36.994+0530] {processor.py:208} INFO - Processing /home/prakhar/Desktop/Bootcamp/Python/Airflow-Project/airflowvenv/lib/python3.12/site-packages/airflow/example_dags/example_subdag_operator.py took 0.161 seconds
[2025-04-18T10:26:57.102+0530] {processor.py:186} INFO - Started process (PID=24022) to work on /home/prakhar/Desktop/Bootcamp/Python/Airflow-Project/airflowvenv/lib/python3.12/site-packages/airflow/example_dags/example_subdag_operator.py
[2025-04-18T10:26:57.112+0530] {processor.py:914} INFO - Processing file /home/prakhar/Desktop/Bootcamp/Python/Airflow-Project/airflowvenv/lib/python3.12/site-packages/airflow/example_dags/example_subdag_operator.py for tasks to queue
[2025-04-18T10:26:57.113+0530] {logging_mixin.py:190} INFO - [2025-04-18T10:26:57.113+0530] {dagbag.py:588} INFO - Filling up the DagBag from /home/prakhar/Desktop/Bootcamp/Python/Airflow-Project/airflowvenv/lib/python3.12/site-packages/airflow/example_dags/example_subdag_operator.py
[2025-04-18T10:26:57.134+0530] {processor.py:925} INFO - DAG(s) 'example_subdag_operator.section-1', 'example_subdag_operator.section-2', 'example_subdag_operator' retrieved from /home/prakhar/Desktop/Bootcamp/Python/Airflow-Project/airflowvenv/lib/python3.12/site-packages/airflow/example_dags/example_subdag_operator.py
[2025-04-18T10:26:57.150+0530] {logging_mixin.py:190} INFO - [2025-04-18T10:26:57.150+0530] {dag.py:3239} INFO - Sync 3 DAGs
[2025-04-18T10:26:57.164+0530] {logging_mixin.py:190} INFO - [2025-04-18T10:26:57.164+0530] {dag.py:4180} INFO - Setting next_dagrun for example_subdag_operator to 2022-01-01 00:00:00+00:00, run_after=2022-01-01 00:00:00+00:00
[2025-04-18T10:26:57.166+0530] {logging_mixin.py:190} INFO - [2025-04-18T10:26:57.165+0530] {dag.py:4180} INFO - Setting next_dagrun for example_subdag_operator.section-1 to None, run_after=None
[2025-04-18T10:26:57.166+0530] {logging_mixin.py:190} INFO - [2025-04-18T10:26:57.166+0530] {dag.py:4180} INFO - Setting next_dagrun for example_subdag_operator.section-2 to None, run_after=None
[2025-04-18T10:26:57.170+0530] {logging_mixin.py:190} INFO - [2025-04-18T10:26:57.170+0530] {dag.py:3239} INFO - Sync 2 DAGs
[2025-04-18T10:26:57.172+0530] {logging_mixin.py:190} INFO - [2025-04-18T10:26:57.172+0530] {dag.py:4180} INFO - Setting next_dagrun for example_subdag_operator.section-1 to None, run_after=None
[2025-04-18T10:26:57.172+0530] {logging_mixin.py:190} INFO - [2025-04-18T10:26:57.172+0530] {dag.py:4180} INFO - Setting next_dagrun for example_subdag_operator.section-2 to None, run_after=None
[2025-04-18T10:26:57.241+0530] {processor.py:208} INFO - Processing /home/prakhar/Desktop/Bootcamp/Python/Airflow-Project/airflowvenv/lib/python3.12/site-packages/airflow/example_dags/example_subdag_operator.py took 0.144 seconds
[2025-04-18T10:28:16.440+0530] {processor.py:186} INFO - Started process (PID=24242) to work on /home/prakhar/Desktop/Bootcamp/Python/Airflow-Project/airflowvenv/lib/python3.12/site-packages/airflow/example_dags/example_subdag_operator.py
[2025-04-18T10:28:16.447+0530] {processor.py:914} INFO - Processing file /home/prakhar/Desktop/Bootcamp/Python/Airflow-Project/airflowvenv/lib/python3.12/site-packages/airflow/example_dags/example_subdag_operator.py for tasks to queue
[2025-04-18T10:28:16.449+0530] {logging_mixin.py:190} INFO - [2025-04-18T10:28:16.448+0530] {dagbag.py:588} INFO - Filling up the DagBag from /home/prakhar/Desktop/Bootcamp/Python/Airflow-Project/airflowvenv/lib/python3.12/site-packages/airflow/example_dags/example_subdag_operator.py
[2025-04-18T10:28:16.473+0530] {processor.py:925} INFO - DAG(s) 'example_subdag_operator.section-1', 'example_subdag_operator.section-2', 'example_subdag_operator' retrieved from /home/prakhar/Desktop/Bootcamp/Python/Airflow-Project/airflowvenv/lib/python3.12/site-packages/airflow/example_dags/example_subdag_operator.py
[2025-04-18T10:28:16.487+0530] {logging_mixin.py:190} INFO - [2025-04-18T10:28:16.486+0530] {dag.py:3239} INFO - Sync 3 DAGs
[2025-04-18T10:28:16.496+0530] {logging_mixin.py:190} INFO - [2025-04-18T10:28:16.496+0530] {dag.py:4180} INFO - Setting next_dagrun for example_subdag_operator to 2022-01-01 00:00:00+00:00, run_after=2022-01-01 00:00:00+00:00
[2025-04-18T10:28:16.498+0530] {logging_mixin.py:190} INFO - [2025-04-18T10:28:16.497+0530] {dag.py:4180} INFO - Setting next_dagrun for example_subdag_operator.section-1 to None, run_after=None
[2025-04-18T10:28:16.498+0530] {logging_mixin.py:190} INFO - [2025-04-18T10:28:16.498+0530] {dag.py:4180} INFO - Setting next_dagrun for example_subdag_operator.section-2 to None, run_after=None
[2025-04-18T10:28:16.501+0530] {logging_mixin.py:190} INFO - [2025-04-18T10:28:16.501+0530] {dag.py:3239} INFO - Sync 2 DAGs
[2025-04-18T10:28:16.503+0530] {logging_mixin.py:190} INFO - [2025-04-18T10:28:16.503+0530] {dag.py:4180} INFO - Setting next_dagrun for example_subdag_operator.section-1 to None, run_after=None
[2025-04-18T10:28:16.503+0530] {logging_mixin.py:190} INFO - [2025-04-18T10:28:16.503+0530] {dag.py:4180} INFO - Setting next_dagrun for example_subdag_operator.section-2 to None, run_after=None
[2025-04-18T10:28:16.580+0530] {processor.py:208} INFO - Processing /home/prakhar/Desktop/Bootcamp/Python/Airflow-Project/airflowvenv/lib/python3.12/site-packages/airflow/example_dags/example_subdag_operator.py took 0.144 seconds
[2025-04-18T10:29:37.166+0530] {processor.py:186} INFO - Started process (PID=24589) to work on /home/prakhar/Desktop/Bootcamp/Python/Airflow-Project/airflowvenv/lib/python3.12/site-packages/airflow/example_dags/example_subdag_operator.py
[2025-04-18T10:29:37.206+0530] {processor.py:914} INFO - Processing file /home/prakhar/Desktop/Bootcamp/Python/Airflow-Project/airflowvenv/lib/python3.12/site-packages/airflow/example_dags/example_subdag_operator.py for tasks to queue
[2025-04-18T10:29:37.210+0530] {logging_mixin.py:190} INFO - [2025-04-18T10:29:37.210+0530] {dagbag.py:588} INFO - Filling up the DagBag from /home/prakhar/Desktop/Bootcamp/Python/Airflow-Project/airflowvenv/lib/python3.12/site-packages/airflow/example_dags/example_subdag_operator.py
[2025-04-18T10:29:37.241+0530] {processor.py:925} INFO - DAG(s) 'example_subdag_operator.section-1', 'example_subdag_operator.section-2', 'example_subdag_operator' retrieved from /home/prakhar/Desktop/Bootcamp/Python/Airflow-Project/airflowvenv/lib/python3.12/site-packages/airflow/example_dags/example_subdag_operator.py
[2025-04-18T10:29:37.254+0530] {logging_mixin.py:190} INFO - [2025-04-18T10:29:37.254+0530] {dag.py:3239} INFO - Sync 3 DAGs
[2025-04-18T10:29:37.264+0530] {logging_mixin.py:190} INFO - [2025-04-18T10:29:37.264+0530] {dag.py:4180} INFO - Setting next_dagrun for example_subdag_operator to 2022-01-01 00:00:00+00:00, run_after=2022-01-01 00:00:00+00:00
[2025-04-18T10:29:37.265+0530] {logging_mixin.py:190} INFO - [2025-04-18T10:29:37.265+0530] {dag.py:4180} INFO - Setting next_dagrun for example_subdag_operator.section-1 to None, run_after=None
[2025-04-18T10:29:37.266+0530] {logging_mixin.py:190} INFO - [2025-04-18T10:29:37.266+0530] {dag.py:4180} INFO - Setting next_dagrun for example_subdag_operator.section-2 to None, run_after=None
[2025-04-18T10:29:37.269+0530] {logging_mixin.py:190} INFO - [2025-04-18T10:29:37.269+0530] {dag.py:3239} INFO - Sync 2 DAGs
[2025-04-18T10:29:37.271+0530] {logging_mixin.py:190} INFO - [2025-04-18T10:29:37.270+0530] {dag.py:4180} INFO - Setting next_dagrun for example_subdag_operator.section-1 to None, run_after=None
[2025-04-18T10:29:37.271+0530] {logging_mixin.py:190} INFO - [2025-04-18T10:29:37.271+0530] {dag.py:4180} INFO - Setting next_dagrun for example_subdag_operator.section-2 to None, run_after=None
[2025-04-18T10:29:37.357+0530] {processor.py:208} INFO - Processing /home/prakhar/Desktop/Bootcamp/Python/Airflow-Project/airflowvenv/lib/python3.12/site-packages/airflow/example_dags/example_subdag_operator.py took 0.196 seconds
