[2025-04-18T10:17:35.049+0530] {processor.py:186} INFO - Started process (PID=18648) to work on /home/prakhar/Desktop/Bootcamp/Python/Airflow-Project/airflowvenv/lib/python3.12/site-packages/airflow/example_dags/example_python_decorator.py
[2025-04-18T10:17:35.049+0530] {processor.py:914} INFO - Processing file /home/prakhar/Desktop/Bootcamp/Python/Airflow-Project/airflowvenv/lib/python3.12/site-packages/airflow/example_dags/example_python_decorator.py for tasks to queue
[2025-04-18T10:17:35.051+0530] {logging_mixin.py:190} INFO - [2025-04-18T10:17:35.051+0530] {dagbag.py:588} INFO - Filling up the DagBag from /home/prakhar/Desktop/Bootcamp/Python/Airflow-Project/airflowvenv/lib/python3.12/site-packages/airflow/example_dags/example_python_decorator.py
[2025-04-18T10:17:35.056+0530] {logging_mixin.py:190} INFO - [2025-04-18T10:17:35.056+0530] {example_python_decorator.py:80} WARNING - The virtalenv_python example task requires virtualenv, please install it.
[2025-04-18T10:17:35.058+0530] {processor.py:925} INFO - DAG(s) 'example_python_decorator' retrieved from /home/prakhar/Desktop/Bootcamp/Python/Airflow-Project/airflowvenv/lib/python3.12/site-packages/airflow/example_dags/example_python_decorator.py
[2025-04-18T10:17:35.069+0530] {logging_mixin.py:190} INFO - [2025-04-18T10:17:35.069+0530] {dag.py:3239} INFO - Sync 1 DAGs
[2025-04-18T10:17:35.076+0530] {logging_mixin.py:190} INFO - [2025-04-18T10:17:35.076+0530] {dag.py:4180} INFO - Setting next_dagrun for example_python_decorator to None, run_after=None
[2025-04-18T10:17:35.194+0530] {processor.py:208} INFO - Processing /home/prakhar/Desktop/Bootcamp/Python/Airflow-Project/airflowvenv/lib/python3.12/site-packages/airflow/example_dags/example_python_decorator.py took 0.148 seconds
[2025-04-18T10:18:44.188+0530] {processor.py:186} INFO - Started process (PID=19538) to work on /home/prakhar/Desktop/Bootcamp/Python/Airflow-Project/airflowvenv/lib/python3.12/site-packages/airflow/example_dags/example_python_decorator.py
[2025-04-18T10:18:44.189+0530] {processor.py:914} INFO - Processing file /home/prakhar/Desktop/Bootcamp/Python/Airflow-Project/airflowvenv/lib/python3.12/site-packages/airflow/example_dags/example_python_decorator.py for tasks to queue
[2025-04-18T10:18:44.189+0530] {logging_mixin.py:190} INFO - [2025-04-18T10:18:44.189+0530] {dagbag.py:588} INFO - Filling up the DagBag from /home/prakhar/Desktop/Bootcamp/Python/Airflow-Project/airflowvenv/lib/python3.12/site-packages/airflow/example_dags/example_python_decorator.py
[2025-04-18T10:18:44.195+0530] {logging_mixin.py:190} INFO - [2025-04-18T10:18:44.194+0530] {example_python_decorator.py:80} WARNING - The virtalenv_python example task requires virtualenv, please install it.
[2025-04-18T10:18:44.196+0530] {processor.py:925} INFO - DAG(s) 'example_python_decorator' retrieved from /home/prakhar/Desktop/Bootcamp/Python/Airflow-Project/airflowvenv/lib/python3.12/site-packages/airflow/example_dags/example_python_decorator.py
[2025-04-18T10:18:44.205+0530] {logging_mixin.py:190} INFO - [2025-04-18T10:18:44.205+0530] {dag.py:3239} INFO - Sync 1 DAGs
[2025-04-18T10:18:44.212+0530] {logging_mixin.py:190} INFO - [2025-04-18T10:18:44.212+0530] {dag.py:4180} INFO - Setting next_dagrun for example_python_decorator to None, run_after=None
[2025-04-18T10:18:44.468+0530] {processor.py:208} INFO - Processing /home/prakhar/Desktop/Bootcamp/Python/Airflow-Project/airflowvenv/lib/python3.12/site-packages/airflow/example_dags/example_python_decorator.py took 0.283 seconds
[2025-04-18T10:20:14.318+0530] {processor.py:186} INFO - Started process (PID=20534) to work on /home/prakhar/Desktop/Bootcamp/Python/Airflow-Project/airflowvenv/lib/python3.12/site-packages/airflow/example_dags/example_python_decorator.py
[2025-04-18T10:20:14.324+0530] {processor.py:914} INFO - Processing file /home/prakhar/Desktop/Bootcamp/Python/Airflow-Project/airflowvenv/lib/python3.12/site-packages/airflow/example_dags/example_python_decorator.py for tasks to queue
[2025-04-18T10:20:14.326+0530] {logging_mixin.py:190} INFO - [2025-04-18T10:20:14.326+0530] {dagbag.py:588} INFO - Filling up the DagBag from /home/prakhar/Desktop/Bootcamp/Python/Airflow-Project/airflowvenv/lib/python3.12/site-packages/airflow/example_dags/example_python_decorator.py
[2025-04-18T10:20:14.332+0530] {logging_mixin.py:190} INFO - [2025-04-18T10:20:14.332+0530] {example_python_decorator.py:80} WARNING - The virtalenv_python example task requires virtualenv, please install it.
[2025-04-18T10:20:14.334+0530] {processor.py:925} INFO - DAG(s) 'example_python_decorator' retrieved from /home/prakhar/Desktop/Bootcamp/Python/Airflow-Project/airflowvenv/lib/python3.12/site-packages/airflow/example_dags/example_python_decorator.py
[2025-04-18T10:20:14.345+0530] {logging_mixin.py:190} INFO - [2025-04-18T10:20:14.345+0530] {dag.py:3239} INFO - Sync 1 DAGs
[2025-04-18T10:20:14.351+0530] {logging_mixin.py:190} INFO - [2025-04-18T10:20:14.351+0530] {dag.py:4180} INFO - Setting next_dagrun for example_python_decorator to None, run_after=None
[2025-04-18T10:20:14.444+0530] {processor.py:208} INFO - Processing /home/prakhar/Desktop/Bootcamp/Python/Airflow-Project/airflowvenv/lib/python3.12/site-packages/airflow/example_dags/example_python_decorator.py took 0.131 seconds
[2025-04-18T10:21:30.111+0530] {processor.py:186} INFO - Started process (PID=21532) to work on /home/prakhar/Desktop/Bootcamp/Python/Airflow-Project/airflowvenv/lib/python3.12/site-packages/airflow/example_dags/example_python_decorator.py
[2025-04-18T10:21:30.125+0530] {processor.py:914} INFO - Processing file /home/prakhar/Desktop/Bootcamp/Python/Airflow-Project/airflowvenv/lib/python3.12/site-packages/airflow/example_dags/example_python_decorator.py for tasks to queue
[2025-04-18T10:21:30.126+0530] {logging_mixin.py:190} INFO - [2025-04-18T10:21:30.126+0530] {dagbag.py:588} INFO - Filling up the DagBag from /home/prakhar/Desktop/Bootcamp/Python/Airflow-Project/airflowvenv/lib/python3.12/site-packages/airflow/example_dags/example_python_decorator.py
[2025-04-18T10:21:30.134+0530] {logging_mixin.py:190} INFO - [2025-04-18T10:21:30.134+0530] {example_python_decorator.py:80} WARNING - The virtalenv_python example task requires virtualenv, please install it.
[2025-04-18T10:21:30.136+0530] {processor.py:925} INFO - DAG(s) 'example_python_decorator' retrieved from /home/prakhar/Desktop/Bootcamp/Python/Airflow-Project/airflowvenv/lib/python3.12/site-packages/airflow/example_dags/example_python_decorator.py
[2025-04-18T10:21:30.144+0530] {logging_mixin.py:190} INFO - [2025-04-18T10:21:30.144+0530] {dag.py:3239} INFO - Sync 1 DAGs
[2025-04-18T10:21:30.152+0530] {logging_mixin.py:190} INFO - [2025-04-18T10:21:30.152+0530] {dag.py:4180} INFO - Setting next_dagrun for example_python_decorator to None, run_after=None
[2025-04-18T10:21:30.221+0530] {processor.py:208} INFO - Processing /home/prakhar/Desktop/Bootcamp/Python/Airflow-Project/airflowvenv/lib/python3.12/site-packages/airflow/example_dags/example_python_decorator.py took 0.113 seconds
[2025-04-18T10:23:17.935+0530] {processor.py:186} INFO - Started process (PID=22818) to work on /home/prakhar/Desktop/Bootcamp/Python/Airflow-Project/airflowvenv/lib/python3.12/site-packages/airflow/example_dags/example_python_decorator.py
[2025-04-18T10:23:17.995+0530] {processor.py:914} INFO - Processing file /home/prakhar/Desktop/Bootcamp/Python/Airflow-Project/airflowvenv/lib/python3.12/site-packages/airflow/example_dags/example_python_decorator.py for tasks to queue
[2025-04-18T10:23:17.998+0530] {logging_mixin.py:190} INFO - [2025-04-18T10:23:17.997+0530] {dagbag.py:588} INFO - Filling up the DagBag from /home/prakhar/Desktop/Bootcamp/Python/Airflow-Project/airflowvenv/lib/python3.12/site-packages/airflow/example_dags/example_python_decorator.py
[2025-04-18T10:23:18.008+0530] {logging_mixin.py:190} INFO - [2025-04-18T10:23:18.007+0530] {example_python_decorator.py:80} WARNING - The virtalenv_python example task requires virtualenv, please install it.
[2025-04-18T10:23:18.010+0530] {processor.py:925} INFO - DAG(s) 'example_python_decorator' retrieved from /home/prakhar/Desktop/Bootcamp/Python/Airflow-Project/airflowvenv/lib/python3.12/site-packages/airflow/example_dags/example_python_decorator.py
[2025-04-18T10:23:18.021+0530] {logging_mixin.py:190} INFO - [2025-04-18T10:23:18.021+0530] {dag.py:3239} INFO - Sync 1 DAGs
[2025-04-18T10:23:18.028+0530] {logging_mixin.py:190} INFO - [2025-04-18T10:23:18.028+0530] {dag.py:4180} INFO - Setting next_dagrun for example_python_decorator to None, run_after=None
[2025-04-18T10:23:18.096+0530] {processor.py:208} INFO - Processing /home/prakhar/Desktop/Bootcamp/Python/Airflow-Project/airflowvenv/lib/python3.12/site-packages/airflow/example_dags/example_python_decorator.py took 0.166 seconds
[2025-04-18T10:24:36.149+0530] {processor.py:186} INFO - Started process (PID=23273) to work on /home/prakhar/Desktop/Bootcamp/Python/Airflow-Project/airflowvenv/lib/python3.12/site-packages/airflow/example_dags/example_python_decorator.py
[2025-04-18T10:24:36.190+0530] {processor.py:914} INFO - Processing file /home/prakhar/Desktop/Bootcamp/Python/Airflow-Project/airflowvenv/lib/python3.12/site-packages/airflow/example_dags/example_python_decorator.py for tasks to queue
[2025-04-18T10:24:36.194+0530] {logging_mixin.py:190} INFO - [2025-04-18T10:24:36.193+0530] {dagbag.py:588} INFO - Filling up the DagBag from /home/prakhar/Desktop/Bootcamp/Python/Airflow-Project/airflowvenv/lib/python3.12/site-packages/airflow/example_dags/example_python_decorator.py
[2025-04-18T10:24:36.207+0530] {logging_mixin.py:190} INFO - [2025-04-18T10:24:36.207+0530] {example_python_decorator.py:80} WARNING - The virtalenv_python example task requires virtualenv, please install it.
[2025-04-18T10:24:36.210+0530] {processor.py:925} INFO - DAG(s) 'example_python_decorator' retrieved from /home/prakhar/Desktop/Bootcamp/Python/Airflow-Project/airflowvenv/lib/python3.12/site-packages/airflow/example_dags/example_python_decorator.py
[2025-04-18T10:24:36.220+0530] {logging_mixin.py:190} INFO - [2025-04-18T10:24:36.220+0530] {dag.py:3239} INFO - Sync 1 DAGs
[2025-04-18T10:24:36.227+0530] {logging_mixin.py:190} INFO - [2025-04-18T10:24:36.227+0530] {dag.py:4180} INFO - Setting next_dagrun for example_python_decorator to None, run_after=None
[2025-04-18T10:24:36.302+0530] {processor.py:208} INFO - Processing /home/prakhar/Desktop/Bootcamp/Python/Airflow-Project/airflowvenv/lib/python3.12/site-packages/airflow/example_dags/example_python_decorator.py took 0.157 seconds
[2025-04-18T10:25:52.178+0530] {processor.py:186} INFO - Started process (PID=23809) to work on /home/prakhar/Desktop/Bootcamp/Python/Airflow-Project/airflowvenv/lib/python3.12/site-packages/airflow/example_dags/example_python_decorator.py
[2025-04-18T10:25:52.213+0530] {processor.py:914} INFO - Processing file /home/prakhar/Desktop/Bootcamp/Python/Airflow-Project/airflowvenv/lib/python3.12/site-packages/airflow/example_dags/example_python_decorator.py for tasks to queue
[2025-04-18T10:25:52.216+0530] {logging_mixin.py:190} INFO - [2025-04-18T10:25:52.215+0530] {dagbag.py:588} INFO - Filling up the DagBag from /home/prakhar/Desktop/Bootcamp/Python/Airflow-Project/airflowvenv/lib/python3.12/site-packages/airflow/example_dags/example_python_decorator.py
[2025-04-18T10:25:52.229+0530] {logging_mixin.py:190} INFO - [2025-04-18T10:25:52.229+0530] {example_python_decorator.py:80} WARNING - The virtalenv_python example task requires virtualenv, please install it.
[2025-04-18T10:25:52.232+0530] {processor.py:925} INFO - DAG(s) 'example_python_decorator' retrieved from /home/prakhar/Desktop/Bootcamp/Python/Airflow-Project/airflowvenv/lib/python3.12/site-packages/airflow/example_dags/example_python_decorator.py
[2025-04-18T10:25:52.242+0530] {logging_mixin.py:190} INFO - [2025-04-18T10:25:52.241+0530] {dag.py:3239} INFO - Sync 1 DAGs
[2025-04-18T10:25:52.249+0530] {logging_mixin.py:190} INFO - [2025-04-18T10:25:52.249+0530] {dag.py:4180} INFO - Setting next_dagrun for example_python_decorator to None, run_after=None
[2025-04-18T10:25:52.324+0530] {processor.py:208} INFO - Processing /home/prakhar/Desktop/Bootcamp/Python/Airflow-Project/airflowvenv/lib/python3.12/site-packages/airflow/example_dags/example_python_decorator.py took 0.150 seconds
[2025-04-18T10:27:13.700+0530] {processor.py:186} INFO - Started process (PID=24053) to work on /home/prakhar/Desktop/Bootcamp/Python/Airflow-Project/airflowvenv/lib/python3.12/site-packages/airflow/example_dags/example_python_decorator.py
[2025-04-18T10:27:13.734+0530] {processor.py:914} INFO - Processing file /home/prakhar/Desktop/Bootcamp/Python/Airflow-Project/airflowvenv/lib/python3.12/site-packages/airflow/example_dags/example_python_decorator.py for tasks to queue
[2025-04-18T10:27:13.738+0530] {logging_mixin.py:190} INFO - [2025-04-18T10:27:13.737+0530] {dagbag.py:588} INFO - Filling up the DagBag from /home/prakhar/Desktop/Bootcamp/Python/Airflow-Project/airflowvenv/lib/python3.12/site-packages/airflow/example_dags/example_python_decorator.py
[2025-04-18T10:27:13.751+0530] {logging_mixin.py:190} INFO - [2025-04-18T10:27:13.751+0530] {example_python_decorator.py:80} WARNING - The virtalenv_python example task requires virtualenv, please install it.
[2025-04-18T10:27:13.754+0530] {processor.py:925} INFO - DAG(s) 'example_python_decorator' retrieved from /home/prakhar/Desktop/Bootcamp/Python/Airflow-Project/airflowvenv/lib/python3.12/site-packages/airflow/example_dags/example_python_decorator.py
[2025-04-18T10:27:13.769+0530] {logging_mixin.py:190} INFO - [2025-04-18T10:27:13.769+0530] {dag.py:3239} INFO - Sync 1 DAGs
[2025-04-18T10:27:13.779+0530] {logging_mixin.py:190} INFO - [2025-04-18T10:27:13.779+0530] {dag.py:4180} INFO - Setting next_dagrun for example_python_decorator to None, run_after=None
[2025-04-18T10:27:13.857+0530] {processor.py:208} INFO - Processing /home/prakhar/Desktop/Bootcamp/Python/Airflow-Project/airflowvenv/lib/python3.12/site-packages/airflow/example_dags/example_python_decorator.py took 0.161 seconds
[2025-04-18T10:28:32.743+0530] {processor.py:186} INFO - Started process (PID=24297) to work on /home/prakhar/Desktop/Bootcamp/Python/Airflow-Project/airflowvenv/lib/python3.12/site-packages/airflow/example_dags/example_python_decorator.py
[2025-04-18T10:28:32.777+0530] {processor.py:914} INFO - Processing file /home/prakhar/Desktop/Bootcamp/Python/Airflow-Project/airflowvenv/lib/python3.12/site-packages/airflow/example_dags/example_python_decorator.py for tasks to queue
[2025-04-18T10:28:32.781+0530] {logging_mixin.py:190} INFO - [2025-04-18T10:28:32.780+0530] {dagbag.py:588} INFO - Filling up the DagBag from /home/prakhar/Desktop/Bootcamp/Python/Airflow-Project/airflowvenv/lib/python3.12/site-packages/airflow/example_dags/example_python_decorator.py
[2025-04-18T10:28:32.794+0530] {logging_mixin.py:190} INFO - [2025-04-18T10:28:32.794+0530] {example_python_decorator.py:80} WARNING - The virtalenv_python example task requires virtualenv, please install it.
[2025-04-18T10:28:32.797+0530] {processor.py:925} INFO - DAG(s) 'example_python_decorator' retrieved from /home/prakhar/Desktop/Bootcamp/Python/Airflow-Project/airflowvenv/lib/python3.12/site-packages/airflow/example_dags/example_python_decorator.py
[2025-04-18T10:28:32.807+0530] {logging_mixin.py:190} INFO - [2025-04-18T10:28:32.807+0530] {dag.py:3239} INFO - Sync 1 DAGs
[2025-04-18T10:28:32.814+0530] {logging_mixin.py:190} INFO - [2025-04-18T10:28:32.814+0530] {dag.py:4180} INFO - Setting next_dagrun for example_python_decorator to None, run_after=None
[2025-04-18T10:28:32.896+0530] {processor.py:208} INFO - Processing /home/prakhar/Desktop/Bootcamp/Python/Airflow-Project/airflowvenv/lib/python3.12/site-packages/airflow/example_dags/example_python_decorator.py took 0.156 seconds
[2025-04-18T10:29:52.583+0530] {processor.py:186} INFO - Started process (PID=24742) to work on /home/prakhar/Desktop/Bootcamp/Python/Airflow-Project/airflowvenv/lib/python3.12/site-packages/airflow/example_dags/example_python_decorator.py
[2025-04-18T10:29:52.616+0530] {processor.py:914} INFO - Processing file /home/prakhar/Desktop/Bootcamp/Python/Airflow-Project/airflowvenv/lib/python3.12/site-packages/airflow/example_dags/example_python_decorator.py for tasks to queue
[2025-04-18T10:29:52.619+0530] {logging_mixin.py:190} INFO - [2025-04-18T10:29:52.619+0530] {dagbag.py:588} INFO - Filling up the DagBag from /home/prakhar/Desktop/Bootcamp/Python/Airflow-Project/airflowvenv/lib/python3.12/site-packages/airflow/example_dags/example_python_decorator.py
[2025-04-18T10:29:52.633+0530] {logging_mixin.py:190} INFO - [2025-04-18T10:29:52.633+0530] {example_python_decorator.py:80} WARNING - The virtalenv_python example task requires virtualenv, please install it.
[2025-04-18T10:29:52.636+0530] {processor.py:925} INFO - DAG(s) 'example_python_decorator' retrieved from /home/prakhar/Desktop/Bootcamp/Python/Airflow-Project/airflowvenv/lib/python3.12/site-packages/airflow/example_dags/example_python_decorator.py
[2025-04-18T10:29:52.645+0530] {logging_mixin.py:190} INFO - [2025-04-18T10:29:52.645+0530] {dag.py:3239} INFO - Sync 1 DAGs
[2025-04-18T10:29:52.651+0530] {logging_mixin.py:190} INFO - [2025-04-18T10:29:52.651+0530] {dag.py:4180} INFO - Setting next_dagrun for example_python_decorator to None, run_after=None
[2025-04-18T10:29:52.734+0530] {processor.py:208} INFO - Processing /home/prakhar/Desktop/Bootcamp/Python/Airflow-Project/airflowvenv/lib/python3.12/site-packages/airflow/example_dags/example_python_decorator.py took 0.155 seconds
