[2025-04-18T10:17:57.692+0530] {processor.py:186} INFO - Started process (PID=18969) to work on /home/prakhar/Desktop/Bootcamp/Python/Airflow-Project/airflowvenv/lib/python3.12/site-packages/airflow/example_dags/example_branch_day_of_week_operator.py
[2025-04-18T10:17:57.692+0530] {processor.py:914} INFO - Processing file /home/prakhar/Desktop/Bootcamp/Python/Airflow-Project/airflowvenv/lib/python3.12/site-packages/airflow/example_dags/example_branch_day_of_week_operator.py for tasks to queue
[2025-04-18T10:17:57.693+0530] {logging_mixin.py:190} INFO - [2025-04-18T10:17:57.693+0530] {dagbag.py:588} INFO - Filling up the DagBag from /home/prakhar/Desktop/Bootcamp/Python/Airflow-Project/airflowvenv/lib/python3.12/site-packages/airflow/example_dags/example_branch_day_of_week_operator.py
[2025-04-18T10:17:57.699+0530] {processor.py:925} INFO - DAG(s) 'example_weekday_branch_operator' retrieved from /home/prakhar/Desktop/Bootcamp/Python/Airflow-Project/airflowvenv/lib/python3.12/site-packages/airflow/example_dags/example_branch_day_of_week_operator.py
[2025-04-18T10:17:57.709+0530] {logging_mixin.py:190} INFO - [2025-04-18T10:17:57.709+0530] {dag.py:3239} INFO - Sync 1 DAGs
[2025-04-18T10:17:57.721+0530] {logging_mixin.py:190} INFO - [2025-04-18T10:17:57.721+0530] {dag.py:4180} INFO - Setting next_dagrun for example_weekday_branch_operator to 2025-04-17 00:00:00+00:00, run_after=2025-04-18 00:00:00+00:00
[2025-04-18T10:17:57.799+0530] {processor.py:208} INFO - Processing /home/prakhar/Desktop/Bootcamp/Python/Airflow-Project/airflowvenv/lib/python3.12/site-packages/airflow/example_dags/example_branch_day_of_week_operator.py took 0.111 seconds
[2025-04-18T10:19:17.355+0530] {processor.py:186} INFO - Started process (PID=19903) to work on /home/prakhar/Desktop/Bootcamp/Python/Airflow-Project/airflowvenv/lib/python3.12/site-packages/airflow/example_dags/example_branch_day_of_week_operator.py
[2025-04-18T10:19:17.356+0530] {processor.py:914} INFO - Processing file /home/prakhar/Desktop/Bootcamp/Python/Airflow-Project/airflowvenv/lib/python3.12/site-packages/airflow/example_dags/example_branch_day_of_week_operator.py for tasks to queue
[2025-04-18T10:19:17.358+0530] {logging_mixin.py:190} INFO - [2025-04-18T10:19:17.357+0530] {dagbag.py:588} INFO - Filling up the DagBag from /home/prakhar/Desktop/Bootcamp/Python/Airflow-Project/airflowvenv/lib/python3.12/site-packages/airflow/example_dags/example_branch_day_of_week_operator.py
[2025-04-18T10:19:17.365+0530] {processor.py:925} INFO - DAG(s) 'example_weekday_branch_operator' retrieved from /home/prakhar/Desktop/Bootcamp/Python/Airflow-Project/airflowvenv/lib/python3.12/site-packages/airflow/example_dags/example_branch_day_of_week_operator.py
[2025-04-18T10:19:17.377+0530] {logging_mixin.py:190} INFO - [2025-04-18T10:19:17.377+0530] {dag.py:3239} INFO - Sync 1 DAGs
[2025-04-18T10:19:17.392+0530] {logging_mixin.py:190} INFO - [2025-04-18T10:19:17.392+0530] {dag.py:4180} INFO - Setting next_dagrun for example_weekday_branch_operator to 2025-04-17 00:00:00+00:00, run_after=2025-04-18 00:00:00+00:00
[2025-04-18T10:19:17.698+0530] {processor.py:208} INFO - Processing /home/prakhar/Desktop/Bootcamp/Python/Airflow-Project/airflowvenv/lib/python3.12/site-packages/airflow/example_dags/example_branch_day_of_week_operator.py took 0.347 seconds
[2025-04-18T10:20:38.201+0530] {processor.py:186} INFO - Started process (PID=20802) to work on /home/prakhar/Desktop/Bootcamp/Python/Airflow-Project/airflowvenv/lib/python3.12/site-packages/airflow/example_dags/example_branch_day_of_week_operator.py
[2025-04-18T10:20:38.202+0530] {processor.py:914} INFO - Processing file /home/prakhar/Desktop/Bootcamp/Python/Airflow-Project/airflowvenv/lib/python3.12/site-packages/airflow/example_dags/example_branch_day_of_week_operator.py for tasks to queue
[2025-04-18T10:20:38.204+0530] {logging_mixin.py:190} INFO - [2025-04-18T10:20:38.203+0530] {dagbag.py:588} INFO - Filling up the DagBag from /home/prakhar/Desktop/Bootcamp/Python/Airflow-Project/airflowvenv/lib/python3.12/site-packages/airflow/example_dags/example_branch_day_of_week_operator.py
[2025-04-18T10:20:38.215+0530] {processor.py:925} INFO - DAG(s) 'example_weekday_branch_operator' retrieved from /home/prakhar/Desktop/Bootcamp/Python/Airflow-Project/airflowvenv/lib/python3.12/site-packages/airflow/example_dags/example_branch_day_of_week_operator.py
[2025-04-18T10:20:38.232+0530] {logging_mixin.py:190} INFO - [2025-04-18T10:20:38.231+0530] {dag.py:3239} INFO - Sync 1 DAGs
[2025-04-18T10:20:38.248+0530] {logging_mixin.py:190} INFO - [2025-04-18T10:20:38.248+0530] {dag.py:4180} INFO - Setting next_dagrun for example_weekday_branch_operator to 2025-04-17 00:00:00+00:00, run_after=2025-04-18 00:00:00+00:00
[2025-04-18T10:20:38.336+0530] {processor.py:208} INFO - Processing /home/prakhar/Desktop/Bootcamp/Python/Airflow-Project/airflowvenv/lib/python3.12/site-packages/airflow/example_dags/example_branch_day_of_week_operator.py took 0.141 seconds
[2025-04-18T10:22:14.635+0530] {processor.py:186} INFO - Started process (PID=22032) to work on /home/prakhar/Desktop/Bootcamp/Python/Airflow-Project/airflowvenv/lib/python3.12/site-packages/airflow/example_dags/example_branch_day_of_week_operator.py
[2025-04-18T10:22:14.696+0530] {processor.py:914} INFO - Processing file /home/prakhar/Desktop/Bootcamp/Python/Airflow-Project/airflowvenv/lib/python3.12/site-packages/airflow/example_dags/example_branch_day_of_week_operator.py for tasks to queue
[2025-04-18T10:22:14.697+0530] {logging_mixin.py:190} INFO - [2025-04-18T10:22:14.697+0530] {dagbag.py:588} INFO - Filling up the DagBag from /home/prakhar/Desktop/Bootcamp/Python/Airflow-Project/airflowvenv/lib/python3.12/site-packages/airflow/example_dags/example_branch_day_of_week_operator.py
[2025-04-18T10:22:14.705+0530] {processor.py:925} INFO - DAG(s) 'example_weekday_branch_operator' retrieved from /home/prakhar/Desktop/Bootcamp/Python/Airflow-Project/airflowvenv/lib/python3.12/site-packages/airflow/example_dags/example_branch_day_of_week_operator.py
[2025-04-18T10:22:14.715+0530] {logging_mixin.py:190} INFO - [2025-04-18T10:22:14.715+0530] {dag.py:3239} INFO - Sync 1 DAGs
[2025-04-18T10:22:14.728+0530] {logging_mixin.py:190} INFO - [2025-04-18T10:22:14.728+0530] {dag.py:4180} INFO - Setting next_dagrun for example_weekday_branch_operator to 2025-04-17 00:00:00+00:00, run_after=2025-04-18 00:00:00+00:00
[2025-04-18T10:22:14.833+0530] {processor.py:208} INFO - Processing /home/prakhar/Desktop/Bootcamp/Python/Airflow-Project/airflowvenv/lib/python3.12/site-packages/airflow/example_dags/example_branch_day_of_week_operator.py took 0.203 seconds
[2025-04-18T10:23:55.301+0530] {processor.py:186} INFO - Started process (PID=23092) to work on /home/prakhar/Desktop/Bootcamp/Python/Airflow-Project/airflowvenv/lib/python3.12/site-packages/airflow/example_dags/example_branch_day_of_week_operator.py
[2025-04-18T10:23:55.301+0530] {processor.py:914} INFO - Processing file /home/prakhar/Desktop/Bootcamp/Python/Airflow-Project/airflowvenv/lib/python3.12/site-packages/airflow/example_dags/example_branch_day_of_week_operator.py for tasks to queue
[2025-04-18T10:23:55.302+0530] {logging_mixin.py:190} INFO - [2025-04-18T10:23:55.302+0530] {dagbag.py:588} INFO - Filling up the DagBag from /home/prakhar/Desktop/Bootcamp/Python/Airflow-Project/airflowvenv/lib/python3.12/site-packages/airflow/example_dags/example_branch_day_of_week_operator.py
[2025-04-18T10:23:55.310+0530] {processor.py:925} INFO - DAG(s) 'example_weekday_branch_operator' retrieved from /home/prakhar/Desktop/Bootcamp/Python/Airflow-Project/airflowvenv/lib/python3.12/site-packages/airflow/example_dags/example_branch_day_of_week_operator.py
[2025-04-18T10:23:55.319+0530] {logging_mixin.py:190} INFO - [2025-04-18T10:23:55.318+0530] {dag.py:3239} INFO - Sync 1 DAGs
[2025-04-18T10:23:55.330+0530] {logging_mixin.py:190} INFO - [2025-04-18T10:23:55.330+0530] {dag.py:4180} INFO - Setting next_dagrun for example_weekday_branch_operator to 2025-04-17 00:00:00+00:00, run_after=2025-04-18 00:00:00+00:00
[2025-04-18T10:23:55.404+0530] {processor.py:208} INFO - Processing /home/prakhar/Desktop/Bootcamp/Python/Airflow-Project/airflowvenv/lib/python3.12/site-packages/airflow/example_dags/example_branch_day_of_week_operator.py took 0.108 seconds
[2025-04-18T10:25:13.464+0530] {processor.py:186} INFO - Started process (PID=23552) to work on /home/prakhar/Desktop/Bootcamp/Python/Airflow-Project/airflowvenv/lib/python3.12/site-packages/airflow/example_dags/example_branch_day_of_week_operator.py
[2025-04-18T10:25:13.504+0530] {processor.py:914} INFO - Processing file /home/prakhar/Desktop/Bootcamp/Python/Airflow-Project/airflowvenv/lib/python3.12/site-packages/airflow/example_dags/example_branch_day_of_week_operator.py for tasks to queue
[2025-04-18T10:25:13.507+0530] {logging_mixin.py:190} INFO - [2025-04-18T10:25:13.507+0530] {dagbag.py:588} INFO - Filling up the DagBag from /home/prakhar/Desktop/Bootcamp/Python/Airflow-Project/airflowvenv/lib/python3.12/site-packages/airflow/example_dags/example_branch_day_of_week_operator.py
[2025-04-18T10:25:13.521+0530] {processor.py:925} INFO - DAG(s) 'example_weekday_branch_operator' retrieved from /home/prakhar/Desktop/Bootcamp/Python/Airflow-Project/airflowvenv/lib/python3.12/site-packages/airflow/example_dags/example_branch_day_of_week_operator.py
[2025-04-18T10:25:13.532+0530] {logging_mixin.py:190} INFO - [2025-04-18T10:25:13.532+0530] {dag.py:3239} INFO - Sync 1 DAGs
[2025-04-18T10:25:13.545+0530] {logging_mixin.py:190} INFO - [2025-04-18T10:25:13.545+0530] {dag.py:4180} INFO - Setting next_dagrun for example_weekday_branch_operator to 2025-04-17 00:00:00+00:00, run_after=2025-04-18 00:00:00+00:00
[2025-04-18T10:25:13.616+0530] {processor.py:208} INFO - Processing /home/prakhar/Desktop/Bootcamp/Python/Airflow-Project/airflowvenv/lib/python3.12/site-packages/airflow/example_dags/example_branch_day_of_week_operator.py took 0.156 seconds
[2025-04-18T10:26:30.657+0530] {processor.py:186} INFO - Started process (PID=23917) to work on /home/prakhar/Desktop/Bootcamp/Python/Airflow-Project/airflowvenv/lib/python3.12/site-packages/airflow/example_dags/example_branch_day_of_week_operator.py
[2025-04-18T10:26:30.673+0530] {processor.py:914} INFO - Processing file /home/prakhar/Desktop/Bootcamp/Python/Airflow-Project/airflowvenv/lib/python3.12/site-packages/airflow/example_dags/example_branch_day_of_week_operator.py for tasks to queue
[2025-04-18T10:26:30.674+0530] {logging_mixin.py:190} INFO - [2025-04-18T10:26:30.674+0530] {dagbag.py:588} INFO - Filling up the DagBag from /home/prakhar/Desktop/Bootcamp/Python/Airflow-Project/airflowvenv/lib/python3.12/site-packages/airflow/example_dags/example_branch_day_of_week_operator.py
[2025-04-18T10:26:30.681+0530] {processor.py:925} INFO - DAG(s) 'example_weekday_branch_operator' retrieved from /home/prakhar/Desktop/Bootcamp/Python/Airflow-Project/airflowvenv/lib/python3.12/site-packages/airflow/example_dags/example_branch_day_of_week_operator.py
[2025-04-18T10:26:30.751+0530] {logging_mixin.py:190} INFO - [2025-04-18T10:26:30.751+0530] {dag.py:3239} INFO - Sync 1 DAGs
[2025-04-18T10:26:30.770+0530] {logging_mixin.py:190} INFO - [2025-04-18T10:26:30.770+0530] {dag.py:4180} INFO - Setting next_dagrun for example_weekday_branch_operator to 2025-04-17 00:00:00+00:00, run_after=2025-04-18 00:00:00+00:00
[2025-04-18T10:26:30.841+0530] {processor.py:208} INFO - Processing /home/prakhar/Desktop/Bootcamp/Python/Airflow-Project/airflowvenv/lib/python3.12/site-packages/airflow/example_dags/example_branch_day_of_week_operator.py took 0.192 seconds
[2025-04-18T10:27:52.966+0530] {processor.py:186} INFO - Started process (PID=24193) to work on /home/prakhar/Desktop/Bootcamp/Python/Airflow-Project/airflowvenv/lib/python3.12/site-packages/airflow/example_dags/example_branch_day_of_week_operator.py
[2025-04-18T10:27:53.001+0530] {processor.py:914} INFO - Processing file /home/prakhar/Desktop/Bootcamp/Python/Airflow-Project/airflowvenv/lib/python3.12/site-packages/airflow/example_dags/example_branch_day_of_week_operator.py for tasks to queue
[2025-04-18T10:27:53.003+0530] {logging_mixin.py:190} INFO - [2025-04-18T10:27:53.003+0530] {dagbag.py:588} INFO - Filling up the DagBag from /home/prakhar/Desktop/Bootcamp/Python/Airflow-Project/airflowvenv/lib/python3.12/site-packages/airflow/example_dags/example_branch_day_of_week_operator.py
[2025-04-18T10:27:53.010+0530] {processor.py:925} INFO - DAG(s) 'example_weekday_branch_operator' retrieved from /home/prakhar/Desktop/Bootcamp/Python/Airflow-Project/airflowvenv/lib/python3.12/site-packages/airflow/example_dags/example_branch_day_of_week_operator.py
[2025-04-18T10:27:53.022+0530] {logging_mixin.py:190} INFO - [2025-04-18T10:27:53.022+0530] {dag.py:3239} INFO - Sync 1 DAGs
[2025-04-18T10:27:53.037+0530] {logging_mixin.py:190} INFO - [2025-04-18T10:27:53.037+0530] {dag.py:4180} INFO - Setting next_dagrun for example_weekday_branch_operator to 2025-04-17 00:00:00+00:00, run_after=2025-04-18 00:00:00+00:00
[2025-04-18T10:27:53.116+0530] {processor.py:208} INFO - Processing /home/prakhar/Desktop/Bootcamp/Python/Airflow-Project/airflowvenv/lib/python3.12/site-packages/airflow/example_dags/example_branch_day_of_week_operator.py took 0.157 seconds
[2025-04-18T10:29:11.734+0530] {processor.py:186} INFO - Started process (PID=24491) to work on /home/prakhar/Desktop/Bootcamp/Python/Airflow-Project/airflowvenv/lib/python3.12/site-packages/airflow/example_dags/example_branch_day_of_week_operator.py
[2025-04-18T10:29:11.765+0530] {processor.py:914} INFO - Processing file /home/prakhar/Desktop/Bootcamp/Python/Airflow-Project/airflowvenv/lib/python3.12/site-packages/airflow/example_dags/example_branch_day_of_week_operator.py for tasks to queue
[2025-04-18T10:29:11.768+0530] {logging_mixin.py:190} INFO - [2025-04-18T10:29:11.768+0530] {dagbag.py:588} INFO - Filling up the DagBag from /home/prakhar/Desktop/Bootcamp/Python/Airflow-Project/airflowvenv/lib/python3.12/site-packages/airflow/example_dags/example_branch_day_of_week_operator.py
[2025-04-18T10:29:11.784+0530] {processor.py:925} INFO - DAG(s) 'example_weekday_branch_operator' retrieved from /home/prakhar/Desktop/Bootcamp/Python/Airflow-Project/airflowvenv/lib/python3.12/site-packages/airflow/example_dags/example_branch_day_of_week_operator.py
[2025-04-18T10:29:11.794+0530] {logging_mixin.py:190} INFO - [2025-04-18T10:29:11.794+0530] {dag.py:3239} INFO - Sync 1 DAGs
[2025-04-18T10:29:11.805+0530] {logging_mixin.py:190} INFO - [2025-04-18T10:29:11.805+0530] {dag.py:4180} INFO - Setting next_dagrun for example_weekday_branch_operator to 2025-04-17 00:00:00+00:00, run_after=2025-04-18 00:00:00+00:00
[2025-04-18T10:29:11.878+0530] {processor.py:208} INFO - Processing /home/prakhar/Desktop/Bootcamp/Python/Airflow-Project/airflowvenv/lib/python3.12/site-packages/airflow/example_dags/example_branch_day_of_week_operator.py took 0.152 seconds
[2025-04-18T10:30:29.933+0530] {processor.py:186} INFO - Started process (PID=24881) to work on /home/prakhar/Desktop/Bootcamp/Python/Airflow-Project/airflowvenv/lib/python3.12/site-packages/airflow/example_dags/example_branch_day_of_week_operator.py
[2025-04-18T10:30:29.942+0530] {processor.py:914} INFO - Processing file /home/prakhar/Desktop/Bootcamp/Python/Airflow-Project/airflowvenv/lib/python3.12/site-packages/airflow/example_dags/example_branch_day_of_week_operator.py for tasks to queue
[2025-04-18T10:30:29.946+0530] {logging_mixin.py:190} INFO - [2025-04-18T10:30:29.945+0530] {dagbag.py:588} INFO - Filling up the DagBag from /home/prakhar/Desktop/Bootcamp/Python/Airflow-Project/airflowvenv/lib/python3.12/site-packages/airflow/example_dags/example_branch_day_of_week_operator.py
[2025-04-18T10:30:29.966+0530] {processor.py:925} INFO - DAG(s) 'example_weekday_branch_operator' retrieved from /home/prakhar/Desktop/Bootcamp/Python/Airflow-Project/airflowvenv/lib/python3.12/site-packages/airflow/example_dags/example_branch_day_of_week_operator.py
[2025-04-18T10:30:29.997+0530] {logging_mixin.py:190} INFO - [2025-04-18T10:30:29.997+0530] {dag.py:3239} INFO - Sync 1 DAGs
[2025-04-18T10:30:30.018+0530] {logging_mixin.py:190} INFO - [2025-04-18T10:30:30.018+0530] {dag.py:4180} INFO - Setting next_dagrun for example_weekday_branch_operator to 2025-04-17 00:00:00+00:00, run_after=2025-04-18 00:00:00+00:00
[2025-04-18T10:30:30.120+0530] {processor.py:208} INFO - Processing /home/prakhar/Desktop/Bootcamp/Python/Airflow-Project/airflowvenv/lib/python3.12/site-packages/airflow/example_dags/example_branch_day_of_week_operator.py took 0.198 seconds
