[2025-04-18T10:17:12.017+0530] {processor.py:186} INFO - Started process (PID=18514) to work on /home/prakhar/Desktop/Bootcamp/Python/Airflow-Project/airflowvenv/lib/python3.12/site-packages/airflow/example_dags/example_trigger_target_dag.py
[2025-04-18T10:17:12.017+0530] {processor.py:914} INFO - Processing file /home/prakhar/Desktop/Bootcamp/Python/Airflow-Project/airflowvenv/lib/python3.12/site-packages/airflow/example_dags/example_trigger_target_dag.py for tasks to queue
[2025-04-18T10:17:12.019+0530] {logging_mixin.py:190} INFO - [2025-04-18T10:17:12.019+0530] {dagbag.py:588} INFO - Filling up the DagBag from /home/prakhar/Desktop/Bootcamp/Python/Airflow-Project/airflowvenv/lib/python3.12/site-packages/airflow/example_dags/example_trigger_target_dag.py
[2025-04-18T10:17:12.031+0530] {processor.py:925} INFO - DAG(s) 'example_trigger_target_dag' retrieved from /home/prakhar/Desktop/Bootcamp/Python/Airflow-Project/airflowvenv/lib/python3.12/site-packages/airflow/example_dags/example_trigger_target_dag.py
[2025-04-18T10:17:12.044+0530] {logging_mixin.py:190} INFO - [2025-04-18T10:17:12.044+0530] {dag.py:3239} INFO - Sync 1 DAGs
[2025-04-18T10:17:12.050+0530] {logging_mixin.py:190} INFO - [2025-04-18T10:17:12.050+0530] {dag.py:4180} INFO - Setting next_dagrun for example_trigger_target_dag to None, run_after=None
[2025-04-18T10:17:12.185+0530] {processor.py:208} INFO - Processing /home/prakhar/Desktop/Bootcamp/Python/Airflow-Project/airflowvenv/lib/python3.12/site-packages/airflow/example_dags/example_trigger_target_dag.py took 0.177 seconds
[2025-04-18T10:18:23.640+0530] {processor.py:186} INFO - Started process (PID=19296) to work on /home/prakhar/Desktop/Bootcamp/Python/Airflow-Project/airflowvenv/lib/python3.12/site-packages/airflow/example_dags/example_trigger_target_dag.py
[2025-04-18T10:18:23.649+0530] {processor.py:914} INFO - Processing file /home/prakhar/Desktop/Bootcamp/Python/Airflow-Project/airflowvenv/lib/python3.12/site-packages/airflow/example_dags/example_trigger_target_dag.py for tasks to queue
[2025-04-18T10:18:23.650+0530] {logging_mixin.py:190} INFO - [2025-04-18T10:18:23.650+0530] {dagbag.py:588} INFO - Filling up the DagBag from /home/prakhar/Desktop/Bootcamp/Python/Airflow-Project/airflowvenv/lib/python3.12/site-packages/airflow/example_dags/example_trigger_target_dag.py
[2025-04-18T10:18:23.658+0530] {processor.py:925} INFO - DAG(s) 'example_trigger_target_dag' retrieved from /home/prakhar/Desktop/Bootcamp/Python/Airflow-Project/airflowvenv/lib/python3.12/site-packages/airflow/example_dags/example_trigger_target_dag.py
[2025-04-18T10:18:23.667+0530] {logging_mixin.py:190} INFO - [2025-04-18T10:18:23.667+0530] {dag.py:3239} INFO - Sync 1 DAGs
[2025-04-18T10:18:23.674+0530] {logging_mixin.py:190} INFO - [2025-04-18T10:18:23.674+0530] {dag.py:4180} INFO - Setting next_dagrun for example_trigger_target_dag to None, run_after=None
[2025-04-18T10:18:23.758+0530] {processor.py:208} INFO - Processing /home/prakhar/Desktop/Bootcamp/Python/Airflow-Project/airflowvenv/lib/python3.12/site-packages/airflow/example_dags/example_trigger_target_dag.py took 0.121 seconds
[2025-04-18T10:19:54.541+0530] {processor.py:186} INFO - Started process (PID=20389) to work on /home/prakhar/Desktop/Bootcamp/Python/Airflow-Project/airflowvenv/lib/python3.12/site-packages/airflow/example_dags/example_trigger_target_dag.py
[2025-04-18T10:19:54.542+0530] {processor.py:914} INFO - Processing file /home/prakhar/Desktop/Bootcamp/Python/Airflow-Project/airflowvenv/lib/python3.12/site-packages/airflow/example_dags/example_trigger_target_dag.py for tasks to queue
[2025-04-18T10:19:54.543+0530] {logging_mixin.py:190} INFO - [2025-04-18T10:19:54.543+0530] {dagbag.py:588} INFO - Filling up the DagBag from /home/prakhar/Desktop/Bootcamp/Python/Airflow-Project/airflowvenv/lib/python3.12/site-packages/airflow/example_dags/example_trigger_target_dag.py
[2025-04-18T10:19:54.551+0530] {processor.py:925} INFO - DAG(s) 'example_trigger_target_dag' retrieved from /home/prakhar/Desktop/Bootcamp/Python/Airflow-Project/airflowvenv/lib/python3.12/site-packages/airflow/example_dags/example_trigger_target_dag.py
[2025-04-18T10:19:54.564+0530] {logging_mixin.py:190} INFO - [2025-04-18T10:19:54.564+0530] {dag.py:3239} INFO - Sync 1 DAGs
[2025-04-18T10:19:54.571+0530] {logging_mixin.py:190} INFO - [2025-04-18T10:19:54.571+0530] {dag.py:4180} INFO - Setting next_dagrun for example_trigger_target_dag to None, run_after=None
[2025-04-18T10:19:54.669+0530] {processor.py:208} INFO - Processing /home/prakhar/Desktop/Bootcamp/Python/Airflow-Project/airflowvenv/lib/python3.12/site-packages/airflow/example_dags/example_trigger_target_dag.py took 0.131 seconds
[2025-04-18T10:21:03.441+0530] {processor.py:186} INFO - Started process (PID=21153) to work on /home/prakhar/Desktop/Bootcamp/Python/Airflow-Project/airflowvenv/lib/python3.12/site-packages/airflow/example_dags/example_trigger_target_dag.py
[2025-04-18T10:21:03.442+0530] {processor.py:914} INFO - Processing file /home/prakhar/Desktop/Bootcamp/Python/Airflow-Project/airflowvenv/lib/python3.12/site-packages/airflow/example_dags/example_trigger_target_dag.py for tasks to queue
[2025-04-18T10:21:03.444+0530] {logging_mixin.py:190} INFO - [2025-04-18T10:21:03.443+0530] {dagbag.py:588} INFO - Filling up the DagBag from /home/prakhar/Desktop/Bootcamp/Python/Airflow-Project/airflowvenv/lib/python3.12/site-packages/airflow/example_dags/example_trigger_target_dag.py
[2025-04-18T10:21:03.449+0530] {processor.py:925} INFO - DAG(s) 'example_trigger_target_dag' retrieved from /home/prakhar/Desktop/Bootcamp/Python/Airflow-Project/airflowvenv/lib/python3.12/site-packages/airflow/example_dags/example_trigger_target_dag.py
[2025-04-18T10:21:03.458+0530] {logging_mixin.py:190} INFO - [2025-04-18T10:21:03.457+0530] {dag.py:3239} INFO - Sync 1 DAGs
[2025-04-18T10:21:03.464+0530] {logging_mixin.py:190} INFO - [2025-04-18T10:21:03.464+0530] {dag.py:4180} INFO - Setting next_dagrun for example_trigger_target_dag to None, run_after=None
[2025-04-18T10:21:03.542+0530] {processor.py:208} INFO - Processing /home/prakhar/Desktop/Bootcamp/Python/Airflow-Project/airflowvenv/lib/python3.12/site-packages/airflow/example_dags/example_trigger_target_dag.py took 0.104 seconds
[2025-04-18T10:21:50.249+0530] {processor.py:186} INFO - Started process (PID=21820) to work on /home/prakhar/Desktop/Bootcamp/Python/Airflow-Project/airflowvenv/lib/python3.12/site-packages/airflow/example_dags/example_trigger_target_dag.py
[2025-04-18T10:21:50.336+0530] {processor.py:914} INFO - Processing file /home/prakhar/Desktop/Bootcamp/Python/Airflow-Project/airflowvenv/lib/python3.12/site-packages/airflow/example_dags/example_trigger_target_dag.py for tasks to queue
[2025-04-18T10:21:50.339+0530] {logging_mixin.py:190} INFO - [2025-04-18T10:21:50.339+0530] {dagbag.py:588} INFO - Filling up the DagBag from /home/prakhar/Desktop/Bootcamp/Python/Airflow-Project/airflowvenv/lib/python3.12/site-packages/airflow/example_dags/example_trigger_target_dag.py
[2025-04-18T10:21:50.353+0530] {processor.py:925} INFO - DAG(s) 'example_trigger_target_dag' retrieved from /home/prakhar/Desktop/Bootcamp/Python/Airflow-Project/airflowvenv/lib/python3.12/site-packages/airflow/example_dags/example_trigger_target_dag.py
[2025-04-18T10:21:50.364+0530] {logging_mixin.py:190} INFO - [2025-04-18T10:21:50.364+0530] {dag.py:3239} INFO - Sync 1 DAGs
[2025-04-18T10:21:50.372+0530] {logging_mixin.py:190} INFO - [2025-04-18T10:21:50.371+0530] {dag.py:4180} INFO - Setting next_dagrun for example_trigger_target_dag to None, run_after=None
[2025-04-18T10:21:50.441+0530] {processor.py:208} INFO - Processing /home/prakhar/Desktop/Bootcamp/Python/Airflow-Project/airflowvenv/lib/python3.12/site-packages/airflow/example_dags/example_trigger_target_dag.py took 0.197 seconds
[2025-04-18T10:22:57.065+0530] {processor.py:186} INFO - Started process (PID=22711) to work on /home/prakhar/Desktop/Bootcamp/Python/Airflow-Project/airflowvenv/lib/python3.12/site-packages/airflow/example_dags/example_trigger_target_dag.py
[2025-04-18T10:22:57.144+0530] {processor.py:914} INFO - Processing file /home/prakhar/Desktop/Bootcamp/Python/Airflow-Project/airflowvenv/lib/python3.12/site-packages/airflow/example_dags/example_trigger_target_dag.py for tasks to queue
[2025-04-18T10:22:57.147+0530] {logging_mixin.py:190} INFO - [2025-04-18T10:22:57.147+0530] {dagbag.py:588} INFO - Filling up the DagBag from /home/prakhar/Desktop/Bootcamp/Python/Airflow-Project/airflowvenv/lib/python3.12/site-packages/airflow/example_dags/example_trigger_target_dag.py
[2025-04-18T10:22:57.161+0530] {processor.py:925} INFO - DAG(s) 'example_trigger_target_dag' retrieved from /home/prakhar/Desktop/Bootcamp/Python/Airflow-Project/airflowvenv/lib/python3.12/site-packages/airflow/example_dags/example_trigger_target_dag.py
[2025-04-18T10:22:57.171+0530] {logging_mixin.py:190} INFO - [2025-04-18T10:22:57.171+0530] {dag.py:3239} INFO - Sync 1 DAGs
[2025-04-18T10:22:57.177+0530] {logging_mixin.py:190} INFO - [2025-04-18T10:22:57.177+0530] {dag.py:4180} INFO - Setting next_dagrun for example_trigger_target_dag to None, run_after=None
[2025-04-18T10:22:57.269+0530] {processor.py:208} INFO - Processing /home/prakhar/Desktop/Bootcamp/Python/Airflow-Project/airflowvenv/lib/python3.12/site-packages/airflow/example_dags/example_trigger_target_dag.py took 0.208 seconds
[2025-04-18T10:24:15.090+0530] {processor.py:186} INFO - Started process (PID=23240) to work on /home/prakhar/Desktop/Bootcamp/Python/Airflow-Project/airflowvenv/lib/python3.12/site-packages/airflow/example_dags/example_trigger_target_dag.py
[2025-04-18T10:24:15.090+0530] {processor.py:914} INFO - Processing file /home/prakhar/Desktop/Bootcamp/Python/Airflow-Project/airflowvenv/lib/python3.12/site-packages/airflow/example_dags/example_trigger_target_dag.py for tasks to queue
[2025-04-18T10:24:15.092+0530] {logging_mixin.py:190} INFO - [2025-04-18T10:24:15.091+0530] {dagbag.py:588} INFO - Filling up the DagBag from /home/prakhar/Desktop/Bootcamp/Python/Airflow-Project/airflowvenv/lib/python3.12/site-packages/airflow/example_dags/example_trigger_target_dag.py
[2025-04-18T10:24:15.097+0530] {processor.py:925} INFO - DAG(s) 'example_trigger_target_dag' retrieved from /home/prakhar/Desktop/Bootcamp/Python/Airflow-Project/airflowvenv/lib/python3.12/site-packages/airflow/example_dags/example_trigger_target_dag.py
[2025-04-18T10:24:15.105+0530] {logging_mixin.py:190} INFO - [2025-04-18T10:24:15.105+0530] {dag.py:3239} INFO - Sync 1 DAGs
[2025-04-18T10:24:15.112+0530] {logging_mixin.py:190} INFO - [2025-04-18T10:24:15.112+0530] {dag.py:4180} INFO - Setting next_dagrun for example_trigger_target_dag to None, run_after=None
[2025-04-18T10:24:15.196+0530] {processor.py:208} INFO - Processing /home/prakhar/Desktop/Bootcamp/Python/Airflow-Project/airflowvenv/lib/python3.12/site-packages/airflow/example_dags/example_trigger_target_dag.py took 0.111 seconds
[2025-04-18T10:25:32.865+0530] {processor.py:186} INFO - Started process (PID=23593) to work on /home/prakhar/Desktop/Bootcamp/Python/Airflow-Project/airflowvenv/lib/python3.12/site-packages/airflow/example_dags/example_trigger_target_dag.py
[2025-04-18T10:25:32.866+0530] {processor.py:914} INFO - Processing file /home/prakhar/Desktop/Bootcamp/Python/Airflow-Project/airflowvenv/lib/python3.12/site-packages/airflow/example_dags/example_trigger_target_dag.py for tasks to queue
[2025-04-18T10:25:32.868+0530] {logging_mixin.py:190} INFO - [2025-04-18T10:25:32.867+0530] {dagbag.py:588} INFO - Filling up the DagBag from /home/prakhar/Desktop/Bootcamp/Python/Airflow-Project/airflowvenv/lib/python3.12/site-packages/airflow/example_dags/example_trigger_target_dag.py
[2025-04-18T10:25:32.875+0530] {processor.py:925} INFO - DAG(s) 'example_trigger_target_dag' retrieved from /home/prakhar/Desktop/Bootcamp/Python/Airflow-Project/airflowvenv/lib/python3.12/site-packages/airflow/example_dags/example_trigger_target_dag.py
[2025-04-18T10:25:32.888+0530] {logging_mixin.py:190} INFO - [2025-04-18T10:25:32.888+0530] {dag.py:3239} INFO - Sync 1 DAGs
[2025-04-18T10:25:32.898+0530] {logging_mixin.py:190} INFO - [2025-04-18T10:25:32.897+0530] {dag.py:4180} INFO - Setting next_dagrun for example_trigger_target_dag to None, run_after=None
[2025-04-18T10:25:32.967+0530] {processor.py:208} INFO - Processing /home/prakhar/Desktop/Bootcamp/Python/Airflow-Project/airflowvenv/lib/python3.12/site-packages/airflow/example_dags/example_trigger_target_dag.py took 0.108 seconds
[2025-04-18T10:26:51.779+0530] {processor.py:186} INFO - Started process (PID=24016) to work on /home/prakhar/Desktop/Bootcamp/Python/Airflow-Project/airflowvenv/lib/python3.12/site-packages/airflow/example_dags/example_trigger_target_dag.py
[2025-04-18T10:26:51.789+0530] {processor.py:914} INFO - Processing file /home/prakhar/Desktop/Bootcamp/Python/Airflow-Project/airflowvenv/lib/python3.12/site-packages/airflow/example_dags/example_trigger_target_dag.py for tasks to queue
[2025-04-18T10:26:51.790+0530] {logging_mixin.py:190} INFO - [2025-04-18T10:26:51.790+0530] {dagbag.py:588} INFO - Filling up the DagBag from /home/prakhar/Desktop/Bootcamp/Python/Airflow-Project/airflowvenv/lib/python3.12/site-packages/airflow/example_dags/example_trigger_target_dag.py
[2025-04-18T10:26:51.796+0530] {processor.py:925} INFO - DAG(s) 'example_trigger_target_dag' retrieved from /home/prakhar/Desktop/Bootcamp/Python/Airflow-Project/airflowvenv/lib/python3.12/site-packages/airflow/example_dags/example_trigger_target_dag.py
[2025-04-18T10:26:51.809+0530] {logging_mixin.py:190} INFO - [2025-04-18T10:26:51.808+0530] {dag.py:3239} INFO - Sync 1 DAGs
[2025-04-18T10:26:51.816+0530] {logging_mixin.py:190} INFO - [2025-04-18T10:26:51.816+0530] {dag.py:4180} INFO - Setting next_dagrun for example_trigger_target_dag to None, run_after=None
[2025-04-18T10:26:51.898+0530] {processor.py:208} INFO - Processing /home/prakhar/Desktop/Bootcamp/Python/Airflow-Project/airflowvenv/lib/python3.12/site-packages/airflow/example_dags/example_trigger_target_dag.py took 0.124 seconds
[2025-04-18T10:28:11.429+0530] {processor.py:186} INFO - Started process (PID=24223) to work on /home/prakhar/Desktop/Bootcamp/Python/Airflow-Project/airflowvenv/lib/python3.12/site-packages/airflow/example_dags/example_trigger_target_dag.py
[2025-04-18T10:28:11.459+0530] {processor.py:914} INFO - Processing file /home/prakhar/Desktop/Bootcamp/Python/Airflow-Project/airflowvenv/lib/python3.12/site-packages/airflow/example_dags/example_trigger_target_dag.py for tasks to queue
[2025-04-18T10:28:11.462+0530] {logging_mixin.py:190} INFO - [2025-04-18T10:28:11.462+0530] {dagbag.py:588} INFO - Filling up the DagBag from /home/prakhar/Desktop/Bootcamp/Python/Airflow-Project/airflowvenv/lib/python3.12/site-packages/airflow/example_dags/example_trigger_target_dag.py
[2025-04-18T10:28:11.468+0530] {processor.py:925} INFO - DAG(s) 'example_trigger_target_dag' retrieved from /home/prakhar/Desktop/Bootcamp/Python/Airflow-Project/airflowvenv/lib/python3.12/site-packages/airflow/example_dags/example_trigger_target_dag.py
[2025-04-18T10:28:11.480+0530] {logging_mixin.py:190} INFO - [2025-04-18T10:28:11.479+0530] {dag.py:3239} INFO - Sync 1 DAGs
[2025-04-18T10:28:11.487+0530] {logging_mixin.py:190} INFO - [2025-04-18T10:28:11.487+0530] {dag.py:4180} INFO - Setting next_dagrun for example_trigger_target_dag to None, run_after=None
[2025-04-18T10:28:11.560+0530] {processor.py:208} INFO - Processing /home/prakhar/Desktop/Bootcamp/Python/Airflow-Project/airflowvenv/lib/python3.12/site-packages/airflow/example_dags/example_trigger_target_dag.py took 0.135 seconds
[2025-04-18T10:29:32.520+0530] {processor.py:186} INFO - Started process (PID=24578) to work on /home/prakhar/Desktop/Bootcamp/Python/Airflow-Project/airflowvenv/lib/python3.12/site-packages/airflow/example_dags/example_trigger_target_dag.py
[2025-04-18T10:29:32.552+0530] {processor.py:914} INFO - Processing file /home/prakhar/Desktop/Bootcamp/Python/Airflow-Project/airflowvenv/lib/python3.12/site-packages/airflow/example_dags/example_trigger_target_dag.py for tasks to queue
[2025-04-18T10:29:32.555+0530] {logging_mixin.py:190} INFO - [2025-04-18T10:29:32.554+0530] {dagbag.py:588} INFO - Filling up the DagBag from /home/prakhar/Desktop/Bootcamp/Python/Airflow-Project/airflowvenv/lib/python3.12/site-packages/airflow/example_dags/example_trigger_target_dag.py
[2025-04-18T10:29:32.567+0530] {processor.py:925} INFO - DAG(s) 'example_trigger_target_dag' retrieved from /home/prakhar/Desktop/Bootcamp/Python/Airflow-Project/airflowvenv/lib/python3.12/site-packages/airflow/example_dags/example_trigger_target_dag.py
[2025-04-18T10:29:32.578+0530] {logging_mixin.py:190} INFO - [2025-04-18T10:29:32.578+0530] {dag.py:3239} INFO - Sync 1 DAGs
[2025-04-18T10:29:32.584+0530] {logging_mixin.py:190} INFO - [2025-04-18T10:29:32.584+0530] {dag.py:4180} INFO - Setting next_dagrun for example_trigger_target_dag to None, run_after=None
[2025-04-18T10:29:32.661+0530] {processor.py:208} INFO - Processing /home/prakhar/Desktop/Bootcamp/Python/Airflow-Project/airflowvenv/lib/python3.12/site-packages/airflow/example_dags/example_trigger_target_dag.py took 0.146 seconds
