[2025-04-18T10:17:38.617+0530] {processor.py:186} INFO - Started process (PID=18713) to work on /home/prakhar/Desktop/Bootcamp/Python/Airflow-Project/airflowvenv/lib/python3.12/site-packages/airflow/example_dags/example_outlet_event_extra.py
[2025-04-18T10:17:38.618+0530] {processor.py:914} INFO - Processing file /home/prakhar/Desktop/Bootcamp/Python/Airflow-Project/airflowvenv/lib/python3.12/site-packages/airflow/example_dags/example_outlet_event_extra.py for tasks to queue
[2025-04-18T10:17:38.619+0530] {logging_mixin.py:190} INFO - [2025-04-18T10:17:38.619+0530] {dagbag.py:588} INFO - Filling up the DagBag from /home/prakhar/Desktop/Bootcamp/Python/Airflow-Project/airflowvenv/lib/python3.12/site-packages/airflow/example_dags/example_outlet_event_extra.py
[2025-04-18T10:17:38.629+0530] {processor.py:925} INFO - DAG(s) 'dataset_with_extra_by_yield', 'dataset_with_extra_by_context', 'dataset_with_extra_from_classic_operator' retrieved from /home/prakhar/Desktop/Bootcamp/Python/Airflow-Project/airflowvenv/lib/python3.12/site-packages/airflow/example_dags/example_outlet_event_extra.py
[2025-04-18T10:17:38.643+0530] {logging_mixin.py:190} INFO - [2025-04-18T10:17:38.643+0530] {dag.py:3239} INFO - Sync 3 DAGs
[2025-04-18T10:17:38.658+0530] {logging_mixin.py:190} INFO - [2025-04-18T10:17:38.658+0530] {dag.py:4180} INFO - Setting next_dagrun for dataset_with_extra_by_context to 2025-04-17 00:00:00+00:00, run_after=2025-04-18 00:00:00+00:00
[2025-04-18T10:17:38.660+0530] {logging_mixin.py:190} INFO - [2025-04-18T10:17:38.660+0530] {dag.py:4180} INFO - Setting next_dagrun for dataset_with_extra_by_yield to 2025-04-17 00:00:00+00:00, run_after=2025-04-18 00:00:00+00:00
[2025-04-18T10:17:38.661+0530] {logging_mixin.py:190} INFO - [2025-04-18T10:17:38.661+0530] {dag.py:4180} INFO - Setting next_dagrun for dataset_with_extra_from_classic_operator to 2025-04-17 00:00:00+00:00, run_after=2025-04-18 00:00:00+00:00
[2025-04-18T10:17:38.772+0530] {processor.py:208} INFO - Processing /home/prakhar/Desktop/Bootcamp/Python/Airflow-Project/airflowvenv/lib/python3.12/site-packages/airflow/example_dags/example_outlet_event_extra.py took 0.159 seconds
[2025-04-18T10:18:55.897+0530] {processor.py:186} INFO - Started process (PID=19631) to work on /home/prakhar/Desktop/Bootcamp/Python/Airflow-Project/airflowvenv/lib/python3.12/site-packages/airflow/example_dags/example_outlet_event_extra.py
[2025-04-18T10:18:55.905+0530] {processor.py:914} INFO - Processing file /home/prakhar/Desktop/Bootcamp/Python/Airflow-Project/airflowvenv/lib/python3.12/site-packages/airflow/example_dags/example_outlet_event_extra.py for tasks to queue
[2025-04-18T10:18:55.906+0530] {logging_mixin.py:190} INFO - [2025-04-18T10:18:55.905+0530] {dagbag.py:588} INFO - Filling up the DagBag from /home/prakhar/Desktop/Bootcamp/Python/Airflow-Project/airflowvenv/lib/python3.12/site-packages/airflow/example_dags/example_outlet_event_extra.py
[2025-04-18T10:18:55.916+0530] {processor.py:925} INFO - DAG(s) 'dataset_with_extra_from_classic_operator', 'dataset_with_extra_by_yield', 'dataset_with_extra_by_context' retrieved from /home/prakhar/Desktop/Bootcamp/Python/Airflow-Project/airflowvenv/lib/python3.12/site-packages/airflow/example_dags/example_outlet_event_extra.py
[2025-04-18T10:18:55.928+0530] {logging_mixin.py:190} INFO - [2025-04-18T10:18:55.928+0530] {dag.py:3239} INFO - Sync 3 DAGs
[2025-04-18T10:18:55.941+0530] {logging_mixin.py:190} INFO - [2025-04-18T10:18:55.941+0530] {dag.py:4180} INFO - Setting next_dagrun for dataset_with_extra_by_context to 2025-04-17 00:00:00+00:00, run_after=2025-04-18 00:00:00+00:00
[2025-04-18T10:18:55.944+0530] {logging_mixin.py:190} INFO - [2025-04-18T10:18:55.944+0530] {dag.py:4180} INFO - Setting next_dagrun for dataset_with_extra_by_yield to 2025-04-17 00:00:00+00:00, run_after=2025-04-18 00:00:00+00:00
[2025-04-18T10:18:55.945+0530] {logging_mixin.py:190} INFO - [2025-04-18T10:18:55.945+0530] {dag.py:4180} INFO - Setting next_dagrun for dataset_with_extra_from_classic_operator to 2025-04-17 00:00:00+00:00, run_after=2025-04-18 00:00:00+00:00
[2025-04-18T10:18:56.039+0530] {processor.py:208} INFO - Processing /home/prakhar/Desktop/Bootcamp/Python/Airflow-Project/airflowvenv/lib/python3.12/site-packages/airflow/example_dags/example_outlet_event_extra.py took 0.145 seconds
[2025-04-18T10:20:17.481+0530] {processor.py:186} INFO - Started process (PID=20580) to work on /home/prakhar/Desktop/Bootcamp/Python/Airflow-Project/airflowvenv/lib/python3.12/site-packages/airflow/example_dags/example_outlet_event_extra.py
[2025-04-18T10:20:17.523+0530] {processor.py:914} INFO - Processing file /home/prakhar/Desktop/Bootcamp/Python/Airflow-Project/airflowvenv/lib/python3.12/site-packages/airflow/example_dags/example_outlet_event_extra.py for tasks to queue
[2025-04-18T10:20:17.526+0530] {logging_mixin.py:190} INFO - [2025-04-18T10:20:17.526+0530] {dagbag.py:588} INFO - Filling up the DagBag from /home/prakhar/Desktop/Bootcamp/Python/Airflow-Project/airflowvenv/lib/python3.12/site-packages/airflow/example_dags/example_outlet_event_extra.py
[2025-04-18T10:20:17.546+0530] {processor.py:925} INFO - DAG(s) 'dataset_with_extra_by_yield', 'dataset_with_extra_by_context', 'dataset_with_extra_from_classic_operator' retrieved from /home/prakhar/Desktop/Bootcamp/Python/Airflow-Project/airflowvenv/lib/python3.12/site-packages/airflow/example_dags/example_outlet_event_extra.py
[2025-04-18T10:20:17.559+0530] {logging_mixin.py:190} INFO - [2025-04-18T10:20:17.558+0530] {dag.py:3239} INFO - Sync 3 DAGs
[2025-04-18T10:20:17.570+0530] {logging_mixin.py:190} INFO - [2025-04-18T10:20:17.570+0530] {dag.py:4180} INFO - Setting next_dagrun for dataset_with_extra_by_context to 2025-04-17 00:00:00+00:00, run_after=2025-04-18 00:00:00+00:00
[2025-04-18T10:20:17.572+0530] {logging_mixin.py:190} INFO - [2025-04-18T10:20:17.572+0530] {dag.py:4180} INFO - Setting next_dagrun for dataset_with_extra_by_yield to 2025-04-17 00:00:00+00:00, run_after=2025-04-18 00:00:00+00:00
[2025-04-18T10:20:17.573+0530] {logging_mixin.py:190} INFO - [2025-04-18T10:20:17.573+0530] {dag.py:4180} INFO - Setting next_dagrun for dataset_with_extra_from_classic_operator to 2025-04-17 00:00:00+00:00, run_after=2025-04-18 00:00:00+00:00
[2025-04-18T10:20:17.651+0530] {processor.py:208} INFO - Processing /home/prakhar/Desktop/Bootcamp/Python/Airflow-Project/airflowvenv/lib/python3.12/site-packages/airflow/example_dags/example_outlet_event_extra.py took 0.173 seconds
[2025-04-18T10:21:50.669+0530] {processor.py:186} INFO - Started process (PID=21821) to work on /home/prakhar/Desktop/Bootcamp/Python/Airflow-Project/airflowvenv/lib/python3.12/site-packages/airflow/example_dags/example_outlet_event_extra.py
[2025-04-18T10:21:50.682+0530] {processor.py:914} INFO - Processing file /home/prakhar/Desktop/Bootcamp/Python/Airflow-Project/airflowvenv/lib/python3.12/site-packages/airflow/example_dags/example_outlet_event_extra.py for tasks to queue
[2025-04-18T10:21:50.685+0530] {logging_mixin.py:190} INFO - [2025-04-18T10:21:50.684+0530] {dagbag.py:588} INFO - Filling up the DagBag from /home/prakhar/Desktop/Bootcamp/Python/Airflow-Project/airflowvenv/lib/python3.12/site-packages/airflow/example_dags/example_outlet_event_extra.py
[2025-04-18T10:21:50.698+0530] {processor.py:925} INFO - DAG(s) 'dataset_with_extra_by_context', 'dataset_with_extra_from_classic_operator', 'dataset_with_extra_by_yield' retrieved from /home/prakhar/Desktop/Bootcamp/Python/Airflow-Project/airflowvenv/lib/python3.12/site-packages/airflow/example_dags/example_outlet_event_extra.py
[2025-04-18T10:21:50.711+0530] {logging_mixin.py:190} INFO - [2025-04-18T10:21:50.711+0530] {dag.py:3239} INFO - Sync 3 DAGs
[2025-04-18T10:21:50.722+0530] {logging_mixin.py:190} INFO - [2025-04-18T10:21:50.722+0530] {dag.py:4180} INFO - Setting next_dagrun for dataset_with_extra_by_context to 2025-04-17 00:00:00+00:00, run_after=2025-04-18 00:00:00+00:00
[2025-04-18T10:21:50.724+0530] {logging_mixin.py:190} INFO - [2025-04-18T10:21:50.724+0530] {dag.py:4180} INFO - Setting next_dagrun for dataset_with_extra_by_yield to 2025-04-17 00:00:00+00:00, run_after=2025-04-18 00:00:00+00:00
[2025-04-18T10:21:50.725+0530] {logging_mixin.py:190} INFO - [2025-04-18T10:21:50.725+0530] {dag.py:4180} INFO - Setting next_dagrun for dataset_with_extra_from_classic_operator to 2025-04-17 00:00:00+00:00, run_after=2025-04-18 00:00:00+00:00
[2025-04-18T10:21:50.805+0530] {processor.py:208} INFO - Processing /home/prakhar/Desktop/Bootcamp/Python/Airflow-Project/airflowvenv/lib/python3.12/site-packages/airflow/example_dags/example_outlet_event_extra.py took 0.140 seconds
[2025-04-18T10:23:20.875+0530] {processor.py:186} INFO - Started process (PID=22830) to work on /home/prakhar/Desktop/Bootcamp/Python/Airflow-Project/airflowvenv/lib/python3.12/site-packages/airflow/example_dags/example_outlet_event_extra.py
[2025-04-18T10:23:20.878+0530] {processor.py:914} INFO - Processing file /home/prakhar/Desktop/Bootcamp/Python/Airflow-Project/airflowvenv/lib/python3.12/site-packages/airflow/example_dags/example_outlet_event_extra.py for tasks to queue
[2025-04-18T10:23:20.879+0530] {logging_mixin.py:190} INFO - [2025-04-18T10:23:20.879+0530] {dagbag.py:588} INFO - Filling up the DagBag from /home/prakhar/Desktop/Bootcamp/Python/Airflow-Project/airflowvenv/lib/python3.12/site-packages/airflow/example_dags/example_outlet_event_extra.py
[2025-04-18T10:23:20.889+0530] {processor.py:925} INFO - DAG(s) 'dataset_with_extra_by_context', 'dataset_with_extra_from_classic_operator', 'dataset_with_extra_by_yield' retrieved from /home/prakhar/Desktop/Bootcamp/Python/Airflow-Project/airflowvenv/lib/python3.12/site-packages/airflow/example_dags/example_outlet_event_extra.py
[2025-04-18T10:23:20.902+0530] {logging_mixin.py:190} INFO - [2025-04-18T10:23:20.901+0530] {dag.py:3239} INFO - Sync 3 DAGs
[2025-04-18T10:23:20.915+0530] {logging_mixin.py:190} INFO - [2025-04-18T10:23:20.915+0530] {dag.py:4180} INFO - Setting next_dagrun for dataset_with_extra_by_context to 2025-04-17 00:00:00+00:00, run_after=2025-04-18 00:00:00+00:00
[2025-04-18T10:23:20.917+0530] {logging_mixin.py:190} INFO - [2025-04-18T10:23:20.917+0530] {dag.py:4180} INFO - Setting next_dagrun for dataset_with_extra_by_yield to 2025-04-17 00:00:00+00:00, run_after=2025-04-18 00:00:00+00:00
[2025-04-18T10:23:20.919+0530] {logging_mixin.py:190} INFO - [2025-04-18T10:23:20.919+0530] {dag.py:4180} INFO - Setting next_dagrun for dataset_with_extra_from_classic_operator to 2025-04-17 00:00:00+00:00, run_after=2025-04-18 00:00:00+00:00
[2025-04-18T10:23:20.988+0530] {processor.py:208} INFO - Processing /home/prakhar/Desktop/Bootcamp/Python/Airflow-Project/airflowvenv/lib/python3.12/site-packages/airflow/example_dags/example_outlet_event_extra.py took 0.117 seconds
[2025-04-18T10:24:38.941+0530] {processor.py:186} INFO - Started process (PID=23338) to work on /home/prakhar/Desktop/Bootcamp/Python/Airflow-Project/airflowvenv/lib/python3.12/site-packages/airflow/example_dags/example_outlet_event_extra.py
[2025-04-18T10:24:38.980+0530] {processor.py:914} INFO - Processing file /home/prakhar/Desktop/Bootcamp/Python/Airflow-Project/airflowvenv/lib/python3.12/site-packages/airflow/example_dags/example_outlet_event_extra.py for tasks to queue
[2025-04-18T10:24:38.981+0530] {logging_mixin.py:190} INFO - [2025-04-18T10:24:38.981+0530] {dagbag.py:588} INFO - Filling up the DagBag from /home/prakhar/Desktop/Bootcamp/Python/Airflow-Project/airflowvenv/lib/python3.12/site-packages/airflow/example_dags/example_outlet_event_extra.py
[2025-04-18T10:24:38.991+0530] {processor.py:925} INFO - DAG(s) 'dataset_with_extra_by_yield', 'dataset_with_extra_by_context', 'dataset_with_extra_from_classic_operator' retrieved from /home/prakhar/Desktop/Bootcamp/Python/Airflow-Project/airflowvenv/lib/python3.12/site-packages/airflow/example_dags/example_outlet_event_extra.py
[2025-04-18T10:24:39.003+0530] {logging_mixin.py:190} INFO - [2025-04-18T10:24:39.002+0530] {dag.py:3239} INFO - Sync 3 DAGs
[2025-04-18T10:24:39.014+0530] {logging_mixin.py:190} INFO - [2025-04-18T10:24:39.014+0530] {dag.py:4180} INFO - Setting next_dagrun for dataset_with_extra_by_context to 2025-04-17 00:00:00+00:00, run_after=2025-04-18 00:00:00+00:00
[2025-04-18T10:24:39.017+0530] {logging_mixin.py:190} INFO - [2025-04-18T10:24:39.017+0530] {dag.py:4180} INFO - Setting next_dagrun for dataset_with_extra_by_yield to 2025-04-17 00:00:00+00:00, run_after=2025-04-18 00:00:00+00:00
[2025-04-18T10:24:39.018+0530] {logging_mixin.py:190} INFO - [2025-04-18T10:24:39.018+0530] {dag.py:4180} INFO - Setting next_dagrun for dataset_with_extra_from_classic_operator to 2025-04-17 00:00:00+00:00, run_after=2025-04-18 00:00:00+00:00
[2025-04-18T10:24:39.085+0530] {processor.py:208} INFO - Processing /home/prakhar/Desktop/Bootcamp/Python/Airflow-Project/airflowvenv/lib/python3.12/site-packages/airflow/example_dags/example_outlet_event_extra.py took 0.148 seconds
[2025-04-18T10:25:56.014+0530] {processor.py:186} INFO - Started process (PID=23823) to work on /home/prakhar/Desktop/Bootcamp/Python/Airflow-Project/airflowvenv/lib/python3.12/site-packages/airflow/example_dags/example_outlet_event_extra.py
[2025-04-18T10:25:56.045+0530] {processor.py:914} INFO - Processing file /home/prakhar/Desktop/Bootcamp/Python/Airflow-Project/airflowvenv/lib/python3.12/site-packages/airflow/example_dags/example_outlet_event_extra.py for tasks to queue
[2025-04-18T10:25:56.049+0530] {logging_mixin.py:190} INFO - [2025-04-18T10:25:56.048+0530] {dagbag.py:588} INFO - Filling up the DagBag from /home/prakhar/Desktop/Bootcamp/Python/Airflow-Project/airflowvenv/lib/python3.12/site-packages/airflow/example_dags/example_outlet_event_extra.py
[2025-04-18T10:25:56.066+0530] {processor.py:925} INFO - DAG(s) 'dataset_with_extra_from_classic_operator', 'dataset_with_extra_by_context', 'dataset_with_extra_by_yield' retrieved from /home/prakhar/Desktop/Bootcamp/Python/Airflow-Project/airflowvenv/lib/python3.12/site-packages/airflow/example_dags/example_outlet_event_extra.py
[2025-04-18T10:25:56.077+0530] {logging_mixin.py:190} INFO - [2025-04-18T10:25:56.077+0530] {dag.py:3239} INFO - Sync 3 DAGs
[2025-04-18T10:25:56.089+0530] {logging_mixin.py:190} INFO - [2025-04-18T10:25:56.089+0530] {dag.py:4180} INFO - Setting next_dagrun for dataset_with_extra_by_context to 2025-04-17 00:00:00+00:00, run_after=2025-04-18 00:00:00+00:00
[2025-04-18T10:25:56.091+0530] {logging_mixin.py:190} INFO - [2025-04-18T10:25:56.091+0530] {dag.py:4180} INFO - Setting next_dagrun for dataset_with_extra_by_yield to 2025-04-17 00:00:00+00:00, run_after=2025-04-18 00:00:00+00:00
[2025-04-18T10:25:56.092+0530] {logging_mixin.py:190} INFO - [2025-04-18T10:25:56.092+0530] {dag.py:4180} INFO - Setting next_dagrun for dataset_with_extra_from_classic_operator to 2025-04-17 00:00:00+00:00, run_after=2025-04-18 00:00:00+00:00
[2025-04-18T10:25:56.175+0530] {processor.py:208} INFO - Processing /home/prakhar/Desktop/Bootcamp/Python/Airflow-Project/airflowvenv/lib/python3.12/site-packages/airflow/example_dags/example_outlet_event_extra.py took 0.165 seconds
[2025-04-18T10:27:16.764+0530] {processor.py:186} INFO - Started process (PID=24074) to work on /home/prakhar/Desktop/Bootcamp/Python/Airflow-Project/airflowvenv/lib/python3.12/site-packages/airflow/example_dags/example_outlet_event_extra.py
[2025-04-18T10:27:16.798+0530] {processor.py:914} INFO - Processing file /home/prakhar/Desktop/Bootcamp/Python/Airflow-Project/airflowvenv/lib/python3.12/site-packages/airflow/example_dags/example_outlet_event_extra.py for tasks to queue
[2025-04-18T10:27:16.800+0530] {logging_mixin.py:190} INFO - [2025-04-18T10:27:16.800+0530] {dagbag.py:588} INFO - Filling up the DagBag from /home/prakhar/Desktop/Bootcamp/Python/Airflow-Project/airflowvenv/lib/python3.12/site-packages/airflow/example_dags/example_outlet_event_extra.py
[2025-04-18T10:27:16.817+0530] {processor.py:925} INFO - DAG(s) 'dataset_with_extra_by_context', 'dataset_with_extra_from_classic_operator', 'dataset_with_extra_by_yield' retrieved from /home/prakhar/Desktop/Bootcamp/Python/Airflow-Project/airflowvenv/lib/python3.12/site-packages/airflow/example_dags/example_outlet_event_extra.py
[2025-04-18T10:27:16.830+0530] {logging_mixin.py:190} INFO - [2025-04-18T10:27:16.830+0530] {dag.py:3239} INFO - Sync 3 DAGs
[2025-04-18T10:27:16.844+0530] {logging_mixin.py:190} INFO - [2025-04-18T10:27:16.844+0530] {dag.py:4180} INFO - Setting next_dagrun for dataset_with_extra_by_context to 2025-04-17 00:00:00+00:00, run_after=2025-04-18 00:00:00+00:00
[2025-04-18T10:27:16.847+0530] {logging_mixin.py:190} INFO - [2025-04-18T10:27:16.847+0530] {dag.py:4180} INFO - Setting next_dagrun for dataset_with_extra_by_yield to 2025-04-17 00:00:00+00:00, run_after=2025-04-18 00:00:00+00:00
[2025-04-18T10:27:16.848+0530] {logging_mixin.py:190} INFO - [2025-04-18T10:27:16.848+0530] {dag.py:4180} INFO - Setting next_dagrun for dataset_with_extra_from_classic_operator to 2025-04-17 00:00:00+00:00, run_after=2025-04-18 00:00:00+00:00
[2025-04-18T10:27:16.920+0530] {processor.py:208} INFO - Processing /home/prakhar/Desktop/Bootcamp/Python/Airflow-Project/airflowvenv/lib/python3.12/site-packages/airflow/example_dags/example_outlet_event_extra.py took 0.160 seconds
[2025-04-18T10:28:35.895+0530] {processor.py:186} INFO - Started process (PID=24316) to work on /home/prakhar/Desktop/Bootcamp/Python/Airflow-Project/airflowvenv/lib/python3.12/site-packages/airflow/example_dags/example_outlet_event_extra.py
[2025-04-18T10:28:35.896+0530] {processor.py:914} INFO - Processing file /home/prakhar/Desktop/Bootcamp/Python/Airflow-Project/airflowvenv/lib/python3.12/site-packages/airflow/example_dags/example_outlet_event_extra.py for tasks to queue
[2025-04-18T10:28:35.898+0530] {logging_mixin.py:190} INFO - [2025-04-18T10:28:35.897+0530] {dagbag.py:588} INFO - Filling up the DagBag from /home/prakhar/Desktop/Bootcamp/Python/Airflow-Project/airflowvenv/lib/python3.12/site-packages/airflow/example_dags/example_outlet_event_extra.py
[2025-04-18T10:28:35.907+0530] {processor.py:925} INFO - DAG(s) 'dataset_with_extra_by_yield', 'dataset_with_extra_from_classic_operator', 'dataset_with_extra_by_context' retrieved from /home/prakhar/Desktop/Bootcamp/Python/Airflow-Project/airflowvenv/lib/python3.12/site-packages/airflow/example_dags/example_outlet_event_extra.py
[2025-04-18T10:28:35.920+0530] {logging_mixin.py:190} INFO - [2025-04-18T10:28:35.919+0530] {dag.py:3239} INFO - Sync 3 DAGs
[2025-04-18T10:28:35.931+0530] {logging_mixin.py:190} INFO - [2025-04-18T10:28:35.930+0530] {dag.py:4180} INFO - Setting next_dagrun for dataset_with_extra_by_context to 2025-04-17 00:00:00+00:00, run_after=2025-04-18 00:00:00+00:00
[2025-04-18T10:28:35.933+0530] {logging_mixin.py:190} INFO - [2025-04-18T10:28:35.933+0530] {dag.py:4180} INFO - Setting next_dagrun for dataset_with_extra_by_yield to 2025-04-17 00:00:00+00:00, run_after=2025-04-18 00:00:00+00:00
[2025-04-18T10:28:35.934+0530] {logging_mixin.py:190} INFO - [2025-04-18T10:28:35.934+0530] {dag.py:4180} INFO - Setting next_dagrun for dataset_with_extra_from_classic_operator to 2025-04-17 00:00:00+00:00, run_after=2025-04-18 00:00:00+00:00
[2025-04-18T10:28:36.004+0530] {processor.py:208} INFO - Processing /home/prakhar/Desktop/Bootcamp/Python/Airflow-Project/airflowvenv/lib/python3.12/site-packages/airflow/example_dags/example_outlet_event_extra.py took 0.115 seconds
[2025-04-18T10:29:55.282+0530] {processor.py:186} INFO - Started process (PID=24754) to work on /home/prakhar/Desktop/Bootcamp/Python/Airflow-Project/airflowvenv/lib/python3.12/site-packages/airflow/example_dags/example_outlet_event_extra.py
[2025-04-18T10:29:55.283+0530] {processor.py:914} INFO - Processing file /home/prakhar/Desktop/Bootcamp/Python/Airflow-Project/airflowvenv/lib/python3.12/site-packages/airflow/example_dags/example_outlet_event_extra.py for tasks to queue
[2025-04-18T10:29:55.285+0530] {logging_mixin.py:190} INFO - [2025-04-18T10:29:55.284+0530] {dagbag.py:588} INFO - Filling up the DagBag from /home/prakhar/Desktop/Bootcamp/Python/Airflow-Project/airflowvenv/lib/python3.12/site-packages/airflow/example_dags/example_outlet_event_extra.py
[2025-04-18T10:29:55.296+0530] {processor.py:925} INFO - DAG(s) 'dataset_with_extra_from_classic_operator', 'dataset_with_extra_by_yield', 'dataset_with_extra_by_context' retrieved from /home/prakhar/Desktop/Bootcamp/Python/Airflow-Project/airflowvenv/lib/python3.12/site-packages/airflow/example_dags/example_outlet_event_extra.py
[2025-04-18T10:29:55.308+0530] {logging_mixin.py:190} INFO - [2025-04-18T10:29:55.308+0530] {dag.py:3239} INFO - Sync 3 DAGs
[2025-04-18T10:29:55.319+0530] {logging_mixin.py:190} INFO - [2025-04-18T10:29:55.319+0530] {dag.py:4180} INFO - Setting next_dagrun for dataset_with_extra_by_context to 2025-04-17 00:00:00+00:00, run_after=2025-04-18 00:00:00+00:00
[2025-04-18T10:29:55.321+0530] {logging_mixin.py:190} INFO - [2025-04-18T10:29:55.321+0530] {dag.py:4180} INFO - Setting next_dagrun for dataset_with_extra_by_yield to 2025-04-17 00:00:00+00:00, run_after=2025-04-18 00:00:00+00:00
[2025-04-18T10:29:55.322+0530] {logging_mixin.py:190} INFO - [2025-04-18T10:29:55.322+0530] {dag.py:4180} INFO - Setting next_dagrun for dataset_with_extra_from_classic_operator to 2025-04-17 00:00:00+00:00, run_after=2025-04-18 00:00:00+00:00
[2025-04-18T10:29:55.436+0530] {processor.py:208} INFO - Processing /home/prakhar/Desktop/Bootcamp/Python/Airflow-Project/airflowvenv/lib/python3.12/site-packages/airflow/example_dags/example_outlet_event_extra.py took 0.165 seconds
