[2025-04-18T10:18:03.209+0530] {processor.py:186} INFO - Started process (PID=19016) to work on /home/prakhar/Desktop/Bootcamp/Python/Airflow-Project/airflowvenv/lib/python3.12/site-packages/airflow/example_dags/example_branch_datetime_operator.py
[2025-04-18T10:18:03.210+0530] {processor.py:914} INFO - Processing file /home/prakhar/Desktop/Bootcamp/Python/Airflow-Project/airflowvenv/lib/python3.12/site-packages/airflow/example_dags/example_branch_datetime_operator.py for tasks to queue
[2025-04-18T10:18:03.210+0530] {logging_mixin.py:190} INFO - [2025-04-18T10:18:03.210+0530] {dagbag.py:588} INFO - Filling up the DagBag from /home/prakhar/Desktop/Bootcamp/Python/Airflow-Project/airflowvenv/lib/python3.12/site-packages/airflow/example_dags/example_branch_datetime_operator.py
[2025-04-18T10:18:03.219+0530] {processor.py:925} INFO - DAG(s) 'example_branch_datetime_operator_3', 'example_branch_datetime_operator_2', 'example_branch_datetime_operator' retrieved from /home/prakhar/Desktop/Bootcamp/Python/Airflow-Project/airflowvenv/lib/python3.12/site-packages/airflow/example_dags/example_branch_datetime_operator.py
[2025-04-18T10:18:03.232+0530] {logging_mixin.py:190} INFO - [2025-04-18T10:18:03.231+0530] {dag.py:3239} INFO - Sync 3 DAGs
[2025-04-18T10:18:03.244+0530] {logging_mixin.py:190} INFO - [2025-04-18T10:18:03.243+0530] {dag.py:4180} INFO - Setting next_dagrun for example_branch_datetime_operator to 2025-04-17 00:00:00+00:00, run_after=2025-04-18 00:00:00+00:00
[2025-04-18T10:18:03.246+0530] {logging_mixin.py:190} INFO - [2025-04-18T10:18:03.246+0530] {dag.py:4180} INFO - Setting next_dagrun for example_branch_datetime_operator_2 to 2025-04-17 00:00:00+00:00, run_after=2025-04-18 00:00:00+00:00
[2025-04-18T10:18:03.247+0530] {logging_mixin.py:190} INFO - [2025-04-18T10:18:03.247+0530] {dag.py:4180} INFO - Setting next_dagrun for example_branch_datetime_operator_3 to 2025-04-17 00:00:00+00:00, run_after=2025-04-18 00:00:00+00:00
[2025-04-18T10:18:03.343+0530] {processor.py:208} INFO - Processing /home/prakhar/Desktop/Bootcamp/Python/Airflow-Project/airflowvenv/lib/python3.12/site-packages/airflow/example_dags/example_branch_datetime_operator.py took 0.138 seconds
[2025-04-18T10:19:23.948+0530] {processor.py:186} INFO - Started process (PID=20038) to work on /home/prakhar/Desktop/Bootcamp/Python/Airflow-Project/airflowvenv/lib/python3.12/site-packages/airflow/example_dags/example_branch_datetime_operator.py
[2025-04-18T10:19:23.986+0530] {processor.py:914} INFO - Processing file /home/prakhar/Desktop/Bootcamp/Python/Airflow-Project/airflowvenv/lib/python3.12/site-packages/airflow/example_dags/example_branch_datetime_operator.py for tasks to queue
[2025-04-18T10:19:23.988+0530] {logging_mixin.py:190} INFO - [2025-04-18T10:19:23.987+0530] {dagbag.py:588} INFO - Filling up the DagBag from /home/prakhar/Desktop/Bootcamp/Python/Airflow-Project/airflowvenv/lib/python3.12/site-packages/airflow/example_dags/example_branch_datetime_operator.py
[2025-04-18T10:19:24.008+0530] {processor.py:925} INFO - DAG(s) 'example_branch_datetime_operator_3', 'example_branch_datetime_operator_2', 'example_branch_datetime_operator' retrieved from /home/prakhar/Desktop/Bootcamp/Python/Airflow-Project/airflowvenv/lib/python3.12/site-packages/airflow/example_dags/example_branch_datetime_operator.py
[2025-04-18T10:19:24.024+0530] {logging_mixin.py:190} INFO - [2025-04-18T10:19:24.024+0530] {dag.py:3239} INFO - Sync 3 DAGs
[2025-04-18T10:19:24.038+0530] {logging_mixin.py:190} INFO - [2025-04-18T10:19:24.037+0530] {dag.py:4180} INFO - Setting next_dagrun for example_branch_datetime_operator to 2025-04-17 00:00:00+00:00, run_after=2025-04-18 00:00:00+00:00
[2025-04-18T10:19:24.040+0530] {logging_mixin.py:190} INFO - [2025-04-18T10:19:24.040+0530] {dag.py:4180} INFO - Setting next_dagrun for example_branch_datetime_operator_2 to 2025-04-17 00:00:00+00:00, run_after=2025-04-18 00:00:00+00:00
[2025-04-18T10:19:24.041+0530] {logging_mixin.py:190} INFO - [2025-04-18T10:19:24.041+0530] {dag.py:4180} INFO - Setting next_dagrun for example_branch_datetime_operator_3 to 2025-04-17 00:00:00+00:00, run_after=2025-04-18 00:00:00+00:00
[2025-04-18T10:19:24.111+0530] {processor.py:208} INFO - Processing /home/prakhar/Desktop/Bootcamp/Python/Airflow-Project/airflowvenv/lib/python3.12/site-packages/airflow/example_dags/example_branch_datetime_operator.py took 0.166 seconds
[2025-04-18T10:20:44.902+0530] {processor.py:186} INFO - Started process (PID=20944) to work on /home/prakhar/Desktop/Bootcamp/Python/Airflow-Project/airflowvenv/lib/python3.12/site-packages/airflow/example_dags/example_branch_datetime_operator.py
[2025-04-18T10:20:44.906+0530] {processor.py:914} INFO - Processing file /home/prakhar/Desktop/Bootcamp/Python/Airflow-Project/airflowvenv/lib/python3.12/site-packages/airflow/example_dags/example_branch_datetime_operator.py for tasks to queue
[2025-04-18T10:20:44.907+0530] {logging_mixin.py:190} INFO - [2025-04-18T10:20:44.907+0530] {dagbag.py:588} INFO - Filling up the DagBag from /home/prakhar/Desktop/Bootcamp/Python/Airflow-Project/airflowvenv/lib/python3.12/site-packages/airflow/example_dags/example_branch_datetime_operator.py
[2025-04-18T10:20:44.919+0530] {processor.py:925} INFO - DAG(s) 'example_branch_datetime_operator_2', 'example_branch_datetime_operator', 'example_branch_datetime_operator_3' retrieved from /home/prakhar/Desktop/Bootcamp/Python/Airflow-Project/airflowvenv/lib/python3.12/site-packages/airflow/example_dags/example_branch_datetime_operator.py
[2025-04-18T10:20:44.931+0530] {logging_mixin.py:190} INFO - [2025-04-18T10:20:44.931+0530] {dag.py:3239} INFO - Sync 3 DAGs
[2025-04-18T10:20:44.942+0530] {logging_mixin.py:190} INFO - [2025-04-18T10:20:44.942+0530] {dag.py:4180} INFO - Setting next_dagrun for example_branch_datetime_operator to 2025-04-17 00:00:00+00:00, run_after=2025-04-18 00:00:00+00:00
[2025-04-18T10:20:44.944+0530] {logging_mixin.py:190} INFO - [2025-04-18T10:20:44.944+0530] {dag.py:4180} INFO - Setting next_dagrun for example_branch_datetime_operator_2 to 2025-04-17 00:00:00+00:00, run_after=2025-04-18 00:00:00+00:00
[2025-04-18T10:20:44.945+0530] {logging_mixin.py:190} INFO - [2025-04-18T10:20:44.945+0530] {dag.py:4180} INFO - Setting next_dagrun for example_branch_datetime_operator_3 to 2025-04-17 00:00:00+00:00, run_after=2025-04-18 00:00:00+00:00
[2025-04-18T10:20:45.028+0530] {processor.py:208} INFO - Processing /home/prakhar/Desktop/Bootcamp/Python/Airflow-Project/airflowvenv/lib/python3.12/site-packages/airflow/example_dags/example_branch_datetime_operator.py took 0.129 seconds
[2025-04-18T10:22:21.333+0530] {processor.py:186} INFO - Started process (PID=22119) to work on /home/prakhar/Desktop/Bootcamp/Python/Airflow-Project/airflowvenv/lib/python3.12/site-packages/airflow/example_dags/example_branch_datetime_operator.py
[2025-04-18T10:22:21.343+0530] {processor.py:914} INFO - Processing file /home/prakhar/Desktop/Bootcamp/Python/Airflow-Project/airflowvenv/lib/python3.12/site-packages/airflow/example_dags/example_branch_datetime_operator.py for tasks to queue
[2025-04-18T10:22:21.346+0530] {logging_mixin.py:190} INFO - [2025-04-18T10:22:21.345+0530] {dagbag.py:588} INFO - Filling up the DagBag from /home/prakhar/Desktop/Bootcamp/Python/Airflow-Project/airflowvenv/lib/python3.12/site-packages/airflow/example_dags/example_branch_datetime_operator.py
[2025-04-18T10:22:21.359+0530] {processor.py:925} INFO - DAG(s) 'example_branch_datetime_operator_2', 'example_branch_datetime_operator', 'example_branch_datetime_operator_3' retrieved from /home/prakhar/Desktop/Bootcamp/Python/Airflow-Project/airflowvenv/lib/python3.12/site-packages/airflow/example_dags/example_branch_datetime_operator.py
[2025-04-18T10:22:21.371+0530] {logging_mixin.py:190} INFO - [2025-04-18T10:22:21.371+0530] {dag.py:3239} INFO - Sync 3 DAGs
[2025-04-18T10:22:21.383+0530] {logging_mixin.py:190} INFO - [2025-04-18T10:22:21.382+0530] {dag.py:4180} INFO - Setting next_dagrun for example_branch_datetime_operator to 2025-04-17 00:00:00+00:00, run_after=2025-04-18 00:00:00+00:00
[2025-04-18T10:22:21.385+0530] {logging_mixin.py:190} INFO - [2025-04-18T10:22:21.385+0530] {dag.py:4180} INFO - Setting next_dagrun for example_branch_datetime_operator_2 to 2025-04-17 00:00:00+00:00, run_after=2025-04-18 00:00:00+00:00
[2025-04-18T10:22:21.386+0530] {logging_mixin.py:190} INFO - [2025-04-18T10:22:21.386+0530] {dag.py:4180} INFO - Setting next_dagrun for example_branch_datetime_operator_3 to 2025-04-17 00:00:00+00:00, run_after=2025-04-18 00:00:00+00:00
[2025-04-18T10:22:21.477+0530] {processor.py:208} INFO - Processing /home/prakhar/Desktop/Bootcamp/Python/Airflow-Project/airflowvenv/lib/python3.12/site-packages/airflow/example_dags/example_branch_datetime_operator.py took 0.150 seconds
[2025-04-18T10:24:00.624+0530] {processor.py:186} INFO - Started process (PID=23102) to work on /home/prakhar/Desktop/Bootcamp/Python/Airflow-Project/airflowvenv/lib/python3.12/site-packages/airflow/example_dags/example_branch_datetime_operator.py
[2025-04-18T10:24:00.625+0530] {processor.py:914} INFO - Processing file /home/prakhar/Desktop/Bootcamp/Python/Airflow-Project/airflowvenv/lib/python3.12/site-packages/airflow/example_dags/example_branch_datetime_operator.py for tasks to queue
[2025-04-18T10:24:00.626+0530] {logging_mixin.py:190} INFO - [2025-04-18T10:24:00.626+0530] {dagbag.py:588} INFO - Filling up the DagBag from /home/prakhar/Desktop/Bootcamp/Python/Airflow-Project/airflowvenv/lib/python3.12/site-packages/airflow/example_dags/example_branch_datetime_operator.py
[2025-04-18T10:24:00.635+0530] {processor.py:925} INFO - DAG(s) 'example_branch_datetime_operator', 'example_branch_datetime_operator_3', 'example_branch_datetime_operator_2' retrieved from /home/prakhar/Desktop/Bootcamp/Python/Airflow-Project/airflowvenv/lib/python3.12/site-packages/airflow/example_dags/example_branch_datetime_operator.py
[2025-04-18T10:24:00.646+0530] {logging_mixin.py:190} INFO - [2025-04-18T10:24:00.646+0530] {dag.py:3239} INFO - Sync 3 DAGs
[2025-04-18T10:24:00.657+0530] {logging_mixin.py:190} INFO - [2025-04-18T10:24:00.657+0530] {dag.py:4180} INFO - Setting next_dagrun for example_branch_datetime_operator to 2025-04-17 00:00:00+00:00, run_after=2025-04-18 00:00:00+00:00
[2025-04-18T10:24:00.659+0530] {logging_mixin.py:190} INFO - [2025-04-18T10:24:00.659+0530] {dag.py:4180} INFO - Setting next_dagrun for example_branch_datetime_operator_2 to 2025-04-17 00:00:00+00:00, run_after=2025-04-18 00:00:00+00:00
[2025-04-18T10:24:00.660+0530] {logging_mixin.py:190} INFO - [2025-04-18T10:24:00.660+0530] {dag.py:4180} INFO - Setting next_dagrun for example_branch_datetime_operator_3 to 2025-04-17 00:00:00+00:00, run_after=2025-04-18 00:00:00+00:00
[2025-04-18T10:24:00.796+0530] {processor.py:208} INFO - Processing /home/prakhar/Desktop/Bootcamp/Python/Airflow-Project/airflowvenv/lib/python3.12/site-packages/airflow/example_dags/example_branch_datetime_operator.py took 0.176 seconds
[2025-04-18T10:25:19.180+0530] {processor.py:186} INFO - Started process (PID=23562) to work on /home/prakhar/Desktop/Bootcamp/Python/Airflow-Project/airflowvenv/lib/python3.12/site-packages/airflow/example_dags/example_branch_datetime_operator.py
[2025-04-18T10:25:19.215+0530] {processor.py:914} INFO - Processing file /home/prakhar/Desktop/Bootcamp/Python/Airflow-Project/airflowvenv/lib/python3.12/site-packages/airflow/example_dags/example_branch_datetime_operator.py for tasks to queue
[2025-04-18T10:25:19.219+0530] {logging_mixin.py:190} INFO - [2025-04-18T10:25:19.218+0530] {dagbag.py:588} INFO - Filling up the DagBag from /home/prakhar/Desktop/Bootcamp/Python/Airflow-Project/airflowvenv/lib/python3.12/site-packages/airflow/example_dags/example_branch_datetime_operator.py
[2025-04-18T10:25:19.237+0530] {processor.py:925} INFO - DAG(s) 'example_branch_datetime_operator', 'example_branch_datetime_operator_3', 'example_branch_datetime_operator_2' retrieved from /home/prakhar/Desktop/Bootcamp/Python/Airflow-Project/airflowvenv/lib/python3.12/site-packages/airflow/example_dags/example_branch_datetime_operator.py
[2025-04-18T10:25:19.249+0530] {logging_mixin.py:190} INFO - [2025-04-18T10:25:19.248+0530] {dag.py:3239} INFO - Sync 3 DAGs
[2025-04-18T10:25:19.261+0530] {logging_mixin.py:190} INFO - [2025-04-18T10:25:19.260+0530] {dag.py:4180} INFO - Setting next_dagrun for example_branch_datetime_operator to 2025-04-17 00:00:00+00:00, run_after=2025-04-18 00:00:00+00:00
[2025-04-18T10:25:19.263+0530] {logging_mixin.py:190} INFO - [2025-04-18T10:25:19.263+0530] {dag.py:4180} INFO - Setting next_dagrun for example_branch_datetime_operator_2 to 2025-04-17 00:00:00+00:00, run_after=2025-04-18 00:00:00+00:00
[2025-04-18T10:25:19.264+0530] {logging_mixin.py:190} INFO - [2025-04-18T10:25:19.264+0530] {dag.py:4180} INFO - Setting next_dagrun for example_branch_datetime_operator_3 to 2025-04-17 00:00:00+00:00, run_after=2025-04-18 00:00:00+00:00
[2025-04-18T10:25:19.340+0530] {processor.py:208} INFO - Processing /home/prakhar/Desktop/Bootcamp/Python/Airflow-Project/airflowvenv/lib/python3.12/site-packages/airflow/example_dags/example_branch_datetime_operator.py took 0.167 seconds
[2025-04-18T10:26:36.475+0530] {processor.py:186} INFO - Started process (PID=23929) to work on /home/prakhar/Desktop/Bootcamp/Python/Airflow-Project/airflowvenv/lib/python3.12/site-packages/airflow/example_dags/example_branch_datetime_operator.py
[2025-04-18T10:26:36.512+0530] {processor.py:914} INFO - Processing file /home/prakhar/Desktop/Bootcamp/Python/Airflow-Project/airflowvenv/lib/python3.12/site-packages/airflow/example_dags/example_branch_datetime_operator.py for tasks to queue
[2025-04-18T10:26:36.515+0530] {logging_mixin.py:190} INFO - [2025-04-18T10:26:36.514+0530] {dagbag.py:588} INFO - Filling up the DagBag from /home/prakhar/Desktop/Bootcamp/Python/Airflow-Project/airflowvenv/lib/python3.12/site-packages/airflow/example_dags/example_branch_datetime_operator.py
[2025-04-18T10:26:36.528+0530] {processor.py:925} INFO - DAG(s) 'example_branch_datetime_operator_3', 'example_branch_datetime_operator', 'example_branch_datetime_operator_2' retrieved from /home/prakhar/Desktop/Bootcamp/Python/Airflow-Project/airflowvenv/lib/python3.12/site-packages/airflow/example_dags/example_branch_datetime_operator.py
[2025-04-18T10:26:36.546+0530] {logging_mixin.py:190} INFO - [2025-04-18T10:26:36.546+0530] {dag.py:3239} INFO - Sync 3 DAGs
[2025-04-18T10:26:36.561+0530] {logging_mixin.py:190} INFO - [2025-04-18T10:26:36.560+0530] {dag.py:4180} INFO - Setting next_dagrun for example_branch_datetime_operator to 2025-04-17 00:00:00+00:00, run_after=2025-04-18 00:00:00+00:00
[2025-04-18T10:26:36.563+0530] {logging_mixin.py:190} INFO - [2025-04-18T10:26:36.563+0530] {dag.py:4180} INFO - Setting next_dagrun for example_branch_datetime_operator_2 to 2025-04-17 00:00:00+00:00, run_after=2025-04-18 00:00:00+00:00
[2025-04-18T10:26:36.565+0530] {logging_mixin.py:190} INFO - [2025-04-18T10:26:36.565+0530] {dag.py:4180} INFO - Setting next_dagrun for example_branch_datetime_operator_3 to 2025-04-17 00:00:00+00:00, run_after=2025-04-18 00:00:00+00:00
[2025-04-18T10:26:36.724+0530] {processor.py:208} INFO - Processing /home/prakhar/Desktop/Bootcamp/Python/Airflow-Project/airflowvenv/lib/python3.12/site-packages/airflow/example_dags/example_branch_datetime_operator.py took 0.253 seconds
[2025-04-18T10:27:58.280+0530] {processor.py:186} INFO - Started process (PID=24202) to work on /home/prakhar/Desktop/Bootcamp/Python/Airflow-Project/airflowvenv/lib/python3.12/site-packages/airflow/example_dags/example_branch_datetime_operator.py
[2025-04-18T10:27:58.313+0530] {processor.py:914} INFO - Processing file /home/prakhar/Desktop/Bootcamp/Python/Airflow-Project/airflowvenv/lib/python3.12/site-packages/airflow/example_dags/example_branch_datetime_operator.py for tasks to queue
[2025-04-18T10:27:58.317+0530] {logging_mixin.py:190} INFO - [2025-04-18T10:27:58.316+0530] {dagbag.py:588} INFO - Filling up the DagBag from /home/prakhar/Desktop/Bootcamp/Python/Airflow-Project/airflowvenv/lib/python3.12/site-packages/airflow/example_dags/example_branch_datetime_operator.py
[2025-04-18T10:27:58.332+0530] {processor.py:925} INFO - DAG(s) 'example_branch_datetime_operator', 'example_branch_datetime_operator_3', 'example_branch_datetime_operator_2' retrieved from /home/prakhar/Desktop/Bootcamp/Python/Airflow-Project/airflowvenv/lib/python3.12/site-packages/airflow/example_dags/example_branch_datetime_operator.py
[2025-04-18T10:27:58.348+0530] {logging_mixin.py:190} INFO - [2025-04-18T10:27:58.347+0530] {dag.py:3239} INFO - Sync 3 DAGs
[2025-04-18T10:27:58.364+0530] {logging_mixin.py:190} INFO - [2025-04-18T10:27:58.364+0530] {dag.py:4180} INFO - Setting next_dagrun for example_branch_datetime_operator to 2025-04-17 00:00:00+00:00, run_after=2025-04-18 00:00:00+00:00
[2025-04-18T10:27:58.366+0530] {logging_mixin.py:190} INFO - [2025-04-18T10:27:58.366+0530] {dag.py:4180} INFO - Setting next_dagrun for example_branch_datetime_operator_2 to 2025-04-17 00:00:00+00:00, run_after=2025-04-18 00:00:00+00:00
[2025-04-18T10:27:58.368+0530] {logging_mixin.py:190} INFO - [2025-04-18T10:27:58.368+0530] {dag.py:4180} INFO - Setting next_dagrun for example_branch_datetime_operator_3 to 2025-04-17 00:00:00+00:00, run_after=2025-04-18 00:00:00+00:00
[2025-04-18T10:27:58.437+0530] {processor.py:208} INFO - Processing /home/prakhar/Desktop/Bootcamp/Python/Airflow-Project/airflowvenv/lib/python3.12/site-packages/airflow/example_dags/example_branch_datetime_operator.py took 0.161 seconds
[2025-04-18T10:29:17.963+0530] {processor.py:186} INFO - Started process (PID=24510) to work on /home/prakhar/Desktop/Bootcamp/Python/Airflow-Project/airflowvenv/lib/python3.12/site-packages/airflow/example_dags/example_branch_datetime_operator.py
[2025-04-18T10:29:17.999+0530] {processor.py:914} INFO - Processing file /home/prakhar/Desktop/Bootcamp/Python/Airflow-Project/airflowvenv/lib/python3.12/site-packages/airflow/example_dags/example_branch_datetime_operator.py for tasks to queue
[2025-04-18T10:29:18.002+0530] {logging_mixin.py:190} INFO - [2025-04-18T10:29:18.002+0530] {dagbag.py:588} INFO - Filling up the DagBag from /home/prakhar/Desktop/Bootcamp/Python/Airflow-Project/airflowvenv/lib/python3.12/site-packages/airflow/example_dags/example_branch_datetime_operator.py
[2025-04-18T10:29:18.022+0530] {processor.py:925} INFO - DAG(s) 'example_branch_datetime_operator', 'example_branch_datetime_operator_3', 'example_branch_datetime_operator_2' retrieved from /home/prakhar/Desktop/Bootcamp/Python/Airflow-Project/airflowvenv/lib/python3.12/site-packages/airflow/example_dags/example_branch_datetime_operator.py
[2025-04-18T10:29:18.033+0530] {logging_mixin.py:190} INFO - [2025-04-18T10:29:18.033+0530] {dag.py:3239} INFO - Sync 3 DAGs
[2025-04-18T10:29:18.044+0530] {logging_mixin.py:190} INFO - [2025-04-18T10:29:18.044+0530] {dag.py:4180} INFO - Setting next_dagrun for example_branch_datetime_operator to 2025-04-17 00:00:00+00:00, run_after=2025-04-18 00:00:00+00:00
[2025-04-18T10:29:18.047+0530] {logging_mixin.py:190} INFO - [2025-04-18T10:29:18.046+0530] {dag.py:4180} INFO - Setting next_dagrun for example_branch_datetime_operator_2 to 2025-04-17 00:00:00+00:00, run_after=2025-04-18 00:00:00+00:00
[2025-04-18T10:29:18.048+0530] {logging_mixin.py:190} INFO - [2025-04-18T10:29:18.048+0530] {dag.py:4180} INFO - Setting next_dagrun for example_branch_datetime_operator_3 to 2025-04-17 00:00:00+00:00, run_after=2025-04-18 00:00:00+00:00
[2025-04-18T10:29:18.131+0530] {processor.py:208} INFO - Processing /home/prakhar/Desktop/Bootcamp/Python/Airflow-Project/airflowvenv/lib/python3.12/site-packages/airflow/example_dags/example_branch_datetime_operator.py took 0.171 seconds
[2025-04-18T10:30:36.229+0530] {processor.py:186} INFO - Started process (PID=24928) to work on /home/prakhar/Desktop/Bootcamp/Python/Airflow-Project/airflowvenv/lib/python3.12/site-packages/airflow/example_dags/example_branch_datetime_operator.py
[2025-04-18T10:30:36.264+0530] {processor.py:914} INFO - Processing file /home/prakhar/Desktop/Bootcamp/Python/Airflow-Project/airflowvenv/lib/python3.12/site-packages/airflow/example_dags/example_branch_datetime_operator.py for tasks to queue
[2025-04-18T10:30:36.268+0530] {logging_mixin.py:190} INFO - [2025-04-18T10:30:36.268+0530] {dagbag.py:588} INFO - Filling up the DagBag from /home/prakhar/Desktop/Bootcamp/Python/Airflow-Project/airflowvenv/lib/python3.12/site-packages/airflow/example_dags/example_branch_datetime_operator.py
[2025-04-18T10:30:36.287+0530] {processor.py:925} INFO - DAG(s) 'example_branch_datetime_operator', 'example_branch_datetime_operator_3', 'example_branch_datetime_operator_2' retrieved from /home/prakhar/Desktop/Bootcamp/Python/Airflow-Project/airflowvenv/lib/python3.12/site-packages/airflow/example_dags/example_branch_datetime_operator.py
[2025-04-18T10:30:36.299+0530] {logging_mixin.py:190} INFO - [2025-04-18T10:30:36.299+0530] {dag.py:3239} INFO - Sync 3 DAGs
[2025-04-18T10:30:36.310+0530] {logging_mixin.py:190} INFO - [2025-04-18T10:30:36.310+0530] {dag.py:4180} INFO - Setting next_dagrun for example_branch_datetime_operator to 2025-04-17 00:00:00+00:00, run_after=2025-04-18 00:00:00+00:00
[2025-04-18T10:30:36.312+0530] {logging_mixin.py:190} INFO - [2025-04-18T10:30:36.312+0530] {dag.py:4180} INFO - Setting next_dagrun for example_branch_datetime_operator_2 to 2025-04-17 00:00:00+00:00, run_after=2025-04-18 00:00:00+00:00
[2025-04-18T10:30:36.313+0530] {logging_mixin.py:190} INFO - [2025-04-18T10:30:36.313+0530] {dag.py:4180} INFO - Setting next_dagrun for example_branch_datetime_operator_3 to 2025-04-17 00:00:00+00:00, run_after=2025-04-18 00:00:00+00:00
[2025-04-18T10:30:36.383+0530] {processor.py:208} INFO - Processing /home/prakhar/Desktop/Bootcamp/Python/Airflow-Project/airflowvenv/lib/python3.12/site-packages/airflow/example_dags/example_branch_datetime_operator.py took 0.158 seconds
