[2025-04-18T10:17:28.537+0530] {processor.py:186} INFO - Started process (PID=18580) to work on /home/prakhar/Desktop/Bootcamp/Python/Airflow-Project/airflowvenv/lib/python3.12/site-packages/airflow/example_dags/example_short_circuit_decorator.py
[2025-04-18T10:17:28.538+0530] {processor.py:914} INFO - Processing file /home/prakhar/Desktop/Bootcamp/Python/Airflow-Project/airflowvenv/lib/python3.12/site-packages/airflow/example_dags/example_short_circuit_decorator.py for tasks to queue
[2025-04-18T10:17:28.539+0530] {logging_mixin.py:190} INFO - [2025-04-18T10:17:28.539+0530] {dagbag.py:588} INFO - Filling up the DagBag from /home/prakhar/Desktop/Bootcamp/Python/Airflow-Project/airflowvenv/lib/python3.12/site-packages/airflow/example_dags/example_short_circuit_decorator.py
[2025-04-18T10:17:28.545+0530] {processor.py:925} INFO - DAG(s) 'example_short_circuit_decorator' retrieved from /home/prakhar/Desktop/Bootcamp/Python/Airflow-Project/airflowvenv/lib/python3.12/site-packages/airflow/example_dags/example_short_circuit_decorator.py
[2025-04-18T10:17:28.558+0530] {logging_mixin.py:190} INFO - [2025-04-18T10:17:28.557+0530] {dag.py:3239} INFO - Sync 1 DAGs
[2025-04-18T10:17:28.565+0530] {logging_mixin.py:190} INFO - [2025-04-18T10:17:28.564+0530] {dag.py:4180} INFO - Setting next_dagrun for example_short_circuit_decorator to None, run_after=None
[2025-04-18T10:17:28.670+0530] {processor.py:208} INFO - Processing /home/prakhar/Desktop/Bootcamp/Python/Airflow-Project/airflowvenv/lib/python3.12/site-packages/airflow/example_dags/example_short_circuit_decorator.py took 0.136 seconds
[2025-04-18T10:18:38.497+0530] {processor.py:186} INFO - Started process (PID=19447) to work on /home/prakhar/Desktop/Bootcamp/Python/Airflow-Project/airflowvenv/lib/python3.12/site-packages/airflow/example_dags/example_short_circuit_decorator.py
[2025-04-18T10:18:38.505+0530] {processor.py:914} INFO - Processing file /home/prakhar/Desktop/Bootcamp/Python/Airflow-Project/airflowvenv/lib/python3.12/site-packages/airflow/example_dags/example_short_circuit_decorator.py for tasks to queue
[2025-04-18T10:18:38.506+0530] {logging_mixin.py:190} INFO - [2025-04-18T10:18:38.506+0530] {dagbag.py:588} INFO - Filling up the DagBag from /home/prakhar/Desktop/Bootcamp/Python/Airflow-Project/airflowvenv/lib/python3.12/site-packages/airflow/example_dags/example_short_circuit_decorator.py
[2025-04-18T10:18:38.516+0530] {processor.py:925} INFO - DAG(s) 'example_short_circuit_decorator' retrieved from /home/prakhar/Desktop/Bootcamp/Python/Airflow-Project/airflowvenv/lib/python3.12/site-packages/airflow/example_dags/example_short_circuit_decorator.py
[2025-04-18T10:18:38.527+0530] {logging_mixin.py:190} INFO - [2025-04-18T10:18:38.527+0530] {dag.py:3239} INFO - Sync 1 DAGs
[2025-04-18T10:18:38.534+0530] {logging_mixin.py:190} INFO - [2025-04-18T10:18:38.534+0530] {dag.py:4180} INFO - Setting next_dagrun for example_short_circuit_decorator to None, run_after=None
[2025-04-18T10:18:39.028+0530] {processor.py:208} INFO - Processing /home/prakhar/Desktop/Bootcamp/Python/Airflow-Project/airflowvenv/lib/python3.12/site-packages/airflow/example_dags/example_short_circuit_decorator.py took 0.535 seconds
[2025-04-18T10:20:07.695+0530] {processor.py:186} INFO - Started process (PID=20488) to work on /home/prakhar/Desktop/Bootcamp/Python/Airflow-Project/airflowvenv/lib/python3.12/site-packages/airflow/example_dags/example_short_circuit_decorator.py
[2025-04-18T10:20:07.725+0530] {processor.py:914} INFO - Processing file /home/prakhar/Desktop/Bootcamp/Python/Airflow-Project/airflowvenv/lib/python3.12/site-packages/airflow/example_dags/example_short_circuit_decorator.py for tasks to queue
[2025-04-18T10:20:07.727+0530] {logging_mixin.py:190} INFO - [2025-04-18T10:20:07.727+0530] {dagbag.py:588} INFO - Filling up the DagBag from /home/prakhar/Desktop/Bootcamp/Python/Airflow-Project/airflowvenv/lib/python3.12/site-packages/airflow/example_dags/example_short_circuit_decorator.py
[2025-04-18T10:20:07.734+0530] {processor.py:925} INFO - DAG(s) 'example_short_circuit_decorator' retrieved from /home/prakhar/Desktop/Bootcamp/Python/Airflow-Project/airflowvenv/lib/python3.12/site-packages/airflow/example_dags/example_short_circuit_decorator.py
[2025-04-18T10:20:07.746+0530] {logging_mixin.py:190} INFO - [2025-04-18T10:20:07.746+0530] {dag.py:3239} INFO - Sync 1 DAGs
[2025-04-18T10:20:07.753+0530] {logging_mixin.py:190} INFO - [2025-04-18T10:20:07.752+0530] {dag.py:4180} INFO - Setting next_dagrun for example_short_circuit_decorator to None, run_after=None
[2025-04-18T10:20:07.838+0530] {processor.py:208} INFO - Processing /home/prakhar/Desktop/Bootcamp/Python/Airflow-Project/airflowvenv/lib/python3.12/site-packages/airflow/example_dags/example_short_circuit_decorator.py took 0.146 seconds
[2025-04-18T10:21:19.689+0530] {processor.py:186} INFO - Started process (PID=21360) to work on /home/prakhar/Desktop/Bootcamp/Python/Airflow-Project/airflowvenv/lib/python3.12/site-packages/airflow/example_dags/example_short_circuit_decorator.py
[2025-04-18T10:21:19.702+0530] {processor.py:914} INFO - Processing file /home/prakhar/Desktop/Bootcamp/Python/Airflow-Project/airflowvenv/lib/python3.12/site-packages/airflow/example_dags/example_short_circuit_decorator.py for tasks to queue
[2025-04-18T10:21:19.703+0530] {logging_mixin.py:190} INFO - [2025-04-18T10:21:19.703+0530] {dagbag.py:588} INFO - Filling up the DagBag from /home/prakhar/Desktop/Bootcamp/Python/Airflow-Project/airflowvenv/lib/python3.12/site-packages/airflow/example_dags/example_short_circuit_decorator.py
[2025-04-18T10:21:19.712+0530] {processor.py:925} INFO - DAG(s) 'example_short_circuit_decorator' retrieved from /home/prakhar/Desktop/Bootcamp/Python/Airflow-Project/airflowvenv/lib/python3.12/site-packages/airflow/example_dags/example_short_circuit_decorator.py
[2025-04-18T10:21:19.724+0530] {logging_mixin.py:190} INFO - [2025-04-18T10:21:19.723+0530] {dag.py:3239} INFO - Sync 1 DAGs
[2025-04-18T10:21:19.731+0530] {logging_mixin.py:190} INFO - [2025-04-18T10:21:19.731+0530] {dag.py:4180} INFO - Setting next_dagrun for example_short_circuit_decorator to None, run_after=None
[2025-04-18T10:21:19.806+0530] {processor.py:208} INFO - Processing /home/prakhar/Desktop/Bootcamp/Python/Airflow-Project/airflowvenv/lib/python3.12/site-packages/airflow/example_dags/example_short_circuit_decorator.py took 0.120 seconds
[2025-04-18T10:23:12.898+0530] {processor.py:186} INFO - Started process (PID=22804) to work on /home/prakhar/Desktop/Bootcamp/Python/Airflow-Project/airflowvenv/lib/python3.12/site-packages/airflow/example_dags/example_short_circuit_decorator.py
[2025-04-18T10:23:12.900+0530] {processor.py:914} INFO - Processing file /home/prakhar/Desktop/Bootcamp/Python/Airflow-Project/airflowvenv/lib/python3.12/site-packages/airflow/example_dags/example_short_circuit_decorator.py for tasks to queue
[2025-04-18T10:23:12.902+0530] {logging_mixin.py:190} INFO - [2025-04-18T10:23:12.902+0530] {dagbag.py:588} INFO - Filling up the DagBag from /home/prakhar/Desktop/Bootcamp/Python/Airflow-Project/airflowvenv/lib/python3.12/site-packages/airflow/example_dags/example_short_circuit_decorator.py
[2025-04-18T10:23:12.910+0530] {processor.py:925} INFO - DAG(s) 'example_short_circuit_decorator' retrieved from /home/prakhar/Desktop/Bootcamp/Python/Airflow-Project/airflowvenv/lib/python3.12/site-packages/airflow/example_dags/example_short_circuit_decorator.py
[2025-04-18T10:23:12.920+0530] {logging_mixin.py:190} INFO - [2025-04-18T10:23:12.920+0530] {dag.py:3239} INFO - Sync 1 DAGs
[2025-04-18T10:23:12.927+0530] {logging_mixin.py:190} INFO - [2025-04-18T10:23:12.927+0530] {dag.py:4180} INFO - Setting next_dagrun for example_short_circuit_decorator to None, run_after=None
[2025-04-18T10:23:13.011+0530] {processor.py:208} INFO - Processing /home/prakhar/Desktop/Bootcamp/Python/Airflow-Project/airflowvenv/lib/python3.12/site-packages/airflow/example_dags/example_short_circuit_decorator.py took 0.119 seconds
[2025-04-18T10:24:29.759+0530] {processor.py:186} INFO - Started process (PID=23262) to work on /home/prakhar/Desktop/Bootcamp/Python/Airflow-Project/airflowvenv/lib/python3.12/site-packages/airflow/example_dags/example_short_circuit_decorator.py
[2025-04-18T10:24:29.772+0530] {processor.py:914} INFO - Processing file /home/prakhar/Desktop/Bootcamp/Python/Airflow-Project/airflowvenv/lib/python3.12/site-packages/airflow/example_dags/example_short_circuit_decorator.py for tasks to queue
[2025-04-18T10:24:29.774+0530] {logging_mixin.py:190} INFO - [2025-04-18T10:24:29.774+0530] {dagbag.py:588} INFO - Filling up the DagBag from /home/prakhar/Desktop/Bootcamp/Python/Airflow-Project/airflowvenv/lib/python3.12/site-packages/airflow/example_dags/example_short_circuit_decorator.py
[2025-04-18T10:24:29.785+0530] {processor.py:925} INFO - DAG(s) 'example_short_circuit_decorator' retrieved from /home/prakhar/Desktop/Bootcamp/Python/Airflow-Project/airflowvenv/lib/python3.12/site-packages/airflow/example_dags/example_short_circuit_decorator.py
[2025-04-18T10:24:29.795+0530] {logging_mixin.py:190} INFO - [2025-04-18T10:24:29.795+0530] {dag.py:3239} INFO - Sync 1 DAGs
[2025-04-18T10:24:29.801+0530] {logging_mixin.py:190} INFO - [2025-04-18T10:24:29.801+0530] {dag.py:4180} INFO - Setting next_dagrun for example_short_circuit_decorator to None, run_after=None
[2025-04-18T10:24:29.921+0530] {processor.py:208} INFO - Processing /home/prakhar/Desktop/Bootcamp/Python/Airflow-Project/airflowvenv/lib/python3.12/site-packages/airflow/example_dags/example_short_circuit_decorator.py took 0.166 seconds
[2025-04-18T10:25:47.357+0530] {processor.py:186} INFO - Started process (PID=23803) to work on /home/prakhar/Desktop/Bootcamp/Python/Airflow-Project/airflowvenv/lib/python3.12/site-packages/airflow/example_dags/example_short_circuit_decorator.py
[2025-04-18T10:25:47.358+0530] {processor.py:914} INFO - Processing file /home/prakhar/Desktop/Bootcamp/Python/Airflow-Project/airflowvenv/lib/python3.12/site-packages/airflow/example_dags/example_short_circuit_decorator.py for tasks to queue
[2025-04-18T10:25:47.360+0530] {logging_mixin.py:190} INFO - [2025-04-18T10:25:47.360+0530] {dagbag.py:588} INFO - Filling up the DagBag from /home/prakhar/Desktop/Bootcamp/Python/Airflow-Project/airflowvenv/lib/python3.12/site-packages/airflow/example_dags/example_short_circuit_decorator.py
[2025-04-18T10:25:47.366+0530] {processor.py:925} INFO - DAG(s) 'example_short_circuit_decorator' retrieved from /home/prakhar/Desktop/Bootcamp/Python/Airflow-Project/airflowvenv/lib/python3.12/site-packages/airflow/example_dags/example_short_circuit_decorator.py
[2025-04-18T10:25:47.376+0530] {logging_mixin.py:190} INFO - [2025-04-18T10:25:47.376+0530] {dag.py:3239} INFO - Sync 1 DAGs
[2025-04-18T10:25:47.383+0530] {logging_mixin.py:190} INFO - [2025-04-18T10:25:47.383+0530] {dag.py:4180} INFO - Setting next_dagrun for example_short_circuit_decorator to None, run_after=None
[2025-04-18T10:25:47.484+0530] {processor.py:208} INFO - Processing /home/prakhar/Desktop/Bootcamp/Python/Airflow-Project/airflowvenv/lib/python3.12/site-packages/airflow/example_dags/example_short_circuit_decorator.py took 0.132 seconds
[2025-04-18T10:27:08.259+0530] {processor.py:186} INFO - Started process (PID=24042) to work on /home/prakhar/Desktop/Bootcamp/Python/Airflow-Project/airflowvenv/lib/python3.12/site-packages/airflow/example_dags/example_short_circuit_decorator.py
[2025-04-18T10:27:08.299+0530] {processor.py:914} INFO - Processing file /home/prakhar/Desktop/Bootcamp/Python/Airflow-Project/airflowvenv/lib/python3.12/site-packages/airflow/example_dags/example_short_circuit_decorator.py for tasks to queue
[2025-04-18T10:27:08.301+0530] {logging_mixin.py:190} INFO - [2025-04-18T10:27:08.301+0530] {dagbag.py:588} INFO - Filling up the DagBag from /home/prakhar/Desktop/Bootcamp/Python/Airflow-Project/airflowvenv/lib/python3.12/site-packages/airflow/example_dags/example_short_circuit_decorator.py
[2025-04-18T10:27:08.310+0530] {processor.py:925} INFO - DAG(s) 'example_short_circuit_decorator' retrieved from /home/prakhar/Desktop/Bootcamp/Python/Airflow-Project/airflowvenv/lib/python3.12/site-packages/airflow/example_dags/example_short_circuit_decorator.py
[2025-04-18T10:27:08.323+0530] {logging_mixin.py:190} INFO - [2025-04-18T10:27:08.323+0530] {dag.py:3239} INFO - Sync 1 DAGs
[2025-04-18T10:27:08.332+0530] {logging_mixin.py:190} INFO - [2025-04-18T10:27:08.332+0530] {dag.py:4180} INFO - Setting next_dagrun for example_short_circuit_decorator to None, run_after=None
[2025-04-18T10:27:08.412+0530] {processor.py:208} INFO - Processing /home/prakhar/Desktop/Bootcamp/Python/Airflow-Project/airflowvenv/lib/python3.12/site-packages/airflow/example_dags/example_short_circuit_decorator.py took 0.160 seconds
[2025-04-18T10:28:26.958+0530] {processor.py:186} INFO - Started process (PID=24259) to work on /home/prakhar/Desktop/Bootcamp/Python/Airflow-Project/airflowvenv/lib/python3.12/site-packages/airflow/example_dags/example_short_circuit_decorator.py
[2025-04-18T10:28:26.966+0530] {processor.py:914} INFO - Processing file /home/prakhar/Desktop/Bootcamp/Python/Airflow-Project/airflowvenv/lib/python3.12/site-packages/airflow/example_dags/example_short_circuit_decorator.py for tasks to queue
[2025-04-18T10:28:26.967+0530] {logging_mixin.py:190} INFO - [2025-04-18T10:28:26.967+0530] {dagbag.py:588} INFO - Filling up the DagBag from /home/prakhar/Desktop/Bootcamp/Python/Airflow-Project/airflowvenv/lib/python3.12/site-packages/airflow/example_dags/example_short_circuit_decorator.py
[2025-04-18T10:28:26.973+0530] {processor.py:925} INFO - DAG(s) 'example_short_circuit_decorator' retrieved from /home/prakhar/Desktop/Bootcamp/Python/Airflow-Project/airflowvenv/lib/python3.12/site-packages/airflow/example_dags/example_short_circuit_decorator.py
[2025-04-18T10:28:26.984+0530] {logging_mixin.py:190} INFO - [2025-04-18T10:28:26.984+0530] {dag.py:3239} INFO - Sync 1 DAGs
[2025-04-18T10:28:26.990+0530] {logging_mixin.py:190} INFO - [2025-04-18T10:28:26.990+0530] {dag.py:4180} INFO - Setting next_dagrun for example_short_circuit_decorator to None, run_after=None
[2025-04-18T10:28:27.078+0530] {processor.py:208} INFO - Processing /home/prakhar/Desktop/Bootcamp/Python/Airflow-Project/airflowvenv/lib/python3.12/site-packages/airflow/example_dags/example_short_circuit_decorator.py took 0.124 seconds
[2025-04-18T10:29:45.926+0530] {processor.py:186} INFO - Started process (PID=24731) to work on /home/prakhar/Desktop/Bootcamp/Python/Airflow-Project/airflowvenv/lib/python3.12/site-packages/airflow/example_dags/example_short_circuit_decorator.py
[2025-04-18T10:29:45.959+0530] {processor.py:914} INFO - Processing file /home/prakhar/Desktop/Bootcamp/Python/Airflow-Project/airflowvenv/lib/python3.12/site-packages/airflow/example_dags/example_short_circuit_decorator.py for tasks to queue
[2025-04-18T10:29:45.961+0530] {logging_mixin.py:190} INFO - [2025-04-18T10:29:45.960+0530] {dagbag.py:588} INFO - Filling up the DagBag from /home/prakhar/Desktop/Bootcamp/Python/Airflow-Project/airflowvenv/lib/python3.12/site-packages/airflow/example_dags/example_short_circuit_decorator.py
[2025-04-18T10:29:45.974+0530] {processor.py:925} INFO - DAG(s) 'example_short_circuit_decorator' retrieved from /home/prakhar/Desktop/Bootcamp/Python/Airflow-Project/airflowvenv/lib/python3.12/site-packages/airflow/example_dags/example_short_circuit_decorator.py
[2025-04-18T10:29:46.039+0530] {logging_mixin.py:190} INFO - [2025-04-18T10:29:46.039+0530] {dag.py:3239} INFO - Sync 1 DAGs
[2025-04-18T10:29:46.046+0530] {logging_mixin.py:190} INFO - [2025-04-18T10:29:46.046+0530] {dag.py:4180} INFO - Setting next_dagrun for example_short_circuit_decorator to None, run_after=None
[2025-04-18T10:29:46.133+0530] {processor.py:208} INFO - Processing /home/prakhar/Desktop/Bootcamp/Python/Airflow-Project/airflowvenv/lib/python3.12/site-packages/airflow/example_dags/example_short_circuit_decorator.py took 0.212 seconds
