[2025-04-18T10:17:13.360+0530] {processor.py:186} INFO - Started process (PID=18551) to work on /home/prakhar/Desktop/Bootcamp/Python/Airflow-Project/airflowvenv/lib/python3.12/site-packages/airflow/example_dags/example_xcom.py
[2025-04-18T10:17:13.360+0530] {processor.py:914} INFO - Processing file /home/prakhar/Desktop/Bootcamp/Python/Airflow-Project/airflowvenv/lib/python3.12/site-packages/airflow/example_dags/example_xcom.py for tasks to queue
[2025-04-18T10:17:13.361+0530] {logging_mixin.py:190} INFO - [2025-04-18T10:17:13.361+0530] {dagbag.py:588} INFO - Filling up the DagBag from /home/prakhar/Desktop/Bootcamp/Python/Airflow-Project/airflowvenv/lib/python3.12/site-packages/airflow/example_dags/example_xcom.py
[2025-04-18T10:17:13.373+0530] {processor.py:925} INFO - DAG(s) 'example_xcom' retrieved from /home/prakhar/Desktop/Bootcamp/Python/Airflow-Project/airflowvenv/lib/python3.12/site-packages/airflow/example_dags/example_xcom.py
[2025-04-18T10:17:13.390+0530] {logging_mixin.py:190} INFO - [2025-04-18T10:17:13.390+0530] {dag.py:3239} INFO - Sync 1 DAGs
[2025-04-18T10:17:13.404+0530] {logging_mixin.py:190} INFO - [2025-04-18T10:17:13.404+0530] {dag.py:4180} INFO - Setting next_dagrun for example_xcom to 2021-01-01 00:00:00+00:00, run_after=2021-01-01 00:00:00+00:00
[2025-04-18T10:17:13.471+0530] {processor.py:208} INFO - Processing /home/prakhar/Desktop/Bootcamp/Python/Airflow-Project/airflowvenv/lib/python3.12/site-packages/airflow/example_dags/example_xcom.py took 0.114 seconds
[2025-04-18T10:18:24.001+0530] {processor.py:186} INFO - Started process (PID=19301) to work on /home/prakhar/Desktop/Bootcamp/Python/Airflow-Project/airflowvenv/lib/python3.12/site-packages/airflow/example_dags/example_xcom.py
[2025-04-18T10:18:24.034+0530] {processor.py:914} INFO - Processing file /home/prakhar/Desktop/Bootcamp/Python/Airflow-Project/airflowvenv/lib/python3.12/site-packages/airflow/example_dags/example_xcom.py for tasks to queue
[2025-04-18T10:18:24.035+0530] {logging_mixin.py:190} INFO - [2025-04-18T10:18:24.035+0530] {dagbag.py:588} INFO - Filling up the DagBag from /home/prakhar/Desktop/Bootcamp/Python/Airflow-Project/airflowvenv/lib/python3.12/site-packages/airflow/example_dags/example_xcom.py
[2025-04-18T10:18:24.042+0530] {processor.py:925} INFO - DAG(s) 'example_xcom' retrieved from /home/prakhar/Desktop/Bootcamp/Python/Airflow-Project/airflowvenv/lib/python3.12/site-packages/airflow/example_dags/example_xcom.py
[2025-04-18T10:18:24.052+0530] {logging_mixin.py:190} INFO - [2025-04-18T10:18:24.052+0530] {dag.py:3239} INFO - Sync 1 DAGs
[2025-04-18T10:18:24.064+0530] {logging_mixin.py:190} INFO - [2025-04-18T10:18:24.063+0530] {dag.py:4180} INFO - Setting next_dagrun for example_xcom to 2021-01-01 00:00:00+00:00, run_after=2021-01-01 00:00:00+00:00
[2025-04-18T10:18:24.136+0530] {processor.py:208} INFO - Processing /home/prakhar/Desktop/Bootcamp/Python/Airflow-Project/airflowvenv/lib/python3.12/site-packages/airflow/example_dags/example_xcom.py took 0.138 seconds
[2025-04-18T10:19:55.794+0530] {processor.py:186} INFO - Started process (PID=20418) to work on /home/prakhar/Desktop/Bootcamp/Python/Airflow-Project/airflowvenv/lib/python3.12/site-packages/airflow/example_dags/example_xcom.py
[2025-04-18T10:19:55.826+0530] {processor.py:914} INFO - Processing file /home/prakhar/Desktop/Bootcamp/Python/Airflow-Project/airflowvenv/lib/python3.12/site-packages/airflow/example_dags/example_xcom.py for tasks to queue
[2025-04-18T10:19:55.828+0530] {logging_mixin.py:190} INFO - [2025-04-18T10:19:55.828+0530] {dagbag.py:588} INFO - Filling up the DagBag from /home/prakhar/Desktop/Bootcamp/Python/Airflow-Project/airflowvenv/lib/python3.12/site-packages/airflow/example_dags/example_xcom.py
[2025-04-18T10:19:55.836+0530] {processor.py:925} INFO - DAG(s) 'example_xcom' retrieved from /home/prakhar/Desktop/Bootcamp/Python/Airflow-Project/airflowvenv/lib/python3.12/site-packages/airflow/example_dags/example_xcom.py
[2025-04-18T10:19:55.851+0530] {logging_mixin.py:190} INFO - [2025-04-18T10:19:55.851+0530] {dag.py:3239} INFO - Sync 1 DAGs
[2025-04-18T10:19:55.863+0530] {logging_mixin.py:190} INFO - [2025-04-18T10:19:55.863+0530] {dag.py:4180} INFO - Setting next_dagrun for example_xcom to 2021-01-01 00:00:00+00:00, run_after=2021-01-01 00:00:00+00:00
[2025-04-18T10:19:55.922+0530] {processor.py:208} INFO - Processing /home/prakhar/Desktop/Bootcamp/Python/Airflow-Project/airflowvenv/lib/python3.12/site-packages/airflow/example_dags/example_xcom.py took 0.131 seconds
[2025-04-18T10:21:04.712+0530] {processor.py:186} INFO - Started process (PID=21157) to work on /home/prakhar/Desktop/Bootcamp/Python/Airflow-Project/airflowvenv/lib/python3.12/site-packages/airflow/example_dags/example_xcom.py
[2025-04-18T10:21:04.713+0530] {processor.py:914} INFO - Processing file /home/prakhar/Desktop/Bootcamp/Python/Airflow-Project/airflowvenv/lib/python3.12/site-packages/airflow/example_dags/example_xcom.py for tasks to queue
[2025-04-18T10:21:04.714+0530] {logging_mixin.py:190} INFO - [2025-04-18T10:21:04.714+0530] {dagbag.py:588} INFO - Filling up the DagBag from /home/prakhar/Desktop/Bootcamp/Python/Airflow-Project/airflowvenv/lib/python3.12/site-packages/airflow/example_dags/example_xcom.py
[2025-04-18T10:21:04.720+0530] {processor.py:925} INFO - DAG(s) 'example_xcom' retrieved from /home/prakhar/Desktop/Bootcamp/Python/Airflow-Project/airflowvenv/lib/python3.12/site-packages/airflow/example_dags/example_xcom.py
[2025-04-18T10:21:04.730+0530] {logging_mixin.py:190} INFO - [2025-04-18T10:21:04.729+0530] {dag.py:3239} INFO - Sync 1 DAGs
[2025-04-18T10:21:04.742+0530] {logging_mixin.py:190} INFO - [2025-04-18T10:21:04.741+0530] {dag.py:4180} INFO - Setting next_dagrun for example_xcom to 2021-01-01 00:00:00+00:00, run_after=2021-01-01 00:00:00+00:00
[2025-04-18T10:21:04.877+0530] {processor.py:208} INFO - Processing /home/prakhar/Desktop/Bootcamp/Python/Airflow-Project/airflowvenv/lib/python3.12/site-packages/airflow/example_dags/example_xcom.py took 0.168 seconds
[2025-04-18T10:22:58.604+0530] {processor.py:186} INFO - Started process (PID=22715) to work on /home/prakhar/Desktop/Bootcamp/Python/Airflow-Project/airflowvenv/lib/python3.12/site-packages/airflow/example_dags/example_xcom.py
[2025-04-18T10:22:58.650+0530] {processor.py:914} INFO - Processing file /home/prakhar/Desktop/Bootcamp/Python/Airflow-Project/airflowvenv/lib/python3.12/site-packages/airflow/example_dags/example_xcom.py for tasks to queue
[2025-04-18T10:22:58.653+0530] {logging_mixin.py:190} INFO - [2025-04-18T10:22:58.653+0530] {dagbag.py:588} INFO - Filling up the DagBag from /home/prakhar/Desktop/Bootcamp/Python/Airflow-Project/airflowvenv/lib/python3.12/site-packages/airflow/example_dags/example_xcom.py
[2025-04-18T10:22:58.668+0530] {processor.py:925} INFO - DAG(s) 'example_xcom' retrieved from /home/prakhar/Desktop/Bootcamp/Python/Airflow-Project/airflowvenv/lib/python3.12/site-packages/airflow/example_dags/example_xcom.py
[2025-04-18T10:22:58.678+0530] {logging_mixin.py:190} INFO - [2025-04-18T10:22:58.678+0530] {dag.py:3239} INFO - Sync 1 DAGs
[2025-04-18T10:22:58.688+0530] {logging_mixin.py:190} INFO - [2025-04-18T10:22:58.687+0530] {dag.py:4180} INFO - Setting next_dagrun for example_xcom to 2021-01-01 00:00:00+00:00, run_after=2021-01-01 00:00:00+00:00
[2025-04-18T10:22:58.759+0530] {processor.py:208} INFO - Processing /home/prakhar/Desktop/Bootcamp/Python/Airflow-Project/airflowvenv/lib/python3.12/site-packages/airflow/example_dags/example_xcom.py took 0.159 seconds
[2025-04-18T10:24:16.377+0530] {processor.py:186} INFO - Started process (PID=23241) to work on /home/prakhar/Desktop/Bootcamp/Python/Airflow-Project/airflowvenv/lib/python3.12/site-packages/airflow/example_dags/example_xcom.py
[2025-04-18T10:24:16.378+0530] {processor.py:914} INFO - Processing file /home/prakhar/Desktop/Bootcamp/Python/Airflow-Project/airflowvenv/lib/python3.12/site-packages/airflow/example_dags/example_xcom.py for tasks to queue
[2025-04-18T10:24:16.379+0530] {logging_mixin.py:190} INFO - [2025-04-18T10:24:16.379+0530] {dagbag.py:588} INFO - Filling up the DagBag from /home/prakhar/Desktop/Bootcamp/Python/Airflow-Project/airflowvenv/lib/python3.12/site-packages/airflow/example_dags/example_xcom.py
[2025-04-18T10:24:16.386+0530] {processor.py:925} INFO - DAG(s) 'example_xcom' retrieved from /home/prakhar/Desktop/Bootcamp/Python/Airflow-Project/airflowvenv/lib/python3.12/site-packages/airflow/example_dags/example_xcom.py
[2025-04-18T10:24:16.397+0530] {logging_mixin.py:190} INFO - [2025-04-18T10:24:16.397+0530] {dag.py:3239} INFO - Sync 1 DAGs
[2025-04-18T10:24:16.409+0530] {logging_mixin.py:190} INFO - [2025-04-18T10:24:16.409+0530] {dag.py:4180} INFO - Setting next_dagrun for example_xcom to 2021-01-01 00:00:00+00:00, run_after=2021-01-01 00:00:00+00:00
[2025-04-18T10:24:16.514+0530] {processor.py:208} INFO - Processing /home/prakhar/Desktop/Bootcamp/Python/Airflow-Project/airflowvenv/lib/python3.12/site-packages/airflow/example_dags/example_xcom.py took 0.143 seconds
[2025-04-18T10:25:34.127+0530] {processor.py:186} INFO - Started process (PID=23594) to work on /home/prakhar/Desktop/Bootcamp/Python/Airflow-Project/airflowvenv/lib/python3.12/site-packages/airflow/example_dags/example_xcom.py
[2025-04-18T10:25:34.166+0530] {processor.py:914} INFO - Processing file /home/prakhar/Desktop/Bootcamp/Python/Airflow-Project/airflowvenv/lib/python3.12/site-packages/airflow/example_dags/example_xcom.py for tasks to queue
[2025-04-18T10:25:34.167+0530] {logging_mixin.py:190} INFO - [2025-04-18T10:25:34.167+0530] {dagbag.py:588} INFO - Filling up the DagBag from /home/prakhar/Desktop/Bootcamp/Python/Airflow-Project/airflowvenv/lib/python3.12/site-packages/airflow/example_dags/example_xcom.py
[2025-04-18T10:25:34.173+0530] {processor.py:925} INFO - DAG(s) 'example_xcom' retrieved from /home/prakhar/Desktop/Bootcamp/Python/Airflow-Project/airflowvenv/lib/python3.12/site-packages/airflow/example_dags/example_xcom.py
[2025-04-18T10:25:34.184+0530] {logging_mixin.py:190} INFO - [2025-04-18T10:25:34.183+0530] {dag.py:3239} INFO - Sync 1 DAGs
[2025-04-18T10:25:34.196+0530] {logging_mixin.py:190} INFO - [2025-04-18T10:25:34.196+0530] {dag.py:4180} INFO - Setting next_dagrun for example_xcom to 2021-01-01 00:00:00+00:00, run_after=2021-01-01 00:00:00+00:00
[2025-04-18T10:25:34.265+0530] {processor.py:208} INFO - Processing /home/prakhar/Desktop/Bootcamp/Python/Airflow-Project/airflowvenv/lib/python3.12/site-packages/airflow/example_dags/example_xcom.py took 0.141 seconds
[2025-04-18T10:26:53.049+0530] {processor.py:186} INFO - Started process (PID=24018) to work on /home/prakhar/Desktop/Bootcamp/Python/Airflow-Project/airflowvenv/lib/python3.12/site-packages/airflow/example_dags/example_xcom.py
[2025-04-18T10:26:53.089+0530] {processor.py:914} INFO - Processing file /home/prakhar/Desktop/Bootcamp/Python/Airflow-Project/airflowvenv/lib/python3.12/site-packages/airflow/example_dags/example_xcom.py for tasks to queue
[2025-04-18T10:26:53.090+0530] {logging_mixin.py:190} INFO - [2025-04-18T10:26:53.090+0530] {dagbag.py:588} INFO - Filling up the DagBag from /home/prakhar/Desktop/Bootcamp/Python/Airflow-Project/airflowvenv/lib/python3.12/site-packages/airflow/example_dags/example_xcom.py
[2025-04-18T10:26:53.098+0530] {processor.py:925} INFO - DAG(s) 'example_xcom' retrieved from /home/prakhar/Desktop/Bootcamp/Python/Airflow-Project/airflowvenv/lib/python3.12/site-packages/airflow/example_dags/example_xcom.py
[2025-04-18T10:26:53.111+0530] {logging_mixin.py:190} INFO - [2025-04-18T10:26:53.111+0530] {dag.py:3239} INFO - Sync 1 DAGs
[2025-04-18T10:26:53.124+0530] {logging_mixin.py:190} INFO - [2025-04-18T10:26:53.124+0530] {dag.py:4180} INFO - Setting next_dagrun for example_xcom to 2021-01-01 00:00:00+00:00, run_after=2021-01-01 00:00:00+00:00
[2025-04-18T10:26:53.334+0530] {processor.py:208} INFO - Processing /home/prakhar/Desktop/Bootcamp/Python/Airflow-Project/airflowvenv/lib/python3.12/site-packages/airflow/example_dags/example_xcom.py took 0.290 seconds
[2025-04-18T10:28:12.706+0530] {processor.py:186} INFO - Started process (PID=24238) to work on /home/prakhar/Desktop/Bootcamp/Python/Airflow-Project/airflowvenv/lib/python3.12/site-packages/airflow/example_dags/example_xcom.py
[2025-04-18T10:28:12.738+0530] {processor.py:914} INFO - Processing file /home/prakhar/Desktop/Bootcamp/Python/Airflow-Project/airflowvenv/lib/python3.12/site-packages/airflow/example_dags/example_xcom.py for tasks to queue
[2025-04-18T10:28:12.741+0530] {logging_mixin.py:190} INFO - [2025-04-18T10:28:12.740+0530] {dagbag.py:588} INFO - Filling up the DagBag from /home/prakhar/Desktop/Bootcamp/Python/Airflow-Project/airflowvenv/lib/python3.12/site-packages/airflow/example_dags/example_xcom.py
[2025-04-18T10:28:12.757+0530] {processor.py:925} INFO - DAG(s) 'example_xcom' retrieved from /home/prakhar/Desktop/Bootcamp/Python/Airflow-Project/airflowvenv/lib/python3.12/site-packages/airflow/example_dags/example_xcom.py
[2025-04-18T10:28:12.767+0530] {logging_mixin.py:190} INFO - [2025-04-18T10:28:12.767+0530] {dag.py:3239} INFO - Sync 1 DAGs
[2025-04-18T10:28:12.776+0530] {logging_mixin.py:190} INFO - [2025-04-18T10:28:12.776+0530] {dag.py:4180} INFO - Setting next_dagrun for example_xcom to 2021-01-01 00:00:00+00:00, run_after=2021-01-01 00:00:00+00:00
[2025-04-18T10:28:12.859+0530] {processor.py:208} INFO - Processing /home/prakhar/Desktop/Bootcamp/Python/Airflow-Project/airflowvenv/lib/python3.12/site-packages/airflow/example_dags/example_xcom.py took 0.157 seconds
[2025-04-18T10:29:33.799+0530] {processor.py:186} INFO - Started process (PID=24583) to work on /home/prakhar/Desktop/Bootcamp/Python/Airflow-Project/airflowvenv/lib/python3.12/site-packages/airflow/example_dags/example_xcom.py
[2025-04-18T10:29:33.841+0530] {processor.py:914} INFO - Processing file /home/prakhar/Desktop/Bootcamp/Python/Airflow-Project/airflowvenv/lib/python3.12/site-packages/airflow/example_dags/example_xcom.py for tasks to queue
[2025-04-18T10:29:33.844+0530] {logging_mixin.py:190} INFO - [2025-04-18T10:29:33.843+0530] {dagbag.py:588} INFO - Filling up the DagBag from /home/prakhar/Desktop/Bootcamp/Python/Airflow-Project/airflowvenv/lib/python3.12/site-packages/airflow/example_dags/example_xcom.py
[2025-04-18T10:29:33.859+0530] {processor.py:925} INFO - DAG(s) 'example_xcom' retrieved from /home/prakhar/Desktop/Bootcamp/Python/Airflow-Project/airflowvenv/lib/python3.12/site-packages/airflow/example_dags/example_xcom.py
[2025-04-18T10:29:33.868+0530] {logging_mixin.py:190} INFO - [2025-04-18T10:29:33.868+0530] {dag.py:3239} INFO - Sync 1 DAGs
[2025-04-18T10:29:33.878+0530] {logging_mixin.py:190} INFO - [2025-04-18T10:29:33.878+0530] {dag.py:4180} INFO - Setting next_dagrun for example_xcom to 2021-01-01 00:00:00+00:00, run_after=2021-01-01 00:00:00+00:00
[2025-04-18T10:29:34.039+0530] {processor.py:208} INFO - Processing /home/prakhar/Desktop/Bootcamp/Python/Airflow-Project/airflowvenv/lib/python3.12/site-packages/airflow/example_dags/example_xcom.py took 0.244 seconds
