[2025-04-18T10:17:39.902+0530] {processor.py:186} INFO - Started process (PID=18714) to work on /home/prakhar/Desktop/Bootcamp/Python/Airflow-Project/airflowvenv/lib/python3.12/site-packages/airflow/example_dags/example_nested_branch_dag.py
[2025-04-18T10:17:39.902+0530] {processor.py:914} INFO - Processing file /home/prakhar/Desktop/Bootcamp/Python/Airflow-Project/airflowvenv/lib/python3.12/site-packages/airflow/example_dags/example_nested_branch_dag.py for tasks to queue
[2025-04-18T10:17:39.903+0530] {logging_mixin.py:190} INFO - [2025-04-18T10:17:39.903+0530] {dagbag.py:588} INFO - Filling up the DagBag from /home/prakhar/Desktop/Bootcamp/Python/Airflow-Project/airflowvenv/lib/python3.12/site-packages/airflow/example_dags/example_nested_branch_dag.py
[2025-04-18T10:17:39.911+0530] {processor.py:925} INFO - DAG(s) 'example_nested_branch_dag' retrieved from /home/prakhar/Desktop/Bootcamp/Python/Airflow-Project/airflowvenv/lib/python3.12/site-packages/airflow/example_dags/example_nested_branch_dag.py
[2025-04-18T10:17:39.924+0530] {logging_mixin.py:190} INFO - [2025-04-18T10:17:39.923+0530] {dag.py:3239} INFO - Sync 1 DAGs
[2025-04-18T10:17:39.936+0530] {logging_mixin.py:190} INFO - [2025-04-18T10:17:39.936+0530] {dag.py:4180} INFO - Setting next_dagrun for example_nested_branch_dag to 2025-04-17 00:00:00+00:00, run_after=2025-04-18 00:00:00+00:00
[2025-04-18T10:17:40.050+0530] {processor.py:208} INFO - Processing /home/prakhar/Desktop/Bootcamp/Python/Airflow-Project/airflowvenv/lib/python3.12/site-packages/airflow/example_dags/example_nested_branch_dag.py took 0.152 seconds
[2025-04-18T10:18:57.263+0530] {processor.py:186} INFO - Started process (PID=19657) to work on /home/prakhar/Desktop/Bootcamp/Python/Airflow-Project/airflowvenv/lib/python3.12/site-packages/airflow/example_dags/example_nested_branch_dag.py
[2025-04-18T10:18:57.264+0530] {processor.py:914} INFO - Processing file /home/prakhar/Desktop/Bootcamp/Python/Airflow-Project/airflowvenv/lib/python3.12/site-packages/airflow/example_dags/example_nested_branch_dag.py for tasks to queue
[2025-04-18T10:18:57.265+0530] {logging_mixin.py:190} INFO - [2025-04-18T10:18:57.264+0530] {dagbag.py:588} INFO - Filling up the DagBag from /home/prakhar/Desktop/Bootcamp/Python/Airflow-Project/airflowvenv/lib/python3.12/site-packages/airflow/example_dags/example_nested_branch_dag.py
[2025-04-18T10:18:57.272+0530] {processor.py:925} INFO - DAG(s) 'example_nested_branch_dag' retrieved from /home/prakhar/Desktop/Bootcamp/Python/Airflow-Project/airflowvenv/lib/python3.12/site-packages/airflow/example_dags/example_nested_branch_dag.py
[2025-04-18T10:18:57.282+0530] {logging_mixin.py:190} INFO - [2025-04-18T10:18:57.282+0530] {dag.py:3239} INFO - Sync 1 DAGs
[2025-04-18T10:18:57.293+0530] {logging_mixin.py:190} INFO - [2025-04-18T10:18:57.293+0530] {dag.py:4180} INFO - Setting next_dagrun for example_nested_branch_dag to 2025-04-17 00:00:00+00:00, run_after=2025-04-18 00:00:00+00:00
[2025-04-18T10:18:57.393+0530] {processor.py:208} INFO - Processing /home/prakhar/Desktop/Bootcamp/Python/Airflow-Project/airflowvenv/lib/python3.12/site-packages/airflow/example_dags/example_nested_branch_dag.py took 0.133 seconds
[2025-04-18T10:20:18.305+0530] {processor.py:186} INFO - Started process (PID=20582) to work on /home/prakhar/Desktop/Bootcamp/Python/Airflow-Project/airflowvenv/lib/python3.12/site-packages/airflow/example_dags/example_nested_branch_dag.py
[2025-04-18T10:20:18.345+0530] {processor.py:914} INFO - Processing file /home/prakhar/Desktop/Bootcamp/Python/Airflow-Project/airflowvenv/lib/python3.12/site-packages/airflow/example_dags/example_nested_branch_dag.py for tasks to queue
[2025-04-18T10:20:18.348+0530] {logging_mixin.py:190} INFO - [2025-04-18T10:20:18.348+0530] {dagbag.py:588} INFO - Filling up the DagBag from /home/prakhar/Desktop/Bootcamp/Python/Airflow-Project/airflowvenv/lib/python3.12/site-packages/airflow/example_dags/example_nested_branch_dag.py
[2025-04-18T10:20:18.362+0530] {processor.py:925} INFO - DAG(s) 'example_nested_branch_dag' retrieved from /home/prakhar/Desktop/Bootcamp/Python/Airflow-Project/airflowvenv/lib/python3.12/site-packages/airflow/example_dags/example_nested_branch_dag.py
[2025-04-18T10:20:18.373+0530] {logging_mixin.py:190} INFO - [2025-04-18T10:20:18.373+0530] {dag.py:3239} INFO - Sync 1 DAGs
[2025-04-18T10:20:18.385+0530] {logging_mixin.py:190} INFO - [2025-04-18T10:20:18.385+0530] {dag.py:4180} INFO - Setting next_dagrun for example_nested_branch_dag to 2025-04-17 00:00:00+00:00, run_after=2025-04-18 00:00:00+00:00
[2025-04-18T10:20:18.470+0530] {processor.py:208} INFO - Processing /home/prakhar/Desktop/Bootcamp/Python/Airflow-Project/airflowvenv/lib/python3.12/site-packages/airflow/example_dags/example_nested_branch_dag.py took 0.168 seconds
[2025-04-18T10:21:52.013+0530] {processor.py:186} INFO - Started process (PID=21857) to work on /home/prakhar/Desktop/Bootcamp/Python/Airflow-Project/airflowvenv/lib/python3.12/site-packages/airflow/example_dags/example_nested_branch_dag.py
[2025-04-18T10:21:52.037+0530] {processor.py:914} INFO - Processing file /home/prakhar/Desktop/Bootcamp/Python/Airflow-Project/airflowvenv/lib/python3.12/site-packages/airflow/example_dags/example_nested_branch_dag.py for tasks to queue
[2025-04-18T10:21:52.039+0530] {logging_mixin.py:190} INFO - [2025-04-18T10:21:52.038+0530] {dagbag.py:588} INFO - Filling up the DagBag from /home/prakhar/Desktop/Bootcamp/Python/Airflow-Project/airflowvenv/lib/python3.12/site-packages/airflow/example_dags/example_nested_branch_dag.py
[2025-04-18T10:21:52.046+0530] {processor.py:925} INFO - DAG(s) 'example_nested_branch_dag' retrieved from /home/prakhar/Desktop/Bootcamp/Python/Airflow-Project/airflowvenv/lib/python3.12/site-packages/airflow/example_dags/example_nested_branch_dag.py
[2025-04-18T10:21:52.058+0530] {logging_mixin.py:190} INFO - [2025-04-18T10:21:52.058+0530] {dag.py:3239} INFO - Sync 1 DAGs
[2025-04-18T10:21:52.071+0530] {logging_mixin.py:190} INFO - [2025-04-18T10:21:52.071+0530] {dag.py:4180} INFO - Setting next_dagrun for example_nested_branch_dag to 2025-04-17 00:00:00+00:00, run_after=2025-04-18 00:00:00+00:00
[2025-04-18T10:21:52.181+0530] {processor.py:208} INFO - Processing /home/prakhar/Desktop/Bootcamp/Python/Airflow-Project/airflowvenv/lib/python3.12/site-packages/airflow/example_dags/example_nested_branch_dag.py took 0.173 seconds
[2025-04-18T10:23:22.159+0530] {processor.py:186} INFO - Started process (PID=22835) to work on /home/prakhar/Desktop/Bootcamp/Python/Airflow-Project/airflowvenv/lib/python3.12/site-packages/airflow/example_dags/example_nested_branch_dag.py
[2025-04-18T10:23:22.215+0530] {processor.py:914} INFO - Processing file /home/prakhar/Desktop/Bootcamp/Python/Airflow-Project/airflowvenv/lib/python3.12/site-packages/airflow/example_dags/example_nested_branch_dag.py for tasks to queue
[2025-04-18T10:23:22.218+0530] {logging_mixin.py:190} INFO - [2025-04-18T10:23:22.217+0530] {dagbag.py:588} INFO - Filling up the DagBag from /home/prakhar/Desktop/Bootcamp/Python/Airflow-Project/airflowvenv/lib/python3.12/site-packages/airflow/example_dags/example_nested_branch_dag.py
[2025-04-18T10:23:22.235+0530] {processor.py:925} INFO - DAG(s) 'example_nested_branch_dag' retrieved from /home/prakhar/Desktop/Bootcamp/Python/Airflow-Project/airflowvenv/lib/python3.12/site-packages/airflow/example_dags/example_nested_branch_dag.py
[2025-04-18T10:23:22.245+0530] {logging_mixin.py:190} INFO - [2025-04-18T10:23:22.245+0530] {dag.py:3239} INFO - Sync 1 DAGs
[2025-04-18T10:23:22.257+0530] {logging_mixin.py:190} INFO - [2025-04-18T10:23:22.257+0530] {dag.py:4180} INFO - Setting next_dagrun for example_nested_branch_dag to 2025-04-17 00:00:00+00:00, run_after=2025-04-18 00:00:00+00:00
[2025-04-18T10:23:22.338+0530] {processor.py:208} INFO - Processing /home/prakhar/Desktop/Bootcamp/Python/Airflow-Project/airflowvenv/lib/python3.12/site-packages/airflow/example_dags/example_nested_branch_dag.py took 0.184 seconds
[2025-04-18T10:24:40.030+0530] {processor.py:186} INFO - Started process (PID=23339) to work on /home/prakhar/Desktop/Bootcamp/Python/Airflow-Project/airflowvenv/lib/python3.12/site-packages/airflow/example_dags/example_nested_branch_dag.py
[2025-04-18T10:24:40.035+0530] {processor.py:914} INFO - Processing file /home/prakhar/Desktop/Bootcamp/Python/Airflow-Project/airflowvenv/lib/python3.12/site-packages/airflow/example_dags/example_nested_branch_dag.py for tasks to queue
[2025-04-18T10:24:40.036+0530] {logging_mixin.py:190} INFO - [2025-04-18T10:24:40.036+0530] {dagbag.py:588} INFO - Filling up the DagBag from /home/prakhar/Desktop/Bootcamp/Python/Airflow-Project/airflowvenv/lib/python3.12/site-packages/airflow/example_dags/example_nested_branch_dag.py
[2025-04-18T10:24:40.043+0530] {processor.py:925} INFO - DAG(s) 'example_nested_branch_dag' retrieved from /home/prakhar/Desktop/Bootcamp/Python/Airflow-Project/airflowvenv/lib/python3.12/site-packages/airflow/example_dags/example_nested_branch_dag.py
[2025-04-18T10:24:40.053+0530] {logging_mixin.py:190} INFO - [2025-04-18T10:24:40.053+0530] {dag.py:3239} INFO - Sync 1 DAGs
[2025-04-18T10:24:40.063+0530] {logging_mixin.py:190} INFO - [2025-04-18T10:24:40.063+0530] {dag.py:4180} INFO - Setting next_dagrun for example_nested_branch_dag to 2025-04-17 00:00:00+00:00, run_after=2025-04-18 00:00:00+00:00
[2025-04-18T10:24:40.151+0530] {processor.py:208} INFO - Processing /home/prakhar/Desktop/Bootcamp/Python/Airflow-Project/airflowvenv/lib/python3.12/site-packages/airflow/example_dags/example_nested_branch_dag.py took 0.125 seconds
[2025-04-18T10:25:56.631+0530] {processor.py:186} INFO - Started process (PID=23825) to work on /home/prakhar/Desktop/Bootcamp/Python/Airflow-Project/airflowvenv/lib/python3.12/site-packages/airflow/example_dags/example_nested_branch_dag.py
[2025-04-18T10:25:56.667+0530] {processor.py:914} INFO - Processing file /home/prakhar/Desktop/Bootcamp/Python/Airflow-Project/airflowvenv/lib/python3.12/site-packages/airflow/example_dags/example_nested_branch_dag.py for tasks to queue
[2025-04-18T10:25:56.671+0530] {logging_mixin.py:190} INFO - [2025-04-18T10:25:56.670+0530] {dagbag.py:588} INFO - Filling up the DagBag from /home/prakhar/Desktop/Bootcamp/Python/Airflow-Project/airflowvenv/lib/python3.12/site-packages/airflow/example_dags/example_nested_branch_dag.py
[2025-04-18T10:25:56.687+0530] {processor.py:925} INFO - DAG(s) 'example_nested_branch_dag' retrieved from /home/prakhar/Desktop/Bootcamp/Python/Airflow-Project/airflowvenv/lib/python3.12/site-packages/airflow/example_dags/example_nested_branch_dag.py
[2025-04-18T10:25:56.704+0530] {logging_mixin.py:190} INFO - [2025-04-18T10:25:56.704+0530] {dag.py:3239} INFO - Sync 1 DAGs
[2025-04-18T10:25:56.717+0530] {logging_mixin.py:190} INFO - [2025-04-18T10:25:56.717+0530] {dag.py:4180} INFO - Setting next_dagrun for example_nested_branch_dag to 2025-04-17 00:00:00+00:00, run_after=2025-04-18 00:00:00+00:00
[2025-04-18T10:25:56.790+0530] {processor.py:208} INFO - Processing /home/prakhar/Desktop/Bootcamp/Python/Airflow-Project/airflowvenv/lib/python3.12/site-packages/airflow/example_dags/example_nested_branch_dag.py took 0.164 seconds
[2025-04-18T10:27:18.121+0530] {processor.py:186} INFO - Started process (PID=24077) to work on /home/prakhar/Desktop/Bootcamp/Python/Airflow-Project/airflowvenv/lib/python3.12/site-packages/airflow/example_dags/example_nested_branch_dag.py
[2025-04-18T10:27:18.132+0530] {processor.py:914} INFO - Processing file /home/prakhar/Desktop/Bootcamp/Python/Airflow-Project/airflowvenv/lib/python3.12/site-packages/airflow/example_dags/example_nested_branch_dag.py for tasks to queue
[2025-04-18T10:27:18.134+0530] {logging_mixin.py:190} INFO - [2025-04-18T10:27:18.133+0530] {dagbag.py:588} INFO - Filling up the DagBag from /home/prakhar/Desktop/Bootcamp/Python/Airflow-Project/airflowvenv/lib/python3.12/site-packages/airflow/example_dags/example_nested_branch_dag.py
[2025-04-18T10:27:18.145+0530] {processor.py:925} INFO - DAG(s) 'example_nested_branch_dag' retrieved from /home/prakhar/Desktop/Bootcamp/Python/Airflow-Project/airflowvenv/lib/python3.12/site-packages/airflow/example_dags/example_nested_branch_dag.py
[2025-04-18T10:27:18.155+0530] {logging_mixin.py:190} INFO - [2025-04-18T10:27:18.155+0530] {dag.py:3239} INFO - Sync 1 DAGs
[2025-04-18T10:27:18.169+0530] {logging_mixin.py:190} INFO - [2025-04-18T10:27:18.169+0530] {dag.py:4180} INFO - Setting next_dagrun for example_nested_branch_dag to 2025-04-17 00:00:00+00:00, run_after=2025-04-18 00:00:00+00:00
[2025-04-18T10:27:18.236+0530] {processor.py:208} INFO - Processing /home/prakhar/Desktop/Bootcamp/Python/Airflow-Project/airflowvenv/lib/python3.12/site-packages/airflow/example_dags/example_nested_branch_dag.py took 0.120 seconds
[2025-04-18T10:28:37.177+0530] {processor.py:186} INFO - Started process (PID=24321) to work on /home/prakhar/Desktop/Bootcamp/Python/Airflow-Project/airflowvenv/lib/python3.12/site-packages/airflow/example_dags/example_nested_branch_dag.py
[2025-04-18T10:28:37.208+0530] {processor.py:914} INFO - Processing file /home/prakhar/Desktop/Bootcamp/Python/Airflow-Project/airflowvenv/lib/python3.12/site-packages/airflow/example_dags/example_nested_branch_dag.py for tasks to queue
[2025-04-18T10:28:37.212+0530] {logging_mixin.py:190} INFO - [2025-04-18T10:28:37.211+0530] {dagbag.py:588} INFO - Filling up the DagBag from /home/prakhar/Desktop/Bootcamp/Python/Airflow-Project/airflowvenv/lib/python3.12/site-packages/airflow/example_dags/example_nested_branch_dag.py
[2025-04-18T10:28:37.226+0530] {processor.py:925} INFO - DAG(s) 'example_nested_branch_dag' retrieved from /home/prakhar/Desktop/Bootcamp/Python/Airflow-Project/airflowvenv/lib/python3.12/site-packages/airflow/example_dags/example_nested_branch_dag.py
[2025-04-18T10:28:37.236+0530] {logging_mixin.py:190} INFO - [2025-04-18T10:28:37.236+0530] {dag.py:3239} INFO - Sync 1 DAGs
[2025-04-18T10:28:37.246+0530] {logging_mixin.py:190} INFO - [2025-04-18T10:28:37.246+0530] {dag.py:4180} INFO - Setting next_dagrun for example_nested_branch_dag to 2025-04-17 00:00:00+00:00, run_after=2025-04-18 00:00:00+00:00
[2025-04-18T10:28:37.327+0530] {processor.py:208} INFO - Processing /home/prakhar/Desktop/Bootcamp/Python/Airflow-Project/airflowvenv/lib/python3.12/site-packages/airflow/example_dags/example_nested_branch_dag.py took 0.156 seconds
[2025-04-18T10:29:56.635+0530] {processor.py:186} INFO - Started process (PID=24761) to work on /home/prakhar/Desktop/Bootcamp/Python/Airflow-Project/airflowvenv/lib/python3.12/site-packages/airflow/example_dags/example_nested_branch_dag.py
[2025-04-18T10:29:56.638+0530] {processor.py:914} INFO - Processing file /home/prakhar/Desktop/Bootcamp/Python/Airflow-Project/airflowvenv/lib/python3.12/site-packages/airflow/example_dags/example_nested_branch_dag.py for tasks to queue
[2025-04-18T10:29:56.640+0530] {logging_mixin.py:190} INFO - [2025-04-18T10:29:56.639+0530] {dagbag.py:588} INFO - Filling up the DagBag from /home/prakhar/Desktop/Bootcamp/Python/Airflow-Project/airflowvenv/lib/python3.12/site-packages/airflow/example_dags/example_nested_branch_dag.py
[2025-04-18T10:29:56.651+0530] {processor.py:925} INFO - DAG(s) 'example_nested_branch_dag' retrieved from /home/prakhar/Desktop/Bootcamp/Python/Airflow-Project/airflowvenv/lib/python3.12/site-packages/airflow/example_dags/example_nested_branch_dag.py
[2025-04-18T10:29:56.660+0530] {logging_mixin.py:190} INFO - [2025-04-18T10:29:56.659+0530] {dag.py:3239} INFO - Sync 1 DAGs
[2025-04-18T10:29:56.670+0530] {logging_mixin.py:190} INFO - [2025-04-18T10:29:56.670+0530] {dag.py:4180} INFO - Setting next_dagrun for example_nested_branch_dag to 2025-04-17 00:00:00+00:00, run_after=2025-04-18 00:00:00+00:00
[2025-04-18T10:29:56.756+0530] {processor.py:208} INFO - Processing /home/prakhar/Desktop/Bootcamp/Python/Airflow-Project/airflowvenv/lib/python3.12/site-packages/airflow/example_dags/example_nested_branch_dag.py took 0.125 seconds
