[2025-04-18T10:17:14.613+0530] {processor.py:186} INFO - Started process (PID=18552) to work on /home/prakhar/Desktop/Bootcamp/Python/Airflow-Project/airflowvenv/lib/python3.12/site-packages/airflow/example_dags/example_workday_timetable.py
[2025-04-18T10:17:14.613+0530] {processor.py:914} INFO - Processing file /home/prakhar/Desktop/Bootcamp/Python/Airflow-Project/airflowvenv/lib/python3.12/site-packages/airflow/example_dags/example_workday_timetable.py for tasks to queue
[2025-04-18T10:17:14.614+0530] {logging_mixin.py:190} INFO - [2025-04-18T10:17:14.614+0530] {dagbag.py:588} INFO - Filling up the DagBag from /home/prakhar/Desktop/Bootcamp/Python/Airflow-Project/airflowvenv/lib/python3.12/site-packages/airflow/example_dags/example_workday_timetable.py
[2025-04-18T10:17:14.620+0530] {processor.py:925} INFO - DAG(s) 'example_workday_timetable' retrieved from /home/prakhar/Desktop/Bootcamp/Python/Airflow-Project/airflowvenv/lib/python3.12/site-packages/airflow/example_dags/example_workday_timetable.py
[2025-04-18T10:17:14.632+0530] {logging_mixin.py:190} INFO - [2025-04-18T10:17:14.632+0530] {dag.py:3239} INFO - Sync 1 DAGs
[2025-04-18T10:17:14.662+0530] {logging_mixin.py:190} INFO - [2025-04-18T10:17:14.662+0530] {dag.py:4180} INFO - Setting next_dagrun for example_workday_timetable to 2021-01-04 00:00:00+00:00, run_after=2021-01-05 00:00:00+00:00
[2025-04-18T10:17:14.728+0530] {processor.py:208} INFO - Processing /home/prakhar/Desktop/Bootcamp/Python/Airflow-Project/airflowvenv/lib/python3.12/site-packages/airflow/example_dags/example_workday_timetable.py took 0.118 seconds
[2025-04-18T10:18:25.325+0530] {processor.py:186} INFO - Started process (PID=19358) to work on /home/prakhar/Desktop/Bootcamp/Python/Airflow-Project/airflowvenv/lib/python3.12/site-packages/airflow/example_dags/example_workday_timetable.py
[2025-04-18T10:18:25.356+0530] {processor.py:914} INFO - Processing file /home/prakhar/Desktop/Bootcamp/Python/Airflow-Project/airflowvenv/lib/python3.12/site-packages/airflow/example_dags/example_workday_timetable.py for tasks to queue
[2025-04-18T10:18:25.359+0530] {logging_mixin.py:190} INFO - [2025-04-18T10:18:25.359+0530] {dagbag.py:588} INFO - Filling up the DagBag from /home/prakhar/Desktop/Bootcamp/Python/Airflow-Project/airflowvenv/lib/python3.12/site-packages/airflow/example_dags/example_workday_timetable.py
[2025-04-18T10:18:25.370+0530] {processor.py:925} INFO - DAG(s) 'example_workday_timetable' retrieved from /home/prakhar/Desktop/Bootcamp/Python/Airflow-Project/airflowvenv/lib/python3.12/site-packages/airflow/example_dags/example_workday_timetable.py
[2025-04-18T10:18:25.382+0530] {logging_mixin.py:190} INFO - [2025-04-18T10:18:25.381+0530] {dag.py:3239} INFO - Sync 1 DAGs
[2025-04-18T10:18:25.409+0530] {logging_mixin.py:190} INFO - [2025-04-18T10:18:25.409+0530] {dag.py:4180} INFO - Setting next_dagrun for example_workday_timetable to 2021-01-04 00:00:00+00:00, run_after=2021-01-05 00:00:00+00:00
[2025-04-18T10:18:25.491+0530] {processor.py:208} INFO - Processing /home/prakhar/Desktop/Bootcamp/Python/Airflow-Project/airflowvenv/lib/python3.12/site-packages/airflow/example_dags/example_workday_timetable.py took 0.170 seconds
[2025-04-18T10:19:56.896+0530] {processor.py:186} INFO - Started process (PID=20454) to work on /home/prakhar/Desktop/Bootcamp/Python/Airflow-Project/airflowvenv/lib/python3.12/site-packages/airflow/example_dags/example_workday_timetable.py
[2025-04-18T10:19:56.927+0530] {processor.py:914} INFO - Processing file /home/prakhar/Desktop/Bootcamp/Python/Airflow-Project/airflowvenv/lib/python3.12/site-packages/airflow/example_dags/example_workday_timetable.py for tasks to queue
[2025-04-18T10:19:56.930+0530] {logging_mixin.py:190} INFO - [2025-04-18T10:19:56.929+0530] {dagbag.py:588} INFO - Filling up the DagBag from /home/prakhar/Desktop/Bootcamp/Python/Airflow-Project/airflowvenv/lib/python3.12/site-packages/airflow/example_dags/example_workday_timetable.py
[2025-04-18T10:19:56.944+0530] {processor.py:925} INFO - DAG(s) 'example_workday_timetable' retrieved from /home/prakhar/Desktop/Bootcamp/Python/Airflow-Project/airflowvenv/lib/python3.12/site-packages/airflow/example_dags/example_workday_timetable.py
[2025-04-18T10:19:56.964+0530] {logging_mixin.py:190} INFO - [2025-04-18T10:19:56.963+0530] {dag.py:3239} INFO - Sync 1 DAGs
[2025-04-18T10:19:56.993+0530] {logging_mixin.py:190} INFO - [2025-04-18T10:19:56.993+0530] {dag.py:4180} INFO - Setting next_dagrun for example_workday_timetable to 2021-01-04 00:00:00+00:00, run_after=2021-01-05 00:00:00+00:00
[2025-04-18T10:19:57.060+0530] {processor.py:208} INFO - Processing /home/prakhar/Desktop/Bootcamp/Python/Airflow-Project/airflowvenv/lib/python3.12/site-packages/airflow/example_dags/example_workday_timetable.py took 0.167 seconds
[2025-04-18T10:21:06.053+0530] {processor.py:186} INFO - Started process (PID=21218) to work on /home/prakhar/Desktop/Bootcamp/Python/Airflow-Project/airflowvenv/lib/python3.12/site-packages/airflow/example_dags/example_workday_timetable.py
[2025-04-18T10:21:06.054+0530] {processor.py:914} INFO - Processing file /home/prakhar/Desktop/Bootcamp/Python/Airflow-Project/airflowvenv/lib/python3.12/site-packages/airflow/example_dags/example_workday_timetable.py for tasks to queue
[2025-04-18T10:21:06.056+0530] {logging_mixin.py:190} INFO - [2025-04-18T10:21:06.055+0530] {dagbag.py:588} INFO - Filling up the DagBag from /home/prakhar/Desktop/Bootcamp/Python/Airflow-Project/airflowvenv/lib/python3.12/site-packages/airflow/example_dags/example_workday_timetable.py
[2025-04-18T10:21:06.061+0530] {processor.py:925} INFO - DAG(s) 'example_workday_timetable' retrieved from /home/prakhar/Desktop/Bootcamp/Python/Airflow-Project/airflowvenv/lib/python3.12/site-packages/airflow/example_dags/example_workday_timetable.py
[2025-04-18T10:21:06.071+0530] {logging_mixin.py:190} INFO - [2025-04-18T10:21:06.071+0530] {dag.py:3239} INFO - Sync 1 DAGs
[2025-04-18T10:21:06.107+0530] {logging_mixin.py:190} INFO - [2025-04-18T10:21:06.107+0530] {dag.py:4180} INFO - Setting next_dagrun for example_workday_timetable to 2021-01-04 00:00:00+00:00, run_after=2021-01-05 00:00:00+00:00
[2025-04-18T10:21:06.181+0530] {processor.py:208} INFO - Processing /home/prakhar/Desktop/Bootcamp/Python/Airflow-Project/airflowvenv/lib/python3.12/site-packages/airflow/example_dags/example_workday_timetable.py took 0.134 seconds
[2025-04-18T10:22:59.887+0530] {processor.py:186} INFO - Started process (PID=22724) to work on /home/prakhar/Desktop/Bootcamp/Python/Airflow-Project/airflowvenv/lib/python3.12/site-packages/airflow/example_dags/example_workday_timetable.py
[2025-04-18T10:22:59.888+0530] {processor.py:914} INFO - Processing file /home/prakhar/Desktop/Bootcamp/Python/Airflow-Project/airflowvenv/lib/python3.12/site-packages/airflow/example_dags/example_workday_timetable.py for tasks to queue
[2025-04-18T10:22:59.889+0530] {logging_mixin.py:190} INFO - [2025-04-18T10:22:59.889+0530] {dagbag.py:588} INFO - Filling up the DagBag from /home/prakhar/Desktop/Bootcamp/Python/Airflow-Project/airflowvenv/lib/python3.12/site-packages/airflow/example_dags/example_workday_timetable.py
[2025-04-18T10:22:59.894+0530] {processor.py:925} INFO - DAG(s) 'example_workday_timetable' retrieved from /home/prakhar/Desktop/Bootcamp/Python/Airflow-Project/airflowvenv/lib/python3.12/site-packages/airflow/example_dags/example_workday_timetable.py
[2025-04-18T10:22:59.903+0530] {logging_mixin.py:190} INFO - [2025-04-18T10:22:59.903+0530] {dag.py:3239} INFO - Sync 1 DAGs
[2025-04-18T10:22:59.932+0530] {logging_mixin.py:190} INFO - [2025-04-18T10:22:59.932+0530] {dag.py:4180} INFO - Setting next_dagrun for example_workday_timetable to 2021-01-04 00:00:00+00:00, run_after=2021-01-05 00:00:00+00:00
[2025-04-18T10:23:00.042+0530] {processor.py:208} INFO - Processing /home/prakhar/Desktop/Bootcamp/Python/Airflow-Project/airflowvenv/lib/python3.12/site-packages/airflow/example_dags/example_workday_timetable.py took 0.159 seconds
[2025-04-18T10:24:17.699+0530] {processor.py:186} INFO - Started process (PID=23245) to work on /home/prakhar/Desktop/Bootcamp/Python/Airflow-Project/airflowvenv/lib/python3.12/site-packages/airflow/example_dags/example_workday_timetable.py
[2025-04-18T10:24:17.701+0530] {processor.py:914} INFO - Processing file /home/prakhar/Desktop/Bootcamp/Python/Airflow-Project/airflowvenv/lib/python3.12/site-packages/airflow/example_dags/example_workday_timetable.py for tasks to queue
[2025-04-18T10:24:17.702+0530] {logging_mixin.py:190} INFO - [2025-04-18T10:24:17.702+0530] {dagbag.py:588} INFO - Filling up the DagBag from /home/prakhar/Desktop/Bootcamp/Python/Airflow-Project/airflowvenv/lib/python3.12/site-packages/airflow/example_dags/example_workday_timetable.py
[2025-04-18T10:24:17.706+0530] {processor.py:925} INFO - DAG(s) 'example_workday_timetable' retrieved from /home/prakhar/Desktop/Bootcamp/Python/Airflow-Project/airflowvenv/lib/python3.12/site-packages/airflow/example_dags/example_workday_timetable.py
[2025-04-18T10:24:17.726+0530] {logging_mixin.py:190} INFO - [2025-04-18T10:24:17.726+0530] {dag.py:3239} INFO - Sync 1 DAGs
[2025-04-18T10:24:17.758+0530] {logging_mixin.py:190} INFO - [2025-04-18T10:24:17.758+0530] {dag.py:4180} INFO - Setting next_dagrun for example_workday_timetable to 2021-01-04 00:00:00+00:00, run_after=2021-01-05 00:00:00+00:00
[2025-04-18T10:24:17.863+0530] {processor.py:208} INFO - Processing /home/prakhar/Desktop/Bootcamp/Python/Airflow-Project/airflowvenv/lib/python3.12/site-packages/airflow/example_dags/example_workday_timetable.py took 0.170 seconds
[2025-04-18T10:25:34.439+0530] {processor.py:186} INFO - Started process (PID=23595) to work on /home/prakhar/Desktop/Bootcamp/Python/Airflow-Project/airflowvenv/lib/python3.12/site-packages/airflow/example_dags/example_workday_timetable.py
[2025-04-18T10:25:34.442+0530] {processor.py:914} INFO - Processing file /home/prakhar/Desktop/Bootcamp/Python/Airflow-Project/airflowvenv/lib/python3.12/site-packages/airflow/example_dags/example_workday_timetable.py for tasks to queue
[2025-04-18T10:25:34.443+0530] {logging_mixin.py:190} INFO - [2025-04-18T10:25:34.443+0530] {dagbag.py:588} INFO - Filling up the DagBag from /home/prakhar/Desktop/Bootcamp/Python/Airflow-Project/airflowvenv/lib/python3.12/site-packages/airflow/example_dags/example_workday_timetable.py
[2025-04-18T10:25:34.447+0530] {processor.py:925} INFO - DAG(s) 'example_workday_timetable' retrieved from /home/prakhar/Desktop/Bootcamp/Python/Airflow-Project/airflowvenv/lib/python3.12/site-packages/airflow/example_dags/example_workday_timetable.py
[2025-04-18T10:25:34.456+0530] {logging_mixin.py:190} INFO - [2025-04-18T10:25:34.455+0530] {dag.py:3239} INFO - Sync 1 DAGs
[2025-04-18T10:25:34.484+0530] {logging_mixin.py:190} INFO - [2025-04-18T10:25:34.484+0530] {dag.py:4180} INFO - Setting next_dagrun for example_workday_timetable to 2021-01-04 00:00:00+00:00, run_after=2021-01-05 00:00:00+00:00
[2025-04-18T10:25:34.578+0530] {processor.py:208} INFO - Processing /home/prakhar/Desktop/Bootcamp/Python/Airflow-Project/airflowvenv/lib/python3.12/site-packages/airflow/example_dags/example_workday_timetable.py took 0.144 seconds
[2025-04-18T10:26:54.418+0530] {processor.py:186} INFO - Started process (PID=24019) to work on /home/prakhar/Desktop/Bootcamp/Python/Airflow-Project/airflowvenv/lib/python3.12/site-packages/airflow/example_dags/example_workday_timetable.py
[2025-04-18T10:26:54.456+0530] {processor.py:914} INFO - Processing file /home/prakhar/Desktop/Bootcamp/Python/Airflow-Project/airflowvenv/lib/python3.12/site-packages/airflow/example_dags/example_workday_timetable.py for tasks to queue
[2025-04-18T10:26:54.457+0530] {logging_mixin.py:190} INFO - [2025-04-18T10:26:54.457+0530] {dagbag.py:588} INFO - Filling up the DagBag from /home/prakhar/Desktop/Bootcamp/Python/Airflow-Project/airflowvenv/lib/python3.12/site-packages/airflow/example_dags/example_workday_timetable.py
[2025-04-18T10:26:54.461+0530] {processor.py:925} INFO - DAG(s) 'example_workday_timetable' retrieved from /home/prakhar/Desktop/Bootcamp/Python/Airflow-Project/airflowvenv/lib/python3.12/site-packages/airflow/example_dags/example_workday_timetable.py
[2025-04-18T10:26:54.473+0530] {logging_mixin.py:190} INFO - [2025-04-18T10:26:54.473+0530] {dag.py:3239} INFO - Sync 1 DAGs
[2025-04-18T10:26:54.510+0530] {logging_mixin.py:190} INFO - [2025-04-18T10:26:54.510+0530] {dag.py:4180} INFO - Setting next_dagrun for example_workday_timetable to 2021-01-04 00:00:00+00:00, run_after=2021-01-05 00:00:00+00:00
[2025-04-18T10:26:54.596+0530] {processor.py:208} INFO - Processing /home/prakhar/Desktop/Bootcamp/Python/Airflow-Project/airflowvenv/lib/python3.12/site-packages/airflow/example_dags/example_workday_timetable.py took 0.184 seconds
[2025-04-18T10:28:14.091+0530] {processor.py:186} INFO - Started process (PID=24240) to work on /home/prakhar/Desktop/Bootcamp/Python/Airflow-Project/airflowvenv/lib/python3.12/site-packages/airflow/example_dags/example_workday_timetable.py
[2025-04-18T10:28:14.093+0530] {processor.py:914} INFO - Processing file /home/prakhar/Desktop/Bootcamp/Python/Airflow-Project/airflowvenv/lib/python3.12/site-packages/airflow/example_dags/example_workday_timetable.py for tasks to queue
[2025-04-18T10:28:14.094+0530] {logging_mixin.py:190} INFO - [2025-04-18T10:28:14.093+0530] {dagbag.py:588} INFO - Filling up the DagBag from /home/prakhar/Desktop/Bootcamp/Python/Airflow-Project/airflowvenv/lib/python3.12/site-packages/airflow/example_dags/example_workday_timetable.py
[2025-04-18T10:28:14.097+0530] {processor.py:925} INFO - DAG(s) 'example_workday_timetable' retrieved from /home/prakhar/Desktop/Bootcamp/Python/Airflow-Project/airflowvenv/lib/python3.12/site-packages/airflow/example_dags/example_workday_timetable.py
[2025-04-18T10:28:14.106+0530] {logging_mixin.py:190} INFO - [2025-04-18T10:28:14.106+0530] {dag.py:3239} INFO - Sync 1 DAGs
[2025-04-18T10:28:14.134+0530] {logging_mixin.py:190} INFO - [2025-04-18T10:28:14.134+0530] {dag.py:4180} INFO - Setting next_dagrun for example_workday_timetable to 2021-01-04 00:00:00+00:00, run_after=2021-01-05 00:00:00+00:00
[2025-04-18T10:28:14.263+0530] {processor.py:208} INFO - Processing /home/prakhar/Desktop/Bootcamp/Python/Airflow-Project/airflowvenv/lib/python3.12/site-packages/airflow/example_dags/example_workday_timetable.py took 0.175 seconds
[2025-04-18T10:29:35.249+0530] {processor.py:186} INFO - Started process (PID=24584) to work on /home/prakhar/Desktop/Bootcamp/Python/Airflow-Project/airflowvenv/lib/python3.12/site-packages/airflow/example_dags/example_workday_timetable.py
[2025-04-18T10:29:35.284+0530] {processor.py:914} INFO - Processing file /home/prakhar/Desktop/Bootcamp/Python/Airflow-Project/airflowvenv/lib/python3.12/site-packages/airflow/example_dags/example_workday_timetable.py for tasks to queue
[2025-04-18T10:29:35.287+0530] {logging_mixin.py:190} INFO - [2025-04-18T10:29:35.287+0530] {dagbag.py:588} INFO - Filling up the DagBag from /home/prakhar/Desktop/Bootcamp/Python/Airflow-Project/airflowvenv/lib/python3.12/site-packages/airflow/example_dags/example_workday_timetable.py
[2025-04-18T10:29:35.299+0530] {processor.py:925} INFO - DAG(s) 'example_workday_timetable' retrieved from /home/prakhar/Desktop/Bootcamp/Python/Airflow-Project/airflowvenv/lib/python3.12/site-packages/airflow/example_dags/example_workday_timetable.py
[2025-04-18T10:29:35.311+0530] {logging_mixin.py:190} INFO - [2025-04-18T10:29:35.311+0530] {dag.py:3239} INFO - Sync 1 DAGs
[2025-04-18T10:29:35.343+0530] {logging_mixin.py:190} INFO - [2025-04-18T10:29:35.343+0530] {dag.py:4180} INFO - Setting next_dagrun for example_workday_timetable to 2021-01-04 00:00:00+00:00, run_after=2021-01-05 00:00:00+00:00
[2025-04-18T10:29:35.474+0530] {processor.py:208} INFO - Processing /home/prakhar/Desktop/Bootcamp/Python/Airflow-Project/airflowvenv/lib/python3.12/site-packages/airflow/example_dags/example_workday_timetable.py took 0.230 seconds
