[2025-04-18T10:17:52.942+0530] {processor.py:186} INFO - Started process (PID=18889) to work on /home/prakhar/Desktop/Bootcamp/Python/Airflow-Project/airflowvenv/lib/python3.12/site-packages/airflow/example_dags/example_branch_python_dop_operator_3.py
[2025-04-18T10:17:52.942+0530] {processor.py:914} INFO - Processing file /home/prakhar/Desktop/Bootcamp/Python/Airflow-Project/airflowvenv/lib/python3.12/site-packages/airflow/example_dags/example_branch_python_dop_operator_3.py for tasks to queue
[2025-04-18T10:17:52.943+0530] {logging_mixin.py:190} INFO - [2025-04-18T10:17:52.943+0530] {dagbag.py:588} INFO - Filling up the DagBag from /home/prakhar/Desktop/Bootcamp/Python/Airflow-Project/airflowvenv/lib/python3.12/site-packages/airflow/example_dags/example_branch_python_dop_operator_3.py
[2025-04-18T10:17:52.951+0530] {processor.py:925} INFO - DAG(s) 'example_branch_dop_operator_v3' retrieved from /home/prakhar/Desktop/Bootcamp/Python/Airflow-Project/airflowvenv/lib/python3.12/site-packages/airflow/example_dags/example_branch_python_dop_operator_3.py
[2025-04-18T10:17:52.961+0530] {logging_mixin.py:190} INFO - [2025-04-18T10:17:52.961+0530] {dag.py:3239} INFO - Sync 1 DAGs
[2025-04-18T10:17:52.976+0530] {logging_mixin.py:190} INFO - [2025-04-18T10:17:52.976+0530] {dag.py:4180} INFO - Setting next_dagrun for example_branch_dop_operator_v3 to 2025-04-18 04:46:00+00:00, run_after=2025-04-18 04:47:00+00:00
[2025-04-18T10:17:53.094+0530] {processor.py:208} INFO - Processing /home/prakhar/Desktop/Bootcamp/Python/Airflow-Project/airflowvenv/lib/python3.12/site-packages/airflow/example_dags/example_branch_python_dop_operator_3.py took 0.155 seconds
[2025-04-18T10:19:13.356+0530] {processor.py:186} INFO - Started process (PID=19863) to work on /home/prakhar/Desktop/Bootcamp/Python/Airflow-Project/airflowvenv/lib/python3.12/site-packages/airflow/example_dags/example_branch_python_dop_operator_3.py
[2025-04-18T10:19:13.357+0530] {processor.py:914} INFO - Processing file /home/prakhar/Desktop/Bootcamp/Python/Airflow-Project/airflowvenv/lib/python3.12/site-packages/airflow/example_dags/example_branch_python_dop_operator_3.py for tasks to queue
[2025-04-18T10:19:13.358+0530] {logging_mixin.py:190} INFO - [2025-04-18T10:19:13.357+0530] {dagbag.py:588} INFO - Filling up the DagBag from /home/prakhar/Desktop/Bootcamp/Python/Airflow-Project/airflowvenv/lib/python3.12/site-packages/airflow/example_dags/example_branch_python_dop_operator_3.py
[2025-04-18T10:19:13.365+0530] {processor.py:925} INFO - DAG(s) 'example_branch_dop_operator_v3' retrieved from /home/prakhar/Desktop/Bootcamp/Python/Airflow-Project/airflowvenv/lib/python3.12/site-packages/airflow/example_dags/example_branch_python_dop_operator_3.py
[2025-04-18T10:19:13.374+0530] {logging_mixin.py:190} INFO - [2025-04-18T10:19:13.374+0530] {dag.py:3239} INFO - Sync 1 DAGs
[2025-04-18T10:19:13.387+0530] {logging_mixin.py:190} INFO - [2025-04-18T10:19:13.387+0530] {dag.py:4180} INFO - Setting next_dagrun for example_branch_dop_operator_v3 to 2025-04-18 04:48:00+00:00, run_after=2025-04-18 04:49:00+00:00
[2025-04-18T10:19:13.488+0530] {processor.py:208} INFO - Processing /home/prakhar/Desktop/Bootcamp/Python/Airflow-Project/airflowvenv/lib/python3.12/site-packages/airflow/example_dags/example_branch_python_dop_operator_3.py took 0.135 seconds
[2025-04-18T10:20:34.078+0530] {processor.py:186} INFO - Started process (PID=20764) to work on /home/prakhar/Desktop/Bootcamp/Python/Airflow-Project/airflowvenv/lib/python3.12/site-packages/airflow/example_dags/example_branch_python_dop_operator_3.py
[2025-04-18T10:20:34.078+0530] {processor.py:914} INFO - Processing file /home/prakhar/Desktop/Bootcamp/Python/Airflow-Project/airflowvenv/lib/python3.12/site-packages/airflow/example_dags/example_branch_python_dop_operator_3.py for tasks to queue
[2025-04-18T10:20:34.080+0530] {logging_mixin.py:190} INFO - [2025-04-18T10:20:34.079+0530] {dagbag.py:588} INFO - Filling up the DagBag from /home/prakhar/Desktop/Bootcamp/Python/Airflow-Project/airflowvenv/lib/python3.12/site-packages/airflow/example_dags/example_branch_python_dop_operator_3.py
[2025-04-18T10:20:34.089+0530] {processor.py:925} INFO - DAG(s) 'example_branch_dop_operator_v3' retrieved from /home/prakhar/Desktop/Bootcamp/Python/Airflow-Project/airflowvenv/lib/python3.12/site-packages/airflow/example_dags/example_branch_python_dop_operator_3.py
[2025-04-18T10:20:34.100+0530] {logging_mixin.py:190} INFO - [2025-04-18T10:20:34.100+0530] {dag.py:3239} INFO - Sync 1 DAGs
[2025-04-18T10:20:34.118+0530] {logging_mixin.py:190} INFO - [2025-04-18T10:20:34.117+0530] {dag.py:4180} INFO - Setting next_dagrun for example_branch_dop_operator_v3 to 2025-04-18 04:49:00+00:00, run_after=2025-04-18 04:50:00+00:00
[2025-04-18T10:20:34.193+0530] {processor.py:208} INFO - Processing /home/prakhar/Desktop/Bootcamp/Python/Airflow-Project/airflowvenv/lib/python3.12/site-packages/airflow/example_dags/example_branch_python_dop_operator_3.py took 0.118 seconds
[2025-04-18T10:22:08.043+0530] {processor.py:186} INFO - Started process (PID=21999) to work on /home/prakhar/Desktop/Bootcamp/Python/Airflow-Project/airflowvenv/lib/python3.12/site-packages/airflow/example_dags/example_branch_python_dop_operator_3.py
[2025-04-18T10:22:08.043+0530] {processor.py:914} INFO - Processing file /home/prakhar/Desktop/Bootcamp/Python/Airflow-Project/airflowvenv/lib/python3.12/site-packages/airflow/example_dags/example_branch_python_dop_operator_3.py for tasks to queue
[2025-04-18T10:22:08.045+0530] {logging_mixin.py:190} INFO - [2025-04-18T10:22:08.044+0530] {dagbag.py:588} INFO - Filling up the DagBag from /home/prakhar/Desktop/Bootcamp/Python/Airflow-Project/airflowvenv/lib/python3.12/site-packages/airflow/example_dags/example_branch_python_dop_operator_3.py
[2025-04-18T10:22:08.053+0530] {processor.py:925} INFO - DAG(s) 'example_branch_dop_operator_v3' retrieved from /home/prakhar/Desktop/Bootcamp/Python/Airflow-Project/airflowvenv/lib/python3.12/site-packages/airflow/example_dags/example_branch_python_dop_operator_3.py
[2025-04-18T10:22:08.062+0530] {logging_mixin.py:190} INFO - [2025-04-18T10:22:08.062+0530] {dag.py:3239} INFO - Sync 1 DAGs
[2025-04-18T10:22:08.075+0530] {logging_mixin.py:190} INFO - [2025-04-18T10:22:08.075+0530] {dag.py:4180} INFO - Setting next_dagrun for example_branch_dop_operator_v3 to 2025-04-18 04:51:00+00:00, run_after=2025-04-18 04:52:00+00:00
[2025-04-18T10:22:08.145+0530] {processor.py:208} INFO - Processing /home/prakhar/Desktop/Bootcamp/Python/Airflow-Project/airflowvenv/lib/python3.12/site-packages/airflow/example_dags/example_branch_python_dop_operator_3.py took 0.106 seconds
[2025-04-18T10:23:50.007+0530] {processor.py:186} INFO - Started process (PID=23055) to work on /home/prakhar/Desktop/Bootcamp/Python/Airflow-Project/airflowvenv/lib/python3.12/site-packages/airflow/example_dags/example_branch_python_dop_operator_3.py
[2025-04-18T10:23:50.007+0530] {processor.py:914} INFO - Processing file /home/prakhar/Desktop/Bootcamp/Python/Airflow-Project/airflowvenv/lib/python3.12/site-packages/airflow/example_dags/example_branch_python_dop_operator_3.py for tasks to queue
[2025-04-18T10:23:50.009+0530] {logging_mixin.py:190} INFO - [2025-04-18T10:23:50.009+0530] {dagbag.py:588} INFO - Filling up the DagBag from /home/prakhar/Desktop/Bootcamp/Python/Airflow-Project/airflowvenv/lib/python3.12/site-packages/airflow/example_dags/example_branch_python_dop_operator_3.py
[2025-04-18T10:23:50.018+0530] {processor.py:925} INFO - DAG(s) 'example_branch_dop_operator_v3' retrieved from /home/prakhar/Desktop/Bootcamp/Python/Airflow-Project/airflowvenv/lib/python3.12/site-packages/airflow/example_dags/example_branch_python_dop_operator_3.py
[2025-04-18T10:23:50.026+0530] {logging_mixin.py:190} INFO - [2025-04-18T10:23:50.026+0530] {dag.py:3239} INFO - Sync 1 DAGs
[2025-04-18T10:23:50.037+0530] {logging_mixin.py:190} INFO - [2025-04-18T10:23:50.037+0530] {dag.py:4180} INFO - Setting next_dagrun for example_branch_dop_operator_v3 to 2025-04-18 04:52:00+00:00, run_after=2025-04-18 04:53:00+00:00
[2025-04-18T10:23:50.123+0530] {processor.py:208} INFO - Processing /home/prakhar/Desktop/Bootcamp/Python/Airflow-Project/airflowvenv/lib/python3.12/site-packages/airflow/example_dags/example_branch_python_dop_operator_3.py took 0.121 seconds
[2025-04-18T10:25:09.032+0530] {processor.py:186} INFO - Started process (PID=23544) to work on /home/prakhar/Desktop/Bootcamp/Python/Airflow-Project/airflowvenv/lib/python3.12/site-packages/airflow/example_dags/example_branch_python_dop_operator_3.py
[2025-04-18T10:25:09.063+0530] {processor.py:914} INFO - Processing file /home/prakhar/Desktop/Bootcamp/Python/Airflow-Project/airflowvenv/lib/python3.12/site-packages/airflow/example_dags/example_branch_python_dop_operator_3.py for tasks to queue
[2025-04-18T10:25:09.065+0530] {logging_mixin.py:190} INFO - [2025-04-18T10:25:09.064+0530] {dagbag.py:588} INFO - Filling up the DagBag from /home/prakhar/Desktop/Bootcamp/Python/Airflow-Project/airflowvenv/lib/python3.12/site-packages/airflow/example_dags/example_branch_python_dop_operator_3.py
[2025-04-18T10:25:09.072+0530] {processor.py:925} INFO - DAG(s) 'example_branch_dop_operator_v3' retrieved from /home/prakhar/Desktop/Bootcamp/Python/Airflow-Project/airflowvenv/lib/python3.12/site-packages/airflow/example_dags/example_branch_python_dop_operator_3.py
[2025-04-18T10:25:09.082+0530] {logging_mixin.py:190} INFO - [2025-04-18T10:25:09.082+0530] {dag.py:3239} INFO - Sync 1 DAGs
[2025-04-18T10:25:09.095+0530] {logging_mixin.py:190} INFO - [2025-04-18T10:25:09.095+0530] {dag.py:4180} INFO - Setting next_dagrun for example_branch_dop_operator_v3 to 2025-04-18 04:54:00+00:00, run_after=2025-04-18 04:55:00+00:00
[2025-04-18T10:25:09.156+0530] {processor.py:208} INFO - Processing /home/prakhar/Desktop/Bootcamp/Python/Airflow-Project/airflowvenv/lib/python3.12/site-packages/airflow/example_dags/example_branch_python_dop_operator_3.py took 0.129 seconds
[2025-04-18T10:26:25.178+0530] {processor.py:186} INFO - Started process (PID=23908) to work on /home/prakhar/Desktop/Bootcamp/Python/Airflow-Project/airflowvenv/lib/python3.12/site-packages/airflow/example_dags/example_branch_python_dop_operator_3.py
[2025-04-18T10:26:25.212+0530] {processor.py:914} INFO - Processing file /home/prakhar/Desktop/Bootcamp/Python/Airflow-Project/airflowvenv/lib/python3.12/site-packages/airflow/example_dags/example_branch_python_dop_operator_3.py for tasks to queue
[2025-04-18T10:26:25.216+0530] {logging_mixin.py:190} INFO - [2025-04-18T10:26:25.215+0530] {dagbag.py:588} INFO - Filling up the DagBag from /home/prakhar/Desktop/Bootcamp/Python/Airflow-Project/airflowvenv/lib/python3.12/site-packages/airflow/example_dags/example_branch_python_dop_operator_3.py
[2025-04-18T10:26:25.234+0530] {processor.py:925} INFO - DAG(s) 'example_branch_dop_operator_v3' retrieved from /home/prakhar/Desktop/Bootcamp/Python/Airflow-Project/airflowvenv/lib/python3.12/site-packages/airflow/example_dags/example_branch_python_dop_operator_3.py
[2025-04-18T10:26:25.243+0530] {logging_mixin.py:190} INFO - [2025-04-18T10:26:25.243+0530] {dag.py:3239} INFO - Sync 1 DAGs
[2025-04-18T10:26:25.259+0530] {logging_mixin.py:190} INFO - [2025-04-18T10:26:25.259+0530] {dag.py:4180} INFO - Setting next_dagrun for example_branch_dop_operator_v3 to 2025-04-18 04:55:00+00:00, run_after=2025-04-18 04:56:00+00:00
[2025-04-18T10:26:25.340+0530] {processor.py:208} INFO - Processing /home/prakhar/Desktop/Bootcamp/Python/Airflow-Project/airflowvenv/lib/python3.12/site-packages/airflow/example_dags/example_branch_python_dop_operator_3.py took 0.166 seconds
[2025-04-18T10:27:47.891+0530] {processor.py:186} INFO - Started process (PID=24187) to work on /home/prakhar/Desktop/Bootcamp/Python/Airflow-Project/airflowvenv/lib/python3.12/site-packages/airflow/example_dags/example_branch_python_dop_operator_3.py
[2025-04-18T10:27:47.923+0530] {processor.py:914} INFO - Processing file /home/prakhar/Desktop/Bootcamp/Python/Airflow-Project/airflowvenv/lib/python3.12/site-packages/airflow/example_dags/example_branch_python_dop_operator_3.py for tasks to queue
[2025-04-18T10:27:47.924+0530] {logging_mixin.py:190} INFO - [2025-04-18T10:27:47.924+0530] {dagbag.py:588} INFO - Filling up the DagBag from /home/prakhar/Desktop/Bootcamp/Python/Airflow-Project/airflowvenv/lib/python3.12/site-packages/airflow/example_dags/example_branch_python_dop_operator_3.py
[2025-04-18T10:27:47.933+0530] {processor.py:925} INFO - DAG(s) 'example_branch_dop_operator_v3' retrieved from /home/prakhar/Desktop/Bootcamp/Python/Airflow-Project/airflowvenv/lib/python3.12/site-packages/airflow/example_dags/example_branch_python_dop_operator_3.py
[2025-04-18T10:27:47.944+0530] {logging_mixin.py:190} INFO - [2025-04-18T10:27:47.943+0530] {dag.py:3239} INFO - Sync 1 DAGs
[2025-04-18T10:27:47.959+0530] {logging_mixin.py:190} INFO - [2025-04-18T10:27:47.959+0530] {dag.py:4180} INFO - Setting next_dagrun for example_branch_dop_operator_v3 to 2025-04-18 04:56:00+00:00, run_after=2025-04-18 04:57:00+00:00
[2025-04-18T10:27:48.038+0530] {processor.py:208} INFO - Processing /home/prakhar/Desktop/Bootcamp/Python/Airflow-Project/airflowvenv/lib/python3.12/site-packages/airflow/example_dags/example_branch_python_dop_operator_3.py took 0.152 seconds
[2025-04-18T10:29:06.590+0530] {processor.py:186} INFO - Started process (PID=24476) to work on /home/prakhar/Desktop/Bootcamp/Python/Airflow-Project/airflowvenv/lib/python3.12/site-packages/airflow/example_dags/example_branch_python_dop_operator_3.py
[2025-04-18T10:29:06.634+0530] {processor.py:914} INFO - Processing file /home/prakhar/Desktop/Bootcamp/Python/Airflow-Project/airflowvenv/lib/python3.12/site-packages/airflow/example_dags/example_branch_python_dop_operator_3.py for tasks to queue
[2025-04-18T10:29:06.636+0530] {logging_mixin.py:190} INFO - [2025-04-18T10:29:06.636+0530] {dagbag.py:588} INFO - Filling up the DagBag from /home/prakhar/Desktop/Bootcamp/Python/Airflow-Project/airflowvenv/lib/python3.12/site-packages/airflow/example_dags/example_branch_python_dop_operator_3.py
[2025-04-18T10:29:06.651+0530] {processor.py:925} INFO - DAG(s) 'example_branch_dop_operator_v3' retrieved from /home/prakhar/Desktop/Bootcamp/Python/Airflow-Project/airflowvenv/lib/python3.12/site-packages/airflow/example_dags/example_branch_python_dop_operator_3.py
[2025-04-18T10:29:06.660+0530] {logging_mixin.py:190} INFO - [2025-04-18T10:29:06.660+0530] {dag.py:3239} INFO - Sync 1 DAGs
[2025-04-18T10:29:06.672+0530] {logging_mixin.py:190} INFO - [2025-04-18T10:29:06.672+0530] {dag.py:4180} INFO - Setting next_dagrun for example_branch_dop_operator_v3 to 2025-04-18 04:58:00+00:00, run_after=2025-04-18 04:59:00+00:00
[2025-04-18T10:29:06.738+0530] {processor.py:208} INFO - Processing /home/prakhar/Desktop/Bootcamp/Python/Airflow-Project/airflowvenv/lib/python3.12/site-packages/airflow/example_dags/example_branch_python_dop_operator_3.py took 0.152 seconds
[2025-04-18T10:30:25.661+0530] {processor.py:186} INFO - Started process (PID=24859) to work on /home/prakhar/Desktop/Bootcamp/Python/Airflow-Project/airflowvenv/lib/python3.12/site-packages/airflow/example_dags/example_branch_python_dop_operator_3.py
[2025-04-18T10:30:25.700+0530] {processor.py:914} INFO - Processing file /home/prakhar/Desktop/Bootcamp/Python/Airflow-Project/airflowvenv/lib/python3.12/site-packages/airflow/example_dags/example_branch_python_dop_operator_3.py for tasks to queue
[2025-04-18T10:30:25.703+0530] {logging_mixin.py:190} INFO - [2025-04-18T10:30:25.702+0530] {dagbag.py:588} INFO - Filling up the DagBag from /home/prakhar/Desktop/Bootcamp/Python/Airflow-Project/airflowvenv/lib/python3.12/site-packages/airflow/example_dags/example_branch_python_dop_operator_3.py
[2025-04-18T10:30:25.719+0530] {processor.py:925} INFO - DAG(s) 'example_branch_dop_operator_v3' retrieved from /home/prakhar/Desktop/Bootcamp/Python/Airflow-Project/airflowvenv/lib/python3.12/site-packages/airflow/example_dags/example_branch_python_dop_operator_3.py
[2025-04-18T10:30:25.727+0530] {logging_mixin.py:190} INFO - [2025-04-18T10:30:25.727+0530] {dag.py:3239} INFO - Sync 1 DAGs
[2025-04-18T10:30:25.740+0530] {logging_mixin.py:190} INFO - [2025-04-18T10:30:25.740+0530] {dag.py:4180} INFO - Setting next_dagrun for example_branch_dop_operator_v3 to 2025-04-18 04:59:00+00:00, run_after=2025-04-18 05:00:00+00:00
[2025-04-18T10:30:25.819+0530] {processor.py:208} INFO - Processing /home/prakhar/Desktop/Bootcamp/Python/Airflow-Project/airflowvenv/lib/python3.12/site-packages/airflow/example_dags/example_branch_python_dop_operator_3.py took 0.162 seconds
