[2025-04-18T10:17:49.544+0530] {processor.py:186} INFO - Started process (PID=18852) to work on /home/prakhar/Desktop/Bootcamp/Python/Airflow-Project/airflowvenv/lib/python3.12/site-packages/airflow/example_dags/example_display_name.py
[2025-04-18T10:17:49.544+0530] {processor.py:914} INFO - Processing file /home/prakhar/Desktop/Bootcamp/Python/Airflow-Project/airflowvenv/lib/python3.12/site-packages/airflow/example_dags/example_display_name.py for tasks to queue
[2025-04-18T10:17:49.546+0530] {logging_mixin.py:190} INFO - [2025-04-18T10:17:49.546+0530] {dagbag.py:588} INFO - Filling up the DagBag from /home/prakhar/Desktop/Bootcamp/Python/Airflow-Project/airflowvenv/lib/python3.12/site-packages/airflow/example_dags/example_display_name.py
[2025-04-18T10:17:49.552+0530] {processor.py:925} INFO - DAG(s) 'example_display_name' retrieved from /home/prakhar/Desktop/Bootcamp/Python/Airflow-Project/airflowvenv/lib/python3.12/site-packages/airflow/example_dags/example_display_name.py
[2025-04-18T10:17:49.561+0530] {logging_mixin.py:190} INFO - [2025-04-18T10:17:49.561+0530] {dag.py:3239} INFO - Sync 1 DAGs
[2025-04-18T10:17:49.568+0530] {logging_mixin.py:190} INFO - [2025-04-18T10:17:49.568+0530] {dag.py:4180} INFO - Setting next_dagrun for example_display_name to None, run_after=None
[2025-04-18T10:17:49.665+0530] {processor.py:208} INFO - Processing /home/prakhar/Desktop/Bootcamp/Python/Airflow-Project/airflowvenv/lib/python3.12/site-packages/airflow/example_dags/example_display_name.py took 0.128 seconds
[2025-04-18T10:19:08.217+0530] {processor.py:186} INFO - Started process (PID=19794) to work on /home/prakhar/Desktop/Bootcamp/Python/Airflow-Project/airflowvenv/lib/python3.12/site-packages/airflow/example_dags/example_display_name.py
[2025-04-18T10:19:08.218+0530] {processor.py:914} INFO - Processing file /home/prakhar/Desktop/Bootcamp/Python/Airflow-Project/airflowvenv/lib/python3.12/site-packages/airflow/example_dags/example_display_name.py for tasks to queue
[2025-04-18T10:19:08.219+0530] {logging_mixin.py:190} INFO - [2025-04-18T10:19:08.219+0530] {dagbag.py:588} INFO - Filling up the DagBag from /home/prakhar/Desktop/Bootcamp/Python/Airflow-Project/airflowvenv/lib/python3.12/site-packages/airflow/example_dags/example_display_name.py
[2025-04-18T10:19:08.225+0530] {processor.py:925} INFO - DAG(s) 'example_display_name' retrieved from /home/prakhar/Desktop/Bootcamp/Python/Airflow-Project/airflowvenv/lib/python3.12/site-packages/airflow/example_dags/example_display_name.py
[2025-04-18T10:19:08.233+0530] {logging_mixin.py:190} INFO - [2025-04-18T10:19:08.233+0530] {dag.py:3239} INFO - Sync 1 DAGs
[2025-04-18T10:19:08.240+0530] {logging_mixin.py:190} INFO - [2025-04-18T10:19:08.240+0530] {dag.py:4180} INFO - Setting next_dagrun for example_display_name to None, run_after=None
[2025-04-18T10:19:08.339+0530] {processor.py:208} INFO - Processing /home/prakhar/Desktop/Bootcamp/Python/Airflow-Project/airflowvenv/lib/python3.12/site-packages/airflow/example_dags/example_display_name.py took 0.125 seconds
[2025-04-18T10:20:28.701+0530] {processor.py:186} INFO - Started process (PID=20683) to work on /home/prakhar/Desktop/Bootcamp/Python/Airflow-Project/airflowvenv/lib/python3.12/site-packages/airflow/example_dags/example_display_name.py
[2025-04-18T10:20:28.860+0530] {processor.py:914} INFO - Processing file /home/prakhar/Desktop/Bootcamp/Python/Airflow-Project/airflowvenv/lib/python3.12/site-packages/airflow/example_dags/example_display_name.py for tasks to queue
[2025-04-18T10:20:28.863+0530] {logging_mixin.py:190} INFO - [2025-04-18T10:20:28.862+0530] {dagbag.py:588} INFO - Filling up the DagBag from /home/prakhar/Desktop/Bootcamp/Python/Airflow-Project/airflowvenv/lib/python3.12/site-packages/airflow/example_dags/example_display_name.py
[2025-04-18T10:20:28.867+0530] {processor.py:925} INFO - DAG(s) 'example_display_name' retrieved from /home/prakhar/Desktop/Bootcamp/Python/Airflow-Project/airflowvenv/lib/python3.12/site-packages/airflow/example_dags/example_display_name.py
[2025-04-18T10:20:28.878+0530] {logging_mixin.py:190} INFO - [2025-04-18T10:20:28.878+0530] {dag.py:3239} INFO - Sync 1 DAGs
[2025-04-18T10:20:28.886+0530] {logging_mixin.py:190} INFO - [2025-04-18T10:20:28.886+0530] {dag.py:4180} INFO - Setting next_dagrun for example_display_name to None, run_after=None
[2025-04-18T10:20:28.982+0530] {processor.py:208} INFO - Processing /home/prakhar/Desktop/Bootcamp/Python/Airflow-Project/airflowvenv/lib/python3.12/site-packages/airflow/example_dags/example_display_name.py took 0.284 seconds
[2025-04-18T10:22:02.326+0530] {processor.py:186} INFO - Started process (PID=21957) to work on /home/prakhar/Desktop/Bootcamp/Python/Airflow-Project/airflowvenv/lib/python3.12/site-packages/airflow/example_dags/example_display_name.py
[2025-04-18T10:22:02.326+0530] {processor.py:914} INFO - Processing file /home/prakhar/Desktop/Bootcamp/Python/Airflow-Project/airflowvenv/lib/python3.12/site-packages/airflow/example_dags/example_display_name.py for tasks to queue
[2025-04-18T10:22:02.328+0530] {logging_mixin.py:190} INFO - [2025-04-18T10:22:02.328+0530] {dagbag.py:588} INFO - Filling up the DagBag from /home/prakhar/Desktop/Bootcamp/Python/Airflow-Project/airflowvenv/lib/python3.12/site-packages/airflow/example_dags/example_display_name.py
[2025-04-18T10:22:02.336+0530] {processor.py:925} INFO - DAG(s) 'example_display_name' retrieved from /home/prakhar/Desktop/Bootcamp/Python/Airflow-Project/airflowvenv/lib/python3.12/site-packages/airflow/example_dags/example_display_name.py
[2025-04-18T10:22:02.346+0530] {logging_mixin.py:190} INFO - [2025-04-18T10:22:02.346+0530] {dag.py:3239} INFO - Sync 1 DAGs
[2025-04-18T10:22:02.358+0530] {logging_mixin.py:190} INFO - [2025-04-18T10:22:02.358+0530] {dag.py:4180} INFO - Setting next_dagrun for example_display_name to None, run_after=None
[2025-04-18T10:22:02.454+0530] {processor.py:208} INFO - Processing /home/prakhar/Desktop/Bootcamp/Python/Airflow-Project/airflowvenv/lib/python3.12/site-packages/airflow/example_dags/example_display_name.py took 0.133 seconds
[2025-04-18T10:23:46.005+0530] {processor.py:186} INFO - Started process (PID=23049) to work on /home/prakhar/Desktop/Bootcamp/Python/Airflow-Project/airflowvenv/lib/python3.12/site-packages/airflow/example_dags/example_display_name.py
[2025-04-18T10:23:46.006+0530] {processor.py:914} INFO - Processing file /home/prakhar/Desktop/Bootcamp/Python/Airflow-Project/airflowvenv/lib/python3.12/site-packages/airflow/example_dags/example_display_name.py for tasks to queue
[2025-04-18T10:23:46.007+0530] {logging_mixin.py:190} INFO - [2025-04-18T10:23:46.007+0530] {dagbag.py:588} INFO - Filling up the DagBag from /home/prakhar/Desktop/Bootcamp/Python/Airflow-Project/airflowvenv/lib/python3.12/site-packages/airflow/example_dags/example_display_name.py
[2025-04-18T10:23:46.013+0530] {processor.py:925} INFO - DAG(s) 'example_display_name' retrieved from /home/prakhar/Desktop/Bootcamp/Python/Airflow-Project/airflowvenv/lib/python3.12/site-packages/airflow/example_dags/example_display_name.py
[2025-04-18T10:23:46.021+0530] {logging_mixin.py:190} INFO - [2025-04-18T10:23:46.021+0530] {dag.py:3239} INFO - Sync 1 DAGs
[2025-04-18T10:23:46.027+0530] {logging_mixin.py:190} INFO - [2025-04-18T10:23:46.027+0530] {dag.py:4180} INFO - Setting next_dagrun for example_display_name to None, run_after=None
[2025-04-18T10:23:46.136+0530] {processor.py:208} INFO - Processing /home/prakhar/Desktop/Bootcamp/Python/Airflow-Project/airflowvenv/lib/python3.12/site-packages/airflow/example_dags/example_display_name.py took 0.135 seconds
[2025-04-18T10:25:03.824+0530] {processor.py:186} INFO - Started process (PID=23534) to work on /home/prakhar/Desktop/Bootcamp/Python/Airflow-Project/airflowvenv/lib/python3.12/site-packages/airflow/example_dags/example_display_name.py
[2025-04-18T10:25:03.826+0530] {processor.py:914} INFO - Processing file /home/prakhar/Desktop/Bootcamp/Python/Airflow-Project/airflowvenv/lib/python3.12/site-packages/airflow/example_dags/example_display_name.py for tasks to queue
[2025-04-18T10:25:03.827+0530] {logging_mixin.py:190} INFO - [2025-04-18T10:25:03.827+0530] {dagbag.py:588} INFO - Filling up the DagBag from /home/prakhar/Desktop/Bootcamp/Python/Airflow-Project/airflowvenv/lib/python3.12/site-packages/airflow/example_dags/example_display_name.py
[2025-04-18T10:25:03.833+0530] {processor.py:925} INFO - DAG(s) 'example_display_name' retrieved from /home/prakhar/Desktop/Bootcamp/Python/Airflow-Project/airflowvenv/lib/python3.12/site-packages/airflow/example_dags/example_display_name.py
[2025-04-18T10:25:03.842+0530] {logging_mixin.py:190} INFO - [2025-04-18T10:25:03.842+0530] {dag.py:3239} INFO - Sync 1 DAGs
[2025-04-18T10:25:03.849+0530] {logging_mixin.py:190} INFO - [2025-04-18T10:25:03.849+0530] {dag.py:4180} INFO - Setting next_dagrun for example_display_name to None, run_after=None
[2025-04-18T10:25:03.941+0530] {processor.py:208} INFO - Processing /home/prakhar/Desktop/Bootcamp/Python/Airflow-Project/airflowvenv/lib/python3.12/site-packages/airflow/example_dags/example_display_name.py took 0.121 seconds
[2025-04-18T10:26:20.001+0530] {processor.py:186} INFO - Started process (PID=23900) to work on /home/prakhar/Desktop/Bootcamp/Python/Airflow-Project/airflowvenv/lib/python3.12/site-packages/airflow/example_dags/example_display_name.py
[2025-04-18T10:26:20.033+0530] {processor.py:914} INFO - Processing file /home/prakhar/Desktop/Bootcamp/Python/Airflow-Project/airflowvenv/lib/python3.12/site-packages/airflow/example_dags/example_display_name.py for tasks to queue
[2025-04-18T10:26:20.035+0530] {logging_mixin.py:190} INFO - [2025-04-18T10:26:20.035+0530] {dagbag.py:588} INFO - Filling up the DagBag from /home/prakhar/Desktop/Bootcamp/Python/Airflow-Project/airflowvenv/lib/python3.12/site-packages/airflow/example_dags/example_display_name.py
[2025-04-18T10:26:20.041+0530] {processor.py:925} INFO - DAG(s) 'example_display_name' retrieved from /home/prakhar/Desktop/Bootcamp/Python/Airflow-Project/airflowvenv/lib/python3.12/site-packages/airflow/example_dags/example_display_name.py
[2025-04-18T10:26:20.053+0530] {logging_mixin.py:190} INFO - [2025-04-18T10:26:20.053+0530] {dag.py:3239} INFO - Sync 1 DAGs
[2025-04-18T10:26:20.060+0530] {logging_mixin.py:190} INFO - [2025-04-18T10:26:20.060+0530] {dag.py:4180} INFO - Setting next_dagrun for example_display_name to None, run_after=None
[2025-04-18T10:26:20.139+0530] {processor.py:208} INFO - Processing /home/prakhar/Desktop/Bootcamp/Python/Airflow-Project/airflowvenv/lib/python3.12/site-packages/airflow/example_dags/example_display_name.py took 0.144 seconds
[2025-04-18T10:27:43.882+0530] {processor.py:186} INFO - Started process (PID=24181) to work on /home/prakhar/Desktop/Bootcamp/Python/Airflow-Project/airflowvenv/lib/python3.12/site-packages/airflow/example_dags/example_display_name.py
[2025-04-18T10:27:43.916+0530] {processor.py:914} INFO - Processing file /home/prakhar/Desktop/Bootcamp/Python/Airflow-Project/airflowvenv/lib/python3.12/site-packages/airflow/example_dags/example_display_name.py for tasks to queue
[2025-04-18T10:27:43.918+0530] {logging_mixin.py:190} INFO - [2025-04-18T10:27:43.917+0530] {dagbag.py:588} INFO - Filling up the DagBag from /home/prakhar/Desktop/Bootcamp/Python/Airflow-Project/airflowvenv/lib/python3.12/site-packages/airflow/example_dags/example_display_name.py
[2025-04-18T10:27:43.924+0530] {processor.py:925} INFO - DAG(s) 'example_display_name' retrieved from /home/prakhar/Desktop/Bootcamp/Python/Airflow-Project/airflowvenv/lib/python3.12/site-packages/airflow/example_dags/example_display_name.py
[2025-04-18T10:27:43.935+0530] {logging_mixin.py:190} INFO - [2025-04-18T10:27:43.935+0530] {dag.py:3239} INFO - Sync 1 DAGs
[2025-04-18T10:27:43.944+0530] {logging_mixin.py:190} INFO - [2025-04-18T10:27:43.944+0530] {dag.py:4180} INFO - Setting next_dagrun for example_display_name to None, run_after=None
[2025-04-18T10:27:44.018+0530] {processor.py:208} INFO - Processing /home/prakhar/Desktop/Bootcamp/Python/Airflow-Project/airflowvenv/lib/python3.12/site-packages/airflow/example_dags/example_display_name.py took 0.142 seconds
[2025-04-18T10:29:02.138+0530] {processor.py:186} INFO - Started process (PID=24451) to work on /home/prakhar/Desktop/Bootcamp/Python/Airflow-Project/airflowvenv/lib/python3.12/site-packages/airflow/example_dags/example_display_name.py
[2025-04-18T10:29:02.181+0530] {processor.py:914} INFO - Processing file /home/prakhar/Desktop/Bootcamp/Python/Airflow-Project/airflowvenv/lib/python3.12/site-packages/airflow/example_dags/example_display_name.py for tasks to queue
[2025-04-18T10:29:02.185+0530] {logging_mixin.py:190} INFO - [2025-04-18T10:29:02.184+0530] {dagbag.py:588} INFO - Filling up the DagBag from /home/prakhar/Desktop/Bootcamp/Python/Airflow-Project/airflowvenv/lib/python3.12/site-packages/airflow/example_dags/example_display_name.py
[2025-04-18T10:29:02.197+0530] {processor.py:925} INFO - DAG(s) 'example_display_name' retrieved from /home/prakhar/Desktop/Bootcamp/Python/Airflow-Project/airflowvenv/lib/python3.12/site-packages/airflow/example_dags/example_display_name.py
[2025-04-18T10:29:02.210+0530] {logging_mixin.py:190} INFO - [2025-04-18T10:29:02.209+0530] {dag.py:3239} INFO - Sync 1 DAGs
[2025-04-18T10:29:02.219+0530] {logging_mixin.py:190} INFO - [2025-04-18T10:29:02.218+0530] {dag.py:4180} INFO - Setting next_dagrun for example_display_name to None, run_after=None
[2025-04-18T10:29:02.353+0530] {processor.py:208} INFO - Processing /home/prakhar/Desktop/Bootcamp/Python/Airflow-Project/airflowvenv/lib/python3.12/site-packages/airflow/example_dags/example_display_name.py took 0.218 seconds
[2025-04-18T10:30:20.670+0530] {processor.py:186} INFO - Started process (PID=24843) to work on /home/prakhar/Desktop/Bootcamp/Python/Airflow-Project/airflowvenv/lib/python3.12/site-packages/airflow/example_dags/example_display_name.py
[2025-04-18T10:30:20.711+0530] {processor.py:914} INFO - Processing file /home/prakhar/Desktop/Bootcamp/Python/Airflow-Project/airflowvenv/lib/python3.12/site-packages/airflow/example_dags/example_display_name.py for tasks to queue
[2025-04-18T10:30:20.715+0530] {logging_mixin.py:190} INFO - [2025-04-18T10:30:20.714+0530] {dagbag.py:588} INFO - Filling up the DagBag from /home/prakhar/Desktop/Bootcamp/Python/Airflow-Project/airflowvenv/lib/python3.12/site-packages/airflow/example_dags/example_display_name.py
[2025-04-18T10:30:20.729+0530] {processor.py:925} INFO - DAG(s) 'example_display_name' retrieved from /home/prakhar/Desktop/Bootcamp/Python/Airflow-Project/airflowvenv/lib/python3.12/site-packages/airflow/example_dags/example_display_name.py
[2025-04-18T10:30:20.738+0530] {logging_mixin.py:190} INFO - [2025-04-18T10:30:20.738+0530] {dag.py:3239} INFO - Sync 1 DAGs
[2025-04-18T10:30:20.745+0530] {logging_mixin.py:190} INFO - [2025-04-18T10:30:20.745+0530] {dag.py:4180} INFO - Setting next_dagrun for example_display_name to None, run_after=None
[2025-04-18T10:30:20.833+0530] {processor.py:208} INFO - Processing /home/prakhar/Desktop/Bootcamp/Python/Airflow-Project/airflowvenv/lib/python3.12/site-packages/airflow/example_dags/example_display_name.py took 0.166 seconds
