[2025-04-18T10:17:59.069+0530] {processor.py:186} INFO - Started process (PID=19011) to work on /home/prakhar/Desktop/Bootcamp/Python/Airflow-Project/airflowvenv/lib/python3.12/site-packages/airflow/example_dags/example_branch_labels.py
[2025-04-18T10:17:59.070+0530] {processor.py:914} INFO - Processing file /home/prakhar/Desktop/Bootcamp/Python/Airflow-Project/airflowvenv/lib/python3.12/site-packages/airflow/example_dags/example_branch_labels.py for tasks to queue
[2025-04-18T10:17:59.072+0530] {logging_mixin.py:190} INFO - [2025-04-18T10:17:59.071+0530] {dagbag.py:588} INFO - Filling up the DagBag from /home/prakhar/Desktop/Bootcamp/Python/Airflow-Project/airflowvenv/lib/python3.12/site-packages/airflow/example_dags/example_branch_labels.py
[2025-04-18T10:17:59.082+0530] {processor.py:925} INFO - DAG(s) 'example_branch_labels' retrieved from /home/prakhar/Desktop/Bootcamp/Python/Airflow-Project/airflowvenv/lib/python3.12/site-packages/airflow/example_dags/example_branch_labels.py
[2025-04-18T10:17:59.091+0530] {logging_mixin.py:190} INFO - [2025-04-18T10:17:59.091+0530] {dag.py:3239} INFO - Sync 1 DAGs
[2025-04-18T10:17:59.102+0530] {logging_mixin.py:190} INFO - [2025-04-18T10:17:59.102+0530] {dag.py:4180} INFO - Setting next_dagrun for example_branch_labels to 2025-04-17 00:00:00+00:00, run_after=2025-04-18 00:00:00+00:00
[2025-04-18T10:17:59.234+0530] {processor.py:208} INFO - Processing /home/prakhar/Desktop/Bootcamp/Python/Airflow-Project/airflowvenv/lib/python3.12/site-packages/airflow/example_dags/example_branch_labels.py took 0.172 seconds
[2025-04-18T10:19:18.991+0530] {processor.py:186} INFO - Started process (PID=19970) to work on /home/prakhar/Desktop/Bootcamp/Python/Airflow-Project/airflowvenv/lib/python3.12/site-packages/airflow/example_dags/example_branch_labels.py
[2025-04-18T10:19:18.992+0530] {processor.py:914} INFO - Processing file /home/prakhar/Desktop/Bootcamp/Python/Airflow-Project/airflowvenv/lib/python3.12/site-packages/airflow/example_dags/example_branch_labels.py for tasks to queue
[2025-04-18T10:19:18.993+0530] {logging_mixin.py:190} INFO - [2025-04-18T10:19:18.993+0530] {dagbag.py:588} INFO - Filling up the DagBag from /home/prakhar/Desktop/Bootcamp/Python/Airflow-Project/airflowvenv/lib/python3.12/site-packages/airflow/example_dags/example_branch_labels.py
[2025-04-18T10:19:19.000+0530] {processor.py:925} INFO - DAG(s) 'example_branch_labels' retrieved from /home/prakhar/Desktop/Bootcamp/Python/Airflow-Project/airflowvenv/lib/python3.12/site-packages/airflow/example_dags/example_branch_labels.py
[2025-04-18T10:19:19.016+0530] {logging_mixin.py:190} INFO - [2025-04-18T10:19:19.015+0530] {dag.py:3239} INFO - Sync 1 DAGs
[2025-04-18T10:19:19.069+0530] {logging_mixin.py:190} INFO - [2025-04-18T10:19:19.069+0530] {dag.py:4180} INFO - Setting next_dagrun for example_branch_labels to 2025-04-17 00:00:00+00:00, run_after=2025-04-18 00:00:00+00:00
[2025-04-18T10:19:19.163+0530] {processor.py:208} INFO - Processing /home/prakhar/Desktop/Bootcamp/Python/Airflow-Project/airflowvenv/lib/python3.12/site-packages/airflow/example_dags/example_branch_labels.py took 0.175 seconds
[2025-04-18T10:20:39.478+0530] {processor.py:186} INFO - Started process (PID=20854) to work on /home/prakhar/Desktop/Bootcamp/Python/Airflow-Project/airflowvenv/lib/python3.12/site-packages/airflow/example_dags/example_branch_labels.py
[2025-04-18T10:20:39.593+0530] {processor.py:914} INFO - Processing file /home/prakhar/Desktop/Bootcamp/Python/Airflow-Project/airflowvenv/lib/python3.12/site-packages/airflow/example_dags/example_branch_labels.py for tasks to queue
[2025-04-18T10:20:39.596+0530] {logging_mixin.py:190} INFO - [2025-04-18T10:20:39.596+0530] {dagbag.py:588} INFO - Filling up the DagBag from /home/prakhar/Desktop/Bootcamp/Python/Airflow-Project/airflowvenv/lib/python3.12/site-packages/airflow/example_dags/example_branch_labels.py
[2025-04-18T10:20:39.604+0530] {processor.py:925} INFO - DAG(s) 'example_branch_labels' retrieved from /home/prakhar/Desktop/Bootcamp/Python/Airflow-Project/airflowvenv/lib/python3.12/site-packages/airflow/example_dags/example_branch_labels.py
[2025-04-18T10:20:39.616+0530] {logging_mixin.py:190} INFO - [2025-04-18T10:20:39.616+0530] {dag.py:3239} INFO - Sync 1 DAGs
[2025-04-18T10:20:39.631+0530] {logging_mixin.py:190} INFO - [2025-04-18T10:20:39.631+0530] {dag.py:4180} INFO - Setting next_dagrun for example_branch_labels to 2025-04-17 00:00:00+00:00, run_after=2025-04-18 00:00:00+00:00
[2025-04-18T10:20:39.696+0530] {processor.py:208} INFO - Processing /home/prakhar/Desktop/Bootcamp/Python/Airflow-Project/airflowvenv/lib/python3.12/site-packages/airflow/example_dags/example_branch_labels.py took 0.222 seconds
[2025-04-18T10:22:16.121+0530] {processor.py:186} INFO - Started process (PID=22033) to work on /home/prakhar/Desktop/Bootcamp/Python/Airflow-Project/airflowvenv/lib/python3.12/site-packages/airflow/example_dags/example_branch_labels.py
[2025-04-18T10:22:16.173+0530] {processor.py:914} INFO - Processing file /home/prakhar/Desktop/Bootcamp/Python/Airflow-Project/airflowvenv/lib/python3.12/site-packages/airflow/example_dags/example_branch_labels.py for tasks to queue
[2025-04-18T10:22:16.175+0530] {logging_mixin.py:190} INFO - [2025-04-18T10:22:16.175+0530] {dagbag.py:588} INFO - Filling up the DagBag from /home/prakhar/Desktop/Bootcamp/Python/Airflow-Project/airflowvenv/lib/python3.12/site-packages/airflow/example_dags/example_branch_labels.py
[2025-04-18T10:22:16.183+0530] {processor.py:925} INFO - DAG(s) 'example_branch_labels' retrieved from /home/prakhar/Desktop/Bootcamp/Python/Airflow-Project/airflowvenv/lib/python3.12/site-packages/airflow/example_dags/example_branch_labels.py
[2025-04-18T10:22:16.193+0530] {logging_mixin.py:190} INFO - [2025-04-18T10:22:16.193+0530] {dag.py:3239} INFO - Sync 1 DAGs
[2025-04-18T10:22:16.206+0530] {logging_mixin.py:190} INFO - [2025-04-18T10:22:16.206+0530] {dag.py:4180} INFO - Setting next_dagrun for example_branch_labels to 2025-04-17 00:00:00+00:00, run_after=2025-04-18 00:00:00+00:00
[2025-04-18T10:22:16.275+0530] {processor.py:208} INFO - Processing /home/prakhar/Desktop/Bootcamp/Python/Airflow-Project/airflowvenv/lib/python3.12/site-packages/airflow/example_dags/example_branch_labels.py took 0.158 seconds
[2025-04-18T10:23:56.627+0530] {processor.py:186} INFO - Started process (PID=23096) to work on /home/prakhar/Desktop/Bootcamp/Python/Airflow-Project/airflowvenv/lib/python3.12/site-packages/airflow/example_dags/example_branch_labels.py
[2025-04-18T10:23:56.627+0530] {processor.py:914} INFO - Processing file /home/prakhar/Desktop/Bootcamp/Python/Airflow-Project/airflowvenv/lib/python3.12/site-packages/airflow/example_dags/example_branch_labels.py for tasks to queue
[2025-04-18T10:23:56.628+0530] {logging_mixin.py:190} INFO - [2025-04-18T10:23:56.628+0530] {dagbag.py:588} INFO - Filling up the DagBag from /home/prakhar/Desktop/Bootcamp/Python/Airflow-Project/airflowvenv/lib/python3.12/site-packages/airflow/example_dags/example_branch_labels.py
[2025-04-18T10:23:56.635+0530] {processor.py:925} INFO - DAG(s) 'example_branch_labels' retrieved from /home/prakhar/Desktop/Bootcamp/Python/Airflow-Project/airflowvenv/lib/python3.12/site-packages/airflow/example_dags/example_branch_labels.py
[2025-04-18T10:23:56.652+0530] {logging_mixin.py:190} INFO - [2025-04-18T10:23:56.652+0530] {dag.py:3239} INFO - Sync 1 DAGs
[2025-04-18T10:23:56.663+0530] {logging_mixin.py:190} INFO - [2025-04-18T10:23:56.663+0530] {dag.py:4180} INFO - Setting next_dagrun for example_branch_labels to 2025-04-17 00:00:00+00:00, run_after=2025-04-18 00:00:00+00:00
[2025-04-18T10:23:56.747+0530] {processor.py:208} INFO - Processing /home/prakhar/Desktop/Bootcamp/Python/Airflow-Project/airflowvenv/lib/python3.12/site-packages/airflow/example_dags/example_branch_labels.py took 0.125 seconds
[2025-04-18T10:25:14.352+0530] {processor.py:186} INFO - Started process (PID=23554) to work on /home/prakhar/Desktop/Bootcamp/Python/Airflow-Project/airflowvenv/lib/python3.12/site-packages/airflow/example_dags/example_branch_labels.py
[2025-04-18T10:25:14.381+0530] {processor.py:914} INFO - Processing file /home/prakhar/Desktop/Bootcamp/Python/Airflow-Project/airflowvenv/lib/python3.12/site-packages/airflow/example_dags/example_branch_labels.py for tasks to queue
[2025-04-18T10:25:14.383+0530] {logging_mixin.py:190} INFO - [2025-04-18T10:25:14.382+0530] {dagbag.py:588} INFO - Filling up the DagBag from /home/prakhar/Desktop/Bootcamp/Python/Airflow-Project/airflowvenv/lib/python3.12/site-packages/airflow/example_dags/example_branch_labels.py
[2025-04-18T10:25:14.389+0530] {processor.py:925} INFO - DAG(s) 'example_branch_labels' retrieved from /home/prakhar/Desktop/Bootcamp/Python/Airflow-Project/airflowvenv/lib/python3.12/site-packages/airflow/example_dags/example_branch_labels.py
[2025-04-18T10:25:14.400+0530] {logging_mixin.py:190} INFO - [2025-04-18T10:25:14.400+0530] {dag.py:3239} INFO - Sync 1 DAGs
[2025-04-18T10:25:14.412+0530] {logging_mixin.py:190} INFO - [2025-04-18T10:25:14.412+0530] {dag.py:4180} INFO - Setting next_dagrun for example_branch_labels to 2025-04-17 00:00:00+00:00, run_after=2025-04-18 00:00:00+00:00
[2025-04-18T10:25:14.472+0530] {processor.py:208} INFO - Processing /home/prakhar/Desktop/Bootcamp/Python/Airflow-Project/airflowvenv/lib/python3.12/site-packages/airflow/example_dags/example_branch_labels.py took 0.125 seconds
[2025-04-18T10:26:31.932+0530] {processor.py:186} INFO - Started process (PID=23918) to work on /home/prakhar/Desktop/Bootcamp/Python/Airflow-Project/airflowvenv/lib/python3.12/site-packages/airflow/example_dags/example_branch_labels.py
[2025-04-18T10:26:31.973+0530] {processor.py:914} INFO - Processing file /home/prakhar/Desktop/Bootcamp/Python/Airflow-Project/airflowvenv/lib/python3.12/site-packages/airflow/example_dags/example_branch_labels.py for tasks to queue
[2025-04-18T10:26:31.974+0530] {logging_mixin.py:190} INFO - [2025-04-18T10:26:31.974+0530] {dagbag.py:588} INFO - Filling up the DagBag from /home/prakhar/Desktop/Bootcamp/Python/Airflow-Project/airflowvenv/lib/python3.12/site-packages/airflow/example_dags/example_branch_labels.py
[2025-04-18T10:26:31.980+0530] {processor.py:925} INFO - DAG(s) 'example_branch_labels' retrieved from /home/prakhar/Desktop/Bootcamp/Python/Airflow-Project/airflowvenv/lib/python3.12/site-packages/airflow/example_dags/example_branch_labels.py
[2025-04-18T10:26:31.993+0530] {logging_mixin.py:190} INFO - [2025-04-18T10:26:31.992+0530] {dag.py:3239} INFO - Sync 1 DAGs
[2025-04-18T10:26:32.008+0530] {logging_mixin.py:190} INFO - [2025-04-18T10:26:32.008+0530] {dag.py:4180} INFO - Setting next_dagrun for example_branch_labels to 2025-04-17 00:00:00+00:00, run_after=2025-04-18 00:00:00+00:00
[2025-04-18T10:26:32.083+0530] {processor.py:208} INFO - Processing /home/prakhar/Desktop/Bootcamp/Python/Airflow-Project/airflowvenv/lib/python3.12/site-packages/airflow/example_dags/example_branch_labels.py took 0.155 seconds
[2025-04-18T10:27:54.285+0530] {processor.py:186} INFO - Started process (PID=24195) to work on /home/prakhar/Desktop/Bootcamp/Python/Airflow-Project/airflowvenv/lib/python3.12/site-packages/airflow/example_dags/example_branch_labels.py
[2025-04-18T10:27:54.323+0530] {processor.py:914} INFO - Processing file /home/prakhar/Desktop/Bootcamp/Python/Airflow-Project/airflowvenv/lib/python3.12/site-packages/airflow/example_dags/example_branch_labels.py for tasks to queue
[2025-04-18T10:27:54.327+0530] {logging_mixin.py:190} INFO - [2025-04-18T10:27:54.326+0530] {dagbag.py:588} INFO - Filling up the DagBag from /home/prakhar/Desktop/Bootcamp/Python/Airflow-Project/airflowvenv/lib/python3.12/site-packages/airflow/example_dags/example_branch_labels.py
[2025-04-18T10:27:54.333+0530] {processor.py:925} INFO - DAG(s) 'example_branch_labels' retrieved from /home/prakhar/Desktop/Bootcamp/Python/Airflow-Project/airflowvenv/lib/python3.12/site-packages/airflow/example_dags/example_branch_labels.py
[2025-04-18T10:27:54.347+0530] {logging_mixin.py:190} INFO - [2025-04-18T10:27:54.346+0530] {dag.py:3239} INFO - Sync 1 DAGs
[2025-04-18T10:27:54.362+0530] {logging_mixin.py:190} INFO - [2025-04-18T10:27:54.361+0530] {dag.py:4180} INFO - Setting next_dagrun for example_branch_labels to 2025-04-17 00:00:00+00:00, run_after=2025-04-18 00:00:00+00:00
[2025-04-18T10:27:54.434+0530] {processor.py:208} INFO - Processing /home/prakhar/Desktop/Bootcamp/Python/Airflow-Project/airflowvenv/lib/python3.12/site-packages/airflow/example_dags/example_branch_labels.py took 0.153 seconds
[2025-04-18T10:29:12.965+0530] {processor.py:186} INFO - Started process (PID=24492) to work on /home/prakhar/Desktop/Bootcamp/Python/Airflow-Project/airflowvenv/lib/python3.12/site-packages/airflow/example_dags/example_branch_labels.py
[2025-04-18T10:29:12.998+0530] {processor.py:914} INFO - Processing file /home/prakhar/Desktop/Bootcamp/Python/Airflow-Project/airflowvenv/lib/python3.12/site-packages/airflow/example_dags/example_branch_labels.py for tasks to queue
[2025-04-18T10:29:13.003+0530] {logging_mixin.py:190} INFO - [2025-04-18T10:29:13.002+0530] {dagbag.py:588} INFO - Filling up the DagBag from /home/prakhar/Desktop/Bootcamp/Python/Airflow-Project/airflowvenv/lib/python3.12/site-packages/airflow/example_dags/example_branch_labels.py
[2025-04-18T10:29:13.017+0530] {processor.py:925} INFO - DAG(s) 'example_branch_labels' retrieved from /home/prakhar/Desktop/Bootcamp/Python/Airflow-Project/airflowvenv/lib/python3.12/site-packages/airflow/example_dags/example_branch_labels.py
[2025-04-18T10:29:13.026+0530] {logging_mixin.py:190} INFO - [2025-04-18T10:29:13.026+0530] {dag.py:3239} INFO - Sync 1 DAGs
[2025-04-18T10:29:13.038+0530] {logging_mixin.py:190} INFO - [2025-04-18T10:29:13.038+0530] {dag.py:4180} INFO - Setting next_dagrun for example_branch_labels to 2025-04-17 00:00:00+00:00, run_after=2025-04-18 00:00:00+00:00
[2025-04-18T10:29:13.119+0530] {processor.py:208} INFO - Processing /home/prakhar/Desktop/Bootcamp/Python/Airflow-Project/airflowvenv/lib/python3.12/site-packages/airflow/example_dags/example_branch_labels.py took 0.162 seconds
[2025-04-18T10:30:31.282+0530] {processor.py:186} INFO - Started process (PID=24885) to work on /home/prakhar/Desktop/Bootcamp/Python/Airflow-Project/airflowvenv/lib/python3.12/site-packages/airflow/example_dags/example_branch_labels.py
[2025-04-18T10:30:31.320+0530] {processor.py:914} INFO - Processing file /home/prakhar/Desktop/Bootcamp/Python/Airflow-Project/airflowvenv/lib/python3.12/site-packages/airflow/example_dags/example_branch_labels.py for tasks to queue
[2025-04-18T10:30:31.323+0530] {logging_mixin.py:190} INFO - [2025-04-18T10:30:31.322+0530] {dagbag.py:588} INFO - Filling up the DagBag from /home/prakhar/Desktop/Bootcamp/Python/Airflow-Project/airflowvenv/lib/python3.12/site-packages/airflow/example_dags/example_branch_labels.py
[2025-04-18T10:30:31.337+0530] {processor.py:925} INFO - DAG(s) 'example_branch_labels' retrieved from /home/prakhar/Desktop/Bootcamp/Python/Airflow-Project/airflowvenv/lib/python3.12/site-packages/airflow/example_dags/example_branch_labels.py
[2025-04-18T10:30:31.347+0530] {logging_mixin.py:190} INFO - [2025-04-18T10:30:31.347+0530] {dag.py:3239} INFO - Sync 1 DAGs
[2025-04-18T10:30:31.359+0530] {logging_mixin.py:190} INFO - [2025-04-18T10:30:31.359+0530] {dag.py:4180} INFO - Setting next_dagrun for example_branch_labels to 2025-04-17 00:00:00+00:00, run_after=2025-04-18 00:00:00+00:00
[2025-04-18T10:30:31.443+0530] {processor.py:208} INFO - Processing /home/prakhar/Desktop/Bootcamp/Python/Airflow-Project/airflowvenv/lib/python3.12/site-packages/airflow/example_dags/example_branch_labels.py took 0.164 seconds
