[2025-04-18T10:17:27.250+0530] {processor.py:186} INFO - Started process (PID=18578) to work on /home/prakhar/Desktop/Bootcamp/Python/Airflow-Project/airflowvenv/lib/python3.12/site-packages/airflow/example_dags/example_setup_teardown_taskflow.py
[2025-04-18T10:17:27.250+0530] {processor.py:914} INFO - Processing file /home/prakhar/Desktop/Bootcamp/Python/Airflow-Project/airflowvenv/lib/python3.12/site-packages/airflow/example_dags/example_setup_teardown_taskflow.py for tasks to queue
[2025-04-18T10:17:27.251+0530] {logging_mixin.py:190} INFO - [2025-04-18T10:17:27.251+0530] {dagbag.py:588} INFO - Filling up the DagBag from /home/prakhar/Desktop/Bootcamp/Python/Airflow-Project/airflowvenv/lib/python3.12/site-packages/airflow/example_dags/example_setup_teardown_taskflow.py
[2025-04-18T10:17:27.260+0530] {processor.py:925} INFO - DAG(s) 'example_setup_teardown_taskflow' retrieved from /home/prakhar/Desktop/Bootcamp/Python/Airflow-Project/airflowvenv/lib/python3.12/site-packages/airflow/example_dags/example_setup_teardown_taskflow.py
[2025-04-18T10:17:27.270+0530] {logging_mixin.py:190} INFO - [2025-04-18T10:17:27.270+0530] {dag.py:3239} INFO - Sync 1 DAGs
[2025-04-18T10:17:27.276+0530] {logging_mixin.py:190} INFO - [2025-04-18T10:17:27.276+0530] {dag.py:4180} INFO - Setting next_dagrun for example_setup_teardown_taskflow to None, run_after=None
[2025-04-18T10:17:27.381+0530] {processor.py:208} INFO - Processing /home/prakhar/Desktop/Bootcamp/Python/Airflow-Project/airflowvenv/lib/python3.12/site-packages/airflow/example_dags/example_setup_teardown_taskflow.py took 0.135 seconds
[2025-04-18T10:18:37.222+0530] {processor.py:186} INFO - Started process (PID=19418) to work on /home/prakhar/Desktop/Bootcamp/Python/Airflow-Project/airflowvenv/lib/python3.12/site-packages/airflow/example_dags/example_setup_teardown_taskflow.py
[2025-04-18T10:18:37.261+0530] {processor.py:914} INFO - Processing file /home/prakhar/Desktop/Bootcamp/Python/Airflow-Project/airflowvenv/lib/python3.12/site-packages/airflow/example_dags/example_setup_teardown_taskflow.py for tasks to queue
[2025-04-18T10:18:37.263+0530] {logging_mixin.py:190} INFO - [2025-04-18T10:18:37.262+0530] {dagbag.py:588} INFO - Filling up the DagBag from /home/prakhar/Desktop/Bootcamp/Python/Airflow-Project/airflowvenv/lib/python3.12/site-packages/airflow/example_dags/example_setup_teardown_taskflow.py
[2025-04-18T10:18:37.279+0530] {processor.py:925} INFO - DAG(s) 'example_setup_teardown_taskflow' retrieved from /home/prakhar/Desktop/Bootcamp/Python/Airflow-Project/airflowvenv/lib/python3.12/site-packages/airflow/example_dags/example_setup_teardown_taskflow.py
[2025-04-18T10:18:37.290+0530] {logging_mixin.py:190} INFO - [2025-04-18T10:18:37.289+0530] {dag.py:3239} INFO - Sync 1 DAGs
[2025-04-18T10:18:37.296+0530] {logging_mixin.py:190} INFO - [2025-04-18T10:18:37.296+0530] {dag.py:4180} INFO - Setting next_dagrun for example_setup_teardown_taskflow to None, run_after=None
[2025-04-18T10:18:37.386+0530] {processor.py:208} INFO - Processing /home/prakhar/Desktop/Bootcamp/Python/Airflow-Project/airflowvenv/lib/python3.12/site-packages/airflow/example_dags/example_setup_teardown_taskflow.py took 0.167 seconds
[2025-04-18T10:20:07.206+0530] {processor.py:186} INFO - Started process (PID=20487) to work on /home/prakhar/Desktop/Bootcamp/Python/Airflow-Project/airflowvenv/lib/python3.12/site-packages/airflow/example_dags/example_setup_teardown_taskflow.py
[2025-04-18T10:20:07.237+0530] {processor.py:914} INFO - Processing file /home/prakhar/Desktop/Bootcamp/Python/Airflow-Project/airflowvenv/lib/python3.12/site-packages/airflow/example_dags/example_setup_teardown_taskflow.py for tasks to queue
[2025-04-18T10:20:07.240+0530] {logging_mixin.py:190} INFO - [2025-04-18T10:20:07.239+0530] {dagbag.py:588} INFO - Filling up the DagBag from /home/prakhar/Desktop/Bootcamp/Python/Airflow-Project/airflowvenv/lib/python3.12/site-packages/airflow/example_dags/example_setup_teardown_taskflow.py
[2025-04-18T10:20:07.252+0530] {processor.py:925} INFO - DAG(s) 'example_setup_teardown_taskflow' retrieved from /home/prakhar/Desktop/Bootcamp/Python/Airflow-Project/airflowvenv/lib/python3.12/site-packages/airflow/example_dags/example_setup_teardown_taskflow.py
[2025-04-18T10:20:07.264+0530] {logging_mixin.py:190} INFO - [2025-04-18T10:20:07.264+0530] {dag.py:3239} INFO - Sync 1 DAGs
[2025-04-18T10:20:07.270+0530] {logging_mixin.py:190} INFO - [2025-04-18T10:20:07.270+0530] {dag.py:4180} INFO - Setting next_dagrun for example_setup_teardown_taskflow to None, run_after=None
[2025-04-18T10:20:07.337+0530] {processor.py:208} INFO - Processing /home/prakhar/Desktop/Bootcamp/Python/Airflow-Project/airflowvenv/lib/python3.12/site-packages/airflow/example_dags/example_setup_teardown_taskflow.py took 0.134 seconds
[2025-04-18T10:21:18.264+0530] {processor.py:186} INFO - Started process (PID=21356) to work on /home/prakhar/Desktop/Bootcamp/Python/Airflow-Project/airflowvenv/lib/python3.12/site-packages/airflow/example_dags/example_setup_teardown_taskflow.py
[2025-04-18T10:21:18.265+0530] {processor.py:914} INFO - Processing file /home/prakhar/Desktop/Bootcamp/Python/Airflow-Project/airflowvenv/lib/python3.12/site-packages/airflow/example_dags/example_setup_teardown_taskflow.py for tasks to queue
[2025-04-18T10:21:18.266+0530] {logging_mixin.py:190} INFO - [2025-04-18T10:21:18.266+0530] {dagbag.py:588} INFO - Filling up the DagBag from /home/prakhar/Desktop/Bootcamp/Python/Airflow-Project/airflowvenv/lib/python3.12/site-packages/airflow/example_dags/example_setup_teardown_taskflow.py
[2025-04-18T10:21:18.274+0530] {processor.py:925} INFO - DAG(s) 'example_setup_teardown_taskflow' retrieved from /home/prakhar/Desktop/Bootcamp/Python/Airflow-Project/airflowvenv/lib/python3.12/site-packages/airflow/example_dags/example_setup_teardown_taskflow.py
[2025-04-18T10:21:18.284+0530] {logging_mixin.py:190} INFO - [2025-04-18T10:21:18.284+0530] {dag.py:3239} INFO - Sync 1 DAGs
[2025-04-18T10:21:18.290+0530] {logging_mixin.py:190} INFO - [2025-04-18T10:21:18.290+0530] {dag.py:4180} INFO - Setting next_dagrun for example_setup_teardown_taskflow to None, run_after=None
[2025-04-18T10:21:18.413+0530] {processor.py:208} INFO - Processing /home/prakhar/Desktop/Bootcamp/Python/Airflow-Project/airflowvenv/lib/python3.12/site-packages/airflow/example_dags/example_setup_teardown_taskflow.py took 0.152 seconds
[2025-04-18T10:23:11.624+0530] {processor.py:186} INFO - Started process (PID=22786) to work on /home/prakhar/Desktop/Bootcamp/Python/Airflow-Project/airflowvenv/lib/python3.12/site-packages/airflow/example_dags/example_setup_teardown_taskflow.py
[2025-04-18T10:23:11.676+0530] {processor.py:914} INFO - Processing file /home/prakhar/Desktop/Bootcamp/Python/Airflow-Project/airflowvenv/lib/python3.12/site-packages/airflow/example_dags/example_setup_teardown_taskflow.py for tasks to queue
[2025-04-18T10:23:11.679+0530] {logging_mixin.py:190} INFO - [2025-04-18T10:23:11.679+0530] {dagbag.py:588} INFO - Filling up the DagBag from /home/prakhar/Desktop/Bootcamp/Python/Airflow-Project/airflowvenv/lib/python3.12/site-packages/airflow/example_dags/example_setup_teardown_taskflow.py
[2025-04-18T10:23:11.695+0530] {processor.py:925} INFO - DAG(s) 'example_setup_teardown_taskflow' retrieved from /home/prakhar/Desktop/Bootcamp/Python/Airflow-Project/airflowvenv/lib/python3.12/site-packages/airflow/example_dags/example_setup_teardown_taskflow.py
[2025-04-18T10:23:11.706+0530] {logging_mixin.py:190} INFO - [2025-04-18T10:23:11.706+0530] {dag.py:3239} INFO - Sync 1 DAGs
[2025-04-18T10:23:11.712+0530] {logging_mixin.py:190} INFO - [2025-04-18T10:23:11.712+0530] {dag.py:4180} INFO - Setting next_dagrun for example_setup_teardown_taskflow to None, run_after=None
[2025-04-18T10:23:11.796+0530] {processor.py:208} INFO - Processing /home/prakhar/Desktop/Bootcamp/Python/Airflow-Project/airflowvenv/lib/python3.12/site-packages/airflow/example_dags/example_setup_teardown_taskflow.py took 0.178 seconds
[2025-04-18T10:24:29.453+0530] {processor.py:186} INFO - Started process (PID=23261) to work on /home/prakhar/Desktop/Bootcamp/Python/Airflow-Project/airflowvenv/lib/python3.12/site-packages/airflow/example_dags/example_setup_teardown_taskflow.py
[2025-04-18T10:24:29.483+0530] {processor.py:914} INFO - Processing file /home/prakhar/Desktop/Bootcamp/Python/Airflow-Project/airflowvenv/lib/python3.12/site-packages/airflow/example_dags/example_setup_teardown_taskflow.py for tasks to queue
[2025-04-18T10:24:29.487+0530] {logging_mixin.py:190} INFO - [2025-04-18T10:24:29.486+0530] {dagbag.py:588} INFO - Filling up the DagBag from /home/prakhar/Desktop/Bootcamp/Python/Airflow-Project/airflowvenv/lib/python3.12/site-packages/airflow/example_dags/example_setup_teardown_taskflow.py
[2025-04-18T10:24:29.502+0530] {processor.py:925} INFO - DAG(s) 'example_setup_teardown_taskflow' retrieved from /home/prakhar/Desktop/Bootcamp/Python/Airflow-Project/airflowvenv/lib/python3.12/site-packages/airflow/example_dags/example_setup_teardown_taskflow.py
[2025-04-18T10:24:29.512+0530] {logging_mixin.py:190} INFO - [2025-04-18T10:24:29.511+0530] {dag.py:3239} INFO - Sync 1 DAGs
[2025-04-18T10:24:29.518+0530] {logging_mixin.py:190} INFO - [2025-04-18T10:24:29.517+0530] {dag.py:4180} INFO - Setting next_dagrun for example_setup_teardown_taskflow to None, run_after=None
[2025-04-18T10:24:29.592+0530] {processor.py:208} INFO - Processing /home/prakhar/Desktop/Bootcamp/Python/Airflow-Project/airflowvenv/lib/python3.12/site-packages/airflow/example_dags/example_setup_teardown_taskflow.py took 0.143 seconds
[2025-04-18T10:25:46.087+0530] {processor.py:186} INFO - Started process (PID=23799) to work on /home/prakhar/Desktop/Bootcamp/Python/Airflow-Project/airflowvenv/lib/python3.12/site-packages/airflow/example_dags/example_setup_teardown_taskflow.py
[2025-04-18T10:25:46.087+0530] {processor.py:914} INFO - Processing file /home/prakhar/Desktop/Bootcamp/Python/Airflow-Project/airflowvenv/lib/python3.12/site-packages/airflow/example_dags/example_setup_teardown_taskflow.py for tasks to queue
[2025-04-18T10:25:46.088+0530] {logging_mixin.py:190} INFO - [2025-04-18T10:25:46.088+0530] {dagbag.py:588} INFO - Filling up the DagBag from /home/prakhar/Desktop/Bootcamp/Python/Airflow-Project/airflowvenv/lib/python3.12/site-packages/airflow/example_dags/example_setup_teardown_taskflow.py
[2025-04-18T10:25:46.096+0530] {processor.py:925} INFO - DAG(s) 'example_setup_teardown_taskflow' retrieved from /home/prakhar/Desktop/Bootcamp/Python/Airflow-Project/airflowvenv/lib/python3.12/site-packages/airflow/example_dags/example_setup_teardown_taskflow.py
[2025-04-18T10:25:46.106+0530] {logging_mixin.py:190} INFO - [2025-04-18T10:25:46.106+0530] {dag.py:3239} INFO - Sync 1 DAGs
[2025-04-18T10:25:46.115+0530] {logging_mixin.py:190} INFO - [2025-04-18T10:25:46.115+0530] {dag.py:4180} INFO - Setting next_dagrun for example_setup_teardown_taskflow to None, run_after=None
[2025-04-18T10:25:46.181+0530] {processor.py:208} INFO - Processing /home/prakhar/Desktop/Bootcamp/Python/Airflow-Project/airflowvenv/lib/python3.12/site-packages/airflow/example_dags/example_setup_teardown_taskflow.py took 0.099 seconds
[2025-04-18T10:27:06.996+0530] {processor.py:186} INFO - Started process (PID=24039) to work on /home/prakhar/Desktop/Bootcamp/Python/Airflow-Project/airflowvenv/lib/python3.12/site-packages/airflow/example_dags/example_setup_teardown_taskflow.py
[2025-04-18T10:27:07.034+0530] {processor.py:914} INFO - Processing file /home/prakhar/Desktop/Bootcamp/Python/Airflow-Project/airflowvenv/lib/python3.12/site-packages/airflow/example_dags/example_setup_teardown_taskflow.py for tasks to queue
[2025-04-18T10:27:07.038+0530] {logging_mixin.py:190} INFO - [2025-04-18T10:27:07.037+0530] {dagbag.py:588} INFO - Filling up the DagBag from /home/prakhar/Desktop/Bootcamp/Python/Airflow-Project/airflowvenv/lib/python3.12/site-packages/airflow/example_dags/example_setup_teardown_taskflow.py
[2025-04-18T10:27:07.049+0530] {processor.py:925} INFO - DAG(s) 'example_setup_teardown_taskflow' retrieved from /home/prakhar/Desktop/Bootcamp/Python/Airflow-Project/airflowvenv/lib/python3.12/site-packages/airflow/example_dags/example_setup_teardown_taskflow.py
[2025-04-18T10:27:07.060+0530] {logging_mixin.py:190} INFO - [2025-04-18T10:27:07.060+0530] {dag.py:3239} INFO - Sync 1 DAGs
[2025-04-18T10:27:07.070+0530] {logging_mixin.py:190} INFO - [2025-04-18T10:27:07.070+0530] {dag.py:4180} INFO - Setting next_dagrun for example_setup_teardown_taskflow to None, run_after=None
[2025-04-18T10:27:07.133+0530] {processor.py:208} INFO - Processing /home/prakhar/Desktop/Bootcamp/Python/Airflow-Project/airflowvenv/lib/python3.12/site-packages/airflow/example_dags/example_setup_teardown_taskflow.py took 0.141 seconds
[2025-04-18T10:28:25.463+0530] {processor.py:186} INFO - Started process (PID=24256) to work on /home/prakhar/Desktop/Bootcamp/Python/Airflow-Project/airflowvenv/lib/python3.12/site-packages/airflow/example_dags/example_setup_teardown_taskflow.py
[2025-04-18T10:28:25.500+0530] {processor.py:914} INFO - Processing file /home/prakhar/Desktop/Bootcamp/Python/Airflow-Project/airflowvenv/lib/python3.12/site-packages/airflow/example_dags/example_setup_teardown_taskflow.py for tasks to queue
[2025-04-18T10:28:25.504+0530] {logging_mixin.py:190} INFO - [2025-04-18T10:28:25.503+0530] {dagbag.py:588} INFO - Filling up the DagBag from /home/prakhar/Desktop/Bootcamp/Python/Airflow-Project/airflowvenv/lib/python3.12/site-packages/airflow/example_dags/example_setup_teardown_taskflow.py
[2025-04-18T10:28:25.525+0530] {processor.py:925} INFO - DAG(s) 'example_setup_teardown_taskflow' retrieved from /home/prakhar/Desktop/Bootcamp/Python/Airflow-Project/airflowvenv/lib/python3.12/site-packages/airflow/example_dags/example_setup_teardown_taskflow.py
[2025-04-18T10:28:25.554+0530] {logging_mixin.py:190} INFO - [2025-04-18T10:28:25.554+0530] {dag.py:3239} INFO - Sync 1 DAGs
[2025-04-18T10:28:25.567+0530] {logging_mixin.py:190} INFO - [2025-04-18T10:28:25.567+0530] {dag.py:4180} INFO - Setting next_dagrun for example_setup_teardown_taskflow to None, run_after=None
[2025-04-18T10:28:25.662+0530] {processor.py:208} INFO - Processing /home/prakhar/Desktop/Bootcamp/Python/Airflow-Project/airflowvenv/lib/python3.12/site-packages/airflow/example_dags/example_setup_teardown_taskflow.py took 0.210 seconds
[2025-04-18T10:29:44.604+0530] {processor.py:186} INFO - Started process (PID=24730) to work on /home/prakhar/Desktop/Bootcamp/Python/Airflow-Project/airflowvenv/lib/python3.12/site-packages/airflow/example_dags/example_setup_teardown_taskflow.py
[2025-04-18T10:29:44.659+0530] {processor.py:914} INFO - Processing file /home/prakhar/Desktop/Bootcamp/Python/Airflow-Project/airflowvenv/lib/python3.12/site-packages/airflow/example_dags/example_setup_teardown_taskflow.py for tasks to queue
[2025-04-18T10:29:44.663+0530] {logging_mixin.py:190} INFO - [2025-04-18T10:29:44.662+0530] {dagbag.py:588} INFO - Filling up the DagBag from /home/prakhar/Desktop/Bootcamp/Python/Airflow-Project/airflowvenv/lib/python3.12/site-packages/airflow/example_dags/example_setup_teardown_taskflow.py
[2025-04-18T10:29:44.679+0530] {processor.py:925} INFO - DAG(s) 'example_setup_teardown_taskflow' retrieved from /home/prakhar/Desktop/Bootcamp/Python/Airflow-Project/airflowvenv/lib/python3.12/site-packages/airflow/example_dags/example_setup_teardown_taskflow.py
[2025-04-18T10:29:44.689+0530] {logging_mixin.py:190} INFO - [2025-04-18T10:29:44.689+0530] {dag.py:3239} INFO - Sync 1 DAGs
[2025-04-18T10:29:44.695+0530] {logging_mixin.py:190} INFO - [2025-04-18T10:29:44.695+0530] {dag.py:4180} INFO - Setting next_dagrun for example_setup_teardown_taskflow to None, run_after=None
[2025-04-18T10:29:44.783+0530] {processor.py:208} INFO - Processing /home/prakhar/Desktop/Bootcamp/Python/Airflow-Project/airflowvenv/lib/python3.12/site-packages/airflow/example_dags/example_setup_teardown_taskflow.py took 0.185 seconds
