[2025-04-18T10:17:50.816+0530] {processor.py:186} INFO - Started process (PID=18853) to work on /home/prakhar/Desktop/Bootcamp/Python/Airflow-Project/airflowvenv/lib/python3.12/site-packages/airflow/example_dags/example_dynamic_task_mapping.py
[2025-04-18T10:17:50.817+0530] {processor.py:914} INFO - Processing file /home/prakhar/Desktop/Bootcamp/Python/Airflow-Project/airflowvenv/lib/python3.12/site-packages/airflow/example_dags/example_dynamic_task_mapping.py for tasks to queue
[2025-04-18T10:17:50.819+0530] {logging_mixin.py:190} INFO - [2025-04-18T10:17:50.818+0530] {dagbag.py:588} INFO - Filling up the DagBag from /home/prakhar/Desktop/Bootcamp/Python/Airflow-Project/airflowvenv/lib/python3.12/site-packages/airflow/example_dags/example_dynamic_task_mapping.py
[2025-04-18T10:17:50.825+0530] {processor.py:925} INFO - DAG(s) 'example_dynamic_task_mapping' retrieved from /home/prakhar/Desktop/Bootcamp/Python/Airflow-Project/airflowvenv/lib/python3.12/site-packages/airflow/example_dags/example_dynamic_task_mapping.py
[2025-04-18T10:17:50.833+0530] {logging_mixin.py:190} INFO - [2025-04-18T10:17:50.833+0530] {dag.py:3239} INFO - Sync 1 DAGs
[2025-04-18T10:17:50.840+0530] {logging_mixin.py:190} INFO - [2025-04-18T10:17:50.840+0530] {dag.py:4180} INFO - Setting next_dagrun for example_dynamic_task_mapping to None, run_after=None
[2025-04-18T10:17:50.943+0530] {processor.py:208} INFO - Processing /home/prakhar/Desktop/Bootcamp/Python/Airflow-Project/airflowvenv/lib/python3.12/site-packages/airflow/example_dags/example_dynamic_task_mapping.py took 0.131 seconds
[2025-04-18T10:19:09.464+0530] {processor.py:186} INFO - Started process (PID=19831) to work on /home/prakhar/Desktop/Bootcamp/Python/Airflow-Project/airflowvenv/lib/python3.12/site-packages/airflow/example_dags/example_dynamic_task_mapping.py
[2025-04-18T10:19:09.465+0530] {processor.py:914} INFO - Processing file /home/prakhar/Desktop/Bootcamp/Python/Airflow-Project/airflowvenv/lib/python3.12/site-packages/airflow/example_dags/example_dynamic_task_mapping.py for tasks to queue
[2025-04-18T10:19:09.466+0530] {logging_mixin.py:190} INFO - [2025-04-18T10:19:09.466+0530] {dagbag.py:588} INFO - Filling up the DagBag from /home/prakhar/Desktop/Bootcamp/Python/Airflow-Project/airflowvenv/lib/python3.12/site-packages/airflow/example_dags/example_dynamic_task_mapping.py
[2025-04-18T10:19:09.472+0530] {processor.py:925} INFO - DAG(s) 'example_dynamic_task_mapping' retrieved from /home/prakhar/Desktop/Bootcamp/Python/Airflow-Project/airflowvenv/lib/python3.12/site-packages/airflow/example_dags/example_dynamic_task_mapping.py
[2025-04-18T10:19:09.482+0530] {logging_mixin.py:190} INFO - [2025-04-18T10:19:09.481+0530] {dag.py:3239} INFO - Sync 1 DAGs
[2025-04-18T10:19:09.490+0530] {logging_mixin.py:190} INFO - [2025-04-18T10:19:09.489+0530] {dag.py:4180} INFO - Setting next_dagrun for example_dynamic_task_mapping to None, run_after=None
[2025-04-18T10:19:09.586+0530] {processor.py:208} INFO - Processing /home/prakhar/Desktop/Bootcamp/Python/Airflow-Project/airflowvenv/lib/python3.12/site-packages/airflow/example_dags/example_dynamic_task_mapping.py took 0.125 seconds
[2025-04-18T10:20:30.158+0530] {processor.py:186} INFO - Started process (PID=20743) to work on /home/prakhar/Desktop/Bootcamp/Python/Airflow-Project/airflowvenv/lib/python3.12/site-packages/airflow/example_dags/example_dynamic_task_mapping.py
[2025-04-18T10:20:30.216+0530] {processor.py:914} INFO - Processing file /home/prakhar/Desktop/Bootcamp/Python/Airflow-Project/airflowvenv/lib/python3.12/site-packages/airflow/example_dags/example_dynamic_task_mapping.py for tasks to queue
[2025-04-18T10:20:30.217+0530] {logging_mixin.py:190} INFO - [2025-04-18T10:20:30.217+0530] {dagbag.py:588} INFO - Filling up the DagBag from /home/prakhar/Desktop/Bootcamp/Python/Airflow-Project/airflowvenv/lib/python3.12/site-packages/airflow/example_dags/example_dynamic_task_mapping.py
[2025-04-18T10:20:30.223+0530] {processor.py:925} INFO - DAG(s) 'example_dynamic_task_mapping' retrieved from /home/prakhar/Desktop/Bootcamp/Python/Airflow-Project/airflowvenv/lib/python3.12/site-packages/airflow/example_dags/example_dynamic_task_mapping.py
[2025-04-18T10:20:30.233+0530] {logging_mixin.py:190} INFO - [2025-04-18T10:20:30.233+0530] {dag.py:3239} INFO - Sync 1 DAGs
[2025-04-18T10:20:30.240+0530] {logging_mixin.py:190} INFO - [2025-04-18T10:20:30.240+0530] {dag.py:4180} INFO - Setting next_dagrun for example_dynamic_task_mapping to None, run_after=None
[2025-04-18T10:20:30.313+0530] {processor.py:208} INFO - Processing /home/prakhar/Desktop/Bootcamp/Python/Airflow-Project/airflowvenv/lib/python3.12/site-packages/airflow/example_dags/example_dynamic_task_mapping.py took 0.158 seconds
[2025-04-18T10:22:03.673+0530] {processor.py:186} INFO - Started process (PID=21979) to work on /home/prakhar/Desktop/Bootcamp/Python/Airflow-Project/airflowvenv/lib/python3.12/site-packages/airflow/example_dags/example_dynamic_task_mapping.py
[2025-04-18T10:22:03.673+0530] {processor.py:914} INFO - Processing file /home/prakhar/Desktop/Bootcamp/Python/Airflow-Project/airflowvenv/lib/python3.12/site-packages/airflow/example_dags/example_dynamic_task_mapping.py for tasks to queue
[2025-04-18T10:22:03.674+0530] {logging_mixin.py:190} INFO - [2025-04-18T10:22:03.674+0530] {dagbag.py:588} INFO - Filling up the DagBag from /home/prakhar/Desktop/Bootcamp/Python/Airflow-Project/airflowvenv/lib/python3.12/site-packages/airflow/example_dags/example_dynamic_task_mapping.py
[2025-04-18T10:22:03.680+0530] {processor.py:925} INFO - DAG(s) 'example_dynamic_task_mapping' retrieved from /home/prakhar/Desktop/Bootcamp/Python/Airflow-Project/airflowvenv/lib/python3.12/site-packages/airflow/example_dags/example_dynamic_task_mapping.py
[2025-04-18T10:22:03.689+0530] {logging_mixin.py:190} INFO - [2025-04-18T10:22:03.689+0530] {dag.py:3239} INFO - Sync 1 DAGs
[2025-04-18T10:22:03.695+0530] {logging_mixin.py:190} INFO - [2025-04-18T10:22:03.695+0530] {dag.py:4180} INFO - Setting next_dagrun for example_dynamic_task_mapping to None, run_after=None
[2025-04-18T10:22:03.876+0530] {processor.py:208} INFO - Processing /home/prakhar/Desktop/Bootcamp/Python/Airflow-Project/airflowvenv/lib/python3.12/site-packages/airflow/example_dags/example_dynamic_task_mapping.py took 0.207 seconds
[2025-04-18T10:23:47.300+0530] {processor.py:186} INFO - Started process (PID=23052) to work on /home/prakhar/Desktop/Bootcamp/Python/Airflow-Project/airflowvenv/lib/python3.12/site-packages/airflow/example_dags/example_dynamic_task_mapping.py
[2025-04-18T10:23:47.301+0530] {processor.py:914} INFO - Processing file /home/prakhar/Desktop/Bootcamp/Python/Airflow-Project/airflowvenv/lib/python3.12/site-packages/airflow/example_dags/example_dynamic_task_mapping.py for tasks to queue
[2025-04-18T10:23:47.302+0530] {logging_mixin.py:190} INFO - [2025-04-18T10:23:47.302+0530] {dagbag.py:588} INFO - Filling up the DagBag from /home/prakhar/Desktop/Bootcamp/Python/Airflow-Project/airflowvenv/lib/python3.12/site-packages/airflow/example_dags/example_dynamic_task_mapping.py
[2025-04-18T10:23:47.308+0530] {processor.py:925} INFO - DAG(s) 'example_dynamic_task_mapping' retrieved from /home/prakhar/Desktop/Bootcamp/Python/Airflow-Project/airflowvenv/lib/python3.12/site-packages/airflow/example_dags/example_dynamic_task_mapping.py
[2025-04-18T10:23:47.316+0530] {logging_mixin.py:190} INFO - [2025-04-18T10:23:47.316+0530] {dag.py:3239} INFO - Sync 1 DAGs
[2025-04-18T10:23:47.322+0530] {logging_mixin.py:190} INFO - [2025-04-18T10:23:47.322+0530] {dag.py:4180} INFO - Setting next_dagrun for example_dynamic_task_mapping to None, run_after=None
[2025-04-18T10:23:47.410+0530] {processor.py:208} INFO - Processing /home/prakhar/Desktop/Bootcamp/Python/Airflow-Project/airflowvenv/lib/python3.12/site-packages/airflow/example_dags/example_dynamic_task_mapping.py took 0.113 seconds
[2025-04-18T10:25:05.157+0530] {processor.py:186} INFO - Started process (PID=23537) to work on /home/prakhar/Desktop/Bootcamp/Python/Airflow-Project/airflowvenv/lib/python3.12/site-packages/airflow/example_dags/example_dynamic_task_mapping.py
[2025-04-18T10:25:05.180+0530] {processor.py:914} INFO - Processing file /home/prakhar/Desktop/Bootcamp/Python/Airflow-Project/airflowvenv/lib/python3.12/site-packages/airflow/example_dags/example_dynamic_task_mapping.py for tasks to queue
[2025-04-18T10:25:05.182+0530] {logging_mixin.py:190} INFO - [2025-04-18T10:25:05.181+0530] {dagbag.py:588} INFO - Filling up the DagBag from /home/prakhar/Desktop/Bootcamp/Python/Airflow-Project/airflowvenv/lib/python3.12/site-packages/airflow/example_dags/example_dynamic_task_mapping.py
[2025-04-18T10:25:05.188+0530] {processor.py:925} INFO - DAG(s) 'example_dynamic_task_mapping' retrieved from /home/prakhar/Desktop/Bootcamp/Python/Airflow-Project/airflowvenv/lib/python3.12/site-packages/airflow/example_dags/example_dynamic_task_mapping.py
[2025-04-18T10:25:05.198+0530] {logging_mixin.py:190} INFO - [2025-04-18T10:25:05.198+0530] {dag.py:3239} INFO - Sync 1 DAGs
[2025-04-18T10:25:05.205+0530] {logging_mixin.py:190} INFO - [2025-04-18T10:25:05.205+0530] {dag.py:4180} INFO - Setting next_dagrun for example_dynamic_task_mapping to None, run_after=None
[2025-04-18T10:25:05.415+0530] {processor.py:208} INFO - Processing /home/prakhar/Desktop/Bootcamp/Python/Airflow-Project/airflowvenv/lib/python3.12/site-packages/airflow/example_dags/example_dynamic_task_mapping.py took 0.263 seconds
[2025-04-18T10:26:21.304+0530] {processor.py:186} INFO - Started process (PID=23904) to work on /home/prakhar/Desktop/Bootcamp/Python/Airflow-Project/airflowvenv/lib/python3.12/site-packages/airflow/example_dags/example_dynamic_task_mapping.py
[2025-04-18T10:26:21.334+0530] {processor.py:914} INFO - Processing file /home/prakhar/Desktop/Bootcamp/Python/Airflow-Project/airflowvenv/lib/python3.12/site-packages/airflow/example_dags/example_dynamic_task_mapping.py for tasks to queue
[2025-04-18T10:26:21.336+0530] {logging_mixin.py:190} INFO - [2025-04-18T10:26:21.335+0530] {dagbag.py:588} INFO - Filling up the DagBag from /home/prakhar/Desktop/Bootcamp/Python/Airflow-Project/airflowvenv/lib/python3.12/site-packages/airflow/example_dags/example_dynamic_task_mapping.py
[2025-04-18T10:26:21.341+0530] {processor.py:925} INFO - DAG(s) 'example_dynamic_task_mapping' retrieved from /home/prakhar/Desktop/Bootcamp/Python/Airflow-Project/airflowvenv/lib/python3.12/site-packages/airflow/example_dags/example_dynamic_task_mapping.py
[2025-04-18T10:26:21.354+0530] {logging_mixin.py:190} INFO - [2025-04-18T10:26:21.353+0530] {dag.py:3239} INFO - Sync 1 DAGs
[2025-04-18T10:26:21.361+0530] {logging_mixin.py:190} INFO - [2025-04-18T10:26:21.361+0530] {dag.py:4180} INFO - Setting next_dagrun for example_dynamic_task_mapping to None, run_after=None
[2025-04-18T10:26:21.432+0530] {processor.py:208} INFO - Processing /home/prakhar/Desktop/Bootcamp/Python/Airflow-Project/airflowvenv/lib/python3.12/site-packages/airflow/example_dags/example_dynamic_task_mapping.py took 0.136 seconds
[2025-04-18T10:27:44.524+0530] {processor.py:186} INFO - Started process (PID=24182) to work on /home/prakhar/Desktop/Bootcamp/Python/Airflow-Project/airflowvenv/lib/python3.12/site-packages/airflow/example_dags/example_dynamic_task_mapping.py
[2025-04-18T10:27:44.527+0530] {processor.py:914} INFO - Processing file /home/prakhar/Desktop/Bootcamp/Python/Airflow-Project/airflowvenv/lib/python3.12/site-packages/airflow/example_dags/example_dynamic_task_mapping.py for tasks to queue
[2025-04-18T10:27:44.529+0530] {logging_mixin.py:190} INFO - [2025-04-18T10:27:44.529+0530] {dagbag.py:588} INFO - Filling up the DagBag from /home/prakhar/Desktop/Bootcamp/Python/Airflow-Project/airflowvenv/lib/python3.12/site-packages/airflow/example_dags/example_dynamic_task_mapping.py
[2025-04-18T10:27:44.536+0530] {processor.py:925} INFO - DAG(s) 'example_dynamic_task_mapping' retrieved from /home/prakhar/Desktop/Bootcamp/Python/Airflow-Project/airflowvenv/lib/python3.12/site-packages/airflow/example_dags/example_dynamic_task_mapping.py
[2025-04-18T10:27:44.547+0530] {logging_mixin.py:190} INFO - [2025-04-18T10:27:44.547+0530] {dag.py:3239} INFO - Sync 1 DAGs
[2025-04-18T10:27:44.555+0530] {logging_mixin.py:190} INFO - [2025-04-18T10:27:44.555+0530] {dag.py:4180} INFO - Setting next_dagrun for example_dynamic_task_mapping to None, run_after=None
[2025-04-18T10:27:44.628+0530] {processor.py:208} INFO - Processing /home/prakhar/Desktop/Bootcamp/Python/Airflow-Project/airflowvenv/lib/python3.12/site-packages/airflow/example_dags/example_dynamic_task_mapping.py took 0.109 seconds
[2025-04-18T10:29:03.624+0530] {processor.py:186} INFO - Started process (PID=24461) to work on /home/prakhar/Desktop/Bootcamp/Python/Airflow-Project/airflowvenv/lib/python3.12/site-packages/airflow/example_dags/example_dynamic_task_mapping.py
[2025-04-18T10:29:03.658+0530] {processor.py:914} INFO - Processing file /home/prakhar/Desktop/Bootcamp/Python/Airflow-Project/airflowvenv/lib/python3.12/site-packages/airflow/example_dags/example_dynamic_task_mapping.py for tasks to queue
[2025-04-18T10:29:03.661+0530] {logging_mixin.py:190} INFO - [2025-04-18T10:29:03.661+0530] {dagbag.py:588} INFO - Filling up the DagBag from /home/prakhar/Desktop/Bootcamp/Python/Airflow-Project/airflowvenv/lib/python3.12/site-packages/airflow/example_dags/example_dynamic_task_mapping.py
[2025-04-18T10:29:03.669+0530] {processor.py:925} INFO - DAG(s) 'example_dynamic_task_mapping' retrieved from /home/prakhar/Desktop/Bootcamp/Python/Airflow-Project/airflowvenv/lib/python3.12/site-packages/airflow/example_dags/example_dynamic_task_mapping.py
[2025-04-18T10:29:03.685+0530] {logging_mixin.py:190} INFO - [2025-04-18T10:29:03.685+0530] {dag.py:3239} INFO - Sync 1 DAGs
[2025-04-18T10:29:03.692+0530] {logging_mixin.py:190} INFO - [2025-04-18T10:29:03.692+0530] {dag.py:4180} INFO - Setting next_dagrun for example_dynamic_task_mapping to None, run_after=None
[2025-04-18T10:29:03.826+0530] {processor.py:208} INFO - Processing /home/prakhar/Desktop/Bootcamp/Python/Airflow-Project/airflowvenv/lib/python3.12/site-packages/airflow/example_dags/example_dynamic_task_mapping.py took 0.210 seconds
[2025-04-18T10:30:21.942+0530] {processor.py:186} INFO - Started process (PID=24844) to work on /home/prakhar/Desktop/Bootcamp/Python/Airflow-Project/airflowvenv/lib/python3.12/site-packages/airflow/example_dags/example_dynamic_task_mapping.py
[2025-04-18T10:30:21.978+0530] {processor.py:914} INFO - Processing file /home/prakhar/Desktop/Bootcamp/Python/Airflow-Project/airflowvenv/lib/python3.12/site-packages/airflow/example_dags/example_dynamic_task_mapping.py for tasks to queue
[2025-04-18T10:30:21.981+0530] {logging_mixin.py:190} INFO - [2025-04-18T10:30:21.980+0530] {dagbag.py:588} INFO - Filling up the DagBag from /home/prakhar/Desktop/Bootcamp/Python/Airflow-Project/airflowvenv/lib/python3.12/site-packages/airflow/example_dags/example_dynamic_task_mapping.py
[2025-04-18T10:30:21.989+0530] {processor.py:925} INFO - DAG(s) 'example_dynamic_task_mapping' retrieved from /home/prakhar/Desktop/Bootcamp/Python/Airflow-Project/airflowvenv/lib/python3.12/site-packages/airflow/example_dags/example_dynamic_task_mapping.py
[2025-04-18T10:30:22.002+0530] {logging_mixin.py:190} INFO - [2025-04-18T10:30:22.002+0530] {dag.py:3239} INFO - Sync 1 DAGs
[2025-04-18T10:30:22.013+0530] {logging_mixin.py:190} INFO - [2025-04-18T10:30:22.012+0530] {dag.py:4180} INFO - Setting next_dagrun for example_dynamic_task_mapping to None, run_after=None
[2025-04-18T10:30:22.103+0530] {processor.py:208} INFO - Processing /home/prakhar/Desktop/Bootcamp/Python/Airflow-Project/airflowvenv/lib/python3.12/site-packages/airflow/example_dags/example_dynamic_task_mapping.py took 0.168 seconds
