[2025-04-18T10:17:22.060+0530] {processor.py:186} INFO - Started process (PID=18572) to work on /home/prakhar/Desktop/Bootcamp/Python/Airflow-Project/airflowvenv/lib/python3.12/site-packages/airflow/example_dags/example_task_group_decorator.py
[2025-04-18T10:17:22.061+0530] {processor.py:914} INFO - Processing file /home/prakhar/Desktop/Bootcamp/Python/Airflow-Project/airflowvenv/lib/python3.12/site-packages/airflow/example_dags/example_task_group_decorator.py for tasks to queue
[2025-04-18T10:17:22.063+0530] {logging_mixin.py:190} INFO - [2025-04-18T10:17:22.062+0530] {dagbag.py:588} INFO - Filling up the DagBag from /home/prakhar/Desktop/Bootcamp/Python/Airflow-Project/airflowvenv/lib/python3.12/site-packages/airflow/example_dags/example_task_group_decorator.py
[2025-04-18T10:17:22.072+0530] {processor.py:925} INFO - DAG(s) 'example_task_group_decorator' retrieved from /home/prakhar/Desktop/Bootcamp/Python/Airflow-Project/airflowvenv/lib/python3.12/site-packages/airflow/example_dags/example_task_group_decorator.py
[2025-04-18T10:17:22.085+0530] {logging_mixin.py:190} INFO - [2025-04-18T10:17:22.085+0530] {dag.py:3239} INFO - Sync 1 DAGs
[2025-04-18T10:17:22.091+0530] {logging_mixin.py:190} INFO - [2025-04-18T10:17:22.091+0530] {dag.py:4180} INFO - Setting next_dagrun for example_task_group_decorator to None, run_after=None
[2025-04-18T10:17:22.204+0530] {processor.py:208} INFO - Processing /home/prakhar/Desktop/Bootcamp/Python/Airflow-Project/airflowvenv/lib/python3.12/site-packages/airflow/example_dags/example_task_group_decorator.py took 0.147 seconds
[2025-04-18T10:18:33.109+0530] {processor.py:186} INFO - Started process (PID=19377) to work on /home/prakhar/Desktop/Bootcamp/Python/Airflow-Project/airflowvenv/lib/python3.12/site-packages/airflow/example_dags/example_task_group_decorator.py
[2025-04-18T10:18:33.111+0530] {processor.py:914} INFO - Processing file /home/prakhar/Desktop/Bootcamp/Python/Airflow-Project/airflowvenv/lib/python3.12/site-packages/airflow/example_dags/example_task_group_decorator.py for tasks to queue
[2025-04-18T10:18:33.112+0530] {logging_mixin.py:190} INFO - [2025-04-18T10:18:33.111+0530] {dagbag.py:588} INFO - Filling up the DagBag from /home/prakhar/Desktop/Bootcamp/Python/Airflow-Project/airflowvenv/lib/python3.12/site-packages/airflow/example_dags/example_task_group_decorator.py
[2025-04-18T10:18:33.124+0530] {processor.py:925} INFO - DAG(s) 'example_task_group_decorator' retrieved from /home/prakhar/Desktop/Bootcamp/Python/Airflow-Project/airflowvenv/lib/python3.12/site-packages/airflow/example_dags/example_task_group_decorator.py
[2025-04-18T10:18:33.135+0530] {logging_mixin.py:190} INFO - [2025-04-18T10:18:33.135+0530] {dag.py:3239} INFO - Sync 1 DAGs
[2025-04-18T10:18:33.142+0530] {logging_mixin.py:190} INFO - [2025-04-18T10:18:33.142+0530] {dag.py:4180} INFO - Setting next_dagrun for example_task_group_decorator to None, run_after=None
[2025-04-18T10:18:33.251+0530] {processor.py:208} INFO - Processing /home/prakhar/Desktop/Bootcamp/Python/Airflow-Project/airflowvenv/lib/python3.12/site-packages/airflow/example_dags/example_task_group_decorator.py took 0.148 seconds
[2025-04-18T10:20:03.690+0530] {processor.py:186} INFO - Started process (PID=20469) to work on /home/prakhar/Desktop/Bootcamp/Python/Airflow-Project/airflowvenv/lib/python3.12/site-packages/airflow/example_dags/example_task_group_decorator.py
[2025-04-18T10:20:03.691+0530] {processor.py:914} INFO - Processing file /home/prakhar/Desktop/Bootcamp/Python/Airflow-Project/airflowvenv/lib/python3.12/site-packages/airflow/example_dags/example_task_group_decorator.py for tasks to queue
[2025-04-18T10:20:03.693+0530] {logging_mixin.py:190} INFO - [2025-04-18T10:20:03.692+0530] {dagbag.py:588} INFO - Filling up the DagBag from /home/prakhar/Desktop/Bootcamp/Python/Airflow-Project/airflowvenv/lib/python3.12/site-packages/airflow/example_dags/example_task_group_decorator.py
[2025-04-18T10:20:03.703+0530] {processor.py:925} INFO - DAG(s) 'example_task_group_decorator' retrieved from /home/prakhar/Desktop/Bootcamp/Python/Airflow-Project/airflowvenv/lib/python3.12/site-packages/airflow/example_dags/example_task_group_decorator.py
[2025-04-18T10:20:03.716+0530] {logging_mixin.py:190} INFO - [2025-04-18T10:20:03.715+0530] {dag.py:3239} INFO - Sync 1 DAGs
[2025-04-18T10:20:03.722+0530] {logging_mixin.py:190} INFO - [2025-04-18T10:20:03.722+0530] {dag.py:4180} INFO - Setting next_dagrun for example_task_group_decorator to None, run_after=None
[2025-04-18T10:20:03.828+0530] {processor.py:208} INFO - Processing /home/prakhar/Desktop/Bootcamp/Python/Airflow-Project/airflowvenv/lib/python3.12/site-packages/airflow/example_dags/example_task_group_decorator.py took 0.142 seconds
[2025-04-18T10:21:12.912+0530] {processor.py:186} INFO - Started process (PID=21288) to work on /home/prakhar/Desktop/Bootcamp/Python/Airflow-Project/airflowvenv/lib/python3.12/site-packages/airflow/example_dags/example_task_group_decorator.py
[2025-04-18T10:21:12.925+0530] {processor.py:914} INFO - Processing file /home/prakhar/Desktop/Bootcamp/Python/Airflow-Project/airflowvenv/lib/python3.12/site-packages/airflow/example_dags/example_task_group_decorator.py for tasks to queue
[2025-04-18T10:21:12.927+0530] {logging_mixin.py:190} INFO - [2025-04-18T10:21:12.927+0530] {dagbag.py:588} INFO - Filling up the DagBag from /home/prakhar/Desktop/Bootcamp/Python/Airflow-Project/airflowvenv/lib/python3.12/site-packages/airflow/example_dags/example_task_group_decorator.py
[2025-04-18T10:21:12.940+0530] {processor.py:925} INFO - DAG(s) 'example_task_group_decorator' retrieved from /home/prakhar/Desktop/Bootcamp/Python/Airflow-Project/airflowvenv/lib/python3.12/site-packages/airflow/example_dags/example_task_group_decorator.py
[2025-04-18T10:21:13.016+0530] {logging_mixin.py:190} INFO - [2025-04-18T10:21:13.016+0530] {dag.py:3239} INFO - Sync 1 DAGs
[2025-04-18T10:21:13.023+0530] {logging_mixin.py:190} INFO - [2025-04-18T10:21:13.023+0530] {dag.py:4180} INFO - Setting next_dagrun for example_task_group_decorator to None, run_after=None
[2025-04-18T10:21:13.084+0530] {processor.py:208} INFO - Processing /home/prakhar/Desktop/Bootcamp/Python/Airflow-Project/airflowvenv/lib/python3.12/site-packages/airflow/example_dags/example_task_group_decorator.py took 0.176 seconds
[2025-04-18T10:23:06.491+0530] {processor.py:186} INFO - Started process (PID=22760) to work on /home/prakhar/Desktop/Bootcamp/Python/Airflow-Project/airflowvenv/lib/python3.12/site-packages/airflow/example_dags/example_task_group_decorator.py
[2025-04-18T10:23:06.492+0530] {processor.py:914} INFO - Processing file /home/prakhar/Desktop/Bootcamp/Python/Airflow-Project/airflowvenv/lib/python3.12/site-packages/airflow/example_dags/example_task_group_decorator.py for tasks to queue
[2025-04-18T10:23:06.493+0530] {logging_mixin.py:190} INFO - [2025-04-18T10:23:06.493+0530] {dagbag.py:588} INFO - Filling up the DagBag from /home/prakhar/Desktop/Bootcamp/Python/Airflow-Project/airflowvenv/lib/python3.12/site-packages/airflow/example_dags/example_task_group_decorator.py
[2025-04-18T10:23:06.504+0530] {processor.py:925} INFO - DAG(s) 'example_task_group_decorator' retrieved from /home/prakhar/Desktop/Bootcamp/Python/Airflow-Project/airflowvenv/lib/python3.12/site-packages/airflow/example_dags/example_task_group_decorator.py
[2025-04-18T10:23:06.515+0530] {logging_mixin.py:190} INFO - [2025-04-18T10:23:06.515+0530] {dag.py:3239} INFO - Sync 1 DAGs
[2025-04-18T10:23:06.522+0530] {logging_mixin.py:190} INFO - [2025-04-18T10:23:06.522+0530] {dag.py:4180} INFO - Setting next_dagrun for example_task_group_decorator to None, run_after=None
[2025-04-18T10:23:06.616+0530] {processor.py:208} INFO - Processing /home/prakhar/Desktop/Bootcamp/Python/Airflow-Project/airflowvenv/lib/python3.12/site-packages/airflow/example_dags/example_task_group_decorator.py took 0.130 seconds
[2025-04-18T10:24:24.282+0530] {processor.py:186} INFO - Started process (PID=23255) to work on /home/prakhar/Desktop/Bootcamp/Python/Airflow-Project/airflowvenv/lib/python3.12/site-packages/airflow/example_dags/example_task_group_decorator.py
[2025-04-18T10:24:24.283+0530] {processor.py:914} INFO - Processing file /home/prakhar/Desktop/Bootcamp/Python/Airflow-Project/airflowvenv/lib/python3.12/site-packages/airflow/example_dags/example_task_group_decorator.py for tasks to queue
[2025-04-18T10:24:24.284+0530] {logging_mixin.py:190} INFO - [2025-04-18T10:24:24.284+0530] {dagbag.py:588} INFO - Filling up the DagBag from /home/prakhar/Desktop/Bootcamp/Python/Airflow-Project/airflowvenv/lib/python3.12/site-packages/airflow/example_dags/example_task_group_decorator.py
[2025-04-18T10:24:24.294+0530] {processor.py:925} INFO - DAG(s) 'example_task_group_decorator' retrieved from /home/prakhar/Desktop/Bootcamp/Python/Airflow-Project/airflowvenv/lib/python3.12/site-packages/airflow/example_dags/example_task_group_decorator.py
[2025-04-18T10:24:24.305+0530] {logging_mixin.py:190} INFO - [2025-04-18T10:24:24.305+0530] {dag.py:3239} INFO - Sync 1 DAGs
[2025-04-18T10:24:24.312+0530] {logging_mixin.py:190} INFO - [2025-04-18T10:24:24.312+0530] {dag.py:4180} INFO - Setting next_dagrun for example_task_group_decorator to None, run_after=None
[2025-04-18T10:24:24.421+0530] {processor.py:208} INFO - Processing /home/prakhar/Desktop/Bootcamp/Python/Airflow-Project/airflowvenv/lib/python3.12/site-packages/airflow/example_dags/example_task_group_decorator.py took 0.144 seconds
[2025-04-18T10:25:41.803+0530] {processor.py:186} INFO - Started process (PID=23752) to work on /home/prakhar/Desktop/Bootcamp/Python/Airflow-Project/airflowvenv/lib/python3.12/site-packages/airflow/example_dags/example_task_group_decorator.py
[2025-04-18T10:25:41.813+0530] {processor.py:914} INFO - Processing file /home/prakhar/Desktop/Bootcamp/Python/Airflow-Project/airflowvenv/lib/python3.12/site-packages/airflow/example_dags/example_task_group_decorator.py for tasks to queue
[2025-04-18T10:25:41.814+0530] {logging_mixin.py:190} INFO - [2025-04-18T10:25:41.814+0530] {dagbag.py:588} INFO - Filling up the DagBag from /home/prakhar/Desktop/Bootcamp/Python/Airflow-Project/airflowvenv/lib/python3.12/site-packages/airflow/example_dags/example_task_group_decorator.py
[2025-04-18T10:25:41.824+0530] {processor.py:925} INFO - DAG(s) 'example_task_group_decorator' retrieved from /home/prakhar/Desktop/Bootcamp/Python/Airflow-Project/airflowvenv/lib/python3.12/site-packages/airflow/example_dags/example_task_group_decorator.py
[2025-04-18T10:25:41.839+0530] {logging_mixin.py:190} INFO - [2025-04-18T10:25:41.839+0530] {dag.py:3239} INFO - Sync 1 DAGs
[2025-04-18T10:25:41.849+0530] {logging_mixin.py:190} INFO - [2025-04-18T10:25:41.849+0530] {dag.py:4180} INFO - Setting next_dagrun for example_task_group_decorator to None, run_after=None
[2025-04-18T10:25:42.049+0530] {processor.py:208} INFO - Processing /home/prakhar/Desktop/Bootcamp/Python/Airflow-Project/airflowvenv/lib/python3.12/site-packages/airflow/example_dags/example_task_group_decorator.py took 0.250 seconds
[2025-04-18T10:27:02.356+0530] {processor.py:186} INFO - Started process (PID=24031) to work on /home/prakhar/Desktop/Bootcamp/Python/Airflow-Project/airflowvenv/lib/python3.12/site-packages/airflow/example_dags/example_task_group_decorator.py
[2025-04-18T10:27:02.361+0530] {processor.py:914} INFO - Processing file /home/prakhar/Desktop/Bootcamp/Python/Airflow-Project/airflowvenv/lib/python3.12/site-packages/airflow/example_dags/example_task_group_decorator.py for tasks to queue
[2025-04-18T10:27:02.362+0530] {logging_mixin.py:190} INFO - [2025-04-18T10:27:02.362+0530] {dagbag.py:588} INFO - Filling up the DagBag from /home/prakhar/Desktop/Bootcamp/Python/Airflow-Project/airflowvenv/lib/python3.12/site-packages/airflow/example_dags/example_task_group_decorator.py
[2025-04-18T10:27:02.374+0530] {processor.py:925} INFO - DAG(s) 'example_task_group_decorator' retrieved from /home/prakhar/Desktop/Bootcamp/Python/Airflow-Project/airflowvenv/lib/python3.12/site-packages/airflow/example_dags/example_task_group_decorator.py
[2025-04-18T10:27:02.388+0530] {logging_mixin.py:190} INFO - [2025-04-18T10:27:02.388+0530] {dag.py:3239} INFO - Sync 1 DAGs
[2025-04-18T10:27:02.396+0530] {logging_mixin.py:190} INFO - [2025-04-18T10:27:02.396+0530] {dag.py:4180} INFO - Setting next_dagrun for example_task_group_decorator to None, run_after=None
[2025-04-18T10:27:02.467+0530] {processor.py:208} INFO - Processing /home/prakhar/Desktop/Bootcamp/Python/Airflow-Project/airflowvenv/lib/python3.12/site-packages/airflow/example_dags/example_task_group_decorator.py took 0.117 seconds
[2025-04-18T10:28:20.768+0530] {processor.py:186} INFO - Started process (PID=24248) to work on /home/prakhar/Desktop/Bootcamp/Python/Airflow-Project/airflowvenv/lib/python3.12/site-packages/airflow/example_dags/example_task_group_decorator.py
[2025-04-18T10:28:20.769+0530] {processor.py:914} INFO - Processing file /home/prakhar/Desktop/Bootcamp/Python/Airflow-Project/airflowvenv/lib/python3.12/site-packages/airflow/example_dags/example_task_group_decorator.py for tasks to queue
[2025-04-18T10:28:20.772+0530] {logging_mixin.py:190} INFO - [2025-04-18T10:28:20.771+0530] {dagbag.py:588} INFO - Filling up the DagBag from /home/prakhar/Desktop/Bootcamp/Python/Airflow-Project/airflowvenv/lib/python3.12/site-packages/airflow/example_dags/example_task_group_decorator.py
[2025-04-18T10:28:20.783+0530] {processor.py:925} INFO - DAG(s) 'example_task_group_decorator' retrieved from /home/prakhar/Desktop/Bootcamp/Python/Airflow-Project/airflowvenv/lib/python3.12/site-packages/airflow/example_dags/example_task_group_decorator.py
[2025-04-18T10:28:20.794+0530] {logging_mixin.py:190} INFO - [2025-04-18T10:28:20.794+0530] {dag.py:3239} INFO - Sync 1 DAGs
[2025-04-18T10:28:20.800+0530] {logging_mixin.py:190} INFO - [2025-04-18T10:28:20.800+0530] {dag.py:4180} INFO - Setting next_dagrun for example_task_group_decorator to None, run_after=None
[2025-04-18T10:28:20.886+0530] {processor.py:208} INFO - Processing /home/prakhar/Desktop/Bootcamp/Python/Airflow-Project/airflowvenv/lib/python3.12/site-packages/airflow/example_dags/example_task_group_decorator.py took 0.124 seconds
[2025-04-18T10:29:39.959+0530] {processor.py:186} INFO - Started process (PID=24658) to work on /home/prakhar/Desktop/Bootcamp/Python/Airflow-Project/airflowvenv/lib/python3.12/site-packages/airflow/example_dags/example_task_group_decorator.py
[2025-04-18T10:29:39.960+0530] {processor.py:914} INFO - Processing file /home/prakhar/Desktop/Bootcamp/Python/Airflow-Project/airflowvenv/lib/python3.12/site-packages/airflow/example_dags/example_task_group_decorator.py for tasks to queue
[2025-04-18T10:29:39.961+0530] {logging_mixin.py:190} INFO - [2025-04-18T10:29:39.961+0530] {dagbag.py:588} INFO - Filling up the DagBag from /home/prakhar/Desktop/Bootcamp/Python/Airflow-Project/airflowvenv/lib/python3.12/site-packages/airflow/example_dags/example_task_group_decorator.py
[2025-04-18T10:29:39.971+0530] {processor.py:925} INFO - DAG(s) 'example_task_group_decorator' retrieved from /home/prakhar/Desktop/Bootcamp/Python/Airflow-Project/airflowvenv/lib/python3.12/site-packages/airflow/example_dags/example_task_group_decorator.py
[2025-04-18T10:29:39.982+0530] {logging_mixin.py:190} INFO - [2025-04-18T10:29:39.982+0530] {dag.py:3239} INFO - Sync 1 DAGs
[2025-04-18T10:29:39.988+0530] {logging_mixin.py:190} INFO - [2025-04-18T10:29:39.988+0530] {dag.py:4180} INFO - Setting next_dagrun for example_task_group_decorator to None, run_after=None
[2025-04-18T10:29:40.108+0530] {processor.py:208} INFO - Processing /home/prakhar/Desktop/Bootcamp/Python/Airflow-Project/airflowvenv/lib/python3.12/site-packages/airflow/example_dags/example_task_group_decorator.py took 0.156 seconds
