[2025-04-18T10:17:33.651+0530] {processor.py:186} INFO - Started process (PID=18646) to work on /home/prakhar/Desktop/Bootcamp/Python/Airflow-Project/airflowvenv/lib/python3.12/site-packages/airflow/example_dags/example_sensors.py
[2025-04-18T10:17:33.651+0530] {processor.py:914} INFO - Processing file /home/prakhar/Desktop/Bootcamp/Python/Airflow-Project/airflowvenv/lib/python3.12/site-packages/airflow/example_dags/example_sensors.py for tasks to queue
[2025-04-18T10:17:33.653+0530] {logging_mixin.py:190} INFO - [2025-04-18T10:17:33.652+0530] {dagbag.py:588} INFO - Filling up the DagBag from /home/prakhar/Desktop/Bootcamp/Python/Airflow-Project/airflowvenv/lib/python3.12/site-packages/airflow/example_dags/example_sensors.py
[2025-04-18T10:17:33.661+0530] {processor.py:925} INFO - DAG(s) 'example_sensors' retrieved from /home/prakhar/Desktop/Bootcamp/Python/Airflow-Project/airflowvenv/lib/python3.12/site-packages/airflow/example_dags/example_sensors.py
[2025-04-18T10:17:33.674+0530] {logging_mixin.py:190} INFO - [2025-04-18T10:17:33.674+0530] {dag.py:3239} INFO - Sync 1 DAGs
[2025-04-18T10:17:33.681+0530] {logging_mixin.py:190} INFO - [2025-04-18T10:17:33.681+0530] {dag.py:4180} INFO - Setting next_dagrun for example_sensors to None, run_after=None
[2025-04-18T10:17:33.779+0530] {processor.py:208} INFO - Processing /home/prakhar/Desktop/Bootcamp/Python/Airflow-Project/airflowvenv/lib/python3.12/site-packages/airflow/example_dags/example_sensors.py took 0.132 seconds
[2025-04-18T10:18:43.840+0530] {processor.py:186} INFO - Started process (PID=19537) to work on /home/prakhar/Desktop/Bootcamp/Python/Airflow-Project/airflowvenv/lib/python3.12/site-packages/airflow/example_dags/example_sensors.py
[2025-04-18T10:18:43.841+0530] {processor.py:914} INFO - Processing file /home/prakhar/Desktop/Bootcamp/Python/Airflow-Project/airflowvenv/lib/python3.12/site-packages/airflow/example_dags/example_sensors.py for tasks to queue
[2025-04-18T10:18:43.842+0530] {logging_mixin.py:190} INFO - [2025-04-18T10:18:43.841+0530] {dagbag.py:588} INFO - Filling up the DagBag from /home/prakhar/Desktop/Bootcamp/Python/Airflow-Project/airflowvenv/lib/python3.12/site-packages/airflow/example_dags/example_sensors.py
[2025-04-18T10:18:43.849+0530] {processor.py:925} INFO - DAG(s) 'example_sensors' retrieved from /home/prakhar/Desktop/Bootcamp/Python/Airflow-Project/airflowvenv/lib/python3.12/site-packages/airflow/example_dags/example_sensors.py
[2025-04-18T10:18:43.861+0530] {logging_mixin.py:190} INFO - [2025-04-18T10:18:43.861+0530] {dag.py:3239} INFO - Sync 1 DAGs
[2025-04-18T10:18:43.868+0530] {logging_mixin.py:190} INFO - [2025-04-18T10:18:43.868+0530] {dag.py:4180} INFO - Setting next_dagrun for example_sensors to None, run_after=None
[2025-04-18T10:18:43.980+0530] {processor.py:208} INFO - Processing /home/prakhar/Desktop/Bootcamp/Python/Airflow-Project/airflowvenv/lib/python3.12/site-packages/airflow/example_dags/example_sensors.py took 0.144 seconds
[2025-04-18T10:20:12.968+0530] {processor.py:186} INFO - Started process (PID=20510) to work on /home/prakhar/Desktop/Bootcamp/Python/Airflow-Project/airflowvenv/lib/python3.12/site-packages/airflow/example_dags/example_sensors.py
[2025-04-18T10:20:13.013+0530] {processor.py:914} INFO - Processing file /home/prakhar/Desktop/Bootcamp/Python/Airflow-Project/airflowvenv/lib/python3.12/site-packages/airflow/example_dags/example_sensors.py for tasks to queue
[2025-04-18T10:20:13.016+0530] {logging_mixin.py:190} INFO - [2025-04-18T10:20:13.016+0530] {dagbag.py:588} INFO - Filling up the DagBag from /home/prakhar/Desktop/Bootcamp/Python/Airflow-Project/airflowvenv/lib/python3.12/site-packages/airflow/example_dags/example_sensors.py
[2025-04-18T10:20:13.032+0530] {processor.py:925} INFO - DAG(s) 'example_sensors' retrieved from /home/prakhar/Desktop/Bootcamp/Python/Airflow-Project/airflowvenv/lib/python3.12/site-packages/airflow/example_dags/example_sensors.py
[2025-04-18T10:20:13.046+0530] {logging_mixin.py:190} INFO - [2025-04-18T10:20:13.046+0530] {dag.py:3239} INFO - Sync 1 DAGs
[2025-04-18T10:20:13.053+0530] {logging_mixin.py:190} INFO - [2025-04-18T10:20:13.053+0530] {dag.py:4180} INFO - Setting next_dagrun for example_sensors to None, run_after=None
[2025-04-18T10:20:13.150+0530] {processor.py:208} INFO - Processing /home/prakhar/Desktop/Bootcamp/Python/Airflow-Project/airflowvenv/lib/python3.12/site-packages/airflow/example_dags/example_sensors.py took 0.186 seconds
[2025-04-18T10:21:29.107+0530] {processor.py:186} INFO - Started process (PID=21506) to work on /home/prakhar/Desktop/Bootcamp/Python/Airflow-Project/airflowvenv/lib/python3.12/site-packages/airflow/example_dags/example_sensors.py
[2025-04-18T10:21:29.113+0530] {processor.py:914} INFO - Processing file /home/prakhar/Desktop/Bootcamp/Python/Airflow-Project/airflowvenv/lib/python3.12/site-packages/airflow/example_dags/example_sensors.py for tasks to queue
[2025-04-18T10:21:29.115+0530] {logging_mixin.py:190} INFO - [2025-04-18T10:21:29.115+0530] {dagbag.py:588} INFO - Filling up the DagBag from /home/prakhar/Desktop/Bootcamp/Python/Airflow-Project/airflowvenv/lib/python3.12/site-packages/airflow/example_dags/example_sensors.py
[2025-04-18T10:21:29.124+0530] {processor.py:925} INFO - DAG(s) 'example_sensors' retrieved from /home/prakhar/Desktop/Bootcamp/Python/Airflow-Project/airflowvenv/lib/python3.12/site-packages/airflow/example_dags/example_sensors.py
[2025-04-18T10:21:29.137+0530] {logging_mixin.py:190} INFO - [2025-04-18T10:21:29.137+0530] {dag.py:3239} INFO - Sync 1 DAGs
[2025-04-18T10:21:29.143+0530] {logging_mixin.py:190} INFO - [2025-04-18T10:21:29.143+0530] {dag.py:4180} INFO - Setting next_dagrun for example_sensors to None, run_after=None
[2025-04-18T10:21:29.226+0530] {processor.py:208} INFO - Processing /home/prakhar/Desktop/Bootcamp/Python/Airflow-Project/airflowvenv/lib/python3.12/site-packages/airflow/example_dags/example_sensors.py took 0.123 seconds
[2025-04-18T10:23:17.368+0530] {processor.py:186} INFO - Started process (PID=22817) to work on /home/prakhar/Desktop/Bootcamp/Python/Airflow-Project/airflowvenv/lib/python3.12/site-packages/airflow/example_dags/example_sensors.py
[2025-04-18T10:23:17.414+0530] {processor.py:914} INFO - Processing file /home/prakhar/Desktop/Bootcamp/Python/Airflow-Project/airflowvenv/lib/python3.12/site-packages/airflow/example_dags/example_sensors.py for tasks to queue
[2025-04-18T10:23:17.417+0530] {logging_mixin.py:190} INFO - [2025-04-18T10:23:17.416+0530] {dagbag.py:588} INFO - Filling up the DagBag from /home/prakhar/Desktop/Bootcamp/Python/Airflow-Project/airflowvenv/lib/python3.12/site-packages/airflow/example_dags/example_sensors.py
[2025-04-18T10:23:17.433+0530] {processor.py:925} INFO - DAG(s) 'example_sensors' retrieved from /home/prakhar/Desktop/Bootcamp/Python/Airflow-Project/airflowvenv/lib/python3.12/site-packages/airflow/example_dags/example_sensors.py
[2025-04-18T10:23:17.447+0530] {logging_mixin.py:190} INFO - [2025-04-18T10:23:17.446+0530] {dag.py:3239} INFO - Sync 1 DAGs
[2025-04-18T10:23:17.454+0530] {logging_mixin.py:190} INFO - [2025-04-18T10:23:17.454+0530] {dag.py:4180} INFO - Setting next_dagrun for example_sensors to None, run_after=None
[2025-04-18T10:23:17.528+0530] {processor.py:208} INFO - Processing /home/prakhar/Desktop/Bootcamp/Python/Airflow-Project/airflowvenv/lib/python3.12/site-packages/airflow/example_dags/example_sensors.py took 0.165 seconds
[2025-04-18T10:24:34.872+0530] {processor.py:186} INFO - Started process (PID=23267) to work on /home/prakhar/Desktop/Bootcamp/Python/Airflow-Project/airflowvenv/lib/python3.12/site-packages/airflow/example_dags/example_sensors.py
[2025-04-18T10:24:34.913+0530] {processor.py:914} INFO - Processing file /home/prakhar/Desktop/Bootcamp/Python/Airflow-Project/airflowvenv/lib/python3.12/site-packages/airflow/example_dags/example_sensors.py for tasks to queue
[2025-04-18T10:24:34.916+0530] {logging_mixin.py:190} INFO - [2025-04-18T10:24:34.915+0530] {dagbag.py:588} INFO - Filling up the DagBag from /home/prakhar/Desktop/Bootcamp/Python/Airflow-Project/airflowvenv/lib/python3.12/site-packages/airflow/example_dags/example_sensors.py
[2025-04-18T10:24:34.932+0530] {processor.py:925} INFO - DAG(s) 'example_sensors' retrieved from /home/prakhar/Desktop/Bootcamp/Python/Airflow-Project/airflowvenv/lib/python3.12/site-packages/airflow/example_dags/example_sensors.py
[2025-04-18T10:24:34.945+0530] {logging_mixin.py:190} INFO - [2025-04-18T10:24:34.945+0530] {dag.py:3239} INFO - Sync 1 DAGs
[2025-04-18T10:24:34.953+0530] {logging_mixin.py:190} INFO - [2025-04-18T10:24:34.953+0530] {dag.py:4180} INFO - Setting next_dagrun for example_sensors to None, run_after=None
[2025-04-18T10:24:35.023+0530] {processor.py:208} INFO - Processing /home/prakhar/Desktop/Bootcamp/Python/Airflow-Project/airflowvenv/lib/python3.12/site-packages/airflow/example_dags/example_sensors.py took 0.155 seconds
[2025-04-18T10:25:51.352+0530] {processor.py:186} INFO - Started process (PID=23808) to work on /home/prakhar/Desktop/Bootcamp/Python/Airflow-Project/airflowvenv/lib/python3.12/site-packages/airflow/example_dags/example_sensors.py
[2025-04-18T10:25:51.352+0530] {processor.py:914} INFO - Processing file /home/prakhar/Desktop/Bootcamp/Python/Airflow-Project/airflowvenv/lib/python3.12/site-packages/airflow/example_dags/example_sensors.py for tasks to queue
[2025-04-18T10:25:51.353+0530] {logging_mixin.py:190} INFO - [2025-04-18T10:25:51.353+0530] {dagbag.py:588} INFO - Filling up the DagBag from /home/prakhar/Desktop/Bootcamp/Python/Airflow-Project/airflowvenv/lib/python3.12/site-packages/airflow/example_dags/example_sensors.py
[2025-04-18T10:25:51.361+0530] {processor.py:925} INFO - DAG(s) 'example_sensors' retrieved from /home/prakhar/Desktop/Bootcamp/Python/Airflow-Project/airflowvenv/lib/python3.12/site-packages/airflow/example_dags/example_sensors.py
[2025-04-18T10:25:51.373+0530] {logging_mixin.py:190} INFO - [2025-04-18T10:25:51.373+0530] {dag.py:3239} INFO - Sync 1 DAGs
[2025-04-18T10:25:51.379+0530] {logging_mixin.py:190} INFO - [2025-04-18T10:25:51.379+0530] {dag.py:4180} INFO - Setting next_dagrun for example_sensors to None, run_after=None
[2025-04-18T10:25:51.453+0530] {processor.py:208} INFO - Processing /home/prakhar/Desktop/Bootcamp/Python/Airflow-Project/airflowvenv/lib/python3.12/site-packages/airflow/example_dags/example_sensors.py took 0.106 seconds
[2025-04-18T10:27:12.730+0530] {processor.py:186} INFO - Started process (PID=24051) to work on /home/prakhar/Desktop/Bootcamp/Python/Airflow-Project/airflowvenv/lib/python3.12/site-packages/airflow/example_dags/example_sensors.py
[2025-04-18T10:27:12.756+0530] {processor.py:914} INFO - Processing file /home/prakhar/Desktop/Bootcamp/Python/Airflow-Project/airflowvenv/lib/python3.12/site-packages/airflow/example_dags/example_sensors.py for tasks to queue
[2025-04-18T10:27:12.759+0530] {logging_mixin.py:190} INFO - [2025-04-18T10:27:12.759+0530] {dagbag.py:588} INFO - Filling up the DagBag from /home/prakhar/Desktop/Bootcamp/Python/Airflow-Project/airflowvenv/lib/python3.12/site-packages/airflow/example_dags/example_sensors.py
[2025-04-18T10:27:12.771+0530] {processor.py:925} INFO - DAG(s) 'example_sensors' retrieved from /home/prakhar/Desktop/Bootcamp/Python/Airflow-Project/airflowvenv/lib/python3.12/site-packages/airflow/example_dags/example_sensors.py
[2025-04-18T10:27:12.859+0530] {logging_mixin.py:190} INFO - [2025-04-18T10:27:12.859+0530] {dag.py:3239} INFO - Sync 1 DAGs
[2025-04-18T10:27:12.866+0530] {logging_mixin.py:190} INFO - [2025-04-18T10:27:12.866+0530] {dag.py:4180} INFO - Setting next_dagrun for example_sensors to None, run_after=None
[2025-04-18T10:27:12.948+0530] {processor.py:208} INFO - Processing /home/prakhar/Desktop/Bootcamp/Python/Airflow-Project/airflowvenv/lib/python3.12/site-packages/airflow/example_dags/example_sensors.py took 0.223 seconds
[2025-04-18T10:28:31.487+0530] {processor.py:186} INFO - Started process (PID=24288) to work on /home/prakhar/Desktop/Bootcamp/Python/Airflow-Project/airflowvenv/lib/python3.12/site-packages/airflow/example_dags/example_sensors.py
[2025-04-18T10:28:31.522+0530] {processor.py:914} INFO - Processing file /home/prakhar/Desktop/Bootcamp/Python/Airflow-Project/airflowvenv/lib/python3.12/site-packages/airflow/example_dags/example_sensors.py for tasks to queue
[2025-04-18T10:28:31.523+0530] {logging_mixin.py:190} INFO - [2025-04-18T10:28:31.523+0530] {dagbag.py:588} INFO - Filling up the DagBag from /home/prakhar/Desktop/Bootcamp/Python/Airflow-Project/airflowvenv/lib/python3.12/site-packages/airflow/example_dags/example_sensors.py
[2025-04-18T10:28:31.531+0530] {processor.py:925} INFO - DAG(s) 'example_sensors' retrieved from /home/prakhar/Desktop/Bootcamp/Python/Airflow-Project/airflowvenv/lib/python3.12/site-packages/airflow/example_dags/example_sensors.py
[2025-04-18T10:28:31.545+0530] {logging_mixin.py:190} INFO - [2025-04-18T10:28:31.545+0530] {dag.py:3239} INFO - Sync 1 DAGs
[2025-04-18T10:28:31.552+0530] {logging_mixin.py:190} INFO - [2025-04-18T10:28:31.552+0530] {dag.py:4180} INFO - Setting next_dagrun for example_sensors to None, run_after=None
[2025-04-18T10:28:31.628+0530] {processor.py:208} INFO - Processing /home/prakhar/Desktop/Bootcamp/Python/Airflow-Project/airflowvenv/lib/python3.12/site-packages/airflow/example_dags/example_sensors.py took 0.145 seconds
[2025-04-18T10:29:51.295+0530] {processor.py:186} INFO - Started process (PID=24741) to work on /home/prakhar/Desktop/Bootcamp/Python/Airflow-Project/airflowvenv/lib/python3.12/site-packages/airflow/example_dags/example_sensors.py
[2025-04-18T10:29:51.304+0530] {processor.py:914} INFO - Processing file /home/prakhar/Desktop/Bootcamp/Python/Airflow-Project/airflowvenv/lib/python3.12/site-packages/airflow/example_dags/example_sensors.py for tasks to queue
[2025-04-18T10:29:51.306+0530] {logging_mixin.py:190} INFO - [2025-04-18T10:29:51.306+0530] {dagbag.py:588} INFO - Filling up the DagBag from /home/prakhar/Desktop/Bootcamp/Python/Airflow-Project/airflowvenv/lib/python3.12/site-packages/airflow/example_dags/example_sensors.py
[2025-04-18T10:29:51.319+0530] {processor.py:925} INFO - DAG(s) 'example_sensors' retrieved from /home/prakhar/Desktop/Bootcamp/Python/Airflow-Project/airflowvenv/lib/python3.12/site-packages/airflow/example_dags/example_sensors.py
[2025-04-18T10:29:51.330+0530] {logging_mixin.py:190} INFO - [2025-04-18T10:29:51.330+0530] {dag.py:3239} INFO - Sync 1 DAGs
[2025-04-18T10:29:51.336+0530] {logging_mixin.py:190} INFO - [2025-04-18T10:29:51.336+0530] {dag.py:4180} INFO - Setting next_dagrun for example_sensors to None, run_after=None
[2025-04-18T10:29:51.417+0530] {processor.py:208} INFO - Processing /home/prakhar/Desktop/Bootcamp/Python/Airflow-Project/airflowvenv/lib/python3.12/site-packages/airflow/example_dags/example_sensors.py took 0.126 seconds
