[2025-04-18T10:17:36.317+0530] {processor.py:186} INFO - Started process (PID=18675) to work on /home/prakhar/Desktop/Bootcamp/Python/Airflow-Project/airflowvenv/lib/python3.12/site-packages/airflow/example_dags/example_params_trigger_ui.py
[2025-04-18T10:17:36.318+0530] {processor.py:914} INFO - Processing file /home/prakhar/Desktop/Bootcamp/Python/Airflow-Project/airflowvenv/lib/python3.12/site-packages/airflow/example_dags/example_params_trigger_ui.py for tasks to queue
[2025-04-18T10:17:36.319+0530] {logging_mixin.py:190} INFO - [2025-04-18T10:17:36.319+0530] {dagbag.py:588} INFO - Filling up the DagBag from /home/prakhar/Desktop/Bootcamp/Python/Airflow-Project/airflowvenv/lib/python3.12/site-packages/airflow/example_dags/example_params_trigger_ui.py
[2025-04-18T10:17:36.327+0530] {processor.py:925} INFO - DAG(s) 'example_params_trigger_ui' retrieved from /home/prakhar/Desktop/Bootcamp/Python/Airflow-Project/airflowvenv/lib/python3.12/site-packages/airflow/example_dags/example_params_trigger_ui.py
[2025-04-18T10:17:36.350+0530] {logging_mixin.py:190} INFO - [2025-04-18T10:17:36.350+0530] {dag.py:3239} INFO - Sync 1 DAGs
[2025-04-18T10:17:36.357+0530] {logging_mixin.py:190} INFO - [2025-04-18T10:17:36.357+0530] {dag.py:4180} INFO - Setting next_dagrun for example_params_trigger_ui to None, run_after=None
[2025-04-18T10:17:36.457+0530] {processor.py:208} INFO - Processing /home/prakhar/Desktop/Bootcamp/Python/Airflow-Project/airflowvenv/lib/python3.12/site-packages/airflow/example_dags/example_params_trigger_ui.py took 0.142 seconds
[2025-04-18T10:18:54.205+0530] {processor.py:186} INFO - Started process (PID=19627) to work on /home/prakhar/Desktop/Bootcamp/Python/Airflow-Project/airflowvenv/lib/python3.12/site-packages/airflow/example_dags/example_params_trigger_ui.py
[2025-04-18T10:18:54.217+0530] {processor.py:914} INFO - Processing file /home/prakhar/Desktop/Bootcamp/Python/Airflow-Project/airflowvenv/lib/python3.12/site-packages/airflow/example_dags/example_params_trigger_ui.py for tasks to queue
[2025-04-18T10:18:54.218+0530] {logging_mixin.py:190} INFO - [2025-04-18T10:18:54.218+0530] {dagbag.py:588} INFO - Filling up the DagBag from /home/prakhar/Desktop/Bootcamp/Python/Airflow-Project/airflowvenv/lib/python3.12/site-packages/airflow/example_dags/example_params_trigger_ui.py
[2025-04-18T10:18:54.228+0530] {processor.py:925} INFO - DAG(s) 'example_params_trigger_ui' retrieved from /home/prakhar/Desktop/Bootcamp/Python/Airflow-Project/airflowvenv/lib/python3.12/site-packages/airflow/example_dags/example_params_trigger_ui.py
[2025-04-18T10:18:54.255+0530] {logging_mixin.py:190} INFO - [2025-04-18T10:18:54.255+0530] {dag.py:3239} INFO - Sync 1 DAGs
[2025-04-18T10:18:54.263+0530] {logging_mixin.py:190} INFO - [2025-04-18T10:18:54.262+0530] {dag.py:4180} INFO - Setting next_dagrun for example_params_trigger_ui to None, run_after=None
[2025-04-18T10:18:54.359+0530] {processor.py:208} INFO - Processing /home/prakhar/Desktop/Bootcamp/Python/Airflow-Project/airflowvenv/lib/python3.12/site-packages/airflow/example_dags/example_params_trigger_ui.py took 0.159 seconds
[2025-04-18T10:20:15.601+0530] {processor.py:186} INFO - Started process (PID=20553) to work on /home/prakhar/Desktop/Bootcamp/Python/Airflow-Project/airflowvenv/lib/python3.12/site-packages/airflow/example_dags/example_params_trigger_ui.py
[2025-04-18T10:20:15.622+0530] {processor.py:914} INFO - Processing file /home/prakhar/Desktop/Bootcamp/Python/Airflow-Project/airflowvenv/lib/python3.12/site-packages/airflow/example_dags/example_params_trigger_ui.py for tasks to queue
[2025-04-18T10:20:15.623+0530] {logging_mixin.py:190} INFO - [2025-04-18T10:20:15.623+0530] {dagbag.py:588} INFO - Filling up the DagBag from /home/prakhar/Desktop/Bootcamp/Python/Airflow-Project/airflowvenv/lib/python3.12/site-packages/airflow/example_dags/example_params_trigger_ui.py
[2025-04-18T10:20:15.632+0530] {processor.py:925} INFO - DAG(s) 'example_params_trigger_ui' retrieved from /home/prakhar/Desktop/Bootcamp/Python/Airflow-Project/airflowvenv/lib/python3.12/site-packages/airflow/example_dags/example_params_trigger_ui.py
[2025-04-18T10:20:15.662+0530] {logging_mixin.py:190} INFO - [2025-04-18T10:20:15.662+0530] {dag.py:3239} INFO - Sync 1 DAGs
[2025-04-18T10:20:15.670+0530] {logging_mixin.py:190} INFO - [2025-04-18T10:20:15.670+0530] {dag.py:4180} INFO - Setting next_dagrun for example_params_trigger_ui to None, run_after=None
[2025-04-18T10:20:15.833+0530] {processor.py:208} INFO - Processing /home/prakhar/Desktop/Bootcamp/Python/Airflow-Project/airflowvenv/lib/python3.12/site-packages/airflow/example_dags/example_params_trigger_ui.py took 0.235 seconds
[2025-04-18T10:21:31.439+0530] {processor.py:186} INFO - Started process (PID=21568) to work on /home/prakhar/Desktop/Bootcamp/Python/Airflow-Project/airflowvenv/lib/python3.12/site-packages/airflow/example_dags/example_params_trigger_ui.py
[2025-04-18T10:21:31.469+0530] {processor.py:914} INFO - Processing file /home/prakhar/Desktop/Bootcamp/Python/Airflow-Project/airflowvenv/lib/python3.12/site-packages/airflow/example_dags/example_params_trigger_ui.py for tasks to queue
[2025-04-18T10:21:31.471+0530] {logging_mixin.py:190} INFO - [2025-04-18T10:21:31.471+0530] {dagbag.py:588} INFO - Filling up the DagBag from /home/prakhar/Desktop/Bootcamp/Python/Airflow-Project/airflowvenv/lib/python3.12/site-packages/airflow/example_dags/example_params_trigger_ui.py
[2025-04-18T10:21:31.481+0530] {processor.py:925} INFO - DAG(s) 'example_params_trigger_ui' retrieved from /home/prakhar/Desktop/Bootcamp/Python/Airflow-Project/airflowvenv/lib/python3.12/site-packages/airflow/example_dags/example_params_trigger_ui.py
[2025-04-18T10:21:31.563+0530] {logging_mixin.py:190} INFO - [2025-04-18T10:21:31.562+0530] {dag.py:3239} INFO - Sync 1 DAGs
[2025-04-18T10:21:31.570+0530] {logging_mixin.py:190} INFO - [2025-04-18T10:21:31.570+0530] {dag.py:4180} INFO - Setting next_dagrun for example_params_trigger_ui to None, run_after=None
[2025-04-18T10:21:31.639+0530] {processor.py:208} INFO - Processing /home/prakhar/Desktop/Bootcamp/Python/Airflow-Project/airflowvenv/lib/python3.12/site-packages/airflow/example_dags/example_params_trigger_ui.py took 0.202 seconds
[2025-04-18T10:23:18.250+0530] {processor.py:186} INFO - Started process (PID=22819) to work on /home/prakhar/Desktop/Bootcamp/Python/Airflow-Project/airflowvenv/lib/python3.12/site-packages/airflow/example_dags/example_params_trigger_ui.py
[2025-04-18T10:23:18.258+0530] {processor.py:914} INFO - Processing file /home/prakhar/Desktop/Bootcamp/Python/Airflow-Project/airflowvenv/lib/python3.12/site-packages/airflow/example_dags/example_params_trigger_ui.py for tasks to queue
[2025-04-18T10:23:18.260+0530] {logging_mixin.py:190} INFO - [2025-04-18T10:23:18.260+0530] {dagbag.py:588} INFO - Filling up the DagBag from /home/prakhar/Desktop/Bootcamp/Python/Airflow-Project/airflowvenv/lib/python3.12/site-packages/airflow/example_dags/example_params_trigger_ui.py
[2025-04-18T10:23:18.269+0530] {processor.py:925} INFO - DAG(s) 'example_params_trigger_ui' retrieved from /home/prakhar/Desktop/Bootcamp/Python/Airflow-Project/airflowvenv/lib/python3.12/site-packages/airflow/example_dags/example_params_trigger_ui.py
[2025-04-18T10:23:18.291+0530] {logging_mixin.py:190} INFO - [2025-04-18T10:23:18.291+0530] {dag.py:3239} INFO - Sync 1 DAGs
[2025-04-18T10:23:18.298+0530] {logging_mixin.py:190} INFO - [2025-04-18T10:23:18.298+0530] {dag.py:4180} INFO - Setting next_dagrun for example_params_trigger_ui to None, run_after=None
[2025-04-18T10:23:18.364+0530] {processor.py:208} INFO - Processing /home/prakhar/Desktop/Bootcamp/Python/Airflow-Project/airflowvenv/lib/python3.12/site-packages/airflow/example_dags/example_params_trigger_ui.py took 0.118 seconds
[2025-04-18T10:24:36.575+0530] {processor.py:186} INFO - Started process (PID=23274) to work on /home/prakhar/Desktop/Bootcamp/Python/Airflow-Project/airflowvenv/lib/python3.12/site-packages/airflow/example_dags/example_params_trigger_ui.py
[2025-04-18T10:24:36.576+0530] {processor.py:914} INFO - Processing file /home/prakhar/Desktop/Bootcamp/Python/Airflow-Project/airflowvenv/lib/python3.12/site-packages/airflow/example_dags/example_params_trigger_ui.py for tasks to queue
[2025-04-18T10:24:36.577+0530] {logging_mixin.py:190} INFO - [2025-04-18T10:24:36.577+0530] {dagbag.py:588} INFO - Filling up the DagBag from /home/prakhar/Desktop/Bootcamp/Python/Airflow-Project/airflowvenv/lib/python3.12/site-packages/airflow/example_dags/example_params_trigger_ui.py
[2025-04-18T10:24:36.584+0530] {processor.py:925} INFO - DAG(s) 'example_params_trigger_ui' retrieved from /home/prakhar/Desktop/Bootcamp/Python/Airflow-Project/airflowvenv/lib/python3.12/site-packages/airflow/example_dags/example_params_trigger_ui.py
[2025-04-18T10:24:36.604+0530] {logging_mixin.py:190} INFO - [2025-04-18T10:24:36.604+0530] {dag.py:3239} INFO - Sync 1 DAGs
[2025-04-18T10:24:36.610+0530] {logging_mixin.py:190} INFO - [2025-04-18T10:24:36.610+0530] {dag.py:4180} INFO - Setting next_dagrun for example_params_trigger_ui to None, run_after=None
[2025-04-18T10:24:36.723+0530] {processor.py:208} INFO - Processing /home/prakhar/Desktop/Bootcamp/Python/Airflow-Project/airflowvenv/lib/python3.12/site-packages/airflow/example_dags/example_params_trigger_ui.py took 0.152 seconds
[2025-04-18T10:25:53.444+0530] {processor.py:186} INFO - Started process (PID=23813) to work on /home/prakhar/Desktop/Bootcamp/Python/Airflow-Project/airflowvenv/lib/python3.12/site-packages/airflow/example_dags/example_params_trigger_ui.py
[2025-04-18T10:25:53.445+0530] {processor.py:914} INFO - Processing file /home/prakhar/Desktop/Bootcamp/Python/Airflow-Project/airflowvenv/lib/python3.12/site-packages/airflow/example_dags/example_params_trigger_ui.py for tasks to queue
[2025-04-18T10:25:53.447+0530] {logging_mixin.py:190} INFO - [2025-04-18T10:25:53.447+0530] {dagbag.py:588} INFO - Filling up the DagBag from /home/prakhar/Desktop/Bootcamp/Python/Airflow-Project/airflowvenv/lib/python3.12/site-packages/airflow/example_dags/example_params_trigger_ui.py
[2025-04-18T10:25:53.456+0530] {processor.py:925} INFO - DAG(s) 'example_params_trigger_ui' retrieved from /home/prakhar/Desktop/Bootcamp/Python/Airflow-Project/airflowvenv/lib/python3.12/site-packages/airflow/example_dags/example_params_trigger_ui.py
[2025-04-18T10:25:53.482+0530] {logging_mixin.py:190} INFO - [2025-04-18T10:25:53.482+0530] {dag.py:3239} INFO - Sync 1 DAGs
[2025-04-18T10:25:53.490+0530] {logging_mixin.py:190} INFO - [2025-04-18T10:25:53.490+0530] {dag.py:4180} INFO - Setting next_dagrun for example_params_trigger_ui to None, run_after=None
[2025-04-18T10:25:53.587+0530] {processor.py:208} INFO - Processing /home/prakhar/Desktop/Bootcamp/Python/Airflow-Project/airflowvenv/lib/python3.12/site-packages/airflow/example_dags/example_params_trigger_ui.py took 0.147 seconds
[2025-04-18T10:27:14.967+0530] {processor.py:186} INFO - Started process (PID=24069) to work on /home/prakhar/Desktop/Bootcamp/Python/Airflow-Project/airflowvenv/lib/python3.12/site-packages/airflow/example_dags/example_params_trigger_ui.py
[2025-04-18T10:27:15.009+0530] {processor.py:914} INFO - Processing file /home/prakhar/Desktop/Bootcamp/Python/Airflow-Project/airflowvenv/lib/python3.12/site-packages/airflow/example_dags/example_params_trigger_ui.py for tasks to queue
[2025-04-18T10:27:15.011+0530] {logging_mixin.py:190} INFO - [2025-04-18T10:27:15.010+0530] {dagbag.py:588} INFO - Filling up the DagBag from /home/prakhar/Desktop/Bootcamp/Python/Airflow-Project/airflowvenv/lib/python3.12/site-packages/airflow/example_dags/example_params_trigger_ui.py
[2025-04-18T10:27:15.018+0530] {processor.py:925} INFO - DAG(s) 'example_params_trigger_ui' retrieved from /home/prakhar/Desktop/Bootcamp/Python/Airflow-Project/airflowvenv/lib/python3.12/site-packages/airflow/example_dags/example_params_trigger_ui.py
[2025-04-18T10:27:15.046+0530] {logging_mixin.py:190} INFO - [2025-04-18T10:27:15.046+0530] {dag.py:3239} INFO - Sync 1 DAGs
[2025-04-18T10:27:15.054+0530] {logging_mixin.py:190} INFO - [2025-04-18T10:27:15.053+0530] {dag.py:4180} INFO - Setting next_dagrun for example_params_trigger_ui to None, run_after=None
[2025-04-18T10:27:15.128+0530] {processor.py:208} INFO - Processing /home/prakhar/Desktop/Bootcamp/Python/Airflow-Project/airflowvenv/lib/python3.12/site-packages/airflow/example_dags/example_params_trigger_ui.py took 0.166 seconds
[2025-04-18T10:28:34.016+0530] {processor.py:186} INFO - Started process (PID=24311) to work on /home/prakhar/Desktop/Bootcamp/Python/Airflow-Project/airflowvenv/lib/python3.12/site-packages/airflow/example_dags/example_params_trigger_ui.py
[2025-04-18T10:28:34.052+0530] {processor.py:914} INFO - Processing file /home/prakhar/Desktop/Bootcamp/Python/Airflow-Project/airflowvenv/lib/python3.12/site-packages/airflow/example_dags/example_params_trigger_ui.py for tasks to queue
[2025-04-18T10:28:34.055+0530] {logging_mixin.py:190} INFO - [2025-04-18T10:28:34.054+0530] {dagbag.py:588} INFO - Filling up the DagBag from /home/prakhar/Desktop/Bootcamp/Python/Airflow-Project/airflowvenv/lib/python3.12/site-packages/airflow/example_dags/example_params_trigger_ui.py
[2025-04-18T10:28:34.064+0530] {processor.py:925} INFO - DAG(s) 'example_params_trigger_ui' retrieved from /home/prakhar/Desktop/Bootcamp/Python/Airflow-Project/airflowvenv/lib/python3.12/site-packages/airflow/example_dags/example_params_trigger_ui.py
[2025-04-18T10:28:34.100+0530] {logging_mixin.py:190} INFO - [2025-04-18T10:28:34.100+0530] {dag.py:3239} INFO - Sync 1 DAGs
[2025-04-18T10:28:34.112+0530] {logging_mixin.py:190} INFO - [2025-04-18T10:28:34.112+0530] {dag.py:4180} INFO - Setting next_dagrun for example_params_trigger_ui to None, run_after=None
[2025-04-18T10:28:34.197+0530] {processor.py:208} INFO - Processing /home/prakhar/Desktop/Bootcamp/Python/Airflow-Project/airflowvenv/lib/python3.12/site-packages/airflow/example_dags/example_params_trigger_ui.py took 0.187 seconds
[2025-04-18T10:29:53.531+0530] {processor.py:186} INFO - Started process (PID=24748) to work on /home/prakhar/Desktop/Bootcamp/Python/Airflow-Project/airflowvenv/lib/python3.12/site-packages/airflow/example_dags/example_params_trigger_ui.py
[2025-04-18T10:29:53.549+0530] {processor.py:914} INFO - Processing file /home/prakhar/Desktop/Bootcamp/Python/Airflow-Project/airflowvenv/lib/python3.12/site-packages/airflow/example_dags/example_params_trigger_ui.py for tasks to queue
[2025-04-18T10:29:53.552+0530] {logging_mixin.py:190} INFO - [2025-04-18T10:29:53.552+0530] {dagbag.py:588} INFO - Filling up the DagBag from /home/prakhar/Desktop/Bootcamp/Python/Airflow-Project/airflowvenv/lib/python3.12/site-packages/airflow/example_dags/example_params_trigger_ui.py
[2025-04-18T10:29:53.566+0530] {processor.py:925} INFO - DAG(s) 'example_params_trigger_ui' retrieved from /home/prakhar/Desktop/Bootcamp/Python/Airflow-Project/airflowvenv/lib/python3.12/site-packages/airflow/example_dags/example_params_trigger_ui.py
[2025-04-18T10:29:53.586+0530] {logging_mixin.py:190} INFO - [2025-04-18T10:29:53.586+0530] {dag.py:3239} INFO - Sync 1 DAGs
[2025-04-18T10:29:53.592+0530] {logging_mixin.py:190} INFO - [2025-04-18T10:29:53.592+0530] {dag.py:4180} INFO - Setting next_dagrun for example_params_trigger_ui to None, run_after=None
[2025-04-18T10:29:53.672+0530] {processor.py:208} INFO - Processing /home/prakhar/Desktop/Bootcamp/Python/Airflow-Project/airflowvenv/lib/python3.12/site-packages/airflow/example_dags/example_params_trigger_ui.py took 0.146 seconds
