[2025-04-18T10:17:10.220+0530] {processor.py:186} INFO - Started process (PID=18481) to work on /home/prakhar/Desktop/Bootcamp/Python/Airflow-Project/airflowvenv/lib/python3.12/site-packages/airflow/example_dags/tutorial.py
[2025-04-18T10:17:10.220+0530] {processor.py:914} INFO - Processing file /home/prakhar/Desktop/Bootcamp/Python/Airflow-Project/airflowvenv/lib/python3.12/site-packages/airflow/example_dags/tutorial.py for tasks to queue
[2025-04-18T10:17:10.221+0530] {logging_mixin.py:190} INFO - [2025-04-18T10:17:10.221+0530] {dagbag.py:588} INFO - Filling up the DagBag from /home/prakhar/Desktop/Bootcamp/Python/Airflow-Project/airflowvenv/lib/python3.12/site-packages/airflow/example_dags/tutorial.py
[2025-04-18T10:17:10.231+0530] {processor.py:925} INFO - DAG(s) 'tutorial' retrieved from /home/prakhar/Desktop/Bootcamp/Python/Airflow-Project/airflowvenv/lib/python3.12/site-packages/airflow/example_dags/tutorial.py
[2025-04-18T10:17:10.246+0530] {logging_mixin.py:190} INFO - [2025-04-18T10:17:10.245+0530] {dag.py:3239} INFO - Sync 1 DAGs
[2025-04-18T10:17:10.256+0530] {logging_mixin.py:190} INFO - [2025-04-18T10:17:10.256+0530] {dag.py:4180} INFO - Setting next_dagrun for tutorial to 2025-04-17 00:00:00+00:00, run_after=2025-04-18 00:00:00+00:00
[2025-04-18T10:17:10.386+0530] {processor.py:208} INFO - Processing /home/prakhar/Desktop/Bootcamp/Python/Airflow-Project/airflowvenv/lib/python3.12/site-packages/airflow/example_dags/tutorial.py took 0.169 seconds
[2025-04-18T10:18:22.571+0530] {processor.py:186} INFO - Started process (PID=19289) to work on /home/prakhar/Desktop/Bootcamp/Python/Airflow-Project/airflowvenv/lib/python3.12/site-packages/airflow/example_dags/tutorial.py
[2025-04-18T10:18:22.601+0530] {processor.py:914} INFO - Processing file /home/prakhar/Desktop/Bootcamp/Python/Airflow-Project/airflowvenv/lib/python3.12/site-packages/airflow/example_dags/tutorial.py for tasks to queue
[2025-04-18T10:18:22.603+0530] {logging_mixin.py:190} INFO - [2025-04-18T10:18:22.603+0530] {dagbag.py:588} INFO - Filling up the DagBag from /home/prakhar/Desktop/Bootcamp/Python/Airflow-Project/airflowvenv/lib/python3.12/site-packages/airflow/example_dags/tutorial.py
[2025-04-18T10:18:22.616+0530] {processor.py:925} INFO - DAG(s) 'tutorial' retrieved from /home/prakhar/Desktop/Bootcamp/Python/Airflow-Project/airflowvenv/lib/python3.12/site-packages/airflow/example_dags/tutorial.py
[2025-04-18T10:18:22.625+0530] {logging_mixin.py:190} INFO - [2025-04-18T10:18:22.625+0530] {dag.py:3239} INFO - Sync 1 DAGs
[2025-04-18T10:18:22.636+0530] {logging_mixin.py:190} INFO - [2025-04-18T10:18:22.636+0530] {dag.py:4180} INFO - Setting next_dagrun for tutorial to 2025-04-17 00:00:00+00:00, run_after=2025-04-18 00:00:00+00:00
[2025-04-18T10:18:22.721+0530] {processor.py:208} INFO - Processing /home/prakhar/Desktop/Bootcamp/Python/Airflow-Project/airflowvenv/lib/python3.12/site-packages/airflow/example_dags/tutorial.py took 0.154 seconds
[2025-04-18T10:19:51.991+0530] {processor.py:186} INFO - Started process (PID=20382) to work on /home/prakhar/Desktop/Bootcamp/Python/Airflow-Project/airflowvenv/lib/python3.12/site-packages/airflow/example_dags/tutorial.py
[2025-04-18T10:19:52.026+0530] {processor.py:914} INFO - Processing file /home/prakhar/Desktop/Bootcamp/Python/Airflow-Project/airflowvenv/lib/python3.12/site-packages/airflow/example_dags/tutorial.py for tasks to queue
[2025-04-18T10:19:52.029+0530] {logging_mixin.py:190} INFO - [2025-04-18T10:19:52.029+0530] {dagbag.py:588} INFO - Filling up the DagBag from /home/prakhar/Desktop/Bootcamp/Python/Airflow-Project/airflowvenv/lib/python3.12/site-packages/airflow/example_dags/tutorial.py
[2025-04-18T10:19:52.047+0530] {processor.py:925} INFO - DAG(s) 'tutorial' retrieved from /home/prakhar/Desktop/Bootcamp/Python/Airflow-Project/airflowvenv/lib/python3.12/site-packages/airflow/example_dags/tutorial.py
[2025-04-18T10:19:52.061+0530] {logging_mixin.py:190} INFO - [2025-04-18T10:19:52.061+0530] {dag.py:3239} INFO - Sync 1 DAGs
[2025-04-18T10:19:52.072+0530] {logging_mixin.py:190} INFO - [2025-04-18T10:19:52.072+0530] {dag.py:4180} INFO - Setting next_dagrun for tutorial to 2025-04-17 00:00:00+00:00, run_after=2025-04-18 00:00:00+00:00
[2025-04-18T10:19:52.136+0530] {processor.py:208} INFO - Processing /home/prakhar/Desktop/Bootcamp/Python/Airflow-Project/airflowvenv/lib/python3.12/site-packages/airflow/example_dags/tutorial.py took 0.152 seconds
[2025-04-18T10:21:00.814+0530] {processor.py:186} INFO - Started process (PID=21151) to work on /home/prakhar/Desktop/Bootcamp/Python/Airflow-Project/airflowvenv/lib/python3.12/site-packages/airflow/example_dags/tutorial.py
[2025-04-18T10:21:00.816+0530] {processor.py:914} INFO - Processing file /home/prakhar/Desktop/Bootcamp/Python/Airflow-Project/airflowvenv/lib/python3.12/site-packages/airflow/example_dags/tutorial.py for tasks to queue
[2025-04-18T10:21:00.817+0530] {logging_mixin.py:190} INFO - [2025-04-18T10:21:00.817+0530] {dagbag.py:588} INFO - Filling up the DagBag from /home/prakhar/Desktop/Bootcamp/Python/Airflow-Project/airflowvenv/lib/python3.12/site-packages/airflow/example_dags/tutorial.py
[2025-04-18T10:21:00.823+0530] {processor.py:925} INFO - DAG(s) 'tutorial' retrieved from /home/prakhar/Desktop/Bootcamp/Python/Airflow-Project/airflowvenv/lib/python3.12/site-packages/airflow/example_dags/tutorial.py
[2025-04-18T10:21:00.832+0530] {logging_mixin.py:190} INFO - [2025-04-18T10:21:00.832+0530] {dag.py:3239} INFO - Sync 1 DAGs
[2025-04-18T10:21:00.842+0530] {logging_mixin.py:190} INFO - [2025-04-18T10:21:00.842+0530] {dag.py:4180} INFO - Setting next_dagrun for tutorial to 2025-04-17 00:00:00+00:00, run_after=2025-04-18 00:00:00+00:00
[2025-04-18T10:21:00.903+0530] {processor.py:208} INFO - Processing /home/prakhar/Desktop/Bootcamp/Python/Airflow-Project/airflowvenv/lib/python3.12/site-packages/airflow/example_dags/tutorial.py took 0.092 seconds
[2025-04-18T10:21:47.533+0530] {processor.py:186} INFO - Started process (PID=21791) to work on /home/prakhar/Desktop/Bootcamp/Python/Airflow-Project/airflowvenv/lib/python3.12/site-packages/airflow/example_dags/tutorial.py
[2025-04-18T10:21:47.534+0530] {processor.py:914} INFO - Processing file /home/prakhar/Desktop/Bootcamp/Python/Airflow-Project/airflowvenv/lib/python3.12/site-packages/airflow/example_dags/tutorial.py for tasks to queue
[2025-04-18T10:21:47.535+0530] {logging_mixin.py:190} INFO - [2025-04-18T10:21:47.535+0530] {dagbag.py:588} INFO - Filling up the DagBag from /home/prakhar/Desktop/Bootcamp/Python/Airflow-Project/airflowvenv/lib/python3.12/site-packages/airflow/example_dags/tutorial.py
[2025-04-18T10:21:47.540+0530] {processor.py:925} INFO - DAG(s) 'tutorial' retrieved from /home/prakhar/Desktop/Bootcamp/Python/Airflow-Project/airflowvenv/lib/python3.12/site-packages/airflow/example_dags/tutorial.py
[2025-04-18T10:21:47.549+0530] {logging_mixin.py:190} INFO - [2025-04-18T10:21:47.549+0530] {dag.py:3239} INFO - Sync 1 DAGs
[2025-04-18T10:21:47.560+0530] {logging_mixin.py:190} INFO - [2025-04-18T10:21:47.559+0530] {dag.py:4180} INFO - Setting next_dagrun for tutorial to 2025-04-17 00:00:00+00:00, run_after=2025-04-18 00:00:00+00:00
[2025-04-18T10:21:47.633+0530] {processor.py:208} INFO - Processing /home/prakhar/Desktop/Bootcamp/Python/Airflow-Project/airflowvenv/lib/python3.12/site-packages/airflow/example_dags/tutorial.py took 0.103 seconds
[2025-04-18T10:22:54.666+0530] {processor.py:186} INFO - Started process (PID=22698) to work on /home/prakhar/Desktop/Bootcamp/Python/Airflow-Project/airflowvenv/lib/python3.12/site-packages/airflow/example_dags/tutorial.py
[2025-04-18T10:22:54.681+0530] {processor.py:914} INFO - Processing file /home/prakhar/Desktop/Bootcamp/Python/Airflow-Project/airflowvenv/lib/python3.12/site-packages/airflow/example_dags/tutorial.py for tasks to queue
[2025-04-18T10:22:54.682+0530] {logging_mixin.py:190} INFO - [2025-04-18T10:22:54.682+0530] {dagbag.py:588} INFO - Filling up the DagBag from /home/prakhar/Desktop/Bootcamp/Python/Airflow-Project/airflowvenv/lib/python3.12/site-packages/airflow/example_dags/tutorial.py
[2025-04-18T10:22:54.687+0530] {processor.py:925} INFO - DAG(s) 'tutorial' retrieved from /home/prakhar/Desktop/Bootcamp/Python/Airflow-Project/airflowvenv/lib/python3.12/site-packages/airflow/example_dags/tutorial.py
[2025-04-18T10:22:54.696+0530] {logging_mixin.py:190} INFO - [2025-04-18T10:22:54.696+0530] {dag.py:3239} INFO - Sync 1 DAGs
[2025-04-18T10:22:54.707+0530] {logging_mixin.py:190} INFO - [2025-04-18T10:22:54.707+0530] {dag.py:4180} INFO - Setting next_dagrun for tutorial to 2025-04-17 00:00:00+00:00, run_after=2025-04-18 00:00:00+00:00
[2025-04-18T10:22:54.793+0530] {processor.py:208} INFO - Processing /home/prakhar/Desktop/Bootcamp/Python/Airflow-Project/airflowvenv/lib/python3.12/site-packages/airflow/example_dags/tutorial.py took 0.131 seconds
[2025-04-18T10:24:12.540+0530] {processor.py:186} INFO - Started process (PID=23207) to work on /home/prakhar/Desktop/Bootcamp/Python/Airflow-Project/airflowvenv/lib/python3.12/site-packages/airflow/example_dags/tutorial.py
[2025-04-18T10:24:12.583+0530] {processor.py:914} INFO - Processing file /home/prakhar/Desktop/Bootcamp/Python/Airflow-Project/airflowvenv/lib/python3.12/site-packages/airflow/example_dags/tutorial.py for tasks to queue
[2025-04-18T10:24:12.584+0530] {logging_mixin.py:190} INFO - [2025-04-18T10:24:12.584+0530] {dagbag.py:588} INFO - Filling up the DagBag from /home/prakhar/Desktop/Bootcamp/Python/Airflow-Project/airflowvenv/lib/python3.12/site-packages/airflow/example_dags/tutorial.py
[2025-04-18T10:24:12.591+0530] {processor.py:925} INFO - DAG(s) 'tutorial' retrieved from /home/prakhar/Desktop/Bootcamp/Python/Airflow-Project/airflowvenv/lib/python3.12/site-packages/airflow/example_dags/tutorial.py
[2025-04-18T10:24:12.603+0530] {logging_mixin.py:190} INFO - [2025-04-18T10:24:12.603+0530] {dag.py:3239} INFO - Sync 1 DAGs
[2025-04-18T10:24:12.616+0530] {logging_mixin.py:190} INFO - [2025-04-18T10:24:12.616+0530] {dag.py:4180} INFO - Setting next_dagrun for tutorial to 2025-04-17 00:00:00+00:00, run_after=2025-04-18 00:00:00+00:00
[2025-04-18T10:24:12.698+0530] {processor.py:208} INFO - Processing /home/prakhar/Desktop/Bootcamp/Python/Airflow-Project/airflowvenv/lib/python3.12/site-packages/airflow/example_dags/tutorial.py took 0.162 seconds
[2025-04-18T10:25:30.209+0530] {processor.py:186} INFO - Started process (PID=23591) to work on /home/prakhar/Desktop/Bootcamp/Python/Airflow-Project/airflowvenv/lib/python3.12/site-packages/airflow/example_dags/tutorial.py
[2025-04-18T10:25:30.243+0530] {processor.py:914} INFO - Processing file /home/prakhar/Desktop/Bootcamp/Python/Airflow-Project/airflowvenv/lib/python3.12/site-packages/airflow/example_dags/tutorial.py for tasks to queue
[2025-04-18T10:25:30.247+0530] {logging_mixin.py:190} INFO - [2025-04-18T10:25:30.247+0530] {dagbag.py:588} INFO - Filling up the DagBag from /home/prakhar/Desktop/Bootcamp/Python/Airflow-Project/airflowvenv/lib/python3.12/site-packages/airflow/example_dags/tutorial.py
[2025-04-18T10:25:30.261+0530] {processor.py:925} INFO - DAG(s) 'tutorial' retrieved from /home/prakhar/Desktop/Bootcamp/Python/Airflow-Project/airflowvenv/lib/python3.12/site-packages/airflow/example_dags/tutorial.py
[2025-04-18T10:25:30.270+0530] {logging_mixin.py:190} INFO - [2025-04-18T10:25:30.270+0530] {dag.py:3239} INFO - Sync 1 DAGs
[2025-04-18T10:25:30.280+0530] {logging_mixin.py:190} INFO - [2025-04-18T10:25:30.280+0530] {dag.py:4180} INFO - Setting next_dagrun for tutorial to 2025-04-17 00:00:00+00:00, run_after=2025-04-18 00:00:00+00:00
[2025-04-18T10:25:30.364+0530] {processor.py:208} INFO - Processing /home/prakhar/Desktop/Bootcamp/Python/Airflow-Project/airflowvenv/lib/python3.12/site-packages/airflow/example_dags/tutorial.py took 0.160 seconds
[2025-04-18T10:26:49.192+0530] {processor.py:186} INFO - Started process (PID=24014) to work on /home/prakhar/Desktop/Bootcamp/Python/Airflow-Project/airflowvenv/lib/python3.12/site-packages/airflow/example_dags/tutorial.py
[2025-04-18T10:26:49.225+0530] {processor.py:914} INFO - Processing file /home/prakhar/Desktop/Bootcamp/Python/Airflow-Project/airflowvenv/lib/python3.12/site-packages/airflow/example_dags/tutorial.py for tasks to queue
[2025-04-18T10:26:49.227+0530] {logging_mixin.py:190} INFO - [2025-04-18T10:26:49.226+0530] {dagbag.py:588} INFO - Filling up the DagBag from /home/prakhar/Desktop/Bootcamp/Python/Airflow-Project/airflowvenv/lib/python3.12/site-packages/airflow/example_dags/tutorial.py
[2025-04-18T10:26:49.237+0530] {processor.py:925} INFO - DAG(s) 'tutorial' retrieved from /home/prakhar/Desktop/Bootcamp/Python/Airflow-Project/airflowvenv/lib/python3.12/site-packages/airflow/example_dags/tutorial.py
[2025-04-18T10:26:49.247+0530] {logging_mixin.py:190} INFO - [2025-04-18T10:26:49.247+0530] {dag.py:3239} INFO - Sync 1 DAGs
[2025-04-18T10:26:49.260+0530] {logging_mixin.py:190} INFO - [2025-04-18T10:26:49.260+0530] {dag.py:4180} INFO - Setting next_dagrun for tutorial to 2025-04-17 00:00:00+00:00, run_after=2025-04-18 00:00:00+00:00
[2025-04-18T10:26:49.326+0530] {processor.py:208} INFO - Processing /home/prakhar/Desktop/Bootcamp/Python/Airflow-Project/airflowvenv/lib/python3.12/site-packages/airflow/example_dags/tutorial.py took 0.138 seconds
[2025-04-18T10:27:35.518+0530] {processor.py:186} INFO - Started process (PID=24100) to work on /home/prakhar/Desktop/Bootcamp/Python/Airflow-Project/airflowvenv/lib/python3.12/site-packages/airflow/example_dags/tutorial.py
[2025-04-18T10:27:35.520+0530] {processor.py:914} INFO - Processing file /home/prakhar/Desktop/Bootcamp/Python/Airflow-Project/airflowvenv/lib/python3.12/site-packages/airflow/example_dags/tutorial.py for tasks to queue
[2025-04-18T10:27:35.522+0530] {logging_mixin.py:190} INFO - [2025-04-18T10:27:35.522+0530] {dagbag.py:588} INFO - Filling up the DagBag from /home/prakhar/Desktop/Bootcamp/Python/Airflow-Project/airflowvenv/lib/python3.12/site-packages/airflow/example_dags/tutorial.py
[2025-04-18T10:27:35.528+0530] {processor.py:925} INFO - DAG(s) 'tutorial' retrieved from /home/prakhar/Desktop/Bootcamp/Python/Airflow-Project/airflowvenv/lib/python3.12/site-packages/airflow/example_dags/tutorial.py
[2025-04-18T10:27:35.537+0530] {logging_mixin.py:190} INFO - [2025-04-18T10:27:35.537+0530] {dag.py:3239} INFO - Sync 1 DAGs
[2025-04-18T10:27:35.553+0530] {logging_mixin.py:190} INFO - [2025-04-18T10:27:35.553+0530] {dag.py:4180} INFO - Setting next_dagrun for tutorial to 2025-04-17 00:00:00+00:00, run_after=2025-04-18 00:00:00+00:00
[2025-04-18T10:27:35.647+0530] {processor.py:208} INFO - Processing /home/prakhar/Desktop/Bootcamp/Python/Airflow-Project/airflowvenv/lib/python3.12/site-packages/airflow/example_dags/tutorial.py took 0.136 seconds
[2025-04-18T10:28:52.487+0530] {processor.py:186} INFO - Started process (PID=24412) to work on /home/prakhar/Desktop/Bootcamp/Python/Airflow-Project/airflowvenv/lib/python3.12/site-packages/airflow/example_dags/tutorial.py
[2025-04-18T10:28:52.523+0530] {processor.py:914} INFO - Processing file /home/prakhar/Desktop/Bootcamp/Python/Airflow-Project/airflowvenv/lib/python3.12/site-packages/airflow/example_dags/tutorial.py for tasks to queue
[2025-04-18T10:28:52.526+0530] {logging_mixin.py:190} INFO - [2025-04-18T10:28:52.526+0530] {dagbag.py:588} INFO - Filling up the DagBag from /home/prakhar/Desktop/Bootcamp/Python/Airflow-Project/airflowvenv/lib/python3.12/site-packages/airflow/example_dags/tutorial.py
[2025-04-18T10:28:52.542+0530] {processor.py:925} INFO - DAG(s) 'tutorial' retrieved from /home/prakhar/Desktop/Bootcamp/Python/Airflow-Project/airflowvenv/lib/python3.12/site-packages/airflow/example_dags/tutorial.py
[2025-04-18T10:28:52.556+0530] {logging_mixin.py:190} INFO - [2025-04-18T10:28:52.556+0530] {dag.py:3239} INFO - Sync 1 DAGs
[2025-04-18T10:28:52.572+0530] {logging_mixin.py:190} INFO - [2025-04-18T10:28:52.572+0530] {dag.py:4180} INFO - Setting next_dagrun for tutorial to 2025-04-17 00:00:00+00:00, run_after=2025-04-18 00:00:00+00:00
[2025-04-18T10:28:52.755+0530] {processor.py:208} INFO - Processing /home/prakhar/Desktop/Bootcamp/Python/Airflow-Project/airflowvenv/lib/python3.12/site-packages/airflow/example_dags/tutorial.py took 0.272 seconds
[2025-04-18T10:30:11.358+0530] {processor.py:186} INFO - Started process (PID=24824) to work on /home/prakhar/Desktop/Bootcamp/Python/Airflow-Project/airflowvenv/lib/python3.12/site-packages/airflow/example_dags/tutorial.py
[2025-04-18T10:30:11.391+0530] {processor.py:914} INFO - Processing file /home/prakhar/Desktop/Bootcamp/Python/Airflow-Project/airflowvenv/lib/python3.12/site-packages/airflow/example_dags/tutorial.py for tasks to queue
[2025-04-18T10:30:11.394+0530] {logging_mixin.py:190} INFO - [2025-04-18T10:30:11.393+0530] {dagbag.py:588} INFO - Filling up the DagBag from /home/prakhar/Desktop/Bootcamp/Python/Airflow-Project/airflowvenv/lib/python3.12/site-packages/airflow/example_dags/tutorial.py
[2025-04-18T10:30:11.408+0530] {processor.py:925} INFO - DAG(s) 'tutorial' retrieved from /home/prakhar/Desktop/Bootcamp/Python/Airflow-Project/airflowvenv/lib/python3.12/site-packages/airflow/example_dags/tutorial.py
[2025-04-18T10:30:11.417+0530] {logging_mixin.py:190} INFO - [2025-04-18T10:30:11.417+0530] {dag.py:3239} INFO - Sync 1 DAGs
[2025-04-18T10:30:11.427+0530] {logging_mixin.py:190} INFO - [2025-04-18T10:30:11.427+0530] {dag.py:4180} INFO - Setting next_dagrun for tutorial to 2025-04-17 00:00:00+00:00, run_after=2025-04-18 00:00:00+00:00
[2025-04-18T10:30:11.514+0530] {processor.py:208} INFO - Processing /home/prakhar/Desktop/Bootcamp/Python/Airflow-Project/airflowvenv/lib/python3.12/site-packages/airflow/example_dags/tutorial.py took 0.163 seconds
