[2025-04-18T10:17:09.369+0530] {processor.py:186} INFO - Started process (PID=18480) to work on /home/prakhar/Desktop/Bootcamp/Python/Airflow-Project/airflowvenv/lib/python3.12/site-packages/airflow/example_dags/tutorial_objectstorage.py
[2025-04-18T10:17:09.370+0530] {processor.py:914} INFO - Processing file /home/prakhar/Desktop/Bootcamp/Python/Airflow-Project/airflowvenv/lib/python3.12/site-packages/airflow/example_dags/tutorial_objectstorage.py for tasks to queue
[2025-04-18T10:17:09.371+0530] {logging_mixin.py:190} INFO - [2025-04-18T10:17:09.371+0530] {dagbag.py:588} INFO - Filling up the DagBag from /home/prakhar/Desktop/Bootcamp/Python/Airflow-Project/airflowvenv/lib/python3.12/site-packages/airflow/example_dags/tutorial_objectstorage.py
[2025-04-18T10:17:09.380+0530] {processor.py:925} INFO - DAG(s) 'tutorial_objectstorage' retrieved from /home/prakhar/Desktop/Bootcamp/Python/Airflow-Project/airflowvenv/lib/python3.12/site-packages/airflow/example_dags/tutorial_objectstorage.py
[2025-04-18T10:17:09.394+0530] {logging_mixin.py:190} INFO - [2025-04-18T10:17:09.394+0530] {dag.py:3239} INFO - Sync 1 DAGs
[2025-04-18T10:17:09.400+0530] {logging_mixin.py:190} INFO - [2025-04-18T10:17:09.400+0530] {dag.py:4180} INFO - Setting next_dagrun for tutorial_objectstorage to None, run_after=None
[2025-04-18T10:17:09.505+0530] {processor.py:208} INFO - Processing /home/prakhar/Desktop/Bootcamp/Python/Airflow-Project/airflowvenv/lib/python3.12/site-packages/airflow/example_dags/tutorial_objectstorage.py took 0.141 seconds
[2025-04-18T10:18:21.306+0530] {processor.py:186} INFO - Started process (PID=19288) to work on /home/prakhar/Desktop/Bootcamp/Python/Airflow-Project/airflowvenv/lib/python3.12/site-packages/airflow/example_dags/tutorial_objectstorage.py
[2025-04-18T10:18:21.316+0530] {processor.py:914} INFO - Processing file /home/prakhar/Desktop/Bootcamp/Python/Airflow-Project/airflowvenv/lib/python3.12/site-packages/airflow/example_dags/tutorial_objectstorage.py for tasks to queue
[2025-04-18T10:18:21.317+0530] {logging_mixin.py:190} INFO - [2025-04-18T10:18:21.317+0530] {dagbag.py:588} INFO - Filling up the DagBag from /home/prakhar/Desktop/Bootcamp/Python/Airflow-Project/airflowvenv/lib/python3.12/site-packages/airflow/example_dags/tutorial_objectstorage.py
[2025-04-18T10:18:21.325+0530] {processor.py:925} INFO - DAG(s) 'tutorial_objectstorage' retrieved from /home/prakhar/Desktop/Bootcamp/Python/Airflow-Project/airflowvenv/lib/python3.12/site-packages/airflow/example_dags/tutorial_objectstorage.py
[2025-04-18T10:18:21.333+0530] {logging_mixin.py:190} INFO - [2025-04-18T10:18:21.333+0530] {dag.py:3239} INFO - Sync 1 DAGs
[2025-04-18T10:18:21.341+0530] {logging_mixin.py:190} INFO - [2025-04-18T10:18:21.341+0530] {dag.py:4180} INFO - Setting next_dagrun for tutorial_objectstorage to None, run_after=None
[2025-04-18T10:18:21.458+0530] {processor.py:208} INFO - Processing /home/prakhar/Desktop/Bootcamp/Python/Airflow-Project/airflowvenv/lib/python3.12/site-packages/airflow/example_dags/tutorial_objectstorage.py took 0.156 seconds
[2025-04-18T10:19:51.532+0530] {processor.py:186} INFO - Started process (PID=20381) to work on /home/prakhar/Desktop/Bootcamp/Python/Airflow-Project/airflowvenv/lib/python3.12/site-packages/airflow/example_dags/tutorial_objectstorage.py
[2025-04-18T10:19:51.571+0530] {processor.py:914} INFO - Processing file /home/prakhar/Desktop/Bootcamp/Python/Airflow-Project/airflowvenv/lib/python3.12/site-packages/airflow/example_dags/tutorial_objectstorage.py for tasks to queue
[2025-04-18T10:19:51.574+0530] {logging_mixin.py:190} INFO - [2025-04-18T10:19:51.574+0530] {dagbag.py:588} INFO - Filling up the DagBag from /home/prakhar/Desktop/Bootcamp/Python/Airflow-Project/airflowvenv/lib/python3.12/site-packages/airflow/example_dags/tutorial_objectstorage.py
[2025-04-18T10:19:51.590+0530] {processor.py:925} INFO - DAG(s) 'tutorial_objectstorage' retrieved from /home/prakhar/Desktop/Bootcamp/Python/Airflow-Project/airflowvenv/lib/python3.12/site-packages/airflow/example_dags/tutorial_objectstorage.py
[2025-04-18T10:19:51.603+0530] {logging_mixin.py:190} INFO - [2025-04-18T10:19:51.603+0530] {dag.py:3239} INFO - Sync 1 DAGs
[2025-04-18T10:19:51.610+0530] {logging_mixin.py:190} INFO - [2025-04-18T10:19:51.610+0530] {dag.py:4180} INFO - Setting next_dagrun for tutorial_objectstorage to None, run_after=None
[2025-04-18T10:19:51.696+0530] {processor.py:208} INFO - Processing /home/prakhar/Desktop/Bootcamp/Python/Airflow-Project/airflowvenv/lib/python3.12/site-packages/airflow/example_dags/tutorial_objectstorage.py took 0.167 seconds
[2025-04-18T10:21:00.425+0530] {processor.py:186} INFO - Started process (PID=21115) to work on /home/prakhar/Desktop/Bootcamp/Python/Airflow-Project/airflowvenv/lib/python3.12/site-packages/airflow/example_dags/tutorial_objectstorage.py
[2025-04-18T10:21:00.450+0530] {processor.py:914} INFO - Processing file /home/prakhar/Desktop/Bootcamp/Python/Airflow-Project/airflowvenv/lib/python3.12/site-packages/airflow/example_dags/tutorial_objectstorage.py for tasks to queue
[2025-04-18T10:21:00.452+0530] {logging_mixin.py:190} INFO - [2025-04-18T10:21:00.451+0530] {dagbag.py:588} INFO - Filling up the DagBag from /home/prakhar/Desktop/Bootcamp/Python/Airflow-Project/airflowvenv/lib/python3.12/site-packages/airflow/example_dags/tutorial_objectstorage.py
[2025-04-18T10:21:00.458+0530] {processor.py:925} INFO - DAG(s) 'tutorial_objectstorage' retrieved from /home/prakhar/Desktop/Bootcamp/Python/Airflow-Project/airflowvenv/lib/python3.12/site-packages/airflow/example_dags/tutorial_objectstorage.py
[2025-04-18T10:21:00.467+0530] {logging_mixin.py:190} INFO - [2025-04-18T10:21:00.467+0530] {dag.py:3239} INFO - Sync 1 DAGs
[2025-04-18T10:21:00.474+0530] {logging_mixin.py:190} INFO - [2025-04-18T10:21:00.474+0530] {dag.py:4180} INFO - Setting next_dagrun for tutorial_objectstorage to None, run_after=None
[2025-04-18T10:21:00.546+0530] {processor.py:208} INFO - Processing /home/prakhar/Desktop/Bootcamp/Python/Airflow-Project/airflowvenv/lib/python3.12/site-packages/airflow/example_dags/tutorial_objectstorage.py took 0.124 seconds
[2025-04-18T10:21:46.199+0530] {processor.py:186} INFO - Started process (PID=21753) to work on /home/prakhar/Desktop/Bootcamp/Python/Airflow-Project/airflowvenv/lib/python3.12/site-packages/airflow/example_dags/tutorial_objectstorage.py
[2025-04-18T10:21:46.200+0530] {processor.py:914} INFO - Processing file /home/prakhar/Desktop/Bootcamp/Python/Airflow-Project/airflowvenv/lib/python3.12/site-packages/airflow/example_dags/tutorial_objectstorage.py for tasks to queue
[2025-04-18T10:21:46.201+0530] {logging_mixin.py:190} INFO - [2025-04-18T10:21:46.201+0530] {dagbag.py:588} INFO - Filling up the DagBag from /home/prakhar/Desktop/Bootcamp/Python/Airflow-Project/airflowvenv/lib/python3.12/site-packages/airflow/example_dags/tutorial_objectstorage.py
[2025-04-18T10:21:46.207+0530] {processor.py:925} INFO - DAG(s) 'tutorial_objectstorage' retrieved from /home/prakhar/Desktop/Bootcamp/Python/Airflow-Project/airflowvenv/lib/python3.12/site-packages/airflow/example_dags/tutorial_objectstorage.py
[2025-04-18T10:21:46.216+0530] {logging_mixin.py:190} INFO - [2025-04-18T10:21:46.216+0530] {dag.py:3239} INFO - Sync 1 DAGs
[2025-04-18T10:21:46.223+0530] {logging_mixin.py:190} INFO - [2025-04-18T10:21:46.223+0530] {dag.py:4180} INFO - Setting next_dagrun for tutorial_objectstorage to None, run_after=None
[2025-04-18T10:21:46.309+0530] {processor.py:208} INFO - Processing /home/prakhar/Desktop/Bootcamp/Python/Airflow-Project/airflowvenv/lib/python3.12/site-packages/airflow/example_dags/tutorial_objectstorage.py took 0.114 seconds
[2025-04-18T10:22:53.405+0530] {processor.py:186} INFO - Started process (PID=22662) to work on /home/prakhar/Desktop/Bootcamp/Python/Airflow-Project/airflowvenv/lib/python3.12/site-packages/airflow/example_dags/tutorial_objectstorage.py
[2025-04-18T10:22:53.406+0530] {processor.py:914} INFO - Processing file /home/prakhar/Desktop/Bootcamp/Python/Airflow-Project/airflowvenv/lib/python3.12/site-packages/airflow/example_dags/tutorial_objectstorage.py for tasks to queue
[2025-04-18T10:22:53.407+0530] {logging_mixin.py:190} INFO - [2025-04-18T10:22:53.407+0530] {dagbag.py:588} INFO - Filling up the DagBag from /home/prakhar/Desktop/Bootcamp/Python/Airflow-Project/airflowvenv/lib/python3.12/site-packages/airflow/example_dags/tutorial_objectstorage.py
[2025-04-18T10:22:53.415+0530] {processor.py:925} INFO - DAG(s) 'tutorial_objectstorage' retrieved from /home/prakhar/Desktop/Bootcamp/Python/Airflow-Project/airflowvenv/lib/python3.12/site-packages/airflow/example_dags/tutorial_objectstorage.py
[2025-04-18T10:22:53.424+0530] {logging_mixin.py:190} INFO - [2025-04-18T10:22:53.423+0530] {dag.py:3239} INFO - Sync 1 DAGs
[2025-04-18T10:22:53.430+0530] {logging_mixin.py:190} INFO - [2025-04-18T10:22:53.430+0530] {dag.py:4180} INFO - Setting next_dagrun for tutorial_objectstorage to None, run_after=None
[2025-04-18T10:22:53.523+0530] {processor.py:208} INFO - Processing /home/prakhar/Desktop/Bootcamp/Python/Airflow-Project/airflowvenv/lib/python3.12/site-packages/airflow/example_dags/tutorial_objectstorage.py took 0.123 seconds
[2025-04-18T10:23:36.591+0530] {processor.py:186} INFO - Started process (PID=22917) to work on /home/prakhar/Desktop/Bootcamp/Python/Airflow-Project/airflowvenv/lib/python3.12/site-packages/airflow/example_dags/tutorial_objectstorage.py
[2025-04-18T10:23:36.591+0530] {processor.py:914} INFO - Processing file /home/prakhar/Desktop/Bootcamp/Python/Airflow-Project/airflowvenv/lib/python3.12/site-packages/airflow/example_dags/tutorial_objectstorage.py for tasks to queue
[2025-04-18T10:23:36.593+0530] {logging_mixin.py:190} INFO - [2025-04-18T10:23:36.592+0530] {dagbag.py:588} INFO - Filling up the DagBag from /home/prakhar/Desktop/Bootcamp/Python/Airflow-Project/airflowvenv/lib/python3.12/site-packages/airflow/example_dags/tutorial_objectstorage.py
[2025-04-18T10:23:36.599+0530] {processor.py:925} INFO - DAG(s) 'tutorial_objectstorage' retrieved from /home/prakhar/Desktop/Bootcamp/Python/Airflow-Project/airflowvenv/lib/python3.12/site-packages/airflow/example_dags/tutorial_objectstorage.py
[2025-04-18T10:23:36.668+0530] {logging_mixin.py:190} INFO - [2025-04-18T10:23:36.667+0530] {dag.py:3239} INFO - Sync 1 DAGs
[2025-04-18T10:23:36.680+0530] {logging_mixin.py:190} INFO - [2025-04-18T10:23:36.679+0530] {dag.py:4180} INFO - Setting next_dagrun for tutorial_objectstorage to None, run_after=None
[2025-04-18T10:23:36.753+0530] {processor.py:208} INFO - Processing /home/prakhar/Desktop/Bootcamp/Python/Airflow-Project/airflowvenv/lib/python3.12/site-packages/airflow/example_dags/tutorial_objectstorage.py took 0.166 seconds
[2025-04-18T10:24:54.787+0530] {processor.py:186} INFO - Started process (PID=23428) to work on /home/prakhar/Desktop/Bootcamp/Python/Airflow-Project/airflowvenv/lib/python3.12/site-packages/airflow/example_dags/tutorial_objectstorage.py
[2025-04-18T10:24:54.822+0530] {processor.py:914} INFO - Processing file /home/prakhar/Desktop/Bootcamp/Python/Airflow-Project/airflowvenv/lib/python3.12/site-packages/airflow/example_dags/tutorial_objectstorage.py for tasks to queue
[2025-04-18T10:24:54.825+0530] {logging_mixin.py:190} INFO - [2025-04-18T10:24:54.824+0530] {dagbag.py:588} INFO - Filling up the DagBag from /home/prakhar/Desktop/Bootcamp/Python/Airflow-Project/airflowvenv/lib/python3.12/site-packages/airflow/example_dags/tutorial_objectstorage.py
[2025-04-18T10:24:54.835+0530] {processor.py:925} INFO - DAG(s) 'tutorial_objectstorage' retrieved from /home/prakhar/Desktop/Bootcamp/Python/Airflow-Project/airflowvenv/lib/python3.12/site-packages/airflow/example_dags/tutorial_objectstorage.py
[2025-04-18T10:24:54.844+0530] {logging_mixin.py:190} INFO - [2025-04-18T10:24:54.844+0530] {dag.py:3239} INFO - Sync 1 DAGs
[2025-04-18T10:24:54.852+0530] {logging_mixin.py:190} INFO - [2025-04-18T10:24:54.851+0530] {dag.py:4180} INFO - Setting next_dagrun for tutorial_objectstorage to None, run_after=None
[2025-04-18T10:24:54.930+0530] {processor.py:208} INFO - Processing /home/prakhar/Desktop/Bootcamp/Python/Airflow-Project/airflowvenv/lib/python3.12/site-packages/airflow/example_dags/tutorial_objectstorage.py took 0.147 seconds
[2025-04-18T10:26:09.890+0530] {processor.py:186} INFO - Started process (PID=23878) to work on /home/prakhar/Desktop/Bootcamp/Python/Airflow-Project/airflowvenv/lib/python3.12/site-packages/airflow/example_dags/tutorial_objectstorage.py
[2025-04-18T10:26:09.898+0530] {processor.py:914} INFO - Processing file /home/prakhar/Desktop/Bootcamp/Python/Airflow-Project/airflowvenv/lib/python3.12/site-packages/airflow/example_dags/tutorial_objectstorage.py for tasks to queue
[2025-04-18T10:26:09.900+0530] {logging_mixin.py:190} INFO - [2025-04-18T10:26:09.900+0530] {dagbag.py:588} INFO - Filling up the DagBag from /home/prakhar/Desktop/Bootcamp/Python/Airflow-Project/airflowvenv/lib/python3.12/site-packages/airflow/example_dags/tutorial_objectstorage.py
[2025-04-18T10:26:09.907+0530] {processor.py:925} INFO - DAG(s) 'tutorial_objectstorage' retrieved from /home/prakhar/Desktop/Bootcamp/Python/Airflow-Project/airflowvenv/lib/python3.12/site-packages/airflow/example_dags/tutorial_objectstorage.py
[2025-04-18T10:26:09.918+0530] {logging_mixin.py:190} INFO - [2025-04-18T10:26:09.918+0530] {dag.py:3239} INFO - Sync 1 DAGs
[2025-04-18T10:26:09.925+0530] {logging_mixin.py:190} INFO - [2025-04-18T10:26:09.924+0530] {dag.py:4180} INFO - Setting next_dagrun for tutorial_objectstorage to None, run_after=None
[2025-04-18T10:26:09.995+0530] {processor.py:208} INFO - Processing /home/prakhar/Desktop/Bootcamp/Python/Airflow-Project/airflowvenv/lib/python3.12/site-packages/airflow/example_dags/tutorial_objectstorage.py took 0.109 seconds
[2025-04-18T10:27:34.244+0530] {processor.py:186} INFO - Started process (PID=24097) to work on /home/prakhar/Desktop/Bootcamp/Python/Airflow-Project/airflowvenv/lib/python3.12/site-packages/airflow/example_dags/tutorial_objectstorage.py
[2025-04-18T10:27:34.281+0530] {processor.py:914} INFO - Processing file /home/prakhar/Desktop/Bootcamp/Python/Airflow-Project/airflowvenv/lib/python3.12/site-packages/airflow/example_dags/tutorial_objectstorage.py for tasks to queue
[2025-04-18T10:27:34.282+0530] {logging_mixin.py:190} INFO - [2025-04-18T10:27:34.282+0530] {dagbag.py:588} INFO - Filling up the DagBag from /home/prakhar/Desktop/Bootcamp/Python/Airflow-Project/airflowvenv/lib/python3.12/site-packages/airflow/example_dags/tutorial_objectstorage.py
[2025-04-18T10:27:34.292+0530] {processor.py:925} INFO - DAG(s) 'tutorial_objectstorage' retrieved from /home/prakhar/Desktop/Bootcamp/Python/Airflow-Project/airflowvenv/lib/python3.12/site-packages/airflow/example_dags/tutorial_objectstorage.py
[2025-04-18T10:27:34.305+0530] {logging_mixin.py:190} INFO - [2025-04-18T10:27:34.305+0530] {dag.py:3239} INFO - Sync 1 DAGs
[2025-04-18T10:27:34.314+0530] {logging_mixin.py:190} INFO - [2025-04-18T10:27:34.313+0530] {dag.py:4180} INFO - Setting next_dagrun for tutorial_objectstorage to None, run_after=None
[2025-04-18T10:27:34.378+0530] {processor.py:208} INFO - Processing /home/prakhar/Desktop/Bootcamp/Python/Airflow-Project/airflowvenv/lib/python3.12/site-packages/airflow/example_dags/tutorial_objectstorage.py took 0.140 seconds
[2025-04-18T10:28:51.657+0530] {processor.py:186} INFO - Started process (PID=24411) to work on /home/prakhar/Desktop/Bootcamp/Python/Airflow-Project/airflowvenv/lib/python3.12/site-packages/airflow/example_dags/tutorial_objectstorage.py
[2025-04-18T10:28:51.689+0530] {processor.py:914} INFO - Processing file /home/prakhar/Desktop/Bootcamp/Python/Airflow-Project/airflowvenv/lib/python3.12/site-packages/airflow/example_dags/tutorial_objectstorage.py for tasks to queue
[2025-04-18T10:28:51.693+0530] {logging_mixin.py:190} INFO - [2025-04-18T10:28:51.692+0530] {dagbag.py:588} INFO - Filling up the DagBag from /home/prakhar/Desktop/Bootcamp/Python/Airflow-Project/airflowvenv/lib/python3.12/site-packages/airflow/example_dags/tutorial_objectstorage.py
[2025-04-18T10:28:51.705+0530] {processor.py:925} INFO - DAG(s) 'tutorial_objectstorage' retrieved from /home/prakhar/Desktop/Bootcamp/Python/Airflow-Project/airflowvenv/lib/python3.12/site-packages/airflow/example_dags/tutorial_objectstorage.py
[2025-04-18T10:28:51.715+0530] {logging_mixin.py:190} INFO - [2025-04-18T10:28:51.714+0530] {dag.py:3239} INFO - Sync 1 DAGs
[2025-04-18T10:28:51.721+0530] {logging_mixin.py:190} INFO - [2025-04-18T10:28:51.721+0530] {dag.py:4180} INFO - Setting next_dagrun for tutorial_objectstorage to None, run_after=None
[2025-04-18T10:28:51.794+0530] {processor.py:208} INFO - Processing /home/prakhar/Desktop/Bootcamp/Python/Airflow-Project/airflowvenv/lib/python3.12/site-packages/airflow/example_dags/tutorial_objectstorage.py took 0.140 seconds
[2025-04-18T10:30:10.078+0530] {processor.py:186} INFO - Started process (PID=24821) to work on /home/prakhar/Desktop/Bootcamp/Python/Airflow-Project/airflowvenv/lib/python3.12/site-packages/airflow/example_dags/tutorial_objectstorage.py
[2025-04-18T10:30:10.114+0530] {processor.py:914} INFO - Processing file /home/prakhar/Desktop/Bootcamp/Python/Airflow-Project/airflowvenv/lib/python3.12/site-packages/airflow/example_dags/tutorial_objectstorage.py for tasks to queue
[2025-04-18T10:30:10.117+0530] {logging_mixin.py:190} INFO - [2025-04-18T10:30:10.117+0530] {dagbag.py:588} INFO - Filling up the DagBag from /home/prakhar/Desktop/Bootcamp/Python/Airflow-Project/airflowvenv/lib/python3.12/site-packages/airflow/example_dags/tutorial_objectstorage.py
[2025-04-18T10:30:10.133+0530] {processor.py:925} INFO - DAG(s) 'tutorial_objectstorage' retrieved from /home/prakhar/Desktop/Bootcamp/Python/Airflow-Project/airflowvenv/lib/python3.12/site-packages/airflow/example_dags/tutorial_objectstorage.py
[2025-04-18T10:30:10.144+0530] {logging_mixin.py:190} INFO - [2025-04-18T10:30:10.143+0530] {dag.py:3239} INFO - Sync 1 DAGs
[2025-04-18T10:30:10.152+0530] {logging_mixin.py:190} INFO - [2025-04-18T10:30:10.152+0530] {dag.py:4180} INFO - Setting next_dagrun for tutorial_objectstorage to None, run_after=None
[2025-04-18T10:30:10.237+0530] {processor.py:208} INFO - Processing /home/prakhar/Desktop/Bootcamp/Python/Airflow-Project/airflowvenv/lib/python3.12/site-packages/airflow/example_dags/tutorial_objectstorage.py took 0.163 seconds
