[2025-04-18T10:17:06.809+0530] {processor.py:186} INFO - Started process (PID=18440) to work on /home/prakhar/Desktop/Bootcamp/Python/Airflow-Project/airflowvenv/lib/python3.12/site-packages/airflow/example_dags/tutorial_taskflow_templates.py
[2025-04-18T10:17:06.810+0530] {processor.py:914} INFO - Processing file /home/prakhar/Desktop/Bootcamp/Python/Airflow-Project/airflowvenv/lib/python3.12/site-packages/airflow/example_dags/tutorial_taskflow_templates.py for tasks to queue
[2025-04-18T10:17:06.812+0530] {logging_mixin.py:190} INFO - [2025-04-18T10:17:06.812+0530] {dagbag.py:588} INFO - Filling up the DagBag from /home/prakhar/Desktop/Bootcamp/Python/Airflow-Project/airflowvenv/lib/python3.12/site-packages/airflow/example_dags/tutorial_taskflow_templates.py
[2025-04-18T10:17:06.822+0530] {processor.py:925} INFO - DAG(s) 'tutorial_taskflow_templates' retrieved from /home/prakhar/Desktop/Bootcamp/Python/Airflow-Project/airflowvenv/lib/python3.12/site-packages/airflow/example_dags/tutorial_taskflow_templates.py
[2025-04-18T10:17:06.836+0530] {logging_mixin.py:190} INFO - [2025-04-18T10:17:06.836+0530] {dag.py:3239} INFO - Sync 1 DAGs
[2025-04-18T10:17:06.848+0530] {logging_mixin.py:190} INFO - [2025-04-18T10:17:06.848+0530] {dag.py:4180} INFO - Setting next_dagrun for tutorial_taskflow_templates to 2025-04-17 00:00:00+00:00, run_after=2025-04-18 00:00:00+00:00
[2025-04-18T10:17:06.958+0530] {processor.py:208} INFO - Processing /home/prakhar/Desktop/Bootcamp/Python/Airflow-Project/airflowvenv/lib/python3.12/site-packages/airflow/example_dags/tutorial_taskflow_templates.py took 0.152 seconds
[2025-04-18T10:18:17.906+0530] {processor.py:186} INFO - Started process (PID=19223) to work on /home/prakhar/Desktop/Bootcamp/Python/Airflow-Project/airflowvenv/lib/python3.12/site-packages/airflow/example_dags/tutorial_taskflow_templates.py
[2025-04-18T10:18:17.910+0530] {processor.py:914} INFO - Processing file /home/prakhar/Desktop/Bootcamp/Python/Airflow-Project/airflowvenv/lib/python3.12/site-packages/airflow/example_dags/tutorial_taskflow_templates.py for tasks to queue
[2025-04-18T10:18:17.912+0530] {logging_mixin.py:190} INFO - [2025-04-18T10:18:17.911+0530] {dagbag.py:588} INFO - Filling up the DagBag from /home/prakhar/Desktop/Bootcamp/Python/Airflow-Project/airflowvenv/lib/python3.12/site-packages/airflow/example_dags/tutorial_taskflow_templates.py
[2025-04-18T10:18:17.932+0530] {processor.py:925} INFO - DAG(s) 'tutorial_taskflow_templates' retrieved from /home/prakhar/Desktop/Bootcamp/Python/Airflow-Project/airflowvenv/lib/python3.12/site-packages/airflow/example_dags/tutorial_taskflow_templates.py
[2025-04-18T10:18:18.638+0530] {logging_mixin.py:190} INFO - [2025-04-18T10:18:18.638+0530] {dag.py:3239} INFO - Sync 1 DAGs
[2025-04-18T10:18:18.707+0530] {logging_mixin.py:190} INFO - [2025-04-18T10:18:18.707+0530] {dag.py:4180} INFO - Setting next_dagrun for tutorial_taskflow_templates to 2025-04-17 00:00:00+00:00, run_after=2025-04-18 00:00:00+00:00
[2025-04-18T10:18:18.872+0530] {processor.py:208} INFO - Processing /home/prakhar/Desktop/Bootcamp/Python/Airflow-Project/airflowvenv/lib/python3.12/site-packages/airflow/example_dags/tutorial_taskflow_templates.py took 0.974 seconds
[2025-04-18T10:19:48.255+0530] {processor.py:186} INFO - Started process (PID=20319) to work on /home/prakhar/Desktop/Bootcamp/Python/Airflow-Project/airflowvenv/lib/python3.12/site-packages/airflow/example_dags/tutorial_taskflow_templates.py
[2025-04-18T10:19:48.261+0530] {processor.py:914} INFO - Processing file /home/prakhar/Desktop/Bootcamp/Python/Airflow-Project/airflowvenv/lib/python3.12/site-packages/airflow/example_dags/tutorial_taskflow_templates.py for tasks to queue
[2025-04-18T10:19:48.263+0530] {logging_mixin.py:190} INFO - [2025-04-18T10:19:48.263+0530] {dagbag.py:588} INFO - Filling up the DagBag from /home/prakhar/Desktop/Bootcamp/Python/Airflow-Project/airflowvenv/lib/python3.12/site-packages/airflow/example_dags/tutorial_taskflow_templates.py
[2025-04-18T10:19:48.277+0530] {processor.py:925} INFO - DAG(s) 'tutorial_taskflow_templates' retrieved from /home/prakhar/Desktop/Bootcamp/Python/Airflow-Project/airflowvenv/lib/python3.12/site-packages/airflow/example_dags/tutorial_taskflow_templates.py
[2025-04-18T10:19:48.480+0530] {logging_mixin.py:190} INFO - [2025-04-18T10:19:48.480+0530] {dag.py:3239} INFO - Sync 1 DAGs
[2025-04-18T10:19:48.691+0530] {logging_mixin.py:190} INFO - [2025-04-18T10:19:48.690+0530] {dag.py:4180} INFO - Setting next_dagrun for tutorial_taskflow_templates to 2025-04-17 00:00:00+00:00, run_after=2025-04-18 00:00:00+00:00
[2025-04-18T10:19:49.112+0530] {processor.py:208} INFO - Processing /home/prakhar/Desktop/Bootcamp/Python/Airflow-Project/airflowvenv/lib/python3.12/site-packages/airflow/example_dags/tutorial_taskflow_templates.py took 0.861 seconds
[2025-04-18T10:20:58.068+0530] {processor.py:186} INFO - Started process (PID=21084) to work on /home/prakhar/Desktop/Bootcamp/Python/Airflow-Project/airflowvenv/lib/python3.12/site-packages/airflow/example_dags/tutorial_taskflow_templates.py
[2025-04-18T10:20:58.068+0530] {processor.py:914} INFO - Processing file /home/prakhar/Desktop/Bootcamp/Python/Airflow-Project/airflowvenv/lib/python3.12/site-packages/airflow/example_dags/tutorial_taskflow_templates.py for tasks to queue
[2025-04-18T10:20:58.070+0530] {logging_mixin.py:190} INFO - [2025-04-18T10:20:58.070+0530] {dagbag.py:588} INFO - Filling up the DagBag from /home/prakhar/Desktop/Bootcamp/Python/Airflow-Project/airflowvenv/lib/python3.12/site-packages/airflow/example_dags/tutorial_taskflow_templates.py
[2025-04-18T10:20:58.079+0530] {processor.py:925} INFO - DAG(s) 'tutorial_taskflow_templates' retrieved from /home/prakhar/Desktop/Bootcamp/Python/Airflow-Project/airflowvenv/lib/python3.12/site-packages/airflow/example_dags/tutorial_taskflow_templates.py
[2025-04-18T10:20:58.089+0530] {logging_mixin.py:190} INFO - [2025-04-18T10:20:58.089+0530] {dag.py:3239} INFO - Sync 1 DAGs
[2025-04-18T10:20:58.100+0530] {logging_mixin.py:190} INFO - [2025-04-18T10:20:58.100+0530] {dag.py:4180} INFO - Setting next_dagrun for tutorial_taskflow_templates to 2025-04-17 00:00:00+00:00, run_after=2025-04-18 00:00:00+00:00
[2025-04-18T10:20:58.189+0530] {processor.py:208} INFO - Processing /home/prakhar/Desktop/Bootcamp/Python/Airflow-Project/airflowvenv/lib/python3.12/site-packages/airflow/example_dags/tutorial_taskflow_templates.py took 0.125 seconds
[2025-04-18T10:21:43.592+0530] {processor.py:186} INFO - Started process (PID=21726) to work on /home/prakhar/Desktop/Bootcamp/Python/Airflow-Project/airflowvenv/lib/python3.12/site-packages/airflow/example_dags/tutorial_taskflow_templates.py
[2025-04-18T10:21:43.645+0530] {processor.py:914} INFO - Processing file /home/prakhar/Desktop/Bootcamp/Python/Airflow-Project/airflowvenv/lib/python3.12/site-packages/airflow/example_dags/tutorial_taskflow_templates.py for tasks to queue
[2025-04-18T10:21:43.649+0530] {logging_mixin.py:190} INFO - [2025-04-18T10:21:43.648+0530] {dagbag.py:588} INFO - Filling up the DagBag from /home/prakhar/Desktop/Bootcamp/Python/Airflow-Project/airflowvenv/lib/python3.12/site-packages/airflow/example_dags/tutorial_taskflow_templates.py
[2025-04-18T10:21:43.667+0530] {processor.py:925} INFO - DAG(s) 'tutorial_taskflow_templates' retrieved from /home/prakhar/Desktop/Bootcamp/Python/Airflow-Project/airflowvenv/lib/python3.12/site-packages/airflow/example_dags/tutorial_taskflow_templates.py
[2025-04-18T10:21:43.676+0530] {logging_mixin.py:190} INFO - [2025-04-18T10:21:43.676+0530] {dag.py:3239} INFO - Sync 1 DAGs
[2025-04-18T10:21:43.689+0530] {logging_mixin.py:190} INFO - [2025-04-18T10:21:43.689+0530] {dag.py:4180} INFO - Setting next_dagrun for tutorial_taskflow_templates to 2025-04-17 00:00:00+00:00, run_after=2025-04-18 00:00:00+00:00
[2025-04-18T10:21:43.766+0530] {processor.py:208} INFO - Processing /home/prakhar/Desktop/Bootcamp/Python/Airflow-Project/airflowvenv/lib/python3.12/site-packages/airflow/example_dags/tutorial_taskflow_templates.py took 0.179 seconds
[2025-04-18T10:22:50.916+0530] {processor.py:186} INFO - Started process (PID=22634) to work on /home/prakhar/Desktop/Bootcamp/Python/Airflow-Project/airflowvenv/lib/python3.12/site-packages/airflow/example_dags/tutorial_taskflow_templates.py
[2025-04-18T10:22:50.957+0530] {processor.py:914} INFO - Processing file /home/prakhar/Desktop/Bootcamp/Python/Airflow-Project/airflowvenv/lib/python3.12/site-packages/airflow/example_dags/tutorial_taskflow_templates.py for tasks to queue
[2025-04-18T10:22:50.961+0530] {logging_mixin.py:190} INFO - [2025-04-18T10:22:50.960+0530] {dagbag.py:588} INFO - Filling up the DagBag from /home/prakhar/Desktop/Bootcamp/Python/Airflow-Project/airflowvenv/lib/python3.12/site-packages/airflow/example_dags/tutorial_taskflow_templates.py
[2025-04-18T10:22:50.977+0530] {processor.py:925} INFO - DAG(s) 'tutorial_taskflow_templates' retrieved from /home/prakhar/Desktop/Bootcamp/Python/Airflow-Project/airflowvenv/lib/python3.12/site-packages/airflow/example_dags/tutorial_taskflow_templates.py
[2025-04-18T10:22:50.986+0530] {logging_mixin.py:190} INFO - [2025-04-18T10:22:50.986+0530] {dag.py:3239} INFO - Sync 1 DAGs
[2025-04-18T10:22:50.998+0530] {logging_mixin.py:190} INFO - [2025-04-18T10:22:50.997+0530] {dag.py:4180} INFO - Setting next_dagrun for tutorial_taskflow_templates to 2025-04-17 00:00:00+00:00, run_after=2025-04-18 00:00:00+00:00
[2025-04-18T10:22:51.072+0530] {processor.py:208} INFO - Processing /home/prakhar/Desktop/Bootcamp/Python/Airflow-Project/airflowvenv/lib/python3.12/site-packages/airflow/example_dags/tutorial_taskflow_templates.py took 0.160 seconds
[2025-04-18T10:23:34.007+0530] {processor.py:186} INFO - Started process (PID=22910) to work on /home/prakhar/Desktop/Bootcamp/Python/Airflow-Project/airflowvenv/lib/python3.12/site-packages/airflow/example_dags/tutorial_taskflow_templates.py
[2025-04-18T10:23:34.007+0530] {processor.py:914} INFO - Processing file /home/prakhar/Desktop/Bootcamp/Python/Airflow-Project/airflowvenv/lib/python3.12/site-packages/airflow/example_dags/tutorial_taskflow_templates.py for tasks to queue
[2025-04-18T10:23:34.009+0530] {logging_mixin.py:190} INFO - [2025-04-18T10:23:34.008+0530] {dagbag.py:588} INFO - Filling up the DagBag from /home/prakhar/Desktop/Bootcamp/Python/Airflow-Project/airflowvenv/lib/python3.12/site-packages/airflow/example_dags/tutorial_taskflow_templates.py
[2025-04-18T10:23:34.018+0530] {processor.py:925} INFO - DAG(s) 'tutorial_taskflow_templates' retrieved from /home/prakhar/Desktop/Bootcamp/Python/Airflow-Project/airflowvenv/lib/python3.12/site-packages/airflow/example_dags/tutorial_taskflow_templates.py
[2025-04-18T10:23:34.028+0530] {logging_mixin.py:190} INFO - [2025-04-18T10:23:34.028+0530] {dag.py:3239} INFO - Sync 1 DAGs
[2025-04-18T10:23:34.039+0530] {logging_mixin.py:190} INFO - [2025-04-18T10:23:34.039+0530] {dag.py:4180} INFO - Setting next_dagrun for tutorial_taskflow_templates to 2025-04-17 00:00:00+00:00, run_after=2025-04-18 00:00:00+00:00
[2025-04-18T10:23:34.121+0530] {processor.py:208} INFO - Processing /home/prakhar/Desktop/Bootcamp/Python/Airflow-Project/airflowvenv/lib/python3.12/site-packages/airflow/example_dags/tutorial_taskflow_templates.py took 0.119 seconds
[2025-04-18T10:24:52.762+0530] {processor.py:186} INFO - Started process (PID=23425) to work on /home/prakhar/Desktop/Bootcamp/Python/Airflow-Project/airflowvenv/lib/python3.12/site-packages/airflow/example_dags/tutorial_taskflow_templates.py
[2025-04-18T10:24:52.800+0530] {processor.py:914} INFO - Processing file /home/prakhar/Desktop/Bootcamp/Python/Airflow-Project/airflowvenv/lib/python3.12/site-packages/airflow/example_dags/tutorial_taskflow_templates.py for tasks to queue
[2025-04-18T10:24:52.804+0530] {logging_mixin.py:190} INFO - [2025-04-18T10:24:52.803+0530] {dagbag.py:588} INFO - Filling up the DagBag from /home/prakhar/Desktop/Bootcamp/Python/Airflow-Project/airflowvenv/lib/python3.12/site-packages/airflow/example_dags/tutorial_taskflow_templates.py
[2025-04-18T10:24:52.822+0530] {processor.py:925} INFO - DAG(s) 'tutorial_taskflow_templates' retrieved from /home/prakhar/Desktop/Bootcamp/Python/Airflow-Project/airflowvenv/lib/python3.12/site-packages/airflow/example_dags/tutorial_taskflow_templates.py
[2025-04-18T10:24:52.830+0530] {logging_mixin.py:190} INFO - [2025-04-18T10:24:52.830+0530] {dag.py:3239} INFO - Sync 1 DAGs
[2025-04-18T10:24:52.841+0530] {logging_mixin.py:190} INFO - [2025-04-18T10:24:52.841+0530] {dag.py:4180} INFO - Setting next_dagrun for tutorial_taskflow_templates to 2025-04-17 00:00:00+00:00, run_after=2025-04-18 00:00:00+00:00
[2025-04-18T10:24:52.912+0530] {processor.py:208} INFO - Processing /home/prakhar/Desktop/Bootcamp/Python/Airflow-Project/airflowvenv/lib/python3.12/site-packages/airflow/example_dags/tutorial_taskflow_templates.py took 0.156 seconds
[2025-04-18T10:26:07.258+0530] {processor.py:186} INFO - Started process (PID=23866) to work on /home/prakhar/Desktop/Bootcamp/Python/Airflow-Project/airflowvenv/lib/python3.12/site-packages/airflow/example_dags/tutorial_taskflow_templates.py
[2025-04-18T10:26:07.298+0530] {processor.py:914} INFO - Processing file /home/prakhar/Desktop/Bootcamp/Python/Airflow-Project/airflowvenv/lib/python3.12/site-packages/airflow/example_dags/tutorial_taskflow_templates.py for tasks to queue
[2025-04-18T10:26:07.299+0530] {logging_mixin.py:190} INFO - [2025-04-18T10:26:07.299+0530] {dagbag.py:588} INFO - Filling up the DagBag from /home/prakhar/Desktop/Bootcamp/Python/Airflow-Project/airflowvenv/lib/python3.12/site-packages/airflow/example_dags/tutorial_taskflow_templates.py
[2025-04-18T10:26:07.308+0530] {processor.py:925} INFO - DAG(s) 'tutorial_taskflow_templates' retrieved from /home/prakhar/Desktop/Bootcamp/Python/Airflow-Project/airflowvenv/lib/python3.12/site-packages/airflow/example_dags/tutorial_taskflow_templates.py
[2025-04-18T10:26:07.318+0530] {logging_mixin.py:190} INFO - [2025-04-18T10:26:07.317+0530] {dag.py:3239} INFO - Sync 1 DAGs
[2025-04-18T10:26:07.329+0530] {logging_mixin.py:190} INFO - [2025-04-18T10:26:07.329+0530] {dag.py:4180} INFO - Setting next_dagrun for tutorial_taskflow_templates to 2025-04-17 00:00:00+00:00, run_after=2025-04-18 00:00:00+00:00
[2025-04-18T10:26:07.407+0530] {processor.py:208} INFO - Processing /home/prakhar/Desktop/Bootcamp/Python/Airflow-Project/airflowvenv/lib/python3.12/site-packages/airflow/example_dags/tutorial_taskflow_templates.py took 0.153 seconds
[2025-04-18T10:26:48.730+0530] {processor.py:186} INFO - Started process (PID=24013) to work on /home/prakhar/Desktop/Bootcamp/Python/Airflow-Project/airflowvenv/lib/python3.12/site-packages/airflow/example_dags/tutorial_taskflow_templates.py
[2025-04-18T10:26:48.731+0530] {processor.py:914} INFO - Processing file /home/prakhar/Desktop/Bootcamp/Python/Airflow-Project/airflowvenv/lib/python3.12/site-packages/airflow/example_dags/tutorial_taskflow_templates.py for tasks to queue
[2025-04-18T10:26:48.733+0530] {logging_mixin.py:190} INFO - [2025-04-18T10:26:48.732+0530] {dagbag.py:588} INFO - Filling up the DagBag from /home/prakhar/Desktop/Bootcamp/Python/Airflow-Project/airflowvenv/lib/python3.12/site-packages/airflow/example_dags/tutorial_taskflow_templates.py
[2025-04-18T10:26:48.741+0530] {processor.py:925} INFO - DAG(s) 'tutorial_taskflow_templates' retrieved from /home/prakhar/Desktop/Bootcamp/Python/Airflow-Project/airflowvenv/lib/python3.12/site-packages/airflow/example_dags/tutorial_taskflow_templates.py
[2025-04-18T10:26:48.753+0530] {logging_mixin.py:190} INFO - [2025-04-18T10:26:48.753+0530] {dag.py:3239} INFO - Sync 1 DAGs
[2025-04-18T10:26:48.767+0530] {logging_mixin.py:190} INFO - [2025-04-18T10:26:48.766+0530] {dag.py:4180} INFO - Setting next_dagrun for tutorial_taskflow_templates to 2025-04-17 00:00:00+00:00, run_after=2025-04-18 00:00:00+00:00
[2025-04-18T10:26:48.856+0530] {processor.py:208} INFO - Processing /home/prakhar/Desktop/Bootcamp/Python/Airflow-Project/airflowvenv/lib/python3.12/site-packages/airflow/example_dags/tutorial_taskflow_templates.py took 0.133 seconds
[2025-04-18T10:27:31.683+0530] {processor.py:186} INFO - Started process (PID=24095) to work on /home/prakhar/Desktop/Bootcamp/Python/Airflow-Project/airflowvenv/lib/python3.12/site-packages/airflow/example_dags/tutorial_taskflow_templates.py
[2025-04-18T10:27:31.690+0530] {processor.py:914} INFO - Processing file /home/prakhar/Desktop/Bootcamp/Python/Airflow-Project/airflowvenv/lib/python3.12/site-packages/airflow/example_dags/tutorial_taskflow_templates.py for tasks to queue
[2025-04-18T10:27:31.691+0530] {logging_mixin.py:190} INFO - [2025-04-18T10:27:31.691+0530] {dagbag.py:588} INFO - Filling up the DagBag from /home/prakhar/Desktop/Bootcamp/Python/Airflow-Project/airflowvenv/lib/python3.12/site-packages/airflow/example_dags/tutorial_taskflow_templates.py
[2025-04-18T10:27:31.702+0530] {processor.py:925} INFO - DAG(s) 'tutorial_taskflow_templates' retrieved from /home/prakhar/Desktop/Bootcamp/Python/Airflow-Project/airflowvenv/lib/python3.12/site-packages/airflow/example_dags/tutorial_taskflow_templates.py
[2025-04-18T10:27:31.714+0530] {logging_mixin.py:190} INFO - [2025-04-18T10:27:31.714+0530] {dag.py:3239} INFO - Sync 1 DAGs
[2025-04-18T10:27:31.727+0530] {logging_mixin.py:190} INFO - [2025-04-18T10:27:31.727+0530] {dag.py:4180} INFO - Setting next_dagrun for tutorial_taskflow_templates to 2025-04-17 00:00:00+00:00, run_after=2025-04-18 00:00:00+00:00
[2025-04-18T10:27:31.892+0530] {processor.py:208} INFO - Processing /home/prakhar/Desktop/Bootcamp/Python/Airflow-Project/airflowvenv/lib/python3.12/site-packages/airflow/example_dags/tutorial_taskflow_templates.py took 0.214 seconds
[2025-04-18T10:28:49.990+0530] {processor.py:186} INFO - Started process (PID=24408) to work on /home/prakhar/Desktop/Bootcamp/Python/Airflow-Project/airflowvenv/lib/python3.12/site-packages/airflow/example_dags/tutorial_taskflow_templates.py
[2025-04-18T10:28:50.022+0530] {processor.py:914} INFO - Processing file /home/prakhar/Desktop/Bootcamp/Python/Airflow-Project/airflowvenv/lib/python3.12/site-packages/airflow/example_dags/tutorial_taskflow_templates.py for tasks to queue
[2025-04-18T10:28:50.024+0530] {logging_mixin.py:190} INFO - [2025-04-18T10:28:50.024+0530] {dagbag.py:588} INFO - Filling up the DagBag from /home/prakhar/Desktop/Bootcamp/Python/Airflow-Project/airflowvenv/lib/python3.12/site-packages/airflow/example_dags/tutorial_taskflow_templates.py
[2025-04-18T10:28:50.034+0530] {processor.py:925} INFO - DAG(s) 'tutorial_taskflow_templates' retrieved from /home/prakhar/Desktop/Bootcamp/Python/Airflow-Project/airflowvenv/lib/python3.12/site-packages/airflow/example_dags/tutorial_taskflow_templates.py
[2025-04-18T10:28:50.043+0530] {logging_mixin.py:190} INFO - [2025-04-18T10:28:50.043+0530] {dag.py:3239} INFO - Sync 1 DAGs
[2025-04-18T10:28:50.054+0530] {logging_mixin.py:190} INFO - [2025-04-18T10:28:50.054+0530] {dag.py:4180} INFO - Setting next_dagrun for tutorial_taskflow_templates to 2025-04-17 00:00:00+00:00, run_after=2025-04-18 00:00:00+00:00
[2025-04-18T10:28:50.145+0530] {processor.py:208} INFO - Processing /home/prakhar/Desktop/Bootcamp/Python/Airflow-Project/airflowvenv/lib/python3.12/site-packages/airflow/example_dags/tutorial_taskflow_templates.py took 0.159 seconds
[2025-04-18T10:29:29.925+0530] {processor.py:186} INFO - Started process (PID=24576) to work on /home/prakhar/Desktop/Bootcamp/Python/Airflow-Project/airflowvenv/lib/python3.12/site-packages/airflow/example_dags/tutorial_taskflow_templates.py
[2025-04-18T10:29:29.955+0530] {processor.py:914} INFO - Processing file /home/prakhar/Desktop/Bootcamp/Python/Airflow-Project/airflowvenv/lib/python3.12/site-packages/airflow/example_dags/tutorial_taskflow_templates.py for tasks to queue
[2025-04-18T10:29:29.959+0530] {logging_mixin.py:190} INFO - [2025-04-18T10:29:29.958+0530] {dagbag.py:588} INFO - Filling up the DagBag from /home/prakhar/Desktop/Bootcamp/Python/Airflow-Project/airflowvenv/lib/python3.12/site-packages/airflow/example_dags/tutorial_taskflow_templates.py
[2025-04-18T10:29:29.976+0530] {processor.py:925} INFO - DAG(s) 'tutorial_taskflow_templates' retrieved from /home/prakhar/Desktop/Bootcamp/Python/Airflow-Project/airflowvenv/lib/python3.12/site-packages/airflow/example_dags/tutorial_taskflow_templates.py
[2025-04-18T10:29:29.986+0530] {logging_mixin.py:190} INFO - [2025-04-18T10:29:29.986+0530] {dag.py:3239} INFO - Sync 1 DAGs
[2025-04-18T10:29:29.997+0530] {logging_mixin.py:190} INFO - [2025-04-18T10:29:29.996+0530] {dag.py:4180} INFO - Setting next_dagrun for tutorial_taskflow_templates to 2025-04-17 00:00:00+00:00, run_after=2025-04-18 00:00:00+00:00
[2025-04-18T10:29:30.074+0530] {processor.py:208} INFO - Processing /home/prakhar/Desktop/Bootcamp/Python/Airflow-Project/airflowvenv/lib/python3.12/site-packages/airflow/example_dags/tutorial_taskflow_templates.py took 0.158 seconds
