[2025-04-18T10:17:11.553+0530] {processor.py:186} INFO - Started process (PID=18513) to work on /home/prakhar/Desktop/Bootcamp/Python/Airflow-Project/airflowvenv/lib/python3.12/site-packages/airflow/example_dags/tutorial_dag.py
[2025-04-18T10:17:11.554+0530] {processor.py:914} INFO - Processing file /home/prakhar/Desktop/Bootcamp/Python/Airflow-Project/airflowvenv/lib/python3.12/site-packages/airflow/example_dags/tutorial_dag.py for tasks to queue
[2025-04-18T10:17:11.555+0530] {logging_mixin.py:190} INFO - [2025-04-18T10:17:11.554+0530] {dagbag.py:588} INFO - Filling up the DagBag from /home/prakhar/Desktop/Bootcamp/Python/Airflow-Project/airflowvenv/lib/python3.12/site-packages/airflow/example_dags/tutorial_dag.py
[2025-04-18T10:17:11.563+0530] {processor.py:925} INFO - DAG(s) 'tutorial_dag' retrieved from /home/prakhar/Desktop/Bootcamp/Python/Airflow-Project/airflowvenv/lib/python3.12/site-packages/airflow/example_dags/tutorial_dag.py
[2025-04-18T10:17:11.576+0530] {logging_mixin.py:190} INFO - [2025-04-18T10:17:11.576+0530] {dag.py:3239} INFO - Sync 1 DAGs
[2025-04-18T10:17:11.583+0530] {logging_mixin.py:190} INFO - [2025-04-18T10:17:11.583+0530] {dag.py:4180} INFO - Setting next_dagrun for tutorial_dag to None, run_after=None
[2025-04-18T10:17:11.731+0530] {processor.py:208} INFO - Processing /home/prakhar/Desktop/Bootcamp/Python/Airflow-Project/airflowvenv/lib/python3.12/site-packages/airflow/example_dags/tutorial_dag.py took 0.181 seconds
[2025-04-18T10:18:23.371+0530] {processor.py:186} INFO - Started process (PID=19295) to work on /home/prakhar/Desktop/Bootcamp/Python/Airflow-Project/airflowvenv/lib/python3.12/site-packages/airflow/example_dags/tutorial_dag.py
[2025-04-18T10:18:23.372+0530] {processor.py:914} INFO - Processing file /home/prakhar/Desktop/Bootcamp/Python/Airflow-Project/airflowvenv/lib/python3.12/site-packages/airflow/example_dags/tutorial_dag.py for tasks to queue
[2025-04-18T10:18:23.373+0530] {logging_mixin.py:190} INFO - [2025-04-18T10:18:23.373+0530] {dagbag.py:588} INFO - Filling up the DagBag from /home/prakhar/Desktop/Bootcamp/Python/Airflow-Project/airflowvenv/lib/python3.12/site-packages/airflow/example_dags/tutorial_dag.py
[2025-04-18T10:18:23.378+0530] {processor.py:925} INFO - DAG(s) 'tutorial_dag' retrieved from /home/prakhar/Desktop/Bootcamp/Python/Airflow-Project/airflowvenv/lib/python3.12/site-packages/airflow/example_dags/tutorial_dag.py
[2025-04-18T10:18:23.389+0530] {logging_mixin.py:190} INFO - [2025-04-18T10:18:23.389+0530] {dag.py:3239} INFO - Sync 1 DAGs
[2025-04-18T10:18:23.395+0530] {logging_mixin.py:190} INFO - [2025-04-18T10:18:23.395+0530] {dag.py:4180} INFO - Setting next_dagrun for tutorial_dag to None, run_after=None
[2025-04-18T10:18:23.491+0530] {processor.py:208} INFO - Processing /home/prakhar/Desktop/Bootcamp/Python/Airflow-Project/airflowvenv/lib/python3.12/site-packages/airflow/example_dags/tutorial_dag.py took 0.125 seconds
[2025-04-18T10:19:53.264+0530] {processor.py:186} INFO - Started process (PID=20384) to work on /home/prakhar/Desktop/Bootcamp/Python/Airflow-Project/airflowvenv/lib/python3.12/site-packages/airflow/example_dags/tutorial_dag.py
[2025-04-18T10:19:53.265+0530] {processor.py:914} INFO - Processing file /home/prakhar/Desktop/Bootcamp/Python/Airflow-Project/airflowvenv/lib/python3.12/site-packages/airflow/example_dags/tutorial_dag.py for tasks to queue
[2025-04-18T10:19:53.267+0530] {logging_mixin.py:190} INFO - [2025-04-18T10:19:53.266+0530] {dagbag.py:588} INFO - Filling up the DagBag from /home/prakhar/Desktop/Bootcamp/Python/Airflow-Project/airflowvenv/lib/python3.12/site-packages/airflow/example_dags/tutorial_dag.py
[2025-04-18T10:19:53.274+0530] {processor.py:925} INFO - DAG(s) 'tutorial_dag' retrieved from /home/prakhar/Desktop/Bootcamp/Python/Airflow-Project/airflowvenv/lib/python3.12/site-packages/airflow/example_dags/tutorial_dag.py
[2025-04-18T10:19:53.287+0530] {logging_mixin.py:190} INFO - [2025-04-18T10:19:53.287+0530] {dag.py:3239} INFO - Sync 1 DAGs
[2025-04-18T10:19:53.293+0530] {logging_mixin.py:190} INFO - [2025-04-18T10:19:53.293+0530] {dag.py:4180} INFO - Setting next_dagrun for tutorial_dag to None, run_after=None
[2025-04-18T10:19:53.389+0530] {processor.py:208} INFO - Processing /home/prakhar/Desktop/Bootcamp/Python/Airflow-Project/airflowvenv/lib/python3.12/site-packages/airflow/example_dags/tutorial_dag.py took 0.129 seconds
[2025-04-18T10:21:02.040+0530] {processor.py:186} INFO - Started process (PID=21152) to work on /home/prakhar/Desktop/Bootcamp/Python/Airflow-Project/airflowvenv/lib/python3.12/site-packages/airflow/example_dags/tutorial_dag.py
[2025-04-18T10:21:02.041+0530] {processor.py:914} INFO - Processing file /home/prakhar/Desktop/Bootcamp/Python/Airflow-Project/airflowvenv/lib/python3.12/site-packages/airflow/example_dags/tutorial_dag.py for tasks to queue
[2025-04-18T10:21:02.042+0530] {logging_mixin.py:190} INFO - [2025-04-18T10:21:02.042+0530] {dagbag.py:588} INFO - Filling up the DagBag from /home/prakhar/Desktop/Bootcamp/Python/Airflow-Project/airflowvenv/lib/python3.12/site-packages/airflow/example_dags/tutorial_dag.py
[2025-04-18T10:21:02.048+0530] {processor.py:925} INFO - DAG(s) 'tutorial_dag' retrieved from /home/prakhar/Desktop/Bootcamp/Python/Airflow-Project/airflowvenv/lib/python3.12/site-packages/airflow/example_dags/tutorial_dag.py
[2025-04-18T10:21:02.065+0530] {logging_mixin.py:190} INFO - [2025-04-18T10:21:02.065+0530] {dag.py:3239} INFO - Sync 1 DAGs
[2025-04-18T10:21:02.073+0530] {logging_mixin.py:190} INFO - [2025-04-18T10:21:02.073+0530] {dag.py:4180} INFO - Setting next_dagrun for tutorial_dag to None, run_after=None
[2025-04-18T10:21:02.182+0530] {processor.py:208} INFO - Processing /home/prakhar/Desktop/Bootcamp/Python/Airflow-Project/airflowvenv/lib/python3.12/site-packages/airflow/example_dags/tutorial_dag.py took 0.145 seconds
[2025-04-18T10:21:48.940+0530] {processor.py:186} INFO - Started process (PID=21794) to work on /home/prakhar/Desktop/Bootcamp/Python/Airflow-Project/airflowvenv/lib/python3.12/site-packages/airflow/example_dags/tutorial_dag.py
[2025-04-18T10:21:48.992+0530] {processor.py:914} INFO - Processing file /home/prakhar/Desktop/Bootcamp/Python/Airflow-Project/airflowvenv/lib/python3.12/site-packages/airflow/example_dags/tutorial_dag.py for tasks to queue
[2025-04-18T10:21:48.995+0530] {logging_mixin.py:190} INFO - [2025-04-18T10:21:48.995+0530] {dagbag.py:588} INFO - Filling up the DagBag from /home/prakhar/Desktop/Bootcamp/Python/Airflow-Project/airflowvenv/lib/python3.12/site-packages/airflow/example_dags/tutorial_dag.py
[2025-04-18T10:21:49.009+0530] {processor.py:925} INFO - DAG(s) 'tutorial_dag' retrieved from /home/prakhar/Desktop/Bootcamp/Python/Airflow-Project/airflowvenv/lib/python3.12/site-packages/airflow/example_dags/tutorial_dag.py
[2025-04-18T10:21:49.021+0530] {logging_mixin.py:190} INFO - [2025-04-18T10:21:49.021+0530] {dag.py:3239} INFO - Sync 1 DAGs
[2025-04-18T10:21:49.030+0530] {logging_mixin.py:190} INFO - [2025-04-18T10:21:49.030+0530] {dag.py:4180} INFO - Setting next_dagrun for tutorial_dag to None, run_after=None
[2025-04-18T10:21:49.107+0530] {processor.py:208} INFO - Processing /home/prakhar/Desktop/Bootcamp/Python/Airflow-Project/airflowvenv/lib/python3.12/site-packages/airflow/example_dags/tutorial_dag.py took 0.170 seconds
[2025-04-18T10:22:55.992+0530] {processor.py:186} INFO - Started process (PID=22702) to work on /home/prakhar/Desktop/Bootcamp/Python/Airflow-Project/airflowvenv/lib/python3.12/site-packages/airflow/example_dags/tutorial_dag.py
[2025-04-18T10:22:56.003+0530] {processor.py:914} INFO - Processing file /home/prakhar/Desktop/Bootcamp/Python/Airflow-Project/airflowvenv/lib/python3.12/site-packages/airflow/example_dags/tutorial_dag.py for tasks to queue
[2025-04-18T10:22:56.004+0530] {logging_mixin.py:190} INFO - [2025-04-18T10:22:56.004+0530] {dagbag.py:588} INFO - Filling up the DagBag from /home/prakhar/Desktop/Bootcamp/Python/Airflow-Project/airflowvenv/lib/python3.12/site-packages/airflow/example_dags/tutorial_dag.py
[2025-04-18T10:22:56.009+0530] {processor.py:925} INFO - DAG(s) 'tutorial_dag' retrieved from /home/prakhar/Desktop/Bootcamp/Python/Airflow-Project/airflowvenv/lib/python3.12/site-packages/airflow/example_dags/tutorial_dag.py
[2025-04-18T10:22:56.018+0530] {logging_mixin.py:190} INFO - [2025-04-18T10:22:56.018+0530] {dag.py:3239} INFO - Sync 1 DAGs
[2025-04-18T10:22:56.025+0530] {logging_mixin.py:190} INFO - [2025-04-18T10:22:56.025+0530] {dag.py:4180} INFO - Setting next_dagrun for tutorial_dag to None, run_after=None
[2025-04-18T10:22:56.315+0530] {processor.py:208} INFO - Processing /home/prakhar/Desktop/Bootcamp/Python/Airflow-Project/airflowvenv/lib/python3.12/site-packages/airflow/example_dags/tutorial_dag.py took 0.327 seconds
[2025-04-18T10:24:13.815+0530] {processor.py:186} INFO - Started process (PID=23234) to work on /home/prakhar/Desktop/Bootcamp/Python/Airflow-Project/airflowvenv/lib/python3.12/site-packages/airflow/example_dags/tutorial_dag.py
[2025-04-18T10:24:13.815+0530] {processor.py:914} INFO - Processing file /home/prakhar/Desktop/Bootcamp/Python/Airflow-Project/airflowvenv/lib/python3.12/site-packages/airflow/example_dags/tutorial_dag.py for tasks to queue
[2025-04-18T10:24:13.816+0530] {logging_mixin.py:190} INFO - [2025-04-18T10:24:13.816+0530] {dagbag.py:588} INFO - Filling up the DagBag from /home/prakhar/Desktop/Bootcamp/Python/Airflow-Project/airflowvenv/lib/python3.12/site-packages/airflow/example_dags/tutorial_dag.py
[2025-04-18T10:24:13.822+0530] {processor.py:925} INFO - DAG(s) 'tutorial_dag' retrieved from /home/prakhar/Desktop/Bootcamp/Python/Airflow-Project/airflowvenv/lib/python3.12/site-packages/airflow/example_dags/tutorial_dag.py
[2025-04-18T10:24:13.833+0530] {logging_mixin.py:190} INFO - [2025-04-18T10:24:13.833+0530] {dag.py:3239} INFO - Sync 1 DAGs
[2025-04-18T10:24:13.842+0530] {logging_mixin.py:190} INFO - [2025-04-18T10:24:13.842+0530] {dag.py:4180} INFO - Setting next_dagrun for tutorial_dag to None, run_after=None
[2025-04-18T10:24:13.934+0530] {processor.py:208} INFO - Processing /home/prakhar/Desktop/Bootcamp/Python/Airflow-Project/airflowvenv/lib/python3.12/site-packages/airflow/example_dags/tutorial_dag.py took 0.125 seconds
[2025-04-18T10:25:31.547+0530] {processor.py:186} INFO - Started process (PID=23592) to work on /home/prakhar/Desktop/Bootcamp/Python/Airflow-Project/airflowvenv/lib/python3.12/site-packages/airflow/example_dags/tutorial_dag.py
[2025-04-18T10:25:31.549+0530] {processor.py:914} INFO - Processing file /home/prakhar/Desktop/Bootcamp/Python/Airflow-Project/airflowvenv/lib/python3.12/site-packages/airflow/example_dags/tutorial_dag.py for tasks to queue
[2025-04-18T10:25:31.551+0530] {logging_mixin.py:190} INFO - [2025-04-18T10:25:31.551+0530] {dagbag.py:588} INFO - Filling up the DagBag from /home/prakhar/Desktop/Bootcamp/Python/Airflow-Project/airflowvenv/lib/python3.12/site-packages/airflow/example_dags/tutorial_dag.py
[2025-04-18T10:25:31.558+0530] {processor.py:925} INFO - DAG(s) 'tutorial_dag' retrieved from /home/prakhar/Desktop/Bootcamp/Python/Airflow-Project/airflowvenv/lib/python3.12/site-packages/airflow/example_dags/tutorial_dag.py
[2025-04-18T10:25:31.566+0530] {logging_mixin.py:190} INFO - [2025-04-18T10:25:31.566+0530] {dag.py:3239} INFO - Sync 1 DAGs
[2025-04-18T10:25:31.573+0530] {logging_mixin.py:190} INFO - [2025-04-18T10:25:31.572+0530] {dag.py:4180} INFO - Setting next_dagrun for tutorial_dag to None, run_after=None
[2025-04-18T10:25:31.680+0530] {processor.py:208} INFO - Processing /home/prakhar/Desktop/Bootcamp/Python/Airflow-Project/airflowvenv/lib/python3.12/site-packages/airflow/example_dags/tutorial_dag.py took 0.137 seconds
[2025-04-18T10:26:50.469+0530] {processor.py:186} INFO - Started process (PID=24015) to work on /home/prakhar/Desktop/Bootcamp/Python/Airflow-Project/airflowvenv/lib/python3.12/site-packages/airflow/example_dags/tutorial_dag.py
[2025-04-18T10:26:50.503+0530] {processor.py:914} INFO - Processing file /home/prakhar/Desktop/Bootcamp/Python/Airflow-Project/airflowvenv/lib/python3.12/site-packages/airflow/example_dags/tutorial_dag.py for tasks to queue
[2025-04-18T10:26:50.507+0530] {logging_mixin.py:190} INFO - [2025-04-18T10:26:50.506+0530] {dagbag.py:588} INFO - Filling up the DagBag from /home/prakhar/Desktop/Bootcamp/Python/Airflow-Project/airflowvenv/lib/python3.12/site-packages/airflow/example_dags/tutorial_dag.py
[2025-04-18T10:26:50.517+0530] {processor.py:925} INFO - DAG(s) 'tutorial_dag' retrieved from /home/prakhar/Desktop/Bootcamp/Python/Airflow-Project/airflowvenv/lib/python3.12/site-packages/airflow/example_dags/tutorial_dag.py
[2025-04-18T10:26:50.529+0530] {logging_mixin.py:190} INFO - [2025-04-18T10:26:50.529+0530] {dag.py:3239} INFO - Sync 1 DAGs
[2025-04-18T10:26:50.538+0530] {logging_mixin.py:190} INFO - [2025-04-18T10:26:50.538+0530] {dag.py:4180} INFO - Setting next_dagrun for tutorial_dag to None, run_after=None
[2025-04-18T10:26:50.617+0530] {processor.py:208} INFO - Processing /home/prakhar/Desktop/Bootcamp/Python/Airflow-Project/airflowvenv/lib/python3.12/site-packages/airflow/example_dags/tutorial_dag.py took 0.153 seconds
[2025-04-18T10:28:10.171+0530] {processor.py:186} INFO - Started process (PID=24220) to work on /home/prakhar/Desktop/Bootcamp/Python/Airflow-Project/airflowvenv/lib/python3.12/site-packages/airflow/example_dags/tutorial_dag.py
[2025-04-18T10:28:10.202+0530] {processor.py:914} INFO - Processing file /home/prakhar/Desktop/Bootcamp/Python/Airflow-Project/airflowvenv/lib/python3.12/site-packages/airflow/example_dags/tutorial_dag.py for tasks to queue
[2025-04-18T10:28:10.204+0530] {logging_mixin.py:190} INFO - [2025-04-18T10:28:10.204+0530] {dagbag.py:588} INFO - Filling up the DagBag from /home/prakhar/Desktop/Bootcamp/Python/Airflow-Project/airflowvenv/lib/python3.12/site-packages/airflow/example_dags/tutorial_dag.py
[2025-04-18T10:28:10.211+0530] {processor.py:925} INFO - DAG(s) 'tutorial_dag' retrieved from /home/prakhar/Desktop/Bootcamp/Python/Airflow-Project/airflowvenv/lib/python3.12/site-packages/airflow/example_dags/tutorial_dag.py
[2025-04-18T10:28:10.222+0530] {logging_mixin.py:190} INFO - [2025-04-18T10:28:10.222+0530] {dag.py:3239} INFO - Sync 1 DAGs
[2025-04-18T10:28:10.231+0530] {logging_mixin.py:190} INFO - [2025-04-18T10:28:10.230+0530] {dag.py:4180} INFO - Setting next_dagrun for tutorial_dag to None, run_after=None
[2025-04-18T10:28:10.297+0530] {processor.py:208} INFO - Processing /home/prakhar/Desktop/Bootcamp/Python/Airflow-Project/airflowvenv/lib/python3.12/site-packages/airflow/example_dags/tutorial_dag.py took 0.133 seconds
[2025-04-18T10:29:31.231+0530] {processor.py:186} INFO - Started process (PID=24577) to work on /home/prakhar/Desktop/Bootcamp/Python/Airflow-Project/airflowvenv/lib/python3.12/site-packages/airflow/example_dags/tutorial_dag.py
[2025-04-18T10:29:31.263+0530] {processor.py:914} INFO - Processing file /home/prakhar/Desktop/Bootcamp/Python/Airflow-Project/airflowvenv/lib/python3.12/site-packages/airflow/example_dags/tutorial_dag.py for tasks to queue
[2025-04-18T10:29:31.266+0530] {logging_mixin.py:190} INFO - [2025-04-18T10:29:31.265+0530] {dagbag.py:588} INFO - Filling up the DagBag from /home/prakhar/Desktop/Bootcamp/Python/Airflow-Project/airflowvenv/lib/python3.12/site-packages/airflow/example_dags/tutorial_dag.py
[2025-04-18T10:29:31.278+0530] {processor.py:925} INFO - DAG(s) 'tutorial_dag' retrieved from /home/prakhar/Desktop/Bootcamp/Python/Airflow-Project/airflowvenv/lib/python3.12/site-packages/airflow/example_dags/tutorial_dag.py
[2025-04-18T10:29:31.288+0530] {logging_mixin.py:190} INFO - [2025-04-18T10:29:31.288+0530] {dag.py:3239} INFO - Sync 1 DAGs
[2025-04-18T10:29:31.294+0530] {logging_mixin.py:190} INFO - [2025-04-18T10:29:31.294+0530] {dag.py:4180} INFO - Setting next_dagrun for tutorial_dag to None, run_after=None
[2025-04-18T10:29:31.377+0530] {processor.py:208} INFO - Processing /home/prakhar/Desktop/Bootcamp/Python/Airflow-Project/airflowvenv/lib/python3.12/site-packages/airflow/example_dags/tutorial_dag.py took 0.150 seconds
