[2025-04-18T10:17:08.083+0530] {processor.py:186} INFO - Started process (PID=18479) to work on /home/prakhar/Desktop/Bootcamp/Python/Airflow-Project/airflowvenv/lib/python3.12/site-packages/airflow/example_dags/tutorial_taskflow_api.py
[2025-04-18T10:17:08.084+0530] {processor.py:914} INFO - Processing file /home/prakhar/Desktop/Bootcamp/Python/Airflow-Project/airflowvenv/lib/python3.12/site-packages/airflow/example_dags/tutorial_taskflow_api.py for tasks to queue
[2025-04-18T10:17:08.085+0530] {logging_mixin.py:190} INFO - [2025-04-18T10:17:08.085+0530] {dagbag.py:588} INFO - Filling up the DagBag from /home/prakhar/Desktop/Bootcamp/Python/Airflow-Project/airflowvenv/lib/python3.12/site-packages/airflow/example_dags/tutorial_taskflow_api.py
[2025-04-18T10:17:08.091+0530] {processor.py:925} INFO - DAG(s) 'tutorial_taskflow_api' retrieved from /home/prakhar/Desktop/Bootcamp/Python/Airflow-Project/airflowvenv/lib/python3.12/site-packages/airflow/example_dags/tutorial_taskflow_api.py
[2025-04-18T10:17:08.109+0530] {logging_mixin.py:190} INFO - [2025-04-18T10:17:08.108+0530] {dag.py:3239} INFO - Sync 1 DAGs
[2025-04-18T10:17:08.117+0530] {logging_mixin.py:190} INFO - [2025-04-18T10:17:08.116+0530] {dag.py:4180} INFO - Setting next_dagrun for tutorial_taskflow_api to None, run_after=None
[2025-04-18T10:17:08.241+0530] {processor.py:208} INFO - Processing /home/prakhar/Desktop/Bootcamp/Python/Airflow-Project/airflowvenv/lib/python3.12/site-packages/airflow/example_dags/tutorial_taskflow_api.py took 0.163 seconds
[2025-04-18T10:18:20.009+0530] {processor.py:186} INFO - Started process (PID=19252) to work on /home/prakhar/Desktop/Bootcamp/Python/Airflow-Project/airflowvenv/lib/python3.12/site-packages/airflow/example_dags/tutorial_taskflow_api.py
[2025-04-18T10:18:20.039+0530] {processor.py:914} INFO - Processing file /home/prakhar/Desktop/Bootcamp/Python/Airflow-Project/airflowvenv/lib/python3.12/site-packages/airflow/example_dags/tutorial_taskflow_api.py for tasks to queue
[2025-04-18T10:18:20.041+0530] {logging_mixin.py:190} INFO - [2025-04-18T10:18:20.041+0530] {dagbag.py:588} INFO - Filling up the DagBag from /home/prakhar/Desktop/Bootcamp/Python/Airflow-Project/airflowvenv/lib/python3.12/site-packages/airflow/example_dags/tutorial_taskflow_api.py
[2025-04-18T10:18:20.052+0530] {processor.py:925} INFO - DAG(s) 'tutorial_taskflow_api' retrieved from /home/prakhar/Desktop/Bootcamp/Python/Airflow-Project/airflowvenv/lib/python3.12/site-packages/airflow/example_dags/tutorial_taskflow_api.py
[2025-04-18T10:18:20.062+0530] {logging_mixin.py:190} INFO - [2025-04-18T10:18:20.061+0530] {dag.py:3239} INFO - Sync 1 DAGs
[2025-04-18T10:18:20.069+0530] {logging_mixin.py:190} INFO - [2025-04-18T10:18:20.068+0530] {dag.py:4180} INFO - Setting next_dagrun for tutorial_taskflow_api to None, run_after=None
[2025-04-18T10:18:20.146+0530] {processor.py:208} INFO - Processing /home/prakhar/Desktop/Bootcamp/Python/Airflow-Project/airflowvenv/lib/python3.12/site-packages/airflow/example_dags/tutorial_taskflow_api.py took 0.139 seconds
[2025-04-18T10:19:50.260+0530] {processor.py:186} INFO - Started process (PID=20345) to work on /home/prakhar/Desktop/Bootcamp/Python/Airflow-Project/airflowvenv/lib/python3.12/site-packages/airflow/example_dags/tutorial_taskflow_api.py
[2025-04-18T10:19:50.293+0530] {processor.py:914} INFO - Processing file /home/prakhar/Desktop/Bootcamp/Python/Airflow-Project/airflowvenv/lib/python3.12/site-packages/airflow/example_dags/tutorial_taskflow_api.py for tasks to queue
[2025-04-18T10:19:50.294+0530] {logging_mixin.py:190} INFO - [2025-04-18T10:19:50.294+0530] {dagbag.py:588} INFO - Filling up the DagBag from /home/prakhar/Desktop/Bootcamp/Python/Airflow-Project/airflowvenv/lib/python3.12/site-packages/airflow/example_dags/tutorial_taskflow_api.py
[2025-04-18T10:19:50.300+0530] {processor.py:925} INFO - DAG(s) 'tutorial_taskflow_api' retrieved from /home/prakhar/Desktop/Bootcamp/Python/Airflow-Project/airflowvenv/lib/python3.12/site-packages/airflow/example_dags/tutorial_taskflow_api.py
[2025-04-18T10:19:50.316+0530] {logging_mixin.py:190} INFO - [2025-04-18T10:19:50.316+0530] {dag.py:3239} INFO - Sync 1 DAGs
[2025-04-18T10:19:50.323+0530] {logging_mixin.py:190} INFO - [2025-04-18T10:19:50.323+0530] {dag.py:4180} INFO - Setting next_dagrun for tutorial_taskflow_api to None, run_after=None
[2025-04-18T10:19:50.390+0530] {processor.py:208} INFO - Processing /home/prakhar/Desktop/Bootcamp/Python/Airflow-Project/airflowvenv/lib/python3.12/site-packages/airflow/example_dags/tutorial_taskflow_api.py took 0.132 seconds
[2025-04-18T10:20:59.162+0530] {processor.py:186} INFO - Started process (PID=21086) to work on /home/prakhar/Desktop/Bootcamp/Python/Airflow-Project/airflowvenv/lib/python3.12/site-packages/airflow/example_dags/tutorial_taskflow_api.py
[2025-04-18T10:20:59.169+0530] {processor.py:914} INFO - Processing file /home/prakhar/Desktop/Bootcamp/Python/Airflow-Project/airflowvenv/lib/python3.12/site-packages/airflow/example_dags/tutorial_taskflow_api.py for tasks to queue
[2025-04-18T10:20:59.171+0530] {logging_mixin.py:190} INFO - [2025-04-18T10:20:59.171+0530] {dagbag.py:588} INFO - Filling up the DagBag from /home/prakhar/Desktop/Bootcamp/Python/Airflow-Project/airflowvenv/lib/python3.12/site-packages/airflow/example_dags/tutorial_taskflow_api.py
[2025-04-18T10:20:59.177+0530] {processor.py:925} INFO - DAG(s) 'tutorial_taskflow_api' retrieved from /home/prakhar/Desktop/Bootcamp/Python/Airflow-Project/airflowvenv/lib/python3.12/site-packages/airflow/example_dags/tutorial_taskflow_api.py
[2025-04-18T10:20:59.188+0530] {logging_mixin.py:190} INFO - [2025-04-18T10:20:59.188+0530] {dag.py:3239} INFO - Sync 1 DAGs
[2025-04-18T10:20:59.197+0530] {logging_mixin.py:190} INFO - [2025-04-18T10:20:59.196+0530] {dag.py:4180} INFO - Setting next_dagrun for tutorial_taskflow_api to None, run_after=None
[2025-04-18T10:20:59.270+0530] {processor.py:208} INFO - Processing /home/prakhar/Desktop/Bootcamp/Python/Airflow-Project/airflowvenv/lib/python3.12/site-packages/airflow/example_dags/tutorial_taskflow_api.py took 0.112 seconds
[2025-04-18T10:21:44.889+0530] {processor.py:186} INFO - Started process (PID=21727) to work on /home/prakhar/Desktop/Bootcamp/Python/Airflow-Project/airflowvenv/lib/python3.12/site-packages/airflow/example_dags/tutorial_taskflow_api.py
[2025-04-18T10:21:44.980+0530] {processor.py:914} INFO - Processing file /home/prakhar/Desktop/Bootcamp/Python/Airflow-Project/airflowvenv/lib/python3.12/site-packages/airflow/example_dags/tutorial_taskflow_api.py for tasks to queue
[2025-04-18T10:21:44.981+0530] {logging_mixin.py:190} INFO - [2025-04-18T10:21:44.981+0530] {dagbag.py:588} INFO - Filling up the DagBag from /home/prakhar/Desktop/Bootcamp/Python/Airflow-Project/airflowvenv/lib/python3.12/site-packages/airflow/example_dags/tutorial_taskflow_api.py
[2025-04-18T10:21:44.989+0530] {processor.py:925} INFO - DAG(s) 'tutorial_taskflow_api' retrieved from /home/prakhar/Desktop/Bootcamp/Python/Airflow-Project/airflowvenv/lib/python3.12/site-packages/airflow/example_dags/tutorial_taskflow_api.py
[2025-04-18T10:21:45.000+0530] {logging_mixin.py:190} INFO - [2025-04-18T10:21:45.000+0530] {dag.py:3239} INFO - Sync 1 DAGs
[2025-04-18T10:21:45.006+0530] {logging_mixin.py:190} INFO - [2025-04-18T10:21:45.006+0530] {dag.py:4180} INFO - Setting next_dagrun for tutorial_taskflow_api to None, run_after=None
[2025-04-18T10:21:45.080+0530] {processor.py:208} INFO - Processing /home/prakhar/Desktop/Bootcamp/Python/Airflow-Project/airflowvenv/lib/python3.12/site-packages/airflow/example_dags/tutorial_taskflow_api.py took 0.194 seconds
[2025-04-18T10:22:52.060+0530] {processor.py:186} INFO - Started process (PID=22635) to work on /home/prakhar/Desktop/Bootcamp/Python/Airflow-Project/airflowvenv/lib/python3.12/site-packages/airflow/example_dags/tutorial_taskflow_api.py
[2025-04-18T10:22:52.069+0530] {processor.py:914} INFO - Processing file /home/prakhar/Desktop/Bootcamp/Python/Airflow-Project/airflowvenv/lib/python3.12/site-packages/airflow/example_dags/tutorial_taskflow_api.py for tasks to queue
[2025-04-18T10:22:52.071+0530] {logging_mixin.py:190} INFO - [2025-04-18T10:22:52.071+0530] {dagbag.py:588} INFO - Filling up the DagBag from /home/prakhar/Desktop/Bootcamp/Python/Airflow-Project/airflowvenv/lib/python3.12/site-packages/airflow/example_dags/tutorial_taskflow_api.py
[2025-04-18T10:22:52.078+0530] {processor.py:925} INFO - DAG(s) 'tutorial_taskflow_api' retrieved from /home/prakhar/Desktop/Bootcamp/Python/Airflow-Project/airflowvenv/lib/python3.12/site-packages/airflow/example_dags/tutorial_taskflow_api.py
[2025-04-18T10:22:52.087+0530] {logging_mixin.py:190} INFO - [2025-04-18T10:22:52.087+0530] {dag.py:3239} INFO - Sync 1 DAGs
[2025-04-18T10:22:52.093+0530] {logging_mixin.py:190} INFO - [2025-04-18T10:22:52.093+0530] {dag.py:4180} INFO - Setting next_dagrun for tutorial_taskflow_api to None, run_after=None
[2025-04-18T10:22:52.178+0530] {processor.py:208} INFO - Processing /home/prakhar/Desktop/Bootcamp/Python/Airflow-Project/airflowvenv/lib/python3.12/site-packages/airflow/example_dags/tutorial_taskflow_api.py took 0.122 seconds
[2025-04-18T10:23:35.338+0530] {processor.py:186} INFO - Started process (PID=22915) to work on /home/prakhar/Desktop/Bootcamp/Python/Airflow-Project/airflowvenv/lib/python3.12/site-packages/airflow/example_dags/tutorial_taskflow_api.py
[2025-04-18T10:23:35.339+0530] {processor.py:914} INFO - Processing file /home/prakhar/Desktop/Bootcamp/Python/Airflow-Project/airflowvenv/lib/python3.12/site-packages/airflow/example_dags/tutorial_taskflow_api.py for tasks to queue
[2025-04-18T10:23:35.340+0530] {logging_mixin.py:190} INFO - [2025-04-18T10:23:35.340+0530] {dagbag.py:588} INFO - Filling up the DagBag from /home/prakhar/Desktop/Bootcamp/Python/Airflow-Project/airflowvenv/lib/python3.12/site-packages/airflow/example_dags/tutorial_taskflow_api.py
[2025-04-18T10:23:35.345+0530] {processor.py:925} INFO - DAG(s) 'tutorial_taskflow_api' retrieved from /home/prakhar/Desktop/Bootcamp/Python/Airflow-Project/airflowvenv/lib/python3.12/site-packages/airflow/example_dags/tutorial_taskflow_api.py
[2025-04-18T10:23:35.354+0530] {logging_mixin.py:190} INFO - [2025-04-18T10:23:35.354+0530] {dag.py:3239} INFO - Sync 1 DAGs
[2025-04-18T10:23:35.360+0530] {logging_mixin.py:190} INFO - [2025-04-18T10:23:35.360+0530] {dag.py:4180} INFO - Setting next_dagrun for tutorial_taskflow_api to None, run_after=None
[2025-04-18T10:23:35.473+0530] {processor.py:208} INFO - Processing /home/prakhar/Desktop/Bootcamp/Python/Airflow-Project/airflowvenv/lib/python3.12/site-packages/airflow/example_dags/tutorial_taskflow_api.py took 0.139 seconds
[2025-04-18T10:24:53.457+0530] {processor.py:186} INFO - Started process (PID=23427) to work on /home/prakhar/Desktop/Bootcamp/Python/Airflow-Project/airflowvenv/lib/python3.12/site-packages/airflow/example_dags/tutorial_taskflow_api.py
[2025-04-18T10:24:53.489+0530] {processor.py:914} INFO - Processing file /home/prakhar/Desktop/Bootcamp/Python/Airflow-Project/airflowvenv/lib/python3.12/site-packages/airflow/example_dags/tutorial_taskflow_api.py for tasks to queue
[2025-04-18T10:24:53.492+0530] {logging_mixin.py:190} INFO - [2025-04-18T10:24:53.492+0530] {dagbag.py:588} INFO - Filling up the DagBag from /home/prakhar/Desktop/Bootcamp/Python/Airflow-Project/airflowvenv/lib/python3.12/site-packages/airflow/example_dags/tutorial_taskflow_api.py
[2025-04-18T10:24:53.505+0530] {processor.py:925} INFO - DAG(s) 'tutorial_taskflow_api' retrieved from /home/prakhar/Desktop/Bootcamp/Python/Airflow-Project/airflowvenv/lib/python3.12/site-packages/airflow/example_dags/tutorial_taskflow_api.py
[2025-04-18T10:24:53.515+0530] {logging_mixin.py:190} INFO - [2025-04-18T10:24:53.515+0530] {dag.py:3239} INFO - Sync 1 DAGs
[2025-04-18T10:24:53.521+0530] {logging_mixin.py:190} INFO - [2025-04-18T10:24:53.521+0530] {dag.py:4180} INFO - Setting next_dagrun for tutorial_taskflow_api to None, run_after=None
[2025-04-18T10:24:53.589+0530] {processor.py:208} INFO - Processing /home/prakhar/Desktop/Bootcamp/Python/Airflow-Project/airflowvenv/lib/python3.12/site-packages/airflow/example_dags/tutorial_taskflow_api.py took 0.139 seconds
[2025-04-18T10:26:08.572+0530] {processor.py:186} INFO - Started process (PID=23868) to work on /home/prakhar/Desktop/Bootcamp/Python/Airflow-Project/airflowvenv/lib/python3.12/site-packages/airflow/example_dags/tutorial_taskflow_api.py
[2025-04-18T10:26:08.609+0530] {processor.py:914} INFO - Processing file /home/prakhar/Desktop/Bootcamp/Python/Airflow-Project/airflowvenv/lib/python3.12/site-packages/airflow/example_dags/tutorial_taskflow_api.py for tasks to queue
[2025-04-18T10:26:08.613+0530] {logging_mixin.py:190} INFO - [2025-04-18T10:26:08.612+0530] {dagbag.py:588} INFO - Filling up the DagBag from /home/prakhar/Desktop/Bootcamp/Python/Airflow-Project/airflowvenv/lib/python3.12/site-packages/airflow/example_dags/tutorial_taskflow_api.py
[2025-04-18T10:26:08.625+0530] {processor.py:925} INFO - DAG(s) 'tutorial_taskflow_api' retrieved from /home/prakhar/Desktop/Bootcamp/Python/Airflow-Project/airflowvenv/lib/python3.12/site-packages/airflow/example_dags/tutorial_taskflow_api.py
[2025-04-18T10:26:08.635+0530] {logging_mixin.py:190} INFO - [2025-04-18T10:26:08.635+0530] {dag.py:3239} INFO - Sync 1 DAGs
[2025-04-18T10:26:08.642+0530] {logging_mixin.py:190} INFO - [2025-04-18T10:26:08.642+0530] {dag.py:4180} INFO - Setting next_dagrun for tutorial_taskflow_api to None, run_after=None
[2025-04-18T10:26:08.728+0530] {processor.py:208} INFO - Processing /home/prakhar/Desktop/Bootcamp/Python/Airflow-Project/airflowvenv/lib/python3.12/site-packages/airflow/example_dags/tutorial_taskflow_api.py took 0.160 seconds
[2025-04-18T10:27:33.233+0530] {processor.py:186} INFO - Started process (PID=24096) to work on /home/prakhar/Desktop/Bootcamp/Python/Airflow-Project/airflowvenv/lib/python3.12/site-packages/airflow/example_dags/tutorial_taskflow_api.py
[2025-04-18T10:27:33.270+0530] {processor.py:914} INFO - Processing file /home/prakhar/Desktop/Bootcamp/Python/Airflow-Project/airflowvenv/lib/python3.12/site-packages/airflow/example_dags/tutorial_taskflow_api.py for tasks to queue
[2025-04-18T10:27:33.273+0530] {logging_mixin.py:190} INFO - [2025-04-18T10:27:33.272+0530] {dagbag.py:588} INFO - Filling up the DagBag from /home/prakhar/Desktop/Bootcamp/Python/Airflow-Project/airflowvenv/lib/python3.12/site-packages/airflow/example_dags/tutorial_taskflow_api.py
[2025-04-18T10:27:33.280+0530] {processor.py:925} INFO - DAG(s) 'tutorial_taskflow_api' retrieved from /home/prakhar/Desktop/Bootcamp/Python/Airflow-Project/airflowvenv/lib/python3.12/site-packages/airflow/example_dags/tutorial_taskflow_api.py
[2025-04-18T10:27:33.290+0530] {logging_mixin.py:190} INFO - [2025-04-18T10:27:33.290+0530] {dag.py:3239} INFO - Sync 1 DAGs
[2025-04-18T10:27:33.297+0530] {logging_mixin.py:190} INFO - [2025-04-18T10:27:33.297+0530] {dag.py:4180} INFO - Setting next_dagrun for tutorial_taskflow_api to None, run_after=None
[2025-04-18T10:27:33.365+0530] {processor.py:208} INFO - Processing /home/prakhar/Desktop/Bootcamp/Python/Airflow-Project/airflowvenv/lib/python3.12/site-packages/airflow/example_dags/tutorial_taskflow_api.py took 0.136 seconds
[2025-04-18T10:28:51.266+0530] {processor.py:186} INFO - Started process (PID=24409) to work on /home/prakhar/Desktop/Bootcamp/Python/Airflow-Project/airflowvenv/lib/python3.12/site-packages/airflow/example_dags/tutorial_taskflow_api.py
[2025-04-18T10:28:51.300+0530] {processor.py:914} INFO - Processing file /home/prakhar/Desktop/Bootcamp/Python/Airflow-Project/airflowvenv/lib/python3.12/site-packages/airflow/example_dags/tutorial_taskflow_api.py for tasks to queue
[2025-04-18T10:28:51.303+0530] {logging_mixin.py:190} INFO - [2025-04-18T10:28:51.303+0530] {dagbag.py:588} INFO - Filling up the DagBag from /home/prakhar/Desktop/Bootcamp/Python/Airflow-Project/airflowvenv/lib/python3.12/site-packages/airflow/example_dags/tutorial_taskflow_api.py
[2025-04-18T10:28:51.318+0530] {processor.py:925} INFO - DAG(s) 'tutorial_taskflow_api' retrieved from /home/prakhar/Desktop/Bootcamp/Python/Airflow-Project/airflowvenv/lib/python3.12/site-packages/airflow/example_dags/tutorial_taskflow_api.py
[2025-04-18T10:28:51.328+0530] {logging_mixin.py:190} INFO - [2025-04-18T10:28:51.327+0530] {dag.py:3239} INFO - Sync 1 DAGs
[2025-04-18T10:28:51.334+0530] {logging_mixin.py:190} INFO - [2025-04-18T10:28:51.333+0530] {dag.py:4180} INFO - Setting next_dagrun for tutorial_taskflow_api to None, run_after=None
[2025-04-18T10:28:51.415+0530] {processor.py:208} INFO - Processing /home/prakhar/Desktop/Bootcamp/Python/Airflow-Project/airflowvenv/lib/python3.12/site-packages/airflow/example_dags/tutorial_taskflow_api.py took 0.153 seconds
[2025-04-18T10:30:08.810+0530] {processor.py:186} INFO - Started process (PID=24817) to work on /home/prakhar/Desktop/Bootcamp/Python/Airflow-Project/airflowvenv/lib/python3.12/site-packages/airflow/example_dags/tutorial_taskflow_api.py
[2025-04-18T10:30:08.845+0530] {processor.py:914} INFO - Processing file /home/prakhar/Desktop/Bootcamp/Python/Airflow-Project/airflowvenv/lib/python3.12/site-packages/airflow/example_dags/tutorial_taskflow_api.py for tasks to queue
[2025-04-18T10:30:08.847+0530] {logging_mixin.py:190} INFO - [2025-04-18T10:30:08.846+0530] {dagbag.py:588} INFO - Filling up the DagBag from /home/prakhar/Desktop/Bootcamp/Python/Airflow-Project/airflowvenv/lib/python3.12/site-packages/airflow/example_dags/tutorial_taskflow_api.py
[2025-04-18T10:30:08.854+0530] {processor.py:925} INFO - DAG(s) 'tutorial_taskflow_api' retrieved from /home/prakhar/Desktop/Bootcamp/Python/Airflow-Project/airflowvenv/lib/python3.12/site-packages/airflow/example_dags/tutorial_taskflow_api.py
[2025-04-18T10:30:08.862+0530] {logging_mixin.py:190} INFO - [2025-04-18T10:30:08.862+0530] {dag.py:3239} INFO - Sync 1 DAGs
[2025-04-18T10:30:08.869+0530] {logging_mixin.py:190} INFO - [2025-04-18T10:30:08.869+0530] {dag.py:4180} INFO - Setting next_dagrun for tutorial_taskflow_api to None, run_after=None
[2025-04-18T10:30:08.964+0530] {processor.py:208} INFO - Processing /home/prakhar/Desktop/Bootcamp/Python/Airflow-Project/airflowvenv/lib/python3.12/site-packages/airflow/example_dags/tutorial_taskflow_api.py took 0.158 seconds
