Request: GET / from 127.0.0.1
Request: GET / from 127.0.0.1
Request: GET /login/ from 127.0.0.1
Request: POST /login/ from 127.0.0.1
Request: GET /customer/view/ from 127.0.0.1
Request: GET /customer/place_order/ from epic
Request: GET /logout from epic
Request: GET / from AnonymousUser
Request: GET / from AnonymousUser
Request: GET /login/ from AnonymousUser
Request: POST /login/ from AnonymousUser
Request: GET /customer/view/ from epic
Request: GET / from epic
Request: GET / from epic
Request: GET /logout from epic
Request: GET / from AnonymousUser
Request: GET / from AnonymousUser
Request: GET /login/ from AnonymousUser
Request: POST /login/ from AnonymousUser
Request: GET / from prakhar
Request: GET / from prakhar
Request: GET /management/view/ from prakhar
Request: GET /media/image/maxresdefault_VxRwMm0.jpg from prakhar
Request: GET /media/image/360_F_324567329_VIPsg4s4kWkvqJviANcIgeYPG602kN56.jpg from prakhar
Request: GET /media/image/Homemade_Butter_Naan_Recipe_Soft_Yogurt_Bread-1.jpg from prakhar
Request: GET /media/image/chole-bhature-cover.jpg from prakhar
Request: GET /media/image/images.jpeg from prakhar
Request: GET /management/add/ from prakhar
Request: POST /management/add/ from prakhar
Request: GET /favicon.ico from prakhar
Request: GET /management/add/ from prakhar
Request: POST /management/add/ from prakhar
Request: GET /management/view/ from prakhar
Request: GET /management/view/ from prakhar
Request: GET /media/image/360_F_324567329_VIPsg4s4kWkvqJviANcIgeYPG602kN56.jpg from prakhar
Request: GET /media/image/images.jpeg from prakhar
Request: GET /media/image/maxresdefault_VxRwMm0.jpg from prakhar
Request: GET /media/image/chole-bhature-cover.jpg from prakhar
Request: GET /media/image/Homemade_Butter_Naan_Recipe_Soft_Yogurt_Bread-1.jpg from prakhar
Request: GET /management/view/ from prakhar
Request: GET /media/image/red-lentil-soup-with-slice-lemon-breadcrumbs.jpg from prakhar
Request: GET /media/image/lassi.jpg from prakhar
Request: GET /media/image/Homemade-Chicken-Ramen-1-crop-scaled.webp from prakhar
Request: GET /management/remove/19/ from prakhar
Request: GET /media/image/red-lentil-soup-with-slice-lemon-breadcrumbs.jpg from prakhar
Request: POST /management/remove/19/ from prakhar
Request: GET /management/view/ from prakhar
Request: GET /favicon.ico from prakhar
Request: GET /management/view/ from prakhar
Request: GET /management/add/ from prakhar
Request: GET /management/add/ from prakhar
Request: POST /management/add/ from prakhar
Request: GET /management/add/ from prakhar
Request: POST /management/add/ from prakhar
Request: POST /management/add/ from prakhar
Request: POST /management/add/ from prakhar
Request: GET /management/view/ from prakhar
Request: GET /media/image/maxresdefault_VxRwMm0.jpg from prakhar
Request: GET /media/image/images.jpeg from prakhar
Request: GET /media/image/chole-bhature-cover.jpg from prakhar
Request: GET /media/image/360_F_324567329_VIPsg4s4kWkvqJviANcIgeYPG602kN56.jpg from prakhar
Request: GET /media/image/Homemade_Butter_Naan_Recipe_Soft_Yogurt_Bread-1.jpg from prakhar
Request: GET /management/view/ from prakhar
Request: GET /media/image/red-lentil-soup-with-slice-lemon-breadcrumbs_CJYvKhO.jpg from prakhar
Request: GET /media/image/red-lentil-soup-with-slice-lemon-breadcrumbs.jpg from prakhar
Request: GET /media/image/red-lentil-soup-with-slice-lemon-breadcrumbs_Q0ACzYr.jpg from prakhar
Request: GET /management/remove/20/ from prakhar
Request: GET /media/image/red-lentil-soup-with-slice-lemon-breadcrumbs_Q0ACzYr.jpg from prakhar
Request: POST /management/remove/20/ from prakhar
Request: GET /management/view/ from prakhar
Request: GET /management/view/ from prakhar
Request: GET /media/image/red-lentil-soup-with-slice-lemon-breadcrumbs.jpg from prakhar
Request: GET /media/image/red-lentil-soup-with-slice-lemon-breadcrumbs_CJYvKhO.jpg from prakhar
Request: GET /management/remove/22/ from prakhar
Request: GET /media/image/red-lentil-soup-with-slice-lemon-breadcrumbs_CJYvKhO.jpg from prakhar
Request: POST /management/remove/22/ from prakhar
Request: GET /management/view/ from prakhar
Request: GET /management/view/ from prakhar
Request: GET /media/image/red-lentil-soup-with-slice-lemon-breadcrumbs.jpg from prakhar
Request: GET /management/remove/21/ from prakhar
Request: POST /management/remove/21/ from prakhar
Request: GET /management/view/ from prakhar
Request: GET /management/add/ from prakhar
Request: POST /management/add/ from prakhar
Request: GET /management/view/ from prakhar
Request: GET /management/add/ from prakhar
Request: POST /management/add/ from prakhar
Request: POST /management/add/ from prakhar
Request: POST /management/add/ from prakhar
Request: POST /management/add/ from prakhar
Request: GET /management/view/ from prakhar
Request: GET /management/view/ from prakhar
Request: GET /media/image/red-lentil-soup-with-slice-lemon-breadcrumbs_T4l8g3Q.jpg from prakhar
Request: GET /media/image/geometric-pattern-spiral-neon-gradient-black-background-5k-3840x2160-1202.png from prakhar
Request: GET /management/view/ from prakhar
Request: GET /media/image/Homemade-Chicken-Ramen-1-crop-scaled.webp from prakhar
Request: GET /media/image/lassi.jpg from prakhar
Request: GET /media/image/red-lentil-soup-with-slice-lemon-breadcrumbs_T4l8g3Q.jpg from prakhar
Request: GET /media/image/geometric-pattern-spiral-neon-gradient-black-background-5k-3840x2160-1202.png from prakhar
Request: GET /management/remove/24/ from prakhar
Request: POST /management/remove/24/ from prakhar
Request: POST /management/remove/24/ from prakhar
Request: GET /management/view/ from prakhar
Request: GET /media/image/maxresdefault_VxRwMm0.jpg from prakhar
Request: GET /media/image/360_F_324567329_VIPsg4s4kWkvqJviANcIgeYPG602kN56.jpg from prakhar
Request: GET /media/image/images.jpeg from prakhar
Request: GET /media/image/Homemade_Butter_Naan_Recipe_Soft_Yogurt_Bread-1.jpg from prakhar
Request: GET /media/image/chole-bhature-cover.jpg from prakhar
Request: GET /management/view/ from prakhar
Request: GET /media/image/red-lentil-soup-with-slice-lemon-breadcrumbs_T4l8g3Q.jpg from prakhar
Request: GET /management/add/ from prakhar
Request: POST /management/add/ from prakhar
Request: GET /management/view/ from prakhar
Request: GET /management/view/ from prakhar
Request: GET /media/image/image.png from prakhar
Request: GET /management/remove/23/ from prakhar
Request: POST /management/remove/23/ from prakhar
Request: GET /management/view/ from prakhar
Request: GET /management/view/ from prakhar
Request: GET /media/image/image.png from prakhar
Request: GET /management/remove/25/ from prakhar
Request: GET /media/image/image.png from prakhar
Request: POST /management/remove/25/ from prakhar
Request: GET /management/view/ from prakhar
Request: GET /management/view/ from prakhar
Request: GET /logout from prakhar
Request: GET / from AnonymousUser
Request: GET / from AnonymousUser
Request: GET /login/ from AnonymousUser
Request: POST /login/ from AnonymousUser
Request: GET /customer/view/ from epic
Request: GET /logout from epic
Request: GET / from AnonymousUser
Request: GET / from AnonymousUser
Request: GET /login/ from AnonymousUser
Request: GET /register/ from AnonymousUser
Request: GET /customer/view/ from AnonymousUser
Request: GET /login/ from AnonymousUser
Request: GET / from AnonymousUser
Request: GET / from AnonymousUser
Request: GET /customer/view/ from AnonymousUser
Request: GET /login/ from AnonymousUser
Request: POST /login/ from AnonymousUser
Request: GET / from prakhar
Request: GET / from prakhar
Request: GET /management/view/ from prakhar
Request: GET /media/image/images.jpeg from prakhar
Request: GET /media/image/360_F_324567329_VIPsg4s4kWkvqJviANcIgeYPG602kN56.jpg from prakhar
Request: GET /media/image/maxresdefault_VxRwMm0.jpg from prakhar
Request: GET /media/image/chole-bhature-cover.jpg from prakhar
Request: GET /media/image/Homemade_Butter_Naan_Recipe_Soft_Yogurt_Bread-1.jpg from prakhar
Request: GET /management/order/ from prakhar
Request: POST /management/order/ from prakhar
Request: POST /management/order/ from prakhar
Request: POST /management/order/ from prakhar
Request: POST /management/order/ from prakhar
Request: GET /management/order/ from prakhar
Request: GET /management/order/ from prakhar
Request: GET /logout from prakhar
Request: GET / from AnonymousUser
Request: GET / from AnonymousUser
Request: GET /customer/view/ from AnonymousUser
Request: GET /login/ from AnonymousUser
Request: POST /login/ from AnonymousUser
Request: GET / from prakhar
Request: GET / from prakhar
Request: GET /management/order/ from prakhar
Request: GET /management/order/approve/73/ from prakhar
Request: GET /favicon.ico from prakhar
Request: GET /logout from prakhar
Request: GET / from AnonymousUser
Request: GET / from AnonymousUser
Request: GET /login/ from AnonymousUser
Request: POST /login/ from AnonymousUser
Request: GET /customer/view/ from epic
Request: GET /media/image/360_F_324567329_VIPsg4s4kWkvqJviANcIgeYPG602kN56.jpg from epic
Request: GET /media/image/images.jpeg from epic
Request: GET /media/image/chole-bhature-cover.jpg from epic
Request: GET /media/image/maxresdefault_VxRwMm0.jpg from epic
Request: GET /media/image/Homemade_Butter_Naan_Recipe_Soft_Yogurt_Bread-1.jpg from epic
Request: GET /customer/place_order/ from epic
Request: GET /media/image/lassi.jpg from epic
Request: GET /media/image/Homemade-Chicken-Ramen-1-crop-scaled.webp from epic
Request: POST /customer/place_order/ from epic
Request: GET /customer/order_confirmation/74/ from epic
Request: GET /favicon.ico from epic
Request: GET /customer/place_order/ from epic
Request: GET /customer/place_order/ from epic
Request: GET /admin/ from epic
Request: GET /admin/login/ from epic
Request: POST /admin/login/ from epic
Request: GET /admin/ from prakhar
Request: GET /admin/customer/orders/ from prakhar
Request: GET /admin/jsi18n/ from prakhar
Request: POST /admin/customer/orders/ from prakhar
Request: POST /admin/customer/orders/ from prakhar
Request: GET /admin/customer/orders/ from prakhar
Request: GET /admin/jsi18n/ from prakhar
Request: GET /customer/place_order/ from prakhar
Request: GET /media/image/images.jpeg from prakhar
Request: GET /media/image/360_F_324567329_VIPsg4s4kWkvqJviANcIgeYPG602kN56.jpg from prakhar
Request: GET /media/image/maxresdefault_VxRwMm0.jpg from prakhar
Request: GET /media/image/Homemade_Butter_Naan_Recipe_Soft_Yogurt_Bread-1.jpg from prakhar
Request: GET /media/image/chole-bhature-cover.jpg from prakhar
Request: GET /media/image/lassi.jpg from prakhar
Request: GET /media/image/Homemade-Chicken-Ramen-1-crop-scaled.webp from prakhar
Request: GET /logout from prakhar
Request: GET / from AnonymousUser
Request: GET / from AnonymousUser
Request: GET /login/ from AnonymousUser
Request: POST /login/ from AnonymousUser
Request: GET /customer/view/ from epic
Request: GET /customer/place_order/ from epic
Request: POST /customer/place_order/ from epic
Request: GET /customer/place_order/ from epic
Request: GET /customer/place_order/ from epic
Request: GET /media/image/360_F_324567329_VIPsg4s4kWkvqJviANcIgeYPG602kN56.jpg from epic
Request: GET /media/image/maxresdefault_VxRwMm0.jpg from epic
Request: GET /media/image/images.jpeg from epic
Request: GET /media/image/Homemade_Butter_Naan_Recipe_Soft_Yogurt_Bread-1.jpg from epic
Request: GET /media/image/chole-bhature-cover.jpg from epic
Request: GET /media/image/lassi.jpg from epic
Request: GET /media/image/Homemade-Chicken-Ramen-1-crop-scaled.webp from epic
Request: POST /customer/place_order/ from epic
Request: GET /favicon.ico from epic
Request: GET /customer/place_order/ from epic
Request: GET /customer/place_order/ from epic
Request: GET /media/image/images.jpeg from epic
Request: GET /media/image/360_F_324567329_VIPsg4s4kWkvqJviANcIgeYPG602kN56.jpg from epic
Request: GET /media/image/Homemade_Butter_Naan_Recipe_Soft_Yogurt_Bread-1.jpg from epic
Request: GET /media/image/Homemade-Chicken-Ramen-1-crop-scaled.webp from epic
Request: GET /media/image/maxresdefault_VxRwMm0.jpg from epic
Request: GET /media/image/lassi.jpg from epic
Request: GET /media/image/chole-bhature-cover.jpg from epic
Request: POST /customer/place_order/ from epic
Request: GET /customer/place_order/ from epic
Request: GET /customer/place_order/ from epic
Request: GET /media/image/images.jpeg from epic
Request: GET /media/image/Homemade-Chicken-Ramen-1-crop-scaled.webp from epic
Request: GET /media/image/chole-bhature-cover.jpg from epic
Request: GET /media/image/maxresdefault_VxRwMm0.jpg from epic
Request: GET /media/image/360_F_324567329_VIPsg4s4kWkvqJviANcIgeYPG602kN56.jpg from epic
Request: GET /media/image/lassi.jpg from epic
Request: GET /media/image/Homemade_Butter_Naan_Recipe_Soft_Yogurt_Bread-1.jpg from epic
Request: POST /customer/place_order/ from epic
Request: GET /customer/place_order/ from epic
Request: GET /customer/place_order/ from epic
Request: GET /media/image/maxresdefault_VxRwMm0.jpg from epic
Request: GET /media/image/images.jpeg from epic
Request: GET /media/image/360_F_324567329_VIPsg4s4kWkvqJviANcIgeYPG602kN56.jpg from epic
Request: GET /media/image/Homemade-Chicken-Ramen-1-crop-scaled.webp from epic
Request: GET /media/image/lassi.jpg from epic
Request: GET /media/image/chole-bhature-cover.jpg from epic
Request: GET /media/image/Homemade_Butter_Naan_Recipe_Soft_Yogurt_Bread-1.jpg from epic
Request: GET /customer/place_order/ from epic
Request: GET /media/image/maxresdefault_VxRwMm0.jpg from epic
Request: GET /media/image/images.jpeg from epic
Request: GET /media/image/360_F_324567329_VIPsg4s4kWkvqJviANcIgeYPG602kN56.jpg from epic
Request: GET /media/image/Homemade-Chicken-Ramen-1-crop-scaled.webp from epic
Request: GET /media/image/Homemade_Butter_Naan_Recipe_Soft_Yogurt_Bread-1.jpg from epic
Request: GET /media/image/lassi.jpg from epic
Request: GET /media/image/chole-bhature-cover.jpg from epic
Request: GET /customer/place_order/ from epic
Request: GET /media/image/images.jpeg from epic
Request: GET /media/image/Homemade-Chicken-Ramen-1-crop-scaled.webp from epic
Request: GET /media/image/360_F_324567329_VIPsg4s4kWkvqJviANcIgeYPG602kN56.jpg from epic
Request: GET /media/image/maxresdefault_VxRwMm0.jpg from epic
Request: GET /media/image/lassi.jpg from epic
Request: GET /media/image/chole-bhature-cover.jpg from epic
Request: GET /media/image/Homemade_Butter_Naan_Recipe_Soft_Yogurt_Bread-1.jpg from epic
Request: GET /customer/place_order/ from epic
Request: GET /customer/place_order/ from epic
Request: GET /media/image/Homemade-Chicken-Ramen-1-crop-scaled.webp from epic
Request: GET /media/image/360_F_324567329_VIPsg4s4kWkvqJviANcIgeYPG602kN56.jpg from epic
Request: GET /media/image/maxresdefault_VxRwMm0.jpg from epic
Request: GET /media/image/images.jpeg from epic
Request: GET /media/image/Homemade_Butter_Naan_Recipe_Soft_Yogurt_Bread-1.jpg from epic
Request: GET /media/image/lassi.jpg from epic
Request: GET /media/image/chole-bhature-cover.jpg from epic
Request: POST /customer/place_order/ from epic
Request: GET /customer/place_order/ from epic
Request: POST /customer/place_order/ from epic
Request: GET /customer/place_order/ from epic
Request: GET /customer/place_order/ from epic
Request: GET /customer/place_order/ from epic
Request: GET /media/image/360_F_324567329_VIPsg4s4kWkvqJviANcIgeYPG602kN56.jpg from epic
Request: GET /media/image/Homemade-Chicken-Ramen-1-crop-scaled.webp from epic
Request: GET /media/image/maxresdefault_VxRwMm0.jpg from epic
Request: GET /media/image/Homemade_Butter_Naan_Recipe_Soft_Yogurt_Bread-1.jpg from epic
Request: GET /media/image/images.jpeg from epic
Request: GET /media/image/lassi.jpg from epic
Request: GET /media/image/chole-bhature-cover.jpg from epic
Request: POST /customer/place_order/ from epic
Request: GET /customer/place_order/ from epic
Request: GET /customer/place_order/ from epic
Request: GET /media/image/images.jpeg from epic
Request: GET /media/image/maxresdefault_VxRwMm0.jpg from epic
Request: GET /media/image/360_F_324567329_VIPsg4s4kWkvqJviANcIgeYPG602kN56.jpg from epic
Request: GET /media/image/Homemade_Butter_Naan_Recipe_Soft_Yogurt_Bread-1.jpg from epic
Request: GET /media/image/Homemade-Chicken-Ramen-1-crop-scaled.webp from epic
Request: GET /media/image/lassi.jpg from epic
Request: GET /media/image/chole-bhature-cover.jpg from epic
Request: POST /customer/place_order/ from epic
Request: GET /customer/place_order/ from epic
Request: GET /customer/place_order/ from epic
Request: GET /media/image/Homemade_Butter_Naan_Recipe_Soft_Yogurt_Bread-1.jpg from epic
Request: GET /media/image/Homemade-Chicken-Ramen-1-crop-scaled.webp from epic
Request: GET /media/image/images.jpeg from epic
Request: GET /media/image/maxresdefault_VxRwMm0.jpg from epic
Request: GET /media/image/360_F_324567329_VIPsg4s4kWkvqJviANcIgeYPG602kN56.jpg from epic
Request: GET /media/image/lassi.jpg from epic
Request: GET /media/image/chole-bhature-cover.jpg from epic
Request: POST /customer/place_order/ from epic
Request: GET /customer/place_order/ from epic
Request: GET /admin/customer/orders/ from epic
Request: GET /admin/login/ from epic
Request: POST /admin/login/ from epic
Request: GET /admin/customer/orders/ from prakhar
Request: GET /admin/jsi18n/ from prakhar
Request: GET /admin/customer/orders/ from prakhar
Request: GET /admin/jsi18n/ from prakhar
Request: GET /favicon.ico from prakhar
Request: GET / from prakhar
Request: GET / from prakhar
Request: GET /logout from prakhar
Request: GET / from AnonymousUser
Request: GET / from AnonymousUser
Request: GET /login/ from AnonymousUser
Request: GET /register/ from AnonymousUser
Request: POST /register/ from AnonymousUser
Request: POST /register/ from AnonymousUser
Request: POST /register/ from AnonymousUser
Request: POST /register/ from AnonymousUser
Request: GET / from AnonymousUser
Request: GET / from AnonymousUser
Request: GET /login/ from AnonymousUser
Request: GET /register/ from AnonymousUser
Request: GET /favicon.ico from AnonymousUser
Request: GET /admin/ from AnonymousUser
Request: GET /admin/login/ from AnonymousUser
Request: POST /admin/login/ from AnonymousUser
Request: GET /admin/ from prakhar
Request: GET /favicon.ico from prakhar
Request: GET /admin/auth/user/ from prakhar
Request: GET /admin/jsi18n/ from prakhar
Request: POST /register/ from prakhar
Request: GET /register/ from prakhar
Request: GET /admin/auth/user/ from prakhar
Request: GET /admin/jsi18n/ from prakhar
Request: GET / from prakhar
Request: GET / from prakhar
Request: GET /logout from prakhar
Request: GET / from AnonymousUser
Request: GET / from AnonymousUser
Request: GET /login/ from AnonymousUser
Request: GET /register/ from AnonymousUser
Request: POST /register/ from AnonymousUser
Request: GET / from AnonymousUser
Request: GET / from AnonymousUser
Request: GET /login/ from AnonymousUser
Request: POST /login/ from AnonymousUser
Request: GET /customer/view/ from epic
Request: GET /media/image/360_F_324567329_VIPsg4s4kWkvqJviANcIgeYPG602kN56.jpg from epic
Request: GET /media/image/Homemade_Butter_Naan_Recipe_Soft_Yogurt_Bread-1.jpg from epic
Request: GET /media/image/images.jpeg from epic
Request: GET /media/image/maxresdefault_VxRwMm0.jpg from epic
Request: GET /media/image/chole-bhature-cover.jpg from epic
Request: GET /customer/place_order/ from epic
Request: GET /media/image/lassi.jpg from epic
Request: GET /media/image/Homemade-Chicken-Ramen-1-crop-scaled.webp from epic
Request: GET /customer/show_order/13/ from epic
Request: GET /customer/view/ from epic
Request: GET /customer/place_order/ from epic
Request: POST /customer/place_order/ from epic
Request: GET /customer/place_order/ from epic
Request: POST /customer/place_order/ from epic
Request: GET /customer/order_confirmation/75/ from epic
Request: GET /customer/show_order/13/ from epic
Request: GET /customer/show_order/13/ from epic
Request: GET /logout from epic
Request: GET / from AnonymousUser
Request: GET / from AnonymousUser
Request: GET /login/ from AnonymousUser
Request: POST /login/ from AnonymousUser
Request: GET / from prakhar
Request: GET / from prakhar
Request: GET /management/order/ from prakhar
Request: POST /management/order/ from prakhar
Request: POST /management/order/ from prakhar
Request: GET /admin/ from prakhar
Request: GET /favicon.ico from prakhar
Request: GET /admin/customer/orders/ from prakhar
Request: GET /admin/jsi18n/ from prakhar
Request: POST /admin/customer/orders/ from prakhar
Request: GET /favicon.ico from prakhar
Request: POST /admin/customer/orders/ from prakhar
Request: GET /admin/customer/orders/ from prakhar
Request: GET /admin/jsi18n/ from prakhar
Request: GET /favicon.ico from prakhar
Request: POST /management/order/ from prakhar
Request: POST /management/order/ from prakhar
Request: POST /management/order/ from prakhar
Request: POST /management/order/ from prakhar
Request: POST /management/order/ from prakhar
Request: POST /management/order/ from prakhar
Request: POST /management/order/ from prakhar
Request: POST /management/order/ from prakhar
Request: POST /management/order/ from prakhar
Request: POST /admin/customer/orders/ from prakhar
Request: GET /favicon.ico from prakhar
Request: POST /admin/customer/orders/ from prakhar
Request: GET /admin/customer/orders/ from prakhar
Request: GET /admin/jsi18n/ from prakhar
Request: POST /management/order/ from prakhar
Request: POST /management/order/ from prakhar
Request: POST /management/order/ from prakhar
Request: POST /management/order/ from prakhar
Request: GET / from prakhar
Request: GET / from prakhar
Request: GET /management/view/ from prakhar
Request: GET /media/image/Homemade_Butter_Naan_Recipe_Soft_Yogurt_Bread-1.jpg from prakhar
Request: GET /media/image/chole-bhature-cover.jpg from prakhar
Request: GET /media/image/360_F_324567329_VIPsg4s4kWkvqJviANcIgeYPG602kN56.jpg from prakhar
Request: GET /media/image/maxresdefault_VxRwMm0.jpg from prakhar
Request: GET /media/image/images.jpeg from prakhar
Request: GET /management/view/ from prakhar
Request: GET /media/image/lassi.jpg from prakhar
Request: GET /media/image/Homemade-Chicken-Ramen-1-crop-scaled.webp from prakhar
Request: GET / from prakhar
Request: GET / from prakhar
Request: GET /logout from prakhar
Request: GET / from AnonymousUser
Request: GET / from AnonymousUser
Request: GET /login/ from AnonymousUser
Request: POST /login/ from AnonymousUser
Request: POST /login/ from AnonymousUser
Request: GET /customer/view/ from epic
Request: GET /media/image/360_F_324567329_VIPsg4s4kWkvqJviANcIgeYPG602kN56.jpg from epic
Request: GET /media/image/maxresdefault_VxRwMm0.jpg from epic
Request: GET /media/image/Homemade_Butter_Naan_Recipe_Soft_Yogurt_Bread-1.jpg from epic
Request: GET /media/image/chole-bhature-cover.jpg from epic
Request: GET /media/image/images.jpeg from epic
Request: GET /favicon.ico from epic
Request: POST /login/ from epic
Request: GET /favicon.ico from epic
Request: POST /login/ from epic
Request: GET /favicon.ico from epic
Request: GET /login/ from epic
Request: GET / from epic
Request: GET /logout from epic
Request: GET / from AnonymousUser
Request: GET / from AnonymousUser
Request: GET /login/ from AnonymousUser
Request: POST /login/ from AnonymousUser
Request: GET /customer/view/ from epic
Request: GET /customer/place_order/ from epic
Request: GET /media/image/Homemade-Chicken-Ramen-1-crop-scaled.webp from epic
Request: GET /media/image/lassi.jpg from epic
Request: GET /customer/show_order/13/ from epic
Request: GET /favicon.ico from epic
Request: GET /logout from epic
Request: GET / from AnonymousUser
Request: GET / from AnonymousUser
Request: GET /login/ from AnonymousUser
Request: GET /login/ from AnonymousUser
Request: POST /login/ from AnonymousUser
Request: GET /customer/view/ from epic
Request: GET /customer/show_order/13/ from epic
Request: GET /customer/show_order/1/ from epic
Request: GET /customer/view/ from epic
Request: GET /customer/view/12/ from epic
Request: GET /favicon.ico from epic
Request: GET /customer/show_order/13/ from epic
Request: GET /customer/show_order/11/ from epic
Request: GET /customer/view/ from epic
Request: GET /customer/place_order/ from epic
Request: GET /media/image/Homemade-Chicken-Ramen-1-crop-scaled.webp from epic
Request: GET /media/image/lassi.jpg from epic
Request: GET /customer/show_order/13/ from epic
Request: GET /logout from epic
Request: GET / from AnonymousUser
Request: GET / from AnonymousUser
Request: GET /login/ from AnonymousUser
Request: POST /login/ from AnonymousUser
Request: GET /customer/view/ from Raju
Request: GET /customer/show_order/10/ from Raju
Request: GET /customer/show_order/10/ from Raju
Request: GET /logout from Raju
Request: GET / from AnonymousUser
Request: GET / from AnonymousUser
Request: GET /login/ from AnonymousUser
Request: POST /login/ from AnonymousUser
Request: GET /customer/view/ from epic
Request: GET /customer/show_order/10/ from epic
Request: GET /customer/view/ from epic
Request: GET /customer/place_order/ from epic
Request: GET /customer/show_order/13/ from epic
Request: GET /customer/show_order/10/ from epic
Request: GET /customer/view/ from epic
Request: GET /customer/view/ from epic
Request: GET /customer/place_order/ from epic
Request: GET /customer/show_order/ from epic
Request: GET /favicon.ico from epic
Request: GET /customer/show_order/1 from epic
Request: GET /customer/show_order/1/ from epic
Request: GET /customer/view/ from epic
Request: GET /oifjfg from epic
Request: GET / from epic
Request: GET / from epic
Request: GET /jnrgoiwe from epic
Request: GET /jnrgoiwe from epic
Request: GET / from epic
Request: GET / from epic
Request: GET /ufbewgfouwehgf from epic
Request: GET / from epic
Request: GET / from epic
Request: GET /vnegwieg from epic
Request: GET / from epic
Request: GET / from epic
Request: GET /logout from epic
Request: GET / from AnonymousUser
Request: GET / from AnonymousUser
Request: GET /otigh45goh5t56 from AnonymousUser
Request: GET / from AnonymousUser
Request: GET / from AnonymousUser
Request: GET / from AnonymousUser
Request: GET / from AnonymousUser
