[2025-04-17T12:36:47.874+0530] {local_task_job_runner.py:123} INFO - ::group::Pre task execution logs
[2025-04-17T12:36:47.890+0530] {taskinstance.py:2614} INFO - Dependencies all met for dep_context=non-requeueable deps ti=<TaskInstance: excel_data_analysis.process_excel_task manual__2025-04-17T06:56:42.066075+00:00 [queued]>
[2025-04-17T12:36:47.893+0530] {taskinstance.py:2614} INFO - Dependencies all met for dep_context=requeueable deps ti=<TaskInstance: excel_data_analysis.process_excel_task manual__2025-04-17T06:56:42.066075+00:00 [queued]>
[2025-04-17T12:36:47.893+0530] {taskinstance.py:2867} INFO - Starting attempt 3 of 3
[2025-04-17T12:36:47.948+0530] {taskinstance.py:2890} INFO - Executing <Task(PythonOperator): process_excel_task> on 2025-04-17 06:56:42.066075+00:00
[2025-04-17T12:36:47.954+0530] {standard_task_runner.py:72} INFO - Started process 53621 to run task
[2025-04-17T12:36:47.957+0530] {standard_task_runner.py:104} INFO - Running: ['airflow', 'tasks', 'run', 'excel_data_analysis', 'process_excel_task', 'manual__2025-04-17T06:56:42.066075+00:00', '--job-id', '14', '--raw', '--subdir', 'DAGS_FOLDER/file_manipulation.py', '--cfg-path', '/tmp/tmpb19ki0pj']
[2025-04-17T12:36:47.958+0530] {standard_task_runner.py:105} INFO - Job 14: Subtask process_excel_task
[2025-04-17T12:36:48.068+0530] {task_command.py:467} INFO - Running <TaskInstance: excel_data_analysis.process_excel_task manual__2025-04-17T06:56:42.066075+00:00 [running]> on host prakhar-8204
[2025-04-17T12:36:48.159+0530] {taskinstance.py:3134} INFO - Exporting env vars: AIRFLOW_CTX_DAG_OWNER='airflow' AIRFLOW_CTX_DAG_ID='excel_data_analysis' AIRFLOW_CTX_TASK_ID='process_excel_task' AIRFLOW_CTX_EXECUTION_DATE='2025-04-17T06:56:42.066075+00:00' AIRFLOW_CTX_TRY_NUMBER='3' AIRFLOW_CTX_DAG_RUN_ID='manual__2025-04-17T06:56:42.066075+00:00'
[2025-04-17T12:36:48.159+0530] {logging_mixin.py:190} INFO - Task instance is in running state
[2025-04-17T12:36:48.160+0530] {logging_mixin.py:190} INFO -  Previous state of the Task instance: queued
[2025-04-17T12:36:48.160+0530] {logging_mixin.py:190} INFO - Current task name:process_excel_task state:running start_date:2025-04-17 07:06:47.890253+00:00
[2025-04-17T12:36:48.160+0530] {logging_mixin.py:190} INFO - Dag name:excel_data_analysis and current dag run status:running
[2025-04-17T12:36:48.160+0530] {taskinstance.py:732} INFO - ::endgroup::
[2025-04-17T12:36:48.776+0530] {python.py:240} INFO - Done. Returned value was: None
[2025-04-17T12:36:48.908+0530] {taskinstance.py:341} INFO - ::group::Post task execution logs
[2025-04-17T12:36:48.908+0530] {taskinstance.py:353} INFO - Marking task as SUCCESS. dag_id=excel_data_analysis, task_id=process_excel_task, run_id=manual__2025-04-17T06:56:42.066075+00:00, execution_date=20250417T065642, start_date=20250417T070647, end_date=20250417T070648
[2025-04-17T12:36:49.145+0530] {logging_mixin.py:190} INFO - Task instance in success state
[2025-04-17T12:36:49.145+0530] {logging_mixin.py:190} INFO -  Previous state of the Task instance: running
[2025-04-17T12:36:49.145+0530] {logging_mixin.py:190} INFO - Dag name:excel_data_analysis queued_at:2025-04-17 06:56:42.182309+00:00
[2025-04-17T12:36:49.146+0530] {logging_mixin.py:190} INFO - Task hostname:prakhar-8204 operator:PythonOperator
[2025-04-17T12:36:49.175+0530] {local_task_job_runner.py:266} INFO - Task exited with return code 0
[2025-04-17T12:36:49.183+0530] {taskinstance.py:3901} INFO - 0 downstream tasks scheduled from follow-on schedule check
[2025-04-17T12:36:49.183+0530] {local_task_job_runner.py:245} INFO - ::endgroup::
