[2025-04-17T12:26:47.341+0530] {local_task_job_runner.py:123} INFO - ::group::Pre task execution logs
[2025-04-17T12:26:47.354+0530] {taskinstance.py:2614} INFO - Dependencies all met for dep_context=non-requeueable deps ti=<TaskInstance: excel_data_analysis.process_excel_task manual__2025-04-17T06:56:42.066075+00:00 [queued]>
[2025-04-17T12:26:47.357+0530] {taskinstance.py:2614} INFO - Dependencies all met for dep_context=requeueable deps ti=<TaskInstance: excel_data_analysis.process_excel_task manual__2025-04-17T06:56:42.066075+00:00 [queued]>
[2025-04-17T12:26:47.358+0530] {taskinstance.py:2867} INFO - Starting attempt 1 of 2
[2025-04-17T12:26:47.407+0530] {taskinstance.py:2890} INFO - Executing <Task(PythonOperator): process_excel_task> on 2025-04-17 06:56:42.066075+00:00
[2025-04-17T12:26:47.412+0530] {standard_task_runner.py:72} INFO - Started process 51672 to run task
[2025-04-17T12:26:47.413+0530] {standard_task_runner.py:104} INFO - Running: ['airflow', 'tasks', 'run', 'excel_data_analysis', 'process_excel_task', 'manual__2025-04-17T06:56:42.066075+00:00', '--job-id', '6', '--raw', '--subdir', 'DAGS_FOLDER/file_manipulation.py', '--cfg-path', '/tmp/tmpy2h61a8y']
[2025-04-17T12:26:47.414+0530] {standard_task_runner.py:105} INFO - Job 6: Subtask process_excel_task
[2025-04-17T12:26:47.505+0530] {task_command.py:467} INFO - Running <TaskInstance: excel_data_analysis.process_excel_task manual__2025-04-17T06:56:42.066075+00:00 [running]> on host prakhar-8204
[2025-04-17T12:26:47.655+0530] {taskinstance.py:3134} INFO - Exporting env vars: AIRFLOW_CTX_DAG_OWNER='airflow' AIRFLOW_CTX_DAG_ID='excel_data_analysis' AIRFLOW_CTX_TASK_ID='process_excel_task' AIRFLOW_CTX_EXECUTION_DATE='2025-04-17T06:56:42.066075+00:00' AIRFLOW_CTX_TRY_NUMBER='1' AIRFLOW_CTX_DAG_RUN_ID='manual__2025-04-17T06:56:42.066075+00:00'
[2025-04-17T12:26:47.657+0530] {logging_mixin.py:190} INFO - Task instance is in running state
[2025-04-17T12:26:47.658+0530] {logging_mixin.py:190} INFO -  Previous state of the Task instance: queued
[2025-04-17T12:26:47.658+0530] {logging_mixin.py:190} INFO - Current task name:process_excel_task state:running start_date:2025-04-17 06:56:47.354288+00:00
[2025-04-17T12:26:47.658+0530] {logging_mixin.py:190} INFO - Dag name:excel_data_analysis and current dag run status:running
[2025-04-17T12:26:47.659+0530] {taskinstance.py:732} INFO - ::endgroup::
[2025-04-17T12:26:48.530+0530] {taskinstance.py:3313} ERROR - Task failed with exception
Traceback (most recent call last):
  File "/home/prakhar/Desktop/Bootcamp/Python/Airflow-Project/airflowvenv/lib/python3.12/site-packages/airflow/models/taskinstance.py", line 768, in _execute_task
    result = _execute_callable(context=context, **execute_callable_kwargs)
             ^^^^^^^^^^^^^^^^^^^^^^^^^^^^^^^^^^^^^^^^^^^^^^^^^^^^^^^^^^^^^
  File "/home/prakhar/Desktop/Bootcamp/Python/Airflow-Project/airflowvenv/lib/python3.12/site-packages/airflow/models/taskinstance.py", line 734, in _execute_callable
    return ExecutionCallableRunner(
           ^^^^^^^^^^^^^^^^^^^^^^^^
  File "/home/prakhar/Desktop/Bootcamp/Python/Airflow-Project/airflowvenv/lib/python3.12/site-packages/airflow/utils/operator_helpers.py", line 252, in run
    return self.func(*args, **kwargs)
           ^^^^^^^^^^^^^^^^^^^^^^^^^^
  File "/home/prakhar/Desktop/Bootcamp/Python/Airflow-Project/airflowvenv/lib/python3.12/site-packages/airflow/models/baseoperator.py", line 424, in wrapper
    return func(self, *args, **kwargs)
           ^^^^^^^^^^^^^^^^^^^^^^^^^^^
  File "/home/prakhar/Desktop/Bootcamp/Python/Airflow-Project/airflowvenv/lib/python3.12/site-packages/airflow/operators/python.py", line 238, in execute
    return_value = self.execute_callable()
                   ^^^^^^^^^^^^^^^^^^^^^^^
  File "/home/prakhar/Desktop/Bootcamp/Python/Airflow-Project/airflowvenv/lib/python3.12/site-packages/airflow/operators/python.py", line 256, in execute_callable
    return runner.run(*self.op_args, **self.op_kwargs)
           ^^^^^^^^^^^^^^^^^^^^^^^^^^^^^^^^^^^^^^^^^^^
  File "/home/prakhar/Desktop/Bootcamp/Python/Airflow-Project/airflowvenv/lib/python3.12/site-packages/airflow/utils/operator_helpers.py", line 252, in run
    return self.func(*args, **kwargs)
           ^^^^^^^^^^^^^^^^^^^^^^^^^^
  File "/home/prakhar/Desktop/Bootcamp/Python/Airflow-Project/dags/file_manipulation.py", line 146, in process_excel
    bar_chart_path, pie_chart_path = generate_plots(df_with_series)
                                     ^^^^^^^^^^^^^^^^^^^^^^^^^^^^^^
  File "/home/prakhar/Desktop/Bootcamp/Python/Airflow-Project/dags/file_manipulation.py", line 46, in generate_plots
    colors = plt.cm.Paired(range(len(df)))
                                 ^^^^^^^
TypeError: object of type 'NoneType' has no len()
[2025-04-17T12:26:48.535+0530] {logging_mixin.py:190} INFO - Task instance in failure state
[2025-04-17T12:26:48.535+0530] {logging_mixin.py:190} INFO - Task start:2025-04-17 06:56:47.354288+00:00 end:2025-04-17 06:56:48.534790+00:00 duration:1.180502
[2025-04-17T12:26:48.535+0530] {logging_mixin.py:190} INFO - Task:<Task(PythonOperator): process_excel_task> dag:<DAG: excel_data_analysis> dagrun:<DagRun excel_data_analysis @ 2025-04-17 06:56:42.066075+00:00: manual__2025-04-17T06:56:42.066075+00:00, state:running, queued_at: 2025-04-17 06:56:42.182309+00:00. externally triggered: True>
[2025-04-17T12:26:48.535+0530] {logging_mixin.py:190} INFO - Failure caused by object of type 'NoneType' has no len()
[2025-04-17T12:26:48.535+0530] {taskinstance.py:1226} INFO - Marking task as UP_FOR_RETRY. dag_id=excel_data_analysis, task_id=process_excel_task, run_id=manual__2025-04-17T06:56:42.066075+00:00, execution_date=20250417T065642, start_date=20250417T065647, end_date=20250417T065648
[2025-04-17T12:26:48.739+0530] {taskinstance.py:341} INFO - ::group::Post task execution logs
[2025-04-17T12:26:48.740+0530] {standard_task_runner.py:124} ERROR - Failed to execute job 6 for task process_excel_task (object of type 'NoneType' has no len(); 51672)
Traceback (most recent call last):
  File "/home/prakhar/Desktop/Bootcamp/Python/Airflow-Project/airflowvenv/lib/python3.12/site-packages/airflow/task/task_runner/standard_task_runner.py", line 117, in _start_by_fork
    ret = args.func(args, dag=self.dag)
          ^^^^^^^^^^^^^^^^^^^^^^^^^^^^^
  File "/home/prakhar/Desktop/Bootcamp/Python/Airflow-Project/airflowvenv/lib/python3.12/site-packages/airflow/cli/cli_config.py", line 49, in command
    return func(*args, **kwargs)
           ^^^^^^^^^^^^^^^^^^^^^
  File "/home/prakhar/Desktop/Bootcamp/Python/Airflow-Project/airflowvenv/lib/python3.12/site-packages/airflow/utils/cli.py", line 116, in wrapper
    return f(*args, **kwargs)
           ^^^^^^^^^^^^^^^^^^
  File "/home/prakhar/Desktop/Bootcamp/Python/Airflow-Project/airflowvenv/lib/python3.12/site-packages/airflow/cli/commands/task_command.py", line 483, in task_run
    task_return_code = _run_task_by_selected_method(args, _dag, ti)
                       ^^^^^^^^^^^^^^^^^^^^^^^^^^^^^^^^^^^^^^^^^^^^
  File "/home/prakhar/Desktop/Bootcamp/Python/Airflow-Project/airflowvenv/lib/python3.12/site-packages/airflow/cli/commands/task_command.py", line 256, in _run_task_by_selected_method
    return _run_raw_task(args, ti)
           ^^^^^^^^^^^^^^^^^^^^^^^
  File "/home/prakhar/Desktop/Bootcamp/Python/Airflow-Project/airflowvenv/lib/python3.12/site-packages/airflow/cli/commands/task_command.py", line 341, in _run_raw_task
    return ti._run_raw_task(
           ^^^^^^^^^^^^^^^^^
  File "/home/prakhar/Desktop/Bootcamp/Python/Airflow-Project/airflowvenv/lib/python3.12/site-packages/airflow/utils/session.py", line 97, in wrapper
    return func(*args, session=session, **kwargs)
           ^^^^^^^^^^^^^^^^^^^^^^^^^^^^^^^^^^^^^^
  File "/home/prakhar/Desktop/Bootcamp/Python/Airflow-Project/airflowvenv/lib/python3.12/site-packages/airflow/models/taskinstance.py", line 3006, in _run_raw_task
    return _run_raw_task(
           ^^^^^^^^^^^^^^
  File "/home/prakhar/Desktop/Bootcamp/Python/Airflow-Project/airflowvenv/lib/python3.12/site-packages/airflow/models/taskinstance.py", line 274, in _run_raw_task
    TaskInstance._execute_task_with_callbacks(
  File "/home/prakhar/Desktop/Bootcamp/Python/Airflow-Project/airflowvenv/lib/python3.12/site-packages/airflow/models/taskinstance.py", line 3161, in _execute_task_with_callbacks
    result = self._execute_task(context, task_orig)
             ^^^^^^^^^^^^^^^^^^^^^^^^^^^^^^^^^^^^^^
  File "/home/prakhar/Desktop/Bootcamp/Python/Airflow-Project/airflowvenv/lib/python3.12/site-packages/airflow/models/taskinstance.py", line 3185, in _execute_task
    return _execute_task(self, context, task_orig)
           ^^^^^^^^^^^^^^^^^^^^^^^^^^^^^^^^^^^^^^^
  File "/home/prakhar/Desktop/Bootcamp/Python/Airflow-Project/airflowvenv/lib/python3.12/site-packages/airflow/models/taskinstance.py", line 768, in _execute_task
    result = _execute_callable(context=context, **execute_callable_kwargs)
             ^^^^^^^^^^^^^^^^^^^^^^^^^^^^^^^^^^^^^^^^^^^^^^^^^^^^^^^^^^^^^
  File "/home/prakhar/Desktop/Bootcamp/Python/Airflow-Project/airflowvenv/lib/python3.12/site-packages/airflow/models/taskinstance.py", line 734, in _execute_callable
    return ExecutionCallableRunner(
           ^^^^^^^^^^^^^^^^^^^^^^^^
  File "/home/prakhar/Desktop/Bootcamp/Python/Airflow-Project/airflowvenv/lib/python3.12/site-packages/airflow/utils/operator_helpers.py", line 252, in run
    return self.func(*args, **kwargs)
           ^^^^^^^^^^^^^^^^^^^^^^^^^^
  File "/home/prakhar/Desktop/Bootcamp/Python/Airflow-Project/airflowvenv/lib/python3.12/site-packages/airflow/models/baseoperator.py", line 424, in wrapper
    return func(self, *args, **kwargs)
           ^^^^^^^^^^^^^^^^^^^^^^^^^^^
  File "/home/prakhar/Desktop/Bootcamp/Python/Airflow-Project/airflowvenv/lib/python3.12/site-packages/airflow/operators/python.py", line 238, in execute
    return_value = self.execute_callable()
                   ^^^^^^^^^^^^^^^^^^^^^^^
  File "/home/prakhar/Desktop/Bootcamp/Python/Airflow-Project/airflowvenv/lib/python3.12/site-packages/airflow/operators/python.py", line 256, in execute_callable
    return runner.run(*self.op_args, **self.op_kwargs)
           ^^^^^^^^^^^^^^^^^^^^^^^^^^^^^^^^^^^^^^^^^^^
  File "/home/prakhar/Desktop/Bootcamp/Python/Airflow-Project/airflowvenv/lib/python3.12/site-packages/airflow/utils/operator_helpers.py", line 252, in run
    return self.func(*args, **kwargs)
           ^^^^^^^^^^^^^^^^^^^^^^^^^^
  File "/home/prakhar/Desktop/Bootcamp/Python/Airflow-Project/dags/file_manipulation.py", line 146, in process_excel
    bar_chart_path, pie_chart_path = generate_plots(df_with_series)
                                     ^^^^^^^^^^^^^^^^^^^^^^^^^^^^^^
  File "/home/prakhar/Desktop/Bootcamp/Python/Airflow-Project/dags/file_manipulation.py", line 46, in generate_plots
    colors = plt.cm.Paired(range(len(df)))
                                 ^^^^^^^
TypeError: object of type 'NoneType' has no len()
[2025-04-17T12:26:48.789+0530] {local_task_job_runner.py:266} INFO - Task exited with return code 1
[2025-04-17T12:26:48.811+0530] {taskinstance.py:3901} INFO - 0 downstream tasks scheduled from follow-on schedule check
[2025-04-17T12:26:48.812+0530] {local_task_job_runner.py:245} INFO - ::endgroup::
