INFO 2025-03-07 10:03:21,655 autoreload Watching for file changes with StatReloader
INFO 2025-03-07 10:05:53,869 autoreload /home/prakhar/Desktop/Bootcamp/Python/Week_4_Django/14-Django/poll/greeting/views.py changed, reloading.
INFO 2025-03-07 10:05:54,084 autoreload Watching for file changes with StatReloader
INFO 2025-03-07 10:05:58,175 autoreload /home/prakhar/Desktop/Bootcamp/Python/Week_4_Django/14-Django/poll/greeting/views.py changed, reloading.
INFO 2025-03-07 10:05:58,397 autoreload Watching for file changes with StatReloader
INFO 2025-03-07 10:06:30,728 autoreload /home/prakhar/Desktop/Bootcamp/Python/Week_4_Django/14-Django/poll/greeting/views.py changed, reloading.
INFO 2025-03-07 10:06:30,924 autoreload Watching for file changes with StatReloader
INFO 2025-03-07 10:06:34,026 autoreload /home/prakhar/Desktop/Bootcamp/Python/Week_4_Django/14-Django/poll/greeting/views.py changed, reloading.
INFO 2025-03-07 10:06:34,240 autoreload Watching for file changes with StatReloader
INFO 2025-03-07 10:06:37,297 autoreload /home/prakhar/Desktop/Bootcamp/Python/Week_4_Django/14-Django/poll/greeting/views.py changed, reloading.
INFO 2025-03-07 10:06:37,524 autoreload Watching for file changes with StatReloader
INFO 2025-03-07 10:06:44,659 autoreload /home/prakhar/Desktop/Bootcamp/Python/Week_4_Django/14-Django/poll/greeting/views.py changed, reloading.
INFO 2025-03-07 10:06:44,910 autoreload Watching for file changes with StatReloader
INFO 2025-03-07 10:07:00,078 autoreload /home/prakhar/Desktop/Bootcamp/Python/Week_4_Django/14-Django/poll/greeting/views.py changed, reloading.
INFO 2025-03-07 10:07:00,275 autoreload Watching for file changes with StatReloader
INFO 2025-03-07 10:07:05,360 autoreload /home/prakhar/Desktop/Bootcamp/Python/Week_4_Django/14-Django/poll/greeting/views.py changed, reloading.
INFO 2025-03-07 10:07:05,571 autoreload Watching for file changes with StatReloader
INFO 2025-03-07 10:07:11,689 autoreload /home/prakhar/Desktop/Bootcamp/Python/Week_4_Django/14-Django/poll/greeting/views.py changed, reloading.
INFO 2025-03-07 10:07:11,888 autoreload Watching for file changes with StatReloader
INFO 2025-03-07 10:07:21,040 autoreload /home/prakhar/Desktop/Bootcamp/Python/Week_4_Django/14-Django/poll/greeting/views.py changed, reloading.
INFO 2025-03-07 10:07:21,243 autoreload Watching for file changes with StatReloader
INFO 2025-03-07 10:07:28,319 autoreload /home/prakhar/Desktop/Bootcamp/Python/Week_4_Django/14-Django/poll/greeting/views.py changed, reloading.
INFO 2025-03-07 10:07:28,531 autoreload Watching for file changes with StatReloader
INFO 2025-03-07 10:07:34,643 autoreload /home/prakhar/Desktop/Bootcamp/Python/Week_4_Django/14-Django/poll/greeting/views.py changed, reloading.
INFO 2025-03-07 10:07:34,837 autoreload Watching for file changes with StatReloader
INFO 2025-03-07 10:07:38,948 autoreload /home/prakhar/Desktop/Bootcamp/Python/Week_4_Django/14-Django/poll/greeting/views.py changed, reloading.
INFO 2025-03-07 10:07:39,187 autoreload Watching for file changes with StatReloader
INFO 2025-03-07 10:07:45,339 autoreload /home/prakhar/Desktop/Bootcamp/Python/Week_4_Django/14-Django/poll/greeting/views.py changed, reloading.
INFO 2025-03-07 10:07:45,533 autoreload Watching for file changes with StatReloader
INFO 2025-03-07 10:07:47,631 autoreload /home/prakhar/Desktop/Bootcamp/Python/Week_4_Django/14-Django/poll/greeting/views.py changed, reloading.
INFO 2025-03-07 10:07:47,825 autoreload Watching for file changes with StatReloader
INFO 2025-03-07 10:07:59,010 autoreload /home/prakhar/Desktop/Bootcamp/Python/Week_4_Django/14-Django/poll/greeting/views.py changed, reloading.
INFO 2025-03-07 10:07:59,220 autoreload Watching for file changes with StatReloader
INFO 2025-03-07 10:08:00,314 autoreload /home/prakhar/Desktop/Bootcamp/Python/Week_4_Django/14-Django/poll/greeting/views.py changed, reloading.
INFO 2025-03-07 10:08:00,514 autoreload Watching for file changes with StatReloader
INFO 2025-03-09 19:16:45,141 autoreload Watching for file changes with StatReloader
INFO 2025-03-09 19:17:44,939 autoreload D:\Work\pythonBootcamp\Week_4_Django\14-Django\poll\greeting\middleware.py changed, reloading.
INFO 2025-03-09 19:17:45,851 autoreload Watching for file changes with StatReloader
INFO 2025-03-09 19:17:50,524 autoreload D:\Work\pythonBootcamp\Week_4_Django\14-Django\poll\poll\settings.py changed, reloading.
INFO 2025-03-09 19:17:51,359 autoreload Watching for file changes with StatReloader
INFO 2025-03-09 19:17:52,917 autoreload D:\Work\pythonBootcamp\Week_4_Django\14-Django\poll\poll\settings.py changed, reloading.
INFO 2025-03-09 19:17:53,895 autoreload Watching for file changes with StatReloader
INFO 2025-03-09 19:18:00,508 autoreload Watching for file changes with StatReloader
WARNING 2025-03-09 19:18:09,997 log Forbidden: /
WARNING 2025-03-09 19:18:09,998 basehttp "GET / HTTP/1.1" 403 13
WARNING 2025-03-09 19:18:10,169 log Forbidden: /favicon.ico
WARNING 2025-03-09 19:18:10,170 basehttp "GET /favicon.ico HTTP/1.1" 403 13
INFO 2025-03-09 19:31:11,915 autoreload D:\Work\pythonBootcamp\Week_4_Django\14-Django\poll\greeting\middleware.py changed, reloading.
INFO 2025-03-09 19:31:12,980 autoreload Watching for file changes with StatReloader
INFO 2025-03-09 19:31:17,561 autoreload D:\Work\pythonBootcamp\Week_4_Django\14-Django\poll\greeting\middleware.py changed, reloading.
INFO 2025-03-09 19:31:18,355 autoreload Watching for file changes with StatReloader
INFO 2025-03-09 19:31:20,808 autoreload D:\Work\pythonBootcamp\Week_4_Django\14-Django\poll\greeting\middleware.py changed, reloading.
INFO 2025-03-09 19:31:21,545 autoreload Watching for file changes with StatReloader
INFO 2025-03-09 19:31:47,922 autoreload D:\Work\pythonBootcamp\Week_4_Django\14-Django\poll\greeting\middleware.py changed, reloading.
INFO 2025-03-09 19:31:48,739 autoreload Watching for file changes with StatReloader
INFO 2025-03-09 19:31:56,501 autoreload D:\Work\pythonBootcamp\Week_4_Django\14-Django\poll\greeting\middleware.py changed, reloading.
INFO 2025-03-09 19:31:57,353 autoreload Watching for file changes with StatReloader
INFO 2025-03-09 19:32:00,954 autoreload D:\Work\pythonBootcamp\Week_4_Django\14-Django\poll\greeting\middleware.py changed, reloading.
INFO 2025-03-09 19:32:01,833 autoreload Watching for file changes with StatReloader
INFO 2025-03-09 19:32:06,407 autoreload D:\Work\pythonBootcamp\Week_4_Django\14-Django\poll\greeting\middleware.py changed, reloading.
INFO 2025-03-09 19:32:07,148 autoreload Watching for file changes with StatReloader
INFO 2025-03-09 19:32:19,929 autoreload D:\Work\pythonBootcamp\Week_4_Django\14-Django\poll\greeting\middleware.py changed, reloading.
INFO 2025-03-09 19:32:20,840 autoreload Watching for file changes with StatReloader
INFO 2025-03-09 19:32:22,329 autoreload D:\Work\pythonBootcamp\Week_4_Django\14-Django\poll\greeting\middleware.py changed, reloading.
INFO 2025-03-09 19:32:23,126 autoreload Watching for file changes with StatReloader
INFO 2025-03-09 19:32:49,456 autoreload D:\Work\pythonBootcamp\Week_4_Django\14-Django\poll\greeting\middleware.py changed, reloading.
INFO 2025-03-09 19:32:50,319 autoreload Watching for file changes with StatReloader
INFO 2025-03-09 19:32:51,761 autoreload D:\Work\pythonBootcamp\Week_4_Django\14-Django\poll\greeting\middleware.py changed, reloading.
INFO 2025-03-09 19:32:52,543 autoreload Watching for file changes with StatReloader
INFO 2025-03-09 19:33:01,332 autoreload D:\Work\pythonBootcamp\Week_4_Django\14-Django\poll\greeting\middleware.py changed, reloading.
INFO 2025-03-09 19:33:02,210 autoreload Watching for file changes with StatReloader
INFO 2025-03-09 19:33:07,877 autoreload D:\Work\pythonBootcamp\Week_4_Django\14-Django\poll\greeting\middleware.py changed, reloading.
INFO 2025-03-09 19:33:08,698 autoreload Watching for file changes with StatReloader
INFO 2025-03-09 19:33:11,218 autoreload D:\Work\pythonBootcamp\Week_4_Django\14-Django\poll\greeting\middleware.py changed, reloading.
INFO 2025-03-09 19:33:11,893 autoreload Watching for file changes with StatReloader
INFO 2025-03-09 19:33:16,515 autoreload D:\Work\pythonBootcamp\Week_4_Django\14-Django\poll\greeting\middleware.py changed, reloading.
INFO 2025-03-09 19:33:17,297 autoreload Watching for file changes with StatReloader
INFO 2025-03-09 19:33:18,744 autoreload D:\Work\pythonBootcamp\Week_4_Django\14-Django\poll\greeting\middleware.py changed, reloading.
INFO 2025-03-09 19:33:19,496 autoreload Watching for file changes with StatReloader
INFO 2025-03-09 19:36:05,829 autoreload D:\Work\pythonBootcamp\Week_4_Django\14-Django\poll\poll\settings.py changed, reloading.
INFO 2025-03-09 19:36:06,696 autoreload Watching for file changes with StatReloader
INFO 2025-03-09 19:36:08,160 autoreload D:\Work\pythonBootcamp\Week_4_Django\14-Django\poll\poll\settings.py changed, reloading.
INFO 2025-03-09 19:36:08,973 autoreload Watching for file changes with StatReloader
INFO 2025-03-09 19:36:17,701 autoreload D:\Work\pythonBootcamp\Week_4_Django\14-Django\poll\poll\settings.py changed, reloading.
INFO 2025-03-09 19:36:18,465 autoreload Watching for file changes with StatReloader
INFO 2025-03-09 19:36:23,025 autoreload D:\Work\pythonBootcamp\Week_4_Django\14-Django\poll\poll\settings.py changed, reloading.
INFO 2025-03-09 19:36:23,734 autoreload Watching for file changes with StatReloader
ERROR 2025-03-09 19:36:36,701 log Internal Server Error: /
Traceback (most recent call last):
  File "D:\Work\pythonBootcamp\homevenv\Lib\site-packages\django\core\handlers\exception.py", line 55, in inner
    response = get_response(request)
  File "D:\Work\pythonBootcamp\Week_4_Django\14-Django\Poll\greeting\middleware.py", line 42, in __call__
    print(f"Processing response: {response.status_code}")
                                  ^^^^^^^^^^^^^^^^^^^^
AttributeError: 'function' object has no attribute 'status_code'
ERROR 2025-03-09 19:36:36,705 basehttp "GET / HTTP/1.1" 500 62127
INFO 2025-03-09 19:37:11,355 autoreload D:\Work\pythonBootcamp\Week_4_Django\14-Django\poll\greeting\middleware.py changed, reloading.
INFO 2025-03-09 19:37:12,350 autoreload Watching for file changes with StatReloader
INFO 2025-03-09 19:37:13,812 autoreload D:\Work\pythonBootcamp\Week_4_Django\14-Django\poll\greeting\middleware.py changed, reloading.
INFO 2025-03-09 19:37:14,560 autoreload Watching for file changes with StatReloader
INFO 2025-03-09 19:37:21,161 autoreload D:\Work\pythonBootcamp\Week_4_Django\14-Django\poll\greeting\middleware.py changed, reloading.
INFO 2025-03-09 19:37:22,001 autoreload Watching for file changes with StatReloader
INFO 2025-03-09 19:37:26,595 autoreload D:\Work\pythonBootcamp\Week_4_Django\14-Django\poll\greeting\middleware.py changed, reloading.
INFO 2025-03-09 19:37:27,309 autoreload Watching for file changes with StatReloader
ERROR 2025-03-09 19:37:31,677 log Internal Server Error: /
Traceback (most recent call last):
  File "D:\Work\pythonBootcamp\homevenv\Lib\site-packages\django\core\handlers\exception.py", line 55, in inner
    response = get_response(request)
  File "D:\Work\pythonBootcamp\Week_4_Django\14-Django\Poll\greeting\middleware.py", line 41, in __call__
    print(f"Processing response: {request.status_code}")
                                  ^^^^^^^^^^^^^^^^^^^
AttributeError: 'WSGIRequest' object has no attribute 'status_code'
ERROR 2025-03-09 19:37:31,679 basehttp "GET / HTTP/1.1" 500 62034
ERROR 2025-03-09 19:37:32,686 log Internal Server Error: /
Traceback (most recent call last):
  File "D:\Work\pythonBootcamp\homevenv\Lib\site-packages\django\core\handlers\exception.py", line 55, in inner
    response = get_response(request)
  File "D:\Work\pythonBootcamp\Week_4_Django\14-Django\Poll\greeting\middleware.py", line 41, in __call__
    print(f"Processing response: {request.status_code}")
                                  ^^^^^^^^^^^^^^^^^^^
AttributeError: 'WSGIRequest' object has no attribute 'status_code'
ERROR 2025-03-09 19:37:32,690 basehttp "GET / HTTP/1.1" 500 62034
ERROR 2025-03-09 19:37:33,468 log Internal Server Error: /
Traceback (most recent call last):
  File "D:\Work\pythonBootcamp\homevenv\Lib\site-packages\django\core\handlers\exception.py", line 55, in inner
    response = get_response(request)
  File "D:\Work\pythonBootcamp\Week_4_Django\14-Django\Poll\greeting\middleware.py", line 41, in __call__
    print(f"Processing response: {request.status_code}")
                                  ^^^^^^^^^^^^^^^^^^^
AttributeError: 'WSGIRequest' object has no attribute 'status_code'
ERROR 2025-03-09 19:37:33,471 basehttp "GET / HTTP/1.1" 500 62034
INFO 2025-03-09 19:37:38,237 autoreload D:\Work\pythonBootcamp\Week_4_Django\14-Django\poll\greeting\middleware.py changed, reloading.
INFO 2025-03-09 19:37:39,022 autoreload Watching for file changes with StatReloader
INFO 2025-03-09 19:37:40,551 autoreload D:\Work\pythonBootcamp\Week_4_Django\14-Django\poll\greeting\middleware.py changed, reloading.
INFO 2025-03-09 19:37:41,269 autoreload Watching for file changes with StatReloader
ERROR 2025-03-09 19:37:42,620 log Internal Server Error: /
Traceback (most recent call last):
  File "D:\Work\pythonBootcamp\homevenv\Lib\site-packages\django\core\handlers\exception.py", line 55, in inner
    response = get_response(request)
  File "D:\Work\pythonBootcamp\Week_4_Django\14-Django\Poll\greeting\middleware.py", line 41, in __call__
    print(f"Processing response: {self.get_response.status_code}")
                                  ^^^^^^^^^^^^^^^^^^^^^^^^^^^^^
AttributeError: 'function' object has no attribute 'status_code'
ERROR 2025-03-09 19:37:42,623 basehttp "GET / HTTP/1.1" 500 62062
ERROR 2025-03-09 19:37:43,796 log Internal Server Error: /
Traceback (most recent call last):
  File "D:\Work\pythonBootcamp\homevenv\Lib\site-packages\django\core\handlers\exception.py", line 55, in inner
    response = get_response(request)
  File "D:\Work\pythonBootcamp\Week_4_Django\14-Django\Poll\greeting\middleware.py", line 41, in __call__
    print(f"Processing response: {self.get_response.status_code}")
                                  ^^^^^^^^^^^^^^^^^^^^^^^^^^^^^
AttributeError: 'function' object has no attribute 'status_code'
ERROR 2025-03-09 19:37:43,799 basehttp "GET / HTTP/1.1" 500 62062
INFO 2025-03-09 19:37:51,246 autoreload D:\Work\pythonBootcamp\Week_4_Django\14-Django\poll\greeting\middleware.py changed, reloading.
INFO 2025-03-09 19:37:52,151 autoreload Watching for file changes with StatReloader
INFO 2025-03-09 19:37:53,568 autoreload D:\Work\pythonBootcamp\Week_4_Django\14-Django\poll\greeting\middleware.py changed, reloading.
INFO 2025-03-09 19:37:54,245 autoreload Watching for file changes with StatReloader
ERROR 2025-03-09 19:37:56,001 log Internal Server Error: /
Traceback (most recent call last):
  File "D:\Work\pythonBootcamp\homevenv\Lib\site-packages\django\core\handlers\exception.py", line 55, in inner
    response = get_response(request)
  File "D:\Work\pythonBootcamp\Week_4_Django\14-Django\Poll\greeting\middleware.py", line 41, in __call__
    print(f"Processing response: {response.status_code}")
                                  ^^^^^^^^
NameError: name 'response' is not defined
ERROR 2025-03-09 19:37:56,005 basehttp "GET / HTTP/1.1" 500 61842
ERROR 2025-03-09 19:37:56,780 log Internal Server Error: /
Traceback (most recent call last):
  File "D:\Work\pythonBootcamp\homevenv\Lib\site-packages\django\core\handlers\exception.py", line 55, in inner
    response = get_response(request)
  File "D:\Work\pythonBootcamp\Week_4_Django\14-Django\Poll\greeting\middleware.py", line 41, in __call__
    print(f"Processing response: {response.status_code}")
                                  ^^^^^^^^
NameError: name 'response' is not defined
ERROR 2025-03-09 19:37:56,786 basehttp "GET / HTTP/1.1" 500 61842
INFO 2025-03-09 19:38:13,527 autoreload D:\Work\pythonBootcamp\Week_4_Django\14-Django\poll\greeting\middleware.py changed, reloading.
INFO 2025-03-09 19:38:14,269 autoreload Watching for file changes with StatReloader
WARNING 2025-03-09 19:38:16,672 log Not Found: /
WARNING 2025-03-09 19:38:16,673 basehttp "GET / HTTP/1.1" 404 3070
INFO 2025-03-09 19:38:22,519 basehttp "GET /greeting HTTP/1.1" 301 0
INFO 2025-03-09 19:38:22,531 basehttp "GET /greeting/ HTTP/1.1" 302 0
INFO 2025-03-09 19:38:22,543 basehttp "GET /login?next=/greeting/ HTTP/1.1" 301 0
INFO 2025-03-09 19:38:22,571 basehttp "GET /login/?next=/greeting/ HTTP/1.1" 200 617
INFO 2025-03-09 19:38:34,793 autoreload D:\Work\pythonBootcamp\Week_4_Django\14-Django\poll\greeting\middleware.py changed, reloading.
INFO 2025-03-09 19:38:35,673 autoreload Watching for file changes with StatReloader
INFO 2025-03-09 19:38:37,143 autoreload D:\Work\pythonBootcamp\Week_4_Django\14-Django\poll\greeting\middleware.py changed, reloading.
INFO 2025-03-09 19:38:37,870 autoreload Watching for file changes with StatReloader
INFO 2025-03-09 19:38:39,263 autoreload D:\Work\pythonBootcamp\Week_4_Django\14-Django\poll\greeting\middleware.py changed, reloading.
INFO 2025-03-09 19:38:39,965 autoreload Watching for file changes with StatReloader
INFO 2025-03-09 19:39:26,537 basehttp "POST /login/?next=/greeting/ HTTP/1.1" 302 0
INFO 2025-03-09 19:39:26,575 basehttp "GET /greeting/ HTTP/1.1" 200 1396
INFO 2025-03-09 19:50:51,854 autoreload D:\Work\pythonBootcamp\Week_4_Django\14-Django\poll\greeting\views.py changed, reloading.
INFO 2025-03-09 19:50:52,818 autoreload Watching for file changes with StatReloader
INFO 2025-03-09 19:50:55,555 autoreload D:\Work\pythonBootcamp\Week_4_Django\14-Django\poll\greeting\views.py changed, reloading.
INFO 2025-03-09 19:50:56,241 autoreload Watching for file changes with StatReloader
INFO 2025-03-09 21:58:34,012 autoreload Watching for file changes with StatReloader
INFO 2025-03-09 21:58:46,039 basehttp "GET /greeting/ HTTP/1.1" 200 1396
INFO 2025-03-09 21:59:12,876 basehttp "GET /admin HTTP/1.1" 301 0
INFO 2025-03-09 21:59:13,216 basehttp "GET /admin/ HTTP/1.1" 200 7260
INFO 2025-03-09 21:59:13,491 basehttp "GET /static/admin/css/base.css HTTP/1.1" 200 22092
INFO 2025-03-09 21:59:13,562 basehttp "GET /static/admin/css/responsive.css HTTP/1.1" 200 17972
INFO 2025-03-09 21:59:13,648 basehttp "GET /static/admin/css/nav_sidebar.css HTTP/1.1" 200 2810
INFO 2025-03-09 21:59:13,653 basehttp "GET /static/admin/css/dashboard.css HTTP/1.1" 200 441
INFO 2025-03-09 21:59:13,663 basehttp "GET /static/admin/js/theme.js HTTP/1.1" 200 1653
INFO 2025-03-09 21:59:13,709 basehttp "GET /static/admin/css/dark_mode.css HTTP/1.1" 200 2804
INFO 2025-03-09 21:59:13,722 basehttp "GET /static/admin/js/nav_sidebar.js HTTP/1.1" 200 3063
INFO 2025-03-09 21:59:13,750 basehttp "GET /static/admin/img/icon-changelink.svg HTTP/1.1" 200 380
INFO 2025-03-09 21:59:13,750 basehttp "GET /static/admin/img/icon-addlink.svg HTTP/1.1" 200 331
INFO 2025-03-09 21:59:16,191 basehttp "GET /admin/greeting/poll/add/ HTTP/1.1" 200 9544
INFO 2025-03-09 21:59:16,235 basehttp "GET /static/admin/js/jquery.init.js HTTP/1.1" 200 347
INFO 2025-03-09 21:59:16,237 basehttp "GET /static/admin/css/forms.css HTTP/1.1" 200 8794
INFO 2025-03-09 21:59:16,325 basehttp "GET /admin/jsi18n/ HTTP/1.1" 200 3342
INFO 2025-03-09 21:59:16,331 basehttp "GET /static/admin/js/admin/RelatedObjectLookups.js HTTP/1.1" 200 9097
INFO 2025-03-09 21:59:16,331 basehttp "GET /static/admin/js/urlify.js HTTP/1.1" 200 7887
INFO 2025-03-09 21:59:16,342 basehttp "GET /static/admin/js/core.js HTTP/1.1" 200 6208
INFO 2025-03-09 21:59:16,360 basehttp "GET /static/admin/css/widgets.css HTTP/1.1" 200 11564
INFO 2025-03-09 21:59:16,368 basehttp "GET /static/admin/js/prepopulate.js HTTP/1.1" 200 1531
INFO 2025-03-09 21:59:16,373 basehttp "GET /static/admin/js/prepopulate_init.js HTTP/1.1" 200 586
INFO 2025-03-09 21:59:16,386 basehttp "GET /static/admin/js/actions.js HTTP/1.1" 200 8076
INFO 2025-03-09 21:59:16,492 basehttp "GET /static/admin/js/vendor/jquery/jquery.js HTTP/1.1" 200 285314
INFO 2025-03-09 21:59:16,527 basehttp "GET /static/admin/js/change_form.js HTTP/1.1" 200 606
INFO 2025-03-09 21:59:16,559 basehttp "GET /static/admin/js/vendor/xregexp/xregexp.js HTTP/1.1" 200 325171
INFO 2025-03-09 21:59:27,223 basehttp "POST /admin/greeting/poll/add/ HTTP/1.1" 302 0
INFO 2025-03-09 21:59:27,422 basehttp "GET /admin/greeting/poll/ HTTP/1.1" 200 15079
INFO 2025-03-09 21:59:27,445 basehttp "GET /admin/jsi18n/ HTTP/1.1" 200 3342
INFO 2025-03-09 21:59:27,467 basehttp "GET /static/admin/css/changelists.css HTTP/1.1" 200 6878
INFO 2025-03-09 21:59:27,484 basehttp "GET /static/admin/img/icon-yes.svg HTTP/1.1" 200 436
INFO 2025-03-09 21:59:27,499 basehttp "GET /static/admin/js/filters.js HTTP/1.1" 200 978
INFO 2025-03-09 21:59:27,512 basehttp "GET /static/admin/img/tooltag-add.svg HTTP/1.1" 200 331
