[2025-04-18T10:16:58.709+0530] {local_task_job_runner.py:123} INFO - ::group::Pre task execution logs
[2025-04-18T10:16:58.723+0530] {taskinstance.py:2614} INFO - Dependencies all met for dep_context=non-requeueable deps ti=<TaskInstance: hello_world_dag.hello_world_task scheduled__2025-04-17T00:00:00+00:00 [queued]>
[2025-04-18T10:16:58.726+0530] {taskinstance.py:2614} INFO - Dependencies all met for dep_context=requeueable deps ti=<TaskInstance: hello_world_dag.hello_world_task scheduled__2025-04-17T00:00:00+00:00 [queued]>
[2025-04-18T10:16:58.727+0530] {taskinstance.py:2867} INFO - Starting attempt 1 of 2
[2025-04-18T10:16:58.841+0530] {taskinstance.py:2890} INFO - Executing <Task(PythonOperator): hello_world_task> on 2025-04-17 00:00:00+00:00
[2025-04-18T10:16:58.848+0530] {standard_task_runner.py:72} INFO - Started process 18330 to run task
[2025-04-18T10:16:58.852+0530] {standard_task_runner.py:104} INFO - Running: ['airflow', 'tasks', 'run', 'hello_world_dag', 'hello_world_task', 'scheduled__2025-04-17T00:00:00+00:00', '--job-id', '17', '--raw', '--subdir', 'DAGS_FOLDER/hello_world.py', '--cfg-path', '/tmp/tmpfs4dj5iv']
[2025-04-18T10:16:58.853+0530] {standard_task_runner.py:105} INFO - Job 17: Subtask hello_world_task
[2025-04-18T10:16:58.972+0530] {task_command.py:467} INFO - Running <TaskInstance: hello_world_dag.hello_world_task scheduled__2025-04-17T00:00:00+00:00 [running]> on host prakhar-8204
[2025-04-18T10:16:59.113+0530] {taskinstance.py:3134} INFO - Exporting env vars: AIRFLOW_CTX_DAG_OWNER='admin' AIRFLOW_CTX_DAG_ID='hello_world_dag' AIRFLOW_CTX_TASK_ID='hello_world_task' AIRFLOW_CTX_EXECUTION_DATE='2025-04-17T00:00:00+00:00' AIRFLOW_CTX_TRY_NUMBER='1' AIRFLOW_CTX_DAG_RUN_ID='scheduled__2025-04-17T00:00:00+00:00'
[2025-04-18T10:16:59.114+0530] {logging_mixin.py:190} INFO - Task instance is in running state
[2025-04-18T10:16:59.115+0530] {logging_mixin.py:190} INFO -  Previous state of the Task instance: queued
[2025-04-18T10:16:59.115+0530] {logging_mixin.py:190} INFO - Current task name:hello_world_task state:running start_date:2025-04-18 04:46:58.723583+00:00
[2025-04-18T10:16:59.115+0530] {logging_mixin.py:190} INFO - Dag name:hello_world_dag and current dag run status:running
[2025-04-18T10:16:59.116+0530] {taskinstance.py:732} INFO - ::endgroup::
[2025-04-18T10:16:59.116+0530] {logging_mixin.py:190} INFO - Hello, world! This is my first DAG.
[2025-04-18T10:16:59.117+0530] {python.py:240} INFO - Done. Returned value was: None
[2025-04-18T10:16:59.135+0530] {taskinstance.py:341} INFO - ::group::Post task execution logs
[2025-04-18T10:16:59.135+0530] {taskinstance.py:353} INFO - Marking task as SUCCESS. dag_id=hello_world_dag, task_id=hello_world_task, run_id=scheduled__2025-04-17T00:00:00+00:00, execution_date=20250417T000000, start_date=20250418T044658, end_date=20250418T044659
[2025-04-18T10:16:59.381+0530] {logging_mixin.py:190} INFO - Task instance in success state
[2025-04-18T10:16:59.382+0530] {logging_mixin.py:190} INFO -  Previous state of the Task instance: running
[2025-04-18T10:16:59.382+0530] {logging_mixin.py:190} INFO - Dag name:hello_world_dag queued_at:2025-04-18 04:46:54.855076+00:00
[2025-04-18T10:16:59.383+0530] {logging_mixin.py:190} INFO - Task hostname:prakhar-8204 operator:PythonOperator
[2025-04-18T10:16:59.425+0530] {local_task_job_runner.py:266} INFO - Task exited with return code 0
[2025-04-18T10:16:59.437+0530] {taskinstance.py:3901} INFO - 0 downstream tasks scheduled from follow-on schedule check
[2025-04-18T10:16:59.438+0530] {local_task_job_runner.py:245} INFO - ::endgroup::
