[2025-04-17T11:33:48.166+0530] {local_task_job_runner.py:123} INFO - ::group::Pre task execution logs
[2025-04-17T11:33:48.186+0530] {taskinstance.py:2614} INFO - Dependencies all met for dep_context=non-requeueable deps ti=<TaskInstance: example_display_name.sample_task_2 manual__2025-04-17T06:03:44.774877+00:00 [queued]>
[2025-04-17T11:33:48.190+0530] {taskinstance.py:2614} INFO - Dependencies all met for dep_context=requeueable deps ti=<TaskInstance: example_display_name.sample_task_2 manual__2025-04-17T06:03:44.774877+00:00 [queued]>
[2025-04-17T11:33:48.190+0530] {taskinstance.py:2867} INFO - Starting attempt 1 of 1
[2025-04-17T11:33:48.239+0530] {taskinstance.py:2890} INFO - Executing <Task(_PythonDecoratedOperator): sample_task_2> on 2025-04-17 06:03:44.774877+00:00
[2025-04-17T11:33:48.245+0530] {standard_task_runner.py:72} INFO - Started process 35595 to run task
[2025-04-17T11:33:48.249+0530] {standard_task_runner.py:104} INFO - Running: ['airflow', 'tasks', 'run', 'example_display_name', 'sample_task_2', 'manual__2025-04-17T06:03:44.774877+00:00', '--job-id', '3', '--raw', '--subdir', '/home/prakhar/Desktop/Bootcamp/Python/Airflow-Project/airflowvenv/lib/python3.12/site-packages/airflow/example_dags/example_display_name.py', '--cfg-path', '/tmp/tmp4c21mav0']
[2025-04-17T11:33:48.250+0530] {standard_task_runner.py:105} INFO - Job 3: Subtask sample_task_2
[2025-04-17T11:33:48.353+0530] {task_command.py:467} INFO - Running <TaskInstance: example_display_name.sample_task_2 manual__2025-04-17T06:03:44.774877+00:00 [running]> on host prakhar-8204
[2025-04-17T11:33:48.588+0530] {taskinstance.py:3134} INFO - Exporting env vars: AIRFLOW_CTX_DAG_OWNER='airflow' AIRFLOW_CTX_DAG_ID='example_display_name' AIRFLOW_CTX_TASK_ID='sample_task_2' AIRFLOW_CTX_EXECUTION_DATE='2025-04-17T06:03:44.774877+00:00' AIRFLOW_CTX_TRY_NUMBER='1' AIRFLOW_CTX_DAG_RUN_ID='manual__2025-04-17T06:03:44.774877+00:00'
[2025-04-17T11:33:48.590+0530] {logging_mixin.py:190} INFO - Task instance is in running state
[2025-04-17T11:33:48.591+0530] {logging_mixin.py:190} INFO -  Previous state of the Task instance: queued
[2025-04-17T11:33:48.591+0530] {logging_mixin.py:190} INFO - Current task name:sample_task_2 state:running start_date:2025-04-17 06:03:48.186499+00:00
[2025-04-17T11:33:48.592+0530] {logging_mixin.py:190} INFO - Dag name:example_display_name and current dag run status:running
[2025-04-17T11:33:48.592+0530] {taskinstance.py:732} INFO - ::endgroup::
[2025-04-17T11:33:48.593+0530] {python.py:240} INFO - Done. Returned value was: None
[2025-04-17T11:33:48.611+0530] {taskinstance.py:341} INFO - ::group::Post task execution logs
[2025-04-17T11:33:48.611+0530] {taskinstance.py:353} INFO - Marking task as SUCCESS. dag_id=example_display_name, task_id=sample_task_2, run_id=manual__2025-04-17T06:03:44.774877+00:00, execution_date=20250417T060344, start_date=20250417T060348, end_date=20250417T060348
[2025-04-17T11:33:48.735+0530] {logging_mixin.py:190} INFO - Task instance in success state
[2025-04-17T11:33:48.735+0530] {logging_mixin.py:190} INFO -  Previous state of the Task instance: running
[2025-04-17T11:33:48.735+0530] {logging_mixin.py:190} INFO - Dag name:example_display_name queued_at:2025-04-17 06:03:44.877425+00:00
[2025-04-17T11:33:48.735+0530] {logging_mixin.py:190} INFO - Task hostname:prakhar-8204 operator:_PythonDecoratedOperator
[2025-04-17T11:33:48.742+0530] {local_task_job_runner.py:266} INFO - Task exited with return code 0
[2025-04-17T11:33:48.759+0530] {taskinstance.py:3901} INFO - 0 downstream tasks scheduled from follow-on schedule check
[2025-04-17T11:33:48.760+0530] {local_task_job_runner.py:245} INFO - ::endgroup::
