[2025-04-18T10:17:04.970+0530] {processor.py:186} INFO - Started process (PID=18409) to work on /home/prakhar/Desktop/Bootcamp/Python/Airflow-Project/airflowvenv/lib/python3.12/site-packages/airflow/example_dags/plugins/listener_plugin.py
[2025-04-18T10:17:04.970+0530] {processor.py:914} INFO - Processing file /home/prakhar/Desktop/Bootcamp/Python/Airflow-Project/airflowvenv/lib/python3.12/site-packages/airflow/example_dags/plugins/listener_plugin.py for tasks to queue
[2025-04-18T10:17:04.971+0530] {logging_mixin.py:190} INFO - [2025-04-18T10:17:04.971+0530] {dagbag.py:588} INFO - Filling up the DagBag from /home/prakhar/Desktop/Bootcamp/Python/Airflow-Project/airflowvenv/lib/python3.12/site-packages/airflow/example_dags/plugins/listener_plugin.py
[2025-04-18T10:17:04.973+0530] {processor.py:927} WARNING - No viable dags retrieved from /home/prakhar/Desktop/Bootcamp/Python/Airflow-Project/airflowvenv/lib/python3.12/site-packages/airflow/example_dags/plugins/listener_plugin.py
[2025-04-18T10:17:04.979+0530] {processor.py:208} INFO - Processing /home/prakhar/Desktop/Bootcamp/Python/Airflow-Project/airflowvenv/lib/python3.12/site-packages/airflow/example_dags/plugins/listener_plugin.py took 0.012 seconds
[2025-04-18T10:18:14.647+0530] {processor.py:186} INFO - Started process (PID=19185) to work on /home/prakhar/Desktop/Bootcamp/Python/Airflow-Project/airflowvenv/lib/python3.12/site-packages/airflow/example_dags/plugins/listener_plugin.py
[2025-04-18T10:18:14.683+0530] {processor.py:914} INFO - Processing file /home/prakhar/Desktop/Bootcamp/Python/Airflow-Project/airflowvenv/lib/python3.12/site-packages/airflow/example_dags/plugins/listener_plugin.py for tasks to queue
[2025-04-18T10:18:14.685+0530] {logging_mixin.py:190} INFO - [2025-04-18T10:18:14.684+0530] {dagbag.py:588} INFO - Filling up the DagBag from /home/prakhar/Desktop/Bootcamp/Python/Airflow-Project/airflowvenv/lib/python3.12/site-packages/airflow/example_dags/plugins/listener_plugin.py
[2025-04-18T10:18:14.690+0530] {processor.py:927} WARNING - No viable dags retrieved from /home/prakhar/Desktop/Bootcamp/Python/Airflow-Project/airflowvenv/lib/python3.12/site-packages/airflow/example_dags/plugins/listener_plugin.py
[2025-04-18T10:18:14.702+0530] {processor.py:208} INFO - Processing /home/prakhar/Desktop/Bootcamp/Python/Airflow-Project/airflowvenv/lib/python3.12/site-packages/airflow/example_dags/plugins/listener_plugin.py took 0.058 seconds
[2025-04-18T10:18:53.306+0530] {processor.py:186} INFO - Started process (PID=19625) to work on /home/prakhar/Desktop/Bootcamp/Python/Airflow-Project/airflowvenv/lib/python3.12/site-packages/airflow/example_dags/plugins/listener_plugin.py
[2025-04-18T10:18:53.338+0530] {processor.py:914} INFO - Processing file /home/prakhar/Desktop/Bootcamp/Python/Airflow-Project/airflowvenv/lib/python3.12/site-packages/airflow/example_dags/plugins/listener_plugin.py for tasks to queue
[2025-04-18T10:18:53.340+0530] {logging_mixin.py:190} INFO - [2025-04-18T10:18:53.340+0530] {dagbag.py:588} INFO - Filling up the DagBag from /home/prakhar/Desktop/Bootcamp/Python/Airflow-Project/airflowvenv/lib/python3.12/site-packages/airflow/example_dags/plugins/listener_plugin.py
[2025-04-18T10:18:53.346+0530] {processor.py:927} WARNING - No viable dags retrieved from /home/prakhar/Desktop/Bootcamp/Python/Airflow-Project/airflowvenv/lib/python3.12/site-packages/airflow/example_dags/plugins/listener_plugin.py
[2025-04-18T10:18:53.358+0530] {processor.py:208} INFO - Processing /home/prakhar/Desktop/Bootcamp/Python/Airflow-Project/airflowvenv/lib/python3.12/site-packages/airflow/example_dags/plugins/listener_plugin.py took 0.056 seconds
[2025-04-18T10:19:45.042+0530] {processor.py:186} INFO - Started process (PID=20259) to work on /home/prakhar/Desktop/Bootcamp/Python/Airflow-Project/airflowvenv/lib/python3.12/site-packages/airflow/example_dags/plugins/listener_plugin.py
[2025-04-18T10:19:45.080+0530] {processor.py:914} INFO - Processing file /home/prakhar/Desktop/Bootcamp/Python/Airflow-Project/airflowvenv/lib/python3.12/site-packages/airflow/example_dags/plugins/listener_plugin.py for tasks to queue
[2025-04-18T10:19:45.081+0530] {logging_mixin.py:190} INFO - [2025-04-18T10:19:45.081+0530] {dagbag.py:588} INFO - Filling up the DagBag from /home/prakhar/Desktop/Bootcamp/Python/Airflow-Project/airflowvenv/lib/python3.12/site-packages/airflow/example_dags/plugins/listener_plugin.py
[2025-04-18T10:19:45.083+0530] {processor.py:927} WARNING - No viable dags retrieved from /home/prakhar/Desktop/Bootcamp/Python/Airflow-Project/airflowvenv/lib/python3.12/site-packages/airflow/example_dags/plugins/listener_plugin.py
[2025-04-18T10:19:45.168+0530] {processor.py:208} INFO - Processing /home/prakhar/Desktop/Bootcamp/Python/Airflow-Project/airflowvenv/lib/python3.12/site-packages/airflow/example_dags/plugins/listener_plugin.py took 0.129 seconds
[2025-04-18T10:20:55.586+0530] {processor.py:186} INFO - Started process (PID=21047) to work on /home/prakhar/Desktop/Bootcamp/Python/Airflow-Project/airflowvenv/lib/python3.12/site-packages/airflow/example_dags/plugins/listener_plugin.py
[2025-04-18T10:20:55.587+0530] {processor.py:914} INFO - Processing file /home/prakhar/Desktop/Bootcamp/Python/Airflow-Project/airflowvenv/lib/python3.12/site-packages/airflow/example_dags/plugins/listener_plugin.py for tasks to queue
[2025-04-18T10:20:55.588+0530] {logging_mixin.py:190} INFO - [2025-04-18T10:20:55.588+0530] {dagbag.py:588} INFO - Filling up the DagBag from /home/prakhar/Desktop/Bootcamp/Python/Airflow-Project/airflowvenv/lib/python3.12/site-packages/airflow/example_dags/plugins/listener_plugin.py
[2025-04-18T10:20:55.589+0530] {processor.py:927} WARNING - No viable dags retrieved from /home/prakhar/Desktop/Bootcamp/Python/Airflow-Project/airflowvenv/lib/python3.12/site-packages/airflow/example_dags/plugins/listener_plugin.py
[2025-04-18T10:20:55.596+0530] {processor.py:208} INFO - Processing /home/prakhar/Desktop/Bootcamp/Python/Airflow-Project/airflowvenv/lib/python3.12/site-packages/airflow/example_dags/plugins/listener_plugin.py took 0.014 seconds
[2025-04-18T10:21:41.463+0530] {processor.py:186} INFO - Started process (PID=21724) to work on /home/prakhar/Desktop/Bootcamp/Python/Airflow-Project/airflowvenv/lib/python3.12/site-packages/airflow/example_dags/plugins/listener_plugin.py
[2025-04-18T10:21:41.464+0530] {processor.py:914} INFO - Processing file /home/prakhar/Desktop/Bootcamp/Python/Airflow-Project/airflowvenv/lib/python3.12/site-packages/airflow/example_dags/plugins/listener_plugin.py for tasks to queue
[2025-04-18T10:21:41.465+0530] {logging_mixin.py:190} INFO - [2025-04-18T10:21:41.465+0530] {dagbag.py:588} INFO - Filling up the DagBag from /home/prakhar/Desktop/Bootcamp/Python/Airflow-Project/airflowvenv/lib/python3.12/site-packages/airflow/example_dags/plugins/listener_plugin.py
[2025-04-18T10:21:41.466+0530] {processor.py:927} WARNING - No viable dags retrieved from /home/prakhar/Desktop/Bootcamp/Python/Airflow-Project/airflowvenv/lib/python3.12/site-packages/airflow/example_dags/plugins/listener_plugin.py
[2025-04-18T10:21:41.472+0530] {processor.py:208} INFO - Processing /home/prakhar/Desktop/Bootcamp/Python/Airflow-Project/airflowvenv/lib/python3.12/site-packages/airflow/example_dags/plugins/listener_plugin.py took 0.013 seconds
[2025-04-18T10:22:48.313+0530] {processor.py:186} INFO - Started process (PID=22597) to work on /home/prakhar/Desktop/Bootcamp/Python/Airflow-Project/airflowvenv/lib/python3.12/site-packages/airflow/example_dags/plugins/listener_plugin.py
[2025-04-18T10:22:48.313+0530] {processor.py:914} INFO - Processing file /home/prakhar/Desktop/Bootcamp/Python/Airflow-Project/airflowvenv/lib/python3.12/site-packages/airflow/example_dags/plugins/listener_plugin.py for tasks to queue
[2025-04-18T10:22:48.315+0530] {logging_mixin.py:190} INFO - [2025-04-18T10:22:48.314+0530] {dagbag.py:588} INFO - Filling up the DagBag from /home/prakhar/Desktop/Bootcamp/Python/Airflow-Project/airflowvenv/lib/python3.12/site-packages/airflow/example_dags/plugins/listener_plugin.py
[2025-04-18T10:22:48.316+0530] {processor.py:927} WARNING - No viable dags retrieved from /home/prakhar/Desktop/Bootcamp/Python/Airflow-Project/airflowvenv/lib/python3.12/site-packages/airflow/example_dags/plugins/listener_plugin.py
[2025-04-18T10:22:48.323+0530] {processor.py:208} INFO - Processing /home/prakhar/Desktop/Bootcamp/Python/Airflow-Project/airflowvenv/lib/python3.12/site-packages/airflow/example_dags/plugins/listener_plugin.py took 0.014 seconds
[2025-04-18T10:23:32.455+0530] {processor.py:186} INFO - Started process (PID=22908) to work on /home/prakhar/Desktop/Bootcamp/Python/Airflow-Project/airflowvenv/lib/python3.12/site-packages/airflow/example_dags/plugins/listener_plugin.py
[2025-04-18T10:23:32.456+0530] {processor.py:914} INFO - Processing file /home/prakhar/Desktop/Bootcamp/Python/Airflow-Project/airflowvenv/lib/python3.12/site-packages/airflow/example_dags/plugins/listener_plugin.py for tasks to queue
[2025-04-18T10:23:32.458+0530] {logging_mixin.py:190} INFO - [2025-04-18T10:23:32.458+0530] {dagbag.py:588} INFO - Filling up the DagBag from /home/prakhar/Desktop/Bootcamp/Python/Airflow-Project/airflowvenv/lib/python3.12/site-packages/airflow/example_dags/plugins/listener_plugin.py
[2025-04-18T10:23:32.460+0530] {processor.py:927} WARNING - No viable dags retrieved from /home/prakhar/Desktop/Bootcamp/Python/Airflow-Project/airflowvenv/lib/python3.12/site-packages/airflow/example_dags/plugins/listener_plugin.py
[2025-04-18T10:23:32.466+0530] {processor.py:208} INFO - Processing /home/prakhar/Desktop/Bootcamp/Python/Airflow-Project/airflowvenv/lib/python3.12/site-packages/airflow/example_dags/plugins/listener_plugin.py took 0.015 seconds
[2025-04-18T10:24:11.318+0530] {processor.py:186} INFO - Started process (PID=23188) to work on /home/prakhar/Desktop/Bootcamp/Python/Airflow-Project/airflowvenv/lib/python3.12/site-packages/airflow/example_dags/plugins/listener_plugin.py
[2025-04-18T10:24:11.337+0530] {processor.py:914} INFO - Processing file /home/prakhar/Desktop/Bootcamp/Python/Airflow-Project/airflowvenv/lib/python3.12/site-packages/airflow/example_dags/plugins/listener_plugin.py for tasks to queue
[2025-04-18T10:24:11.341+0530] {logging_mixin.py:190} INFO - [2025-04-18T10:24:11.340+0530] {dagbag.py:588} INFO - Filling up the DagBag from /home/prakhar/Desktop/Bootcamp/Python/Airflow-Project/airflowvenv/lib/python3.12/site-packages/airflow/example_dags/plugins/listener_plugin.py
[2025-04-18T10:24:11.345+0530] {processor.py:927} WARNING - No viable dags retrieved from /home/prakhar/Desktop/Bootcamp/Python/Airflow-Project/airflowvenv/lib/python3.12/site-packages/airflow/example_dags/plugins/listener_plugin.py
[2025-04-18T10:24:11.352+0530] {processor.py:208} INFO - Processing /home/prakhar/Desktop/Bootcamp/Python/Airflow-Project/airflowvenv/lib/python3.12/site-packages/airflow/example_dags/plugins/listener_plugin.py took 0.039 seconds
[2025-04-18T10:24:50.317+0530] {processor.py:186} INFO - Started process (PID=23414) to work on /home/prakhar/Desktop/Bootcamp/Python/Airflow-Project/airflowvenv/lib/python3.12/site-packages/airflow/example_dags/plugins/listener_plugin.py
[2025-04-18T10:24:50.318+0530] {processor.py:914} INFO - Processing file /home/prakhar/Desktop/Bootcamp/Python/Airflow-Project/airflowvenv/lib/python3.12/site-packages/airflow/example_dags/plugins/listener_plugin.py for tasks to queue
[2025-04-18T10:24:50.320+0530] {logging_mixin.py:190} INFO - [2025-04-18T10:24:50.320+0530] {dagbag.py:588} INFO - Filling up the DagBag from /home/prakhar/Desktop/Bootcamp/Python/Airflow-Project/airflowvenv/lib/python3.12/site-packages/airflow/example_dags/plugins/listener_plugin.py
[2025-04-18T10:24:50.321+0530] {processor.py:927} WARNING - No viable dags retrieved from /home/prakhar/Desktop/Bootcamp/Python/Airflow-Project/airflowvenv/lib/python3.12/site-packages/airflow/example_dags/plugins/listener_plugin.py
[2025-04-18T10:24:50.327+0530] {processor.py:208} INFO - Processing /home/prakhar/Desktop/Bootcamp/Python/Airflow-Project/airflowvenv/lib/python3.12/site-packages/airflow/example_dags/plugins/listener_plugin.py took 0.016 seconds
[2025-04-18T10:25:29.912+0530] {processor.py:186} INFO - Started process (PID=23590) to work on /home/prakhar/Desktop/Bootcamp/Python/Airflow-Project/airflowvenv/lib/python3.12/site-packages/airflow/example_dags/plugins/listener_plugin.py
[2025-04-18T10:25:29.913+0530] {processor.py:914} INFO - Processing file /home/prakhar/Desktop/Bootcamp/Python/Airflow-Project/airflowvenv/lib/python3.12/site-packages/airflow/example_dags/plugins/listener_plugin.py for tasks to queue
[2025-04-18T10:25:29.915+0530] {logging_mixin.py:190} INFO - [2025-04-18T10:25:29.915+0530] {dagbag.py:588} INFO - Filling up the DagBag from /home/prakhar/Desktop/Bootcamp/Python/Airflow-Project/airflowvenv/lib/python3.12/site-packages/airflow/example_dags/plugins/listener_plugin.py
[2025-04-18T10:25:29.917+0530] {processor.py:927} WARNING - No viable dags retrieved from /home/prakhar/Desktop/Bootcamp/Python/Airflow-Project/airflowvenv/lib/python3.12/site-packages/airflow/example_dags/plugins/listener_plugin.py
[2025-04-18T10:25:29.923+0530] {processor.py:208} INFO - Processing /home/prakhar/Desktop/Bootcamp/Python/Airflow-Project/airflowvenv/lib/python3.12/site-packages/airflow/example_dags/plugins/listener_plugin.py took 0.015 seconds
[2025-04-18T10:26:46.347+0530] {processor.py:186} INFO - Started process (PID=24007) to work on /home/prakhar/Desktop/Bootcamp/Python/Airflow-Project/airflowvenv/lib/python3.12/site-packages/airflow/example_dags/plugins/listener_plugin.py
[2025-04-18T10:26:46.380+0530] {processor.py:914} INFO - Processing file /home/prakhar/Desktop/Bootcamp/Python/Airflow-Project/airflowvenv/lib/python3.12/site-packages/airflow/example_dags/plugins/listener_plugin.py for tasks to queue
[2025-04-18T10:26:46.382+0530] {logging_mixin.py:190} INFO - [2025-04-18T10:26:46.382+0530] {dagbag.py:588} INFO - Filling up the DagBag from /home/prakhar/Desktop/Bootcamp/Python/Airflow-Project/airflowvenv/lib/python3.12/site-packages/airflow/example_dags/plugins/listener_plugin.py
[2025-04-18T10:26:46.386+0530] {processor.py:927} WARNING - No viable dags retrieved from /home/prakhar/Desktop/Bootcamp/Python/Airflow-Project/airflowvenv/lib/python3.12/site-packages/airflow/example_dags/plugins/listener_plugin.py
[2025-04-18T10:26:46.402+0530] {processor.py:208} INFO - Processing /home/prakhar/Desktop/Bootcamp/Python/Airflow-Project/airflowvenv/lib/python3.12/site-packages/airflow/example_dags/plugins/listener_plugin.py took 0.060 seconds
[2025-04-18T10:27:30.017+0530] {processor.py:186} INFO - Started process (PID=24093) to work on /home/prakhar/Desktop/Bootcamp/Python/Airflow-Project/airflowvenv/lib/python3.12/site-packages/airflow/example_dags/plugins/listener_plugin.py
[2025-04-18T10:27:30.057+0530] {processor.py:914} INFO - Processing file /home/prakhar/Desktop/Bootcamp/Python/Airflow-Project/airflowvenv/lib/python3.12/site-packages/airflow/example_dags/plugins/listener_plugin.py for tasks to queue
[2025-04-18T10:27:30.058+0530] {logging_mixin.py:190} INFO - [2025-04-18T10:27:30.058+0530] {dagbag.py:588} INFO - Filling up the DagBag from /home/prakhar/Desktop/Bootcamp/Python/Airflow-Project/airflowvenv/lib/python3.12/site-packages/airflow/example_dags/plugins/listener_plugin.py
[2025-04-18T10:27:30.060+0530] {processor.py:927} WARNING - No viable dags retrieved from /home/prakhar/Desktop/Bootcamp/Python/Airflow-Project/airflowvenv/lib/python3.12/site-packages/airflow/example_dags/plugins/listener_plugin.py
[2025-04-18T10:27:30.067+0530] {processor.py:208} INFO - Processing /home/prakhar/Desktop/Bootcamp/Python/Airflow-Project/airflowvenv/lib/python3.12/site-packages/airflow/example_dags/plugins/listener_plugin.py took 0.055 seconds
[2025-04-18T10:28:08.950+0530] {processor.py:186} INFO - Started process (PID=24219) to work on /home/prakhar/Desktop/Bootcamp/Python/Airflow-Project/airflowvenv/lib/python3.12/site-packages/airflow/example_dags/plugins/listener_plugin.py
[2025-04-18T10:28:08.986+0530] {processor.py:914} INFO - Processing file /home/prakhar/Desktop/Bootcamp/Python/Airflow-Project/airflowvenv/lib/python3.12/site-packages/airflow/example_dags/plugins/listener_plugin.py for tasks to queue
[2025-04-18T10:28:08.987+0530] {logging_mixin.py:190} INFO - [2025-04-18T10:28:08.987+0530] {dagbag.py:588} INFO - Filling up the DagBag from /home/prakhar/Desktop/Bootcamp/Python/Airflow-Project/airflowvenv/lib/python3.12/site-packages/airflow/example_dags/plugins/listener_plugin.py
[2025-04-18T10:28:08.989+0530] {processor.py:927} WARNING - No viable dags retrieved from /home/prakhar/Desktop/Bootcamp/Python/Airflow-Project/airflowvenv/lib/python3.12/site-packages/airflow/example_dags/plugins/listener_plugin.py
[2025-04-18T10:28:08.999+0530] {processor.py:208} INFO - Processing /home/prakhar/Desktop/Bootcamp/Python/Airflow-Project/airflowvenv/lib/python3.12/site-packages/airflow/example_dags/plugins/listener_plugin.py took 0.053 seconds
[2025-04-18T10:28:47.665+0530] {processor.py:186} INFO - Started process (PID=24405) to work on /home/prakhar/Desktop/Bootcamp/Python/Airflow-Project/airflowvenv/lib/python3.12/site-packages/airflow/example_dags/plugins/listener_plugin.py
[2025-04-18T10:28:47.705+0530] {processor.py:914} INFO - Processing file /home/prakhar/Desktop/Bootcamp/Python/Airflow-Project/airflowvenv/lib/python3.12/site-packages/airflow/example_dags/plugins/listener_plugin.py for tasks to queue
[2025-04-18T10:28:47.709+0530] {logging_mixin.py:190} INFO - [2025-04-18T10:28:47.708+0530] {dagbag.py:588} INFO - Filling up the DagBag from /home/prakhar/Desktop/Bootcamp/Python/Airflow-Project/airflowvenv/lib/python3.12/site-packages/airflow/example_dags/plugins/listener_plugin.py
[2025-04-18T10:28:47.713+0530] {processor.py:927} WARNING - No viable dags retrieved from /home/prakhar/Desktop/Bootcamp/Python/Airflow-Project/airflowvenv/lib/python3.12/site-packages/airflow/example_dags/plugins/listener_plugin.py
[2025-04-18T10:28:47.724+0530] {processor.py:208} INFO - Processing /home/prakhar/Desktop/Bootcamp/Python/Airflow-Project/airflowvenv/lib/python3.12/site-packages/airflow/example_dags/plugins/listener_plugin.py took 0.064 seconds
[2025-04-18T10:29:28.159+0530] {processor.py:186} INFO - Started process (PID=24569) to work on /home/prakhar/Desktop/Bootcamp/Python/Airflow-Project/airflowvenv/lib/python3.12/site-packages/airflow/example_dags/plugins/listener_plugin.py
[2025-04-18T10:29:28.188+0530] {processor.py:914} INFO - Processing file /home/prakhar/Desktop/Bootcamp/Python/Airflow-Project/airflowvenv/lib/python3.12/site-packages/airflow/example_dags/plugins/listener_plugin.py for tasks to queue
[2025-04-18T10:29:28.192+0530] {logging_mixin.py:190} INFO - [2025-04-18T10:29:28.191+0530] {dagbag.py:588} INFO - Filling up the DagBag from /home/prakhar/Desktop/Bootcamp/Python/Airflow-Project/airflowvenv/lib/python3.12/site-packages/airflow/example_dags/plugins/listener_plugin.py
[2025-04-18T10:29:28.197+0530] {processor.py:927} WARNING - No viable dags retrieved from /home/prakhar/Desktop/Bootcamp/Python/Airflow-Project/airflowvenv/lib/python3.12/site-packages/airflow/example_dags/plugins/listener_plugin.py
[2025-04-18T10:29:28.208+0530] {processor.py:208} INFO - Processing /home/prakhar/Desktop/Bootcamp/Python/Airflow-Project/airflowvenv/lib/python3.12/site-packages/airflow/example_dags/plugins/listener_plugin.py took 0.053 seconds
[2025-04-18T10:30:07.538+0530] {processor.py:186} INFO - Started process (PID=24813) to work on /home/prakhar/Desktop/Bootcamp/Python/Airflow-Project/airflowvenv/lib/python3.12/site-packages/airflow/example_dags/plugins/listener_plugin.py
[2025-04-18T10:30:07.577+0530] {processor.py:914} INFO - Processing file /home/prakhar/Desktop/Bootcamp/Python/Airflow-Project/airflowvenv/lib/python3.12/site-packages/airflow/example_dags/plugins/listener_plugin.py for tasks to queue
[2025-04-18T10:30:07.578+0530] {logging_mixin.py:190} INFO - [2025-04-18T10:30:07.578+0530] {dagbag.py:588} INFO - Filling up the DagBag from /home/prakhar/Desktop/Bootcamp/Python/Airflow-Project/airflowvenv/lib/python3.12/site-packages/airflow/example_dags/plugins/listener_plugin.py
[2025-04-18T10:30:07.580+0530] {processor.py:927} WARNING - No viable dags retrieved from /home/prakhar/Desktop/Bootcamp/Python/Airflow-Project/airflowvenv/lib/python3.12/site-packages/airflow/example_dags/plugins/listener_plugin.py
[2025-04-18T10:30:07.586+0530] {processor.py:208} INFO - Processing /home/prakhar/Desktop/Bootcamp/Python/Airflow-Project/airflowvenv/lib/python3.12/site-packages/airflow/example_dags/plugins/listener_plugin.py took 0.054 seconds
