[2025-04-18T10:21:23.605+0530] {local_task_job_runner.py:123} INFO - ::group::Pre task execution logs
[2025-04-18T10:21:23.619+0530] {taskinstance.py:2614} INFO - Dependencies all met for dep_context=non-requeueable deps ti=<TaskInstance: decoupled_excel_analysis.load_excel manual__2025-04-18T04:51:18.393755+00:00 [queued]>
[2025-04-18T10:21:23.622+0530] {taskinstance.py:2614} INFO - Dependencies all met for dep_context=requeueable deps ti=<TaskInstance: decoupled_excel_analysis.load_excel manual__2025-04-18T04:51:18.393755+00:00 [queued]>
[2025-04-18T10:21:23.622+0530] {taskinstance.py:2867} INFO - Starting attempt 1 of 2
[2025-04-18T10:21:23.667+0530] {taskinstance.py:2890} INFO - Executing <Task(PythonOperator): load_excel> on 2025-04-18 04:51:18.393755+00:00
[2025-04-18T10:21:23.671+0530] {standard_task_runner.py:72} INFO - Started process 21432 to run task
[2025-04-18T10:21:23.673+0530] {standard_task_runner.py:104} INFO - Running: ['airflow', 'tasks', 'run', 'decoupled_excel_analysis', 'load_excel', 'manual__2025-04-18T04:51:18.393755+00:00', '--job-id', '20', '--raw', '--subdir', 'DAGS_FOLDER/decoupled_dag.py', '--cfg-path', '/tmp/tmpdyyrh_rs']
[2025-04-18T10:21:23.673+0530] {standard_task_runner.py:105} INFO - Job 20: Subtask load_excel
[2025-04-18T10:21:23.775+0530] {task_command.py:467} INFO - Running <TaskInstance: decoupled_excel_analysis.load_excel manual__2025-04-18T04:51:18.393755+00:00 [running]> on host prakhar-8204
[2025-04-18T10:21:24.028+0530] {taskinstance.py:3134} INFO - Exporting env vars: AIRFLOW_CTX_DAG_OWNER='airflow' AIRFLOW_CTX_DAG_ID='decoupled_excel_analysis' AIRFLOW_CTX_TASK_ID='load_excel' AIRFLOW_CTX_EXECUTION_DATE='2025-04-18T04:51:18.393755+00:00' AIRFLOW_CTX_TRY_NUMBER='1' AIRFLOW_CTX_DAG_RUN_ID='manual__2025-04-18T04:51:18.393755+00:00'
[2025-04-18T10:21:24.030+0530] {logging_mixin.py:190} INFO - Task instance is in running state
[2025-04-18T10:21:24.030+0530] {logging_mixin.py:190} INFO -  Previous state of the Task instance: queued
[2025-04-18T10:21:24.030+0530] {logging_mixin.py:190} INFO - Current task name:load_excel state:running start_date:2025-04-18 04:51:23.619530+00:00
[2025-04-18T10:21:24.031+0530] {logging_mixin.py:190} INFO - Dag name:decoupled_excel_analysis and current dag run status:running
[2025-04-18T10:21:24.031+0530] {taskinstance.py:732} INFO - ::endgroup::
[2025-04-18T10:21:25.392+0530] {taskinstance.py:3313} ERROR - Task failed with exception
Traceback (most recent call last):
  File "/home/prakhar/Desktop/Bootcamp/Python/Airflow-Project/airflowvenv/lib/python3.12/site-packages/airflow/models/taskinstance.py", line 768, in _execute_task
    result = _execute_callable(context=context, **execute_callable_kwargs)
             ^^^^^^^^^^^^^^^^^^^^^^^^^^^^^^^^^^^^^^^^^^^^^^^^^^^^^^^^^^^^^
  File "/home/prakhar/Desktop/Bootcamp/Python/Airflow-Project/airflowvenv/lib/python3.12/site-packages/airflow/models/taskinstance.py", line 734, in _execute_callable
    return ExecutionCallableRunner(
           ^^^^^^^^^^^^^^^^^^^^^^^^
  File "/home/prakhar/Desktop/Bootcamp/Python/Airflow-Project/airflowvenv/lib/python3.12/site-packages/airflow/utils/operator_helpers.py", line 252, in run
    return self.func(*args, **kwargs)
           ^^^^^^^^^^^^^^^^^^^^^^^^^^
  File "/home/prakhar/Desktop/Bootcamp/Python/Airflow-Project/airflowvenv/lib/python3.12/site-packages/airflow/models/baseoperator.py", line 424, in wrapper
    return func(self, *args, **kwargs)
           ^^^^^^^^^^^^^^^^^^^^^^^^^^^
  File "/home/prakhar/Desktop/Bootcamp/Python/Airflow-Project/airflowvenv/lib/python3.12/site-packages/airflow/operators/python.py", line 238, in execute
    return_value = self.execute_callable()
                   ^^^^^^^^^^^^^^^^^^^^^^^
  File "/home/prakhar/Desktop/Bootcamp/Python/Airflow-Project/airflowvenv/lib/python3.12/site-packages/airflow/operators/python.py", line 256, in execute_callable
    return runner.run(*self.op_args, **self.op_kwargs)
           ^^^^^^^^^^^^^^^^^^^^^^^^^^^^^^^^^^^^^^^^^^^
  File "/home/prakhar/Desktop/Bootcamp/Python/Airflow-Project/airflowvenv/lib/python3.12/site-packages/airflow/utils/operator_helpers.py", line 252, in run
    return self.func(*args, **kwargs)
           ^^^^^^^^^^^^^^^^^^^^^^^^^^
  File "/home/prakhar/Desktop/Bootcamp/Python/Airflow-Project/dags/decoupled_dag.py", line 21, in load_excel
    kwargs["ti"].xcom_push(key="df", value=df)
  File "/home/prakhar/Desktop/Bootcamp/Python/Airflow-Project/airflowvenv/lib/python3.12/site-packages/airflow/utils/session.py", line 97, in wrapper
    return func(*args, session=session, **kwargs)
           ^^^^^^^^^^^^^^^^^^^^^^^^^^^^^^^^^^^^^^
  File "/home/prakhar/Desktop/Bootcamp/Python/Airflow-Project/airflowvenv/lib/python3.12/site-packages/airflow/models/taskinstance.py", line 3645, in xcom_push
    XCom.set(
  File "/home/prakhar/Desktop/Bootcamp/Python/Airflow-Project/airflowvenv/lib/python3.12/site-packages/airflow/api_internal/internal_api_call.py", line 166, in wrapper
    return func(*args, **kwargs)
           ^^^^^^^^^^^^^^^^^^^^^
  File "/home/prakhar/Desktop/Bootcamp/Python/Airflow-Project/airflowvenv/lib/python3.12/site-packages/airflow/utils/session.py", line 94, in wrapper
    return func(*args, **kwargs)
           ^^^^^^^^^^^^^^^^^^^^^
  File "/home/prakhar/Desktop/Bootcamp/Python/Airflow-Project/airflowvenv/lib/python3.12/site-packages/airflow/models/xcom.py", line 249, in set
    value = cls.serialize_value(
            ^^^^^^^^^^^^^^^^^^^^
  File "/home/prakhar/Desktop/Bootcamp/Python/Airflow-Project/airflowvenv/lib/python3.12/site-packages/airflow/models/xcom.py", line 688, in serialize_value
    return json.dumps(value, cls=XComEncoder).encode("UTF-8")
           ^^^^^^^^^^^^^^^^^^^^^^^^^^^^^^^^^^
  File "/usr/lib/python3.12/json/__init__.py", line 238, in dumps
    **kw).encode(obj)
          ^^^^^^^^^^^
  File "/home/prakhar/Desktop/Bootcamp/Python/Airflow-Project/airflowvenv/lib/python3.12/site-packages/airflow/utils/json.py", line 105, in encode
    return super().encode(o)
           ^^^^^^^^^^^^^^^^^
  File "/usr/lib/python3.12/json/encoder.py", line 200, in encode
    chunks = self.iterencode(o, _one_shot=True)
             ^^^^^^^^^^^^^^^^^^^^^^^^^^^^^^^^^^
  File "/usr/lib/python3.12/json/encoder.py", line 258, in iterencode
    return _iterencode(o, 0)
           ^^^^^^^^^^^^^^^^^
  File "/home/prakhar/Desktop/Bootcamp/Python/Airflow-Project/airflowvenv/lib/python3.12/site-packages/airflow/utils/json.py", line 92, in default
    return serialize(o)
           ^^^^^^^^^^^^
  File "/home/prakhar/Desktop/Bootcamp/Python/Airflow-Project/airflowvenv/lib/python3.12/site-packages/airflow/serialization/serde.py", line 149, in serialize
    data, serialized_classname, version, is_serialized = _serializers[qn].serialize(o)
                                                         ^^^^^^^^^^^^^^^^^^^^^^^^^^^^^
  File "/home/prakhar/Desktop/Bootcamp/Python/Airflow-Project/airflowvenv/lib/python3.12/site-packages/airflow/serialization/serializers/pandas.py", line 40, in serialize
    import pyarrow as pa
ModuleNotFoundError: No module named 'pyarrow'
[2025-04-18T10:21:25.523+0530] {logging_mixin.py:190} INFO - Task instance in failure state
[2025-04-18T10:21:25.524+0530] {logging_mixin.py:190} INFO - Task start:2025-04-18 04:51:23.619530+00:00 end:2025-04-18 04:51:25.523446+00:00 duration:1.903916
[2025-04-18T10:21:25.524+0530] {logging_mixin.py:190} INFO - Task:<Task(PythonOperator): load_excel> dag:<DAG: decoupled_excel_analysis> dagrun:<DagRun decoupled_excel_analysis @ 2025-04-18 04:51:18.393755+00:00: manual__2025-04-18T04:51:18.393755+00:00, state:running, queued_at: 2025-04-18 04:51:18.495711+00:00. externally triggered: True>
[2025-04-18T10:21:25.524+0530] {logging_mixin.py:190} INFO - Failure caused by No module named 'pyarrow'
[2025-04-18T10:21:25.524+0530] {taskinstance.py:1226} INFO - Marking task as UP_FOR_RETRY. dag_id=decoupled_excel_analysis, task_id=load_excel, run_id=manual__2025-04-18T04:51:18.393755+00:00, execution_date=20250418T045118, start_date=20250418T045123, end_date=20250418T045125
[2025-04-18T10:21:25.666+0530] {taskinstance.py:341} INFO - ::group::Post task execution logs
[2025-04-18T10:21:25.666+0530] {standard_task_runner.py:124} ERROR - Failed to execute job 20 for task load_excel (No module named 'pyarrow'; 21432)
Traceback (most recent call last):
  File "/home/prakhar/Desktop/Bootcamp/Python/Airflow-Project/airflowvenv/lib/python3.12/site-packages/airflow/task/task_runner/standard_task_runner.py", line 117, in _start_by_fork
    ret = args.func(args, dag=self.dag)
          ^^^^^^^^^^^^^^^^^^^^^^^^^^^^^
  File "/home/prakhar/Desktop/Bootcamp/Python/Airflow-Project/airflowvenv/lib/python3.12/site-packages/airflow/cli/cli_config.py", line 49, in command
    return func(*args, **kwargs)
           ^^^^^^^^^^^^^^^^^^^^^
  File "/home/prakhar/Desktop/Bootcamp/Python/Airflow-Project/airflowvenv/lib/python3.12/site-packages/airflow/utils/cli.py", line 116, in wrapper
    return f(*args, **kwargs)
           ^^^^^^^^^^^^^^^^^^
  File "/home/prakhar/Desktop/Bootcamp/Python/Airflow-Project/airflowvenv/lib/python3.12/site-packages/airflow/cli/commands/task_command.py", line 483, in task_run
    task_return_code = _run_task_by_selected_method(args, _dag, ti)
                       ^^^^^^^^^^^^^^^^^^^^^^^^^^^^^^^^^^^^^^^^^^^^
  File "/home/prakhar/Desktop/Bootcamp/Python/Airflow-Project/airflowvenv/lib/python3.12/site-packages/airflow/cli/commands/task_command.py", line 256, in _run_task_by_selected_method
    return _run_raw_task(args, ti)
           ^^^^^^^^^^^^^^^^^^^^^^^
  File "/home/prakhar/Desktop/Bootcamp/Python/Airflow-Project/airflowvenv/lib/python3.12/site-packages/airflow/cli/commands/task_command.py", line 341, in _run_raw_task
    return ti._run_raw_task(
           ^^^^^^^^^^^^^^^^^
  File "/home/prakhar/Desktop/Bootcamp/Python/Airflow-Project/airflowvenv/lib/python3.12/site-packages/airflow/utils/session.py", line 97, in wrapper
    return func(*args, session=session, **kwargs)
           ^^^^^^^^^^^^^^^^^^^^^^^^^^^^^^^^^^^^^^
  File "/home/prakhar/Desktop/Bootcamp/Python/Airflow-Project/airflowvenv/lib/python3.12/site-packages/airflow/models/taskinstance.py", line 3006, in _run_raw_task
    return _run_raw_task(
           ^^^^^^^^^^^^^^
  File "/home/prakhar/Desktop/Bootcamp/Python/Airflow-Project/airflowvenv/lib/python3.12/site-packages/airflow/models/taskinstance.py", line 274, in _run_raw_task
    TaskInstance._execute_task_with_callbacks(
  File "/home/prakhar/Desktop/Bootcamp/Python/Airflow-Project/airflowvenv/lib/python3.12/site-packages/airflow/models/taskinstance.py", line 3161, in _execute_task_with_callbacks
    result = self._execute_task(context, task_orig)
             ^^^^^^^^^^^^^^^^^^^^^^^^^^^^^^^^^^^^^^
  File "/home/prakhar/Desktop/Bootcamp/Python/Airflow-Project/airflowvenv/lib/python3.12/site-packages/airflow/models/taskinstance.py", line 3185, in _execute_task
    return _execute_task(self, context, task_orig)
           ^^^^^^^^^^^^^^^^^^^^^^^^^^^^^^^^^^^^^^^
  File "/home/prakhar/Desktop/Bootcamp/Python/Airflow-Project/airflowvenv/lib/python3.12/site-packages/airflow/models/taskinstance.py", line 768, in _execute_task
    result = _execute_callable(context=context, **execute_callable_kwargs)
             ^^^^^^^^^^^^^^^^^^^^^^^^^^^^^^^^^^^^^^^^^^^^^^^^^^^^^^^^^^^^^
  File "/home/prakhar/Desktop/Bootcamp/Python/Airflow-Project/airflowvenv/lib/python3.12/site-packages/airflow/models/taskinstance.py", line 734, in _execute_callable
    return ExecutionCallableRunner(
           ^^^^^^^^^^^^^^^^^^^^^^^^
  File "/home/prakhar/Desktop/Bootcamp/Python/Airflow-Project/airflowvenv/lib/python3.12/site-packages/airflow/utils/operator_helpers.py", line 252, in run
    return self.func(*args, **kwargs)
           ^^^^^^^^^^^^^^^^^^^^^^^^^^
  File "/home/prakhar/Desktop/Bootcamp/Python/Airflow-Project/airflowvenv/lib/python3.12/site-packages/airflow/models/baseoperator.py", line 424, in wrapper
    return func(self, *args, **kwargs)
           ^^^^^^^^^^^^^^^^^^^^^^^^^^^
  File "/home/prakhar/Desktop/Bootcamp/Python/Airflow-Project/airflowvenv/lib/python3.12/site-packages/airflow/operators/python.py", line 238, in execute
    return_value = self.execute_callable()
                   ^^^^^^^^^^^^^^^^^^^^^^^
  File "/home/prakhar/Desktop/Bootcamp/Python/Airflow-Project/airflowvenv/lib/python3.12/site-packages/airflow/operators/python.py", line 256, in execute_callable
    return runner.run(*self.op_args, **self.op_kwargs)
           ^^^^^^^^^^^^^^^^^^^^^^^^^^^^^^^^^^^^^^^^^^^
  File "/home/prakhar/Desktop/Bootcamp/Python/Airflow-Project/airflowvenv/lib/python3.12/site-packages/airflow/utils/operator_helpers.py", line 252, in run
    return self.func(*args, **kwargs)
           ^^^^^^^^^^^^^^^^^^^^^^^^^^
  File "/home/prakhar/Desktop/Bootcamp/Python/Airflow-Project/dags/decoupled_dag.py", line 21, in load_excel
    kwargs["ti"].xcom_push(key="df", value=df)
  File "/home/prakhar/Desktop/Bootcamp/Python/Airflow-Project/airflowvenv/lib/python3.12/site-packages/airflow/utils/session.py", line 97, in wrapper
    return func(*args, session=session, **kwargs)
           ^^^^^^^^^^^^^^^^^^^^^^^^^^^^^^^^^^^^^^
  File "/home/prakhar/Desktop/Bootcamp/Python/Airflow-Project/airflowvenv/lib/python3.12/site-packages/airflow/models/taskinstance.py", line 3645, in xcom_push
    XCom.set(
  File "/home/prakhar/Desktop/Bootcamp/Python/Airflow-Project/airflowvenv/lib/python3.12/site-packages/airflow/api_internal/internal_api_call.py", line 166, in wrapper
    return func(*args, **kwargs)
           ^^^^^^^^^^^^^^^^^^^^^
  File "/home/prakhar/Desktop/Bootcamp/Python/Airflow-Project/airflowvenv/lib/python3.12/site-packages/airflow/utils/session.py", line 94, in wrapper
    return func(*args, **kwargs)
           ^^^^^^^^^^^^^^^^^^^^^
  File "/home/prakhar/Desktop/Bootcamp/Python/Airflow-Project/airflowvenv/lib/python3.12/site-packages/airflow/models/xcom.py", line 249, in set
    value = cls.serialize_value(
            ^^^^^^^^^^^^^^^^^^^^
  File "/home/prakhar/Desktop/Bootcamp/Python/Airflow-Project/airflowvenv/lib/python3.12/site-packages/airflow/models/xcom.py", line 688, in serialize_value
    return json.dumps(value, cls=XComEncoder).encode("UTF-8")
           ^^^^^^^^^^^^^^^^^^^^^^^^^^^^^^^^^^
  File "/usr/lib/python3.12/json/__init__.py", line 238, in dumps
    **kw).encode(obj)
          ^^^^^^^^^^^
  File "/home/prakhar/Desktop/Bootcamp/Python/Airflow-Project/airflowvenv/lib/python3.12/site-packages/airflow/utils/json.py", line 105, in encode
    return super().encode(o)
           ^^^^^^^^^^^^^^^^^
  File "/usr/lib/python3.12/json/encoder.py", line 200, in encode
    chunks = self.iterencode(o, _one_shot=True)
             ^^^^^^^^^^^^^^^^^^^^^^^^^^^^^^^^^^
  File "/usr/lib/python3.12/json/encoder.py", line 258, in iterencode
    return _iterencode(o, 0)
           ^^^^^^^^^^^^^^^^^
  File "/home/prakhar/Desktop/Bootcamp/Python/Airflow-Project/airflowvenv/lib/python3.12/site-packages/airflow/utils/json.py", line 92, in default
    return serialize(o)
           ^^^^^^^^^^^^
  File "/home/prakhar/Desktop/Bootcamp/Python/Airflow-Project/airflowvenv/lib/python3.12/site-packages/airflow/serialization/serde.py", line 149, in serialize
    data, serialized_classname, version, is_serialized = _serializers[qn].serialize(o)
                                                         ^^^^^^^^^^^^^^^^^^^^^^^^^^^^^
  File "/home/prakhar/Desktop/Bootcamp/Python/Airflow-Project/airflowvenv/lib/python3.12/site-packages/airflow/serialization/serializers/pandas.py", line 40, in serialize
    import pyarrow as pa
ModuleNotFoundError: No module named 'pyarrow'
[2025-04-18T10:21:25.730+0530] {local_task_job_runner.py:266} INFO - Task exited with return code 1
[2025-04-18T10:21:25.746+0530] {taskinstance.py:3901} INFO - 0 downstream tasks scheduled from follow-on schedule check
[2025-04-18T10:21:25.747+0530] {local_task_job_runner.py:245} INFO - ::endgroup::
