[2025-04-18T10:22:32.309+0530] {local_task_job_runner.py:123} INFO - ::group::Pre task execution logs
[2025-04-18T10:22:32.327+0530] {taskinstance.py:2614} INFO - Dependencies all met for dep_context=non-requeueable deps ti=<TaskInstance: decoupled_excel_analysis.preprocess_data manual__2025-04-18T04:51:18.393755+00:00 [queued]>
[2025-04-18T10:22:32.330+0530] {taskinstance.py:2614} INFO - Dependencies all met for dep_context=requeueable deps ti=<TaskInstance: decoupled_excel_analysis.preprocess_data manual__2025-04-18T04:51:18.393755+00:00 [queued]>
[2025-04-18T10:22:32.330+0530] {taskinstance.py:2867} INFO - Starting attempt 1 of 2
[2025-04-18T10:22:32.375+0530] {taskinstance.py:2890} INFO - Executing <Task(PythonOperator): preprocess_data> on 2025-04-18 04:51:18.393755+00:00
[2025-04-18T10:22:32.386+0530] {standard_task_runner.py:104} INFO - Running: ['airflow', 'tasks', 'run', 'decoupled_excel_analysis', 'preprocess_data', 'manual__2025-04-18T04:51:18.393755+00:00', '--job-id', '22', '--raw', '--subdir', 'DAGS_FOLDER/decoupled_dag.py', '--cfg-path', '/tmp/tmp67yii6dt']
[2025-04-18T10:22:32.387+0530] {standard_task_runner.py:105} INFO - Job 22: Subtask preprocess_data
[2025-04-18T10:22:32.389+0530] {logging_mixin.py:190} WARNING - /home/prakhar/Desktop/Bootcamp/Python/Airflow-Project/airflowvenv/lib/python3.12/site-packages/airflow/task/task_runner/standard_task_runner.py:70 DeprecationWarning: This process (pid=22286) is multi-threaded, use of fork() may lead to deadlocks in the child.
[2025-04-18T10:22:32.390+0530] {standard_task_runner.py:72} INFO - Started process 22297 to run task
[2025-04-18T10:22:32.463+0530] {task_command.py:467} INFO - Running <TaskInstance: decoupled_excel_analysis.preprocess_data manual__2025-04-18T04:51:18.393755+00:00 [running]> on host prakhar-8204
[2025-04-18T10:22:32.589+0530] {taskinstance.py:3134} INFO - Exporting env vars: AIRFLOW_CTX_DAG_OWNER='airflow' AIRFLOW_CTX_DAG_ID='decoupled_excel_analysis' AIRFLOW_CTX_TASK_ID='preprocess_data' AIRFLOW_CTX_EXECUTION_DATE='2025-04-18T04:51:18.393755+00:00' AIRFLOW_CTX_TRY_NUMBER='1' AIRFLOW_CTX_DAG_RUN_ID='manual__2025-04-18T04:51:18.393755+00:00'
[2025-04-18T10:22:32.590+0530] {logging_mixin.py:190} INFO - Task instance is in running state
[2025-04-18T10:22:32.590+0530] {logging_mixin.py:190} INFO -  Previous state of the Task instance: queued
[2025-04-18T10:22:32.590+0530] {logging_mixin.py:190} INFO - Current task name:preprocess_data state:running start_date:2025-04-18 04:52:32.327438+00:00
[2025-04-18T10:22:32.590+0530] {logging_mixin.py:190} INFO - Dag name:decoupled_excel_analysis and current dag run status:running
[2025-04-18T10:22:32.590+0530] {taskinstance.py:732} INFO - ::endgroup::
[2025-04-18T10:22:32.712+0530] {python.py:240} INFO - Done. Returned value was: None
[2025-04-18T10:22:32.726+0530] {taskinstance.py:341} INFO - ::group::Post task execution logs
[2025-04-18T10:22:32.726+0530] {taskinstance.py:353} INFO - Marking task as SUCCESS. dag_id=decoupled_excel_analysis, task_id=preprocess_data, run_id=manual__2025-04-18T04:51:18.393755+00:00, execution_date=20250418T045118, start_date=20250418T045232, end_date=20250418T045232
[2025-04-18T10:22:32.837+0530] {logging_mixin.py:190} INFO - Task instance in success state
[2025-04-18T10:22:32.838+0530] {logging_mixin.py:190} INFO -  Previous state of the Task instance: running
[2025-04-18T10:22:32.839+0530] {logging_mixin.py:190} INFO - Dag name:decoupled_excel_analysis queued_at:2025-04-18 04:51:18.495711+00:00
[2025-04-18T10:22:32.839+0530] {logging_mixin.py:190} INFO - Task hostname:prakhar-8204 operator:PythonOperator
[2025-04-18T10:22:32.884+0530] {local_task_job_runner.py:266} INFO - Task exited with return code 0
[2025-04-18T10:22:32.952+0530] {taskinstance.py:3901} INFO - 1 downstream tasks scheduled from follow-on schedule check
[2025-04-18T10:22:32.996+0530] {local_task_job_runner.py:245} INFO - ::endgroup::
